[0.979s] Invoking command in '/home/gerardo/turtlebot3_group6v2/src/turtlebot3_poi_navigation': PYTHONPATH=/home/gerardo/turtlebot3_group6v2/build/turtlebot3_poi_navigation/prefix_override:/usr/lib/python3/dist-packages/colcon_core/task/python/colcon_distutils_commands:/home/gerardo/turtlebot3_group6v2/install/turtlebot3_poi_navigation/lib/python3.10/site-packages:${PYTHONPATH} /usr/bin/python3 -W ignore:setup.py install is deprecated setup.py egg_info --egg-base ../../build/turtlebot3_poi_navigation build --build-base /home/gerardo/turtlebot3_group6v2/build/turtlebot3_poi_navigation/build install --record /home/gerardo/turtlebot3_group6v2/build/turtlebot3_poi_navigation/install.log --single-version-externally-managed install_data
[1.123s] running egg_info
[1.123s] creating ../../build/turtlebot3_poi_navigation/turtlebot3_poi_navigation.egg-info
[1.123s] writing ../../build/turtlebot3_poi_navigation/turtlebot3_poi_navigation.egg-info/PKG-INFO
[1.123s] writing dependency_links to ../../build/turtlebot3_poi_navigation/turtlebot3_poi_navigation.egg-info/dependency_links.txt
[1.123s] writing entry points to ../../build/turtlebot3_poi_navigation/turtlebot3_poi_navigation.egg-info/entry_points.txt
[1.123s] writing requirements to ../../build/turtlebot3_poi_navigation/turtlebot3_poi_navigation.egg-info/requires.txt
[1.123s] writing top-level names to ../../build/turtlebot3_poi_navigation/turtlebot3_poi_navigation.egg-info/top_level.txt
[1.124s] writing manifest file '../../build/turtlebot3_poi_navigation/turtlebot3_poi_navigation.egg-info/SOURCES.txt'
[1.125s] reading manifest file '../../build/turtlebot3_poi_navigation/turtlebot3_poi_navigation.egg-info/SOURCES.txt'
[1.125s] writing manifest file '../../build/turtlebot3_poi_navigation/turtlebot3_poi_navigation.egg-info/SOURCES.txt'
[1.125s] running build
[1.126s] running build_py
[1.126s] creating /home/gerardo/turtlebot3_group6v2/build/turtlebot3_poi_navigation/build
[1.126s] creating /home/gerardo/turtlebot3_group6v2/build/turtlebot3_poi_navigation/build/lib
[1.126s] creating /home/gerardo/turtlebot3_group6v2/build/turtlebot3_poi_navigation/build/lib/turtlebot3_poi_navigation
[1.126s] copying turtlebot3_poi_navigation/poi_manager.py -> /home/gerardo/turtlebot3_group6v2/build/turtlebot3_poi_navigation/build/lib/turtlebot3_poi_navigation
[1.126s] copying turtlebot3_poi_navigation/__init__.py -> /home/gerardo/turtlebot3_group6v2/build/turtlebot3_poi_navigation/build/lib/turtlebot3_poi_navigation
[1.126s] running install
[1.127s] running install_lib
[1.127s] creating /home/gerardo/turtlebot3_group6v2/install/turtlebot3_poi_navigation/lib/python3.10/site-packages/turtlebot3_poi_navigation
[1.127s] copying /home/gerardo/turtlebot3_group6v2/build/turtlebot3_poi_navigation/build/lib/turtlebot3_poi_navigation/poi_manager.py -> /home/gerardo/turtlebot3_group6v2/install/turtlebot3_poi_navigation/lib/python3.10/site-packages/turtlebot3_poi_navigation
[1.128s] copying /home/gerardo/turtlebot3_group6v2/build/turtlebot3_poi_navigation/build/lib/turtlebot3_poi_navigation/__init__.py -> /home/gerardo/turtlebot3_group6v2/install/turtlebot3_poi_navigation/lib/python3.10/site-packages/turtlebot3_poi_navigation
[1.128s] byte-compiling /home/gerardo/turtlebot3_group6v2/install/turtlebot3_poi_navigation/lib/python3.10/site-packages/turtlebot3_poi_navigation/poi_manager.py to poi_manager.cpython-310.pyc
[1.129s] byte-compiling /home/gerardo/turtlebot3_group6v2/install/turtlebot3_poi_navigation/lib/python3.10/site-packages/turtlebot3_poi_navigation/__init__.py to __init__.cpython-310.pyc
[1.129s] running install_data
[1.129s] creating /home/gerardo/turtlebot3_group6v2/install/turtlebot3_poi_navigation/share/ament_index
[1.129s] creating /home/gerardo/turtlebot3_group6v2/install/turtlebot3_poi_navigation/share/ament_index/resource_index
[1.129s] creating /home/gerardo/turtlebot3_group6v2/install/turtlebot3_poi_navigation/share/ament_index/resource_index/packages
[1.129s] copying resource/turtlebot3_poi_navigation -> /home/gerardo/turtlebot3_group6v2/install/turtlebot3_poi_navigation/share/ament_index/resource_index/packages
[1.129s] copying package.xml -> /home/gerardo/turtlebot3_group6v2/install/turtlebot3_poi_navigation/share/turtlebot3_poi_navigation
[1.129s] running install_egg_info
[1.131s] Copying ../../build/turtlebot3_poi_navigation/turtlebot3_poi_navigation.egg-info to /home/gerardo/turtlebot3_group6v2/install/turtlebot3_poi_navigation/lib/python3.10/site-packages/turtlebot3_poi_navigation-0.0.0-py3.10.egg-info
[1.131s] running install_scripts
[1.144s] Installing poi_manager script to /home/gerardo/turtlebot3_group6v2/install/turtlebot3_poi_navigation/lib/turtlebot3_poi_navigation
[1.144s] writing list of installed files to '/home/gerardo/turtlebot3_group6v2/build/turtlebot3_poi_navigation/install.log'
[1.168s] Invoked command in '/home/gerardo/turtlebot3_group6v2/src/turtlebot3_poi_navigation' returned '0': PYTHONPATH=/home/gerardo/turtlebot3_group6v2/build/turtlebot3_poi_navigation/prefix_override:/usr/lib/python3/dist-packages/colcon_core/task/python/colcon_distutils_commands:/home/gerardo/turtlebot3_group6v2/install/turtlebot3_poi_navigation/lib/python3.10/site-packages:${PYTHONPATH} /usr/bin/python3 -W ignore:setup.py install is deprecated setup.py egg_info --egg-base ../../build/turtlebot3_poi_navigation build --build-base /home/gerardo/turtlebot3_group6v2/build/turtlebot3_poi_navigation/build install --record /home/gerardo/turtlebot3_group6v2/build/turtlebot3_poi_navigation/install.log --single-version-externally-managed install_data
