running egg_info
writing ../../build/hazmat_marker/hazmat_marker.egg-info/PKG-INFO
writing dependency_links to ../../build/hazmat_marker/hazmat_marker.egg-info/dependency_links.txt
writing entry points to ../../build/hazmat_marker/hazmat_marker.egg-info/entry_points.txt
writing requirements to ../../build/hazmat_marker/hazmat_marker.egg-info/requires.txt
writing top-level names to ../../build/hazmat_marker/hazmat_marker.egg-info/top_level.txt
reading manifest file '../../build/hazmat_marker/hazmat_marker.egg-info/SOURCES.txt'
writing manifest file '../../build/hazmat_marker/hazmat_marker.egg-info/SOURCES.txt'
running build
running build_py
copying hazmat_marker/hazmat_marker.py -> /home/gerardo/turtlebot3_group6v2/build/hazmat_marker/build/lib/hazmat_marker
running install
running install_lib
copying /home/gerardo/turtlebot3_group6v2/build/hazmat_marker/build/lib/hazmat_marker/hazmat_marker.py -> /home/gerardo/turtlebot3_group6v2/install/hazmat_marker/lib/python3.10/site-packages/hazmat_marker
byte-compiling /home/gerardo/turtlebot3_group6v2/install/hazmat_marker/lib/python3.10/site-packages/hazmat_marker/hazmat_marker.py to hazmat_marker.cpython-310.pyc
running install_data
running install_egg_info
removing '/home/gerardo/turtlebot3_group6v2/install/hazmat_marker/lib/python3.10/site-packages/hazmat_marker-0.1.0-py3.10.egg-info' (and everything under it)
Copying ../../build/hazmat_marker/hazmat_marker.egg-info to /home/gerardo/turtlebot3_group6v2/install/hazmat_marker/lib/python3.10/site-packages/hazmat_marker-0.1.0-py3.10.egg-info
running install_scripts
Installing hazmat_marker script to /home/gerardo/turtlebot3_group6v2/install/hazmat_marker/lib/hazmat_marker
writing list of installed files to '/home/gerardo/turtlebot3_group6v2/build/hazmat_marker/install.log'
