[2.314s] Invoking command in '/home/gerardo/turtlebot3_group6v2/src/hazmat_marker': PYTHONPATH=/home/gerardo/turtlebot3_group6v2/build/hazmat_marker/prefix_override:/usr/lib/python3/dist-packages/colcon_core/task/python/colcon_distutils_commands:/home/gerardo/turtlebot3_group6v2/install/hazmat_marker/lib/python3.10/site-packages:${PYTHONPATH} /usr/bin/python3 -W ignore:setup.py install is deprecated setup.py egg_info --egg-base ../../build/hazmat_marker build --build-base /home/gerardo/turtlebot3_group6v2/build/hazmat_marker/build install --record /home/gerardo/turtlebot3_group6v2/build/hazmat_marker/install.log --single-version-externally-managed install_data
[2.584s] running egg_info
[2.585s] writing ../../build/hazmat_marker/hazmat_marker.egg-info/PKG-INFO
[2.585s] writing dependency_links to ../../build/hazmat_marker/hazmat_marker.egg-info/dependency_links.txt
[2.585s] writing entry points to ../../build/hazmat_marker/hazmat_marker.egg-info/entry_points.txt
[2.586s] writing requirements to ../../build/hazmat_marker/hazmat_marker.egg-info/requires.txt
[2.586s] writing top-level names to ../../build/hazmat_marker/hazmat_marker.egg-info/top_level.txt
[2.587s] reading manifest file '../../build/hazmat_marker/hazmat_marker.egg-info/SOURCES.txt'
[2.588s] writing manifest file '../../build/hazmat_marker/hazmat_marker.egg-info/SOURCES.txt'
[2.588s] running build
[2.588s] running build_py
[2.588s] copying hazmat_marker/hazmat_marker.py -> /home/gerardo/turtlebot3_group6v2/build/hazmat_marker/build/lib/hazmat_marker
[2.588s] running install
[2.590s] running install_lib
[2.591s] copying /home/gerardo/turtlebot3_group6v2/build/hazmat_marker/build/lib/hazmat_marker/hazmat_marker.py -> /home/gerardo/turtlebot3_group6v2/install/hazmat_marker/lib/python3.10/site-packages/hazmat_marker
[2.592s] byte-compiling /home/gerardo/turtlebot3_group6v2/install/hazmat_marker/lib/python3.10/site-packages/hazmat_marker/hazmat_marker.py to hazmat_marker.cpython-310.pyc
[2.593s] running install_data
[2.593s] running install_egg_info
[2.594s] removing '/home/gerardo/turtlebot3_group6v2/install/hazmat_marker/lib/python3.10/site-packages/hazmat_marker-0.1.0-py3.10.egg-info' (and everything under it)
[2.595s] Copying ../../build/hazmat_marker/hazmat_marker.egg-info to /home/gerardo/turtlebot3_group6v2/install/hazmat_marker/lib/python3.10/site-packages/hazmat_marker-0.1.0-py3.10.egg-info
[2.595s] running install_scripts
[2.629s] Installing hazmat_marker script to /home/gerardo/turtlebot3_group6v2/install/hazmat_marker/lib/hazmat_marker
[2.629s] writing list of installed files to '/home/gerardo/turtlebot3_group6v2/build/hazmat_marker/install.log'
[2.669s] Invoked command in '/home/gerardo/turtlebot3_group6v2/src/hazmat_marker' returned '0': PYTHONPATH=/home/gerardo/turtlebot3_group6v2/build/hazmat_marker/prefix_override:/usr/lib/python3/dist-packages/colcon_core/task/python/colcon_distutils_commands:/home/gerardo/turtlebot3_group6v2/install/hazmat_marker/lib/python3.10/site-packages:${PYTHONPATH} /usr/bin/python3 -W ignore:setup.py install is deprecated setup.py egg_info --egg-base ../../build/hazmat_marker build --build-base /home/gerardo/turtlebot3_group6v2/build/hazmat_marker/build install --record /home/gerardo/turtlebot3_group6v2/build/hazmat_marker/install.log --single-version-externally-managed install_data
