-- The C compiler identification is GNU 11.4.0
-- The CXX compiler identification is GNU 11.4.0
-- Detecting C compiler ABI info
-- Detecting C compiler ABI info - done
-- Check for working C compiler: /usr/bin/cc - skipped
-- Detecting C compile features
-- Detecting C compile features - done
-- Detecting CXX compiler ABI info
-- Detecting CXX compiler ABI info - done
-- Check for working CXX compiler: /usr/bin/c++ - skipped
-- Detecting CXX compile features
-- Detecting CXX compile features - done
-- Found ament_cmake: 1.3.10 (/opt/ros/humble/share/ament_cmake/cmake)
-- Found Python3: /usr/bin/python3 (found version "3.10.12") found components: Interpreter 
-- Found rclcpp: 16.0.10 (/opt/ros/humble/share/rclcpp/cmake)
-- Found rosidl_generator_c: 3.1.5 (/opt/ros/humble/share/rosidl_generator_c/cmake)
-- Found rosidl_adapter: 3.1.5 (/opt/ros/humble/share/rosidl_adapter/cmake)
-- Found rosidl_generator_cpp: 3.1.5 (/opt/ros/humble/share/rosidl_generator_cpp/cmake)
-- Using all available rosidl_typesupport_c: rosidl_typesupport_fastrtps_c;rosidl_typesupport_introspection_c
-- Using all available rosidl_typesupport_cpp: rosidl_typesupport_fastrtps_cpp;rosidl_typesupport_introspection_cpp
-- Found rmw_implementation_cmake: 6.1.2 (/opt/ros/humble/share/rmw_implementation_cmake/cmake)
-- Found rmw_fastrtps_cpp: 6.2.7 (/opt/ros/humble/share/rmw_fastrtps_cpp/cmake)
-- Found OpenSSL: /usr/lib/x86_64-linux-gnu/libcrypto.so (found version "3.0.2")  
-- Found FastRTPS: /opt/ros/humble/include  
-- Using RMW implementation 'rmw_fastrtps_cpp' as default
-- Looking for pthread.h
-- Looking for pthread.h - found
-- Performing Test CMAKE_HAVE_LIBC_PTHREAD
-- Performing Test CMAKE_HAVE_LIBC_PTHREAD - Success
-- Found Threads: TRUE  
-- Found nav_msgs: 4.2.4 (/opt/ros/humble/share/nav_msgs/cmake)
-- Found visualization_msgs: 4.2.4 (/opt/ros/humble/share/visualization_msgs/cmake)
-- Found tf2_ros: 0.25.8 (/opt/ros/humble/share/tf2_ros/cmake)
-- Found tf2_geometry_msgs: 0.25.8 (/opt/ros/humble/share/tf2_geometry_msgs/cmake)
-- Found eigen3_cmake_module: 0.1.1 (/opt/ros/humble/share/eigen3_cmake_module/cmake)
-- Found Eigen3: TRUE (found version "3.4.0") 
-- Ensuring Eigen3 include directory is part of orocos-kdl CMake target
-- Found nav2_msgs: 1.1.16 (/opt/ros/humble/share/nav2_msgs/cmake)
-- Found OpenCV: /usr (found version "4.5.4") 
-- Found ament_lint_auto: 0.12.11 (/opt/ros/humble/share/ament_lint_auto/cmake)
-- Configuring done
-- Generating done
-- Build files have been written to: /home/gerardo/turtlebot3_group6v2/build/explore_cpp
[35m[1mConsolidate compiler generated dependencies of target explore_node[0m
[ 50%] [32mBuilding CXX object CMakeFiles/explore_node.dir/src/explore_node.cpp.o[0m
[100%] [32m[1mLinking CXX executable explore_node[0m
[100%] Built target explore_node
-- Install configuration: ""
-- Installing: /home/gerardo/turtlebot3_group6v2/install/explore_cpp/lib/explore_cpp/explore_node
-- Set runtime path of "/home/gerardo/turtlebot3_group6v2/install/explore_cpp/lib/explore_cpp/explore_node" to ""
-- Installing: /home/gerardo/turtlebot3_group6v2/install/explore_cpp/share/explore_cpp/package.xml
-- Installing: /home/gerardo/turtlebot3_group6v2/install/explore_cpp/share/ament_index/resource_index/package_run_dependencies/explore_cpp
-- Installing: /home/gerardo/turtlebot3_group6v2/install/explore_cpp/share/ament_index/resource_index/parent_prefix_path/explore_cpp
-- Installing: /home/gerardo/turtlebot3_group6v2/install/explore_cpp/share/explore_cpp/environment/ament_prefix_path.sh
-- Installing: /home/gerardo/turtlebot3_group6v2/install/explore_cpp/share/explore_cpp/environment/ament_prefix_path.dsv
-- Installing: /home/gerardo/turtlebot3_group6v2/install/explore_cpp/share/explore_cpp/environment/path.sh
-- Installing: /home/gerardo/turtlebot3_group6v2/install/explore_cpp/share/explore_cpp/environment/path.dsv
-- Installing: /home/gerardo/turtlebot3_group6v2/install/explore_cpp/share/explore_cpp/local_setup.bash
-- Installing: /home/gerardo/turtlebot3_group6v2/install/explore_cpp/share/explore_cpp/local_setup.sh
-- Installing: /home/gerardo/turtlebot3_group6v2/install/explore_cpp/share/explore_cpp/local_setup.zsh
-- Installing: /home/gerardo/turtlebot3_group6v2/install/explore_cpp/share/explore_cpp/local_setup.dsv
-- Installing: /home/gerardo/turtlebot3_group6v2/install/explore_cpp/share/explore_cpp/package.dsv
-- Installing: /home/gerardo/turtlebot3_group6v2/install/explore_cpp/share/ament_index/resource_index/packages/explore_cpp
-- Installing: /home/gerardo/turtlebot3_group6v2/install/explore_cpp/share/explore_cpp/cmake/explore_cppConfig.cmake
-- Installing: /home/gerardo/turtlebot3_group6v2/install/explore_cpp/share/explore_cpp/cmake/explore_cppConfig-version.cmake
-- Up-to-date: /home/gerardo/turtlebot3_group6v2/install/explore_cpp/share/explore_cpp/package.xml
