[1.446s] Invoking command in '/home/gerardo/turtlebot3_group6v2/src/joint_state_publisher_custom': PYTHONPATH=/home/gerardo/turtlebot3_group6v2/src/build/joint_state_publisher_custom/prefix_override:/usr/lib/python3/dist-packages/colcon_core/task/python/colcon_distutils_commands:/home/gerardo/turtlebot3_group6v2/src/install/joint_state_publisher_custom/lib/python3.10/site-packages:${PYTHONPATH} /usr/bin/python3 -W ignore:setup.py install is deprecated setup.py egg_info --egg-base ../build/joint_state_publisher_custom build --build-base /home/gerardo/turtlebot3_group6v2/src/build/joint_state_publisher_custom/build install --record /home/gerardo/turtlebot3_group6v2/src/build/joint_state_publisher_custom/install.log --single-version-externally-managed
[1.601s] running egg_info
[1.602s] creating ../build/joint_state_publisher_custom/joint_state_publisher_custom.egg-info
[1.602s] writing ../build/joint_state_publisher_custom/joint_state_publisher_custom.egg-info/PKG-INFO
[1.602s] writing dependency_links to ../build/joint_state_publisher_custom/joint_state_publisher_custom.egg-info/dependency_links.txt
[1.602s] writing entry points to ../build/joint_state_publisher_custom/joint_state_publisher_custom.egg-info/entry_points.txt
[1.602s] writing requirements to ../build/joint_state_publisher_custom/joint_state_publisher_custom.egg-info/requires.txt
[1.603s] writing top-level names to ../build/joint_state_publisher_custom/joint_state_publisher_custom.egg-info/top_level.txt
[1.603s] writing manifest file '../build/joint_state_publisher_custom/joint_state_publisher_custom.egg-info/SOURCES.txt'
[1.604s] reading manifest file '../build/joint_state_publisher_custom/joint_state_publisher_custom.egg-info/SOURCES.txt'
[1.605s] writing manifest file '../build/joint_state_publisher_custom/joint_state_publisher_custom.egg-info/SOURCES.txt'
[1.605s] running build
[1.605s] running build_py
[1.605s] creating /home/gerardo/turtlebot3_group6v2/src/build/joint_state_publisher_custom/build
[1.605s] creating /home/gerardo/turtlebot3_group6v2/src/build/joint_state_publisher_custom/build/lib
[1.605s] creating /home/gerardo/turtlebot3_group6v2/src/build/joint_state_publisher_custom/build/lib/joint_state_publisher_custom
[1.605s] copying joint_state_publisher_custom/__init__.py -> /home/gerardo/turtlebot3_group6v2/src/build/joint_state_publisher_custom/build/lib/joint_state_publisher_custom
[1.605s] copying joint_state_publisher_custom/joint_state_publisher.py -> /home/gerardo/turtlebot3_group6v2/src/build/joint_state_publisher_custom/build/lib/joint_state_publisher_custom
[1.605s] running install
[1.607s] running install_lib
[1.608s] creating /home/gerardo/turtlebot3_group6v2/src/install/joint_state_publisher_custom/lib/python3.10/site-packages/joint_state_publisher_custom
[1.608s] copying /home/gerardo/turtlebot3_group6v2/src/build/joint_state_publisher_custom/build/lib/joint_state_publisher_custom/__init__.py -> /home/gerardo/turtlebot3_group6v2/src/install/joint_state_publisher_custom/lib/python3.10/site-packages/joint_state_publisher_custom
[1.608s] copying /home/gerardo/turtlebot3_group6v2/src/build/joint_state_publisher_custom/build/lib/joint_state_publisher_custom/joint_state_publisher.py -> /home/gerardo/turtlebot3_group6v2/src/install/joint_state_publisher_custom/lib/python3.10/site-packages/joint_state_publisher_custom
[1.610s] byte-compiling /home/gerardo/turtlebot3_group6v2/src/install/joint_state_publisher_custom/lib/python3.10/site-packages/joint_state_publisher_custom/__init__.py to __init__.cpython-310.pyc
[1.610s] byte-compiling /home/gerardo/turtlebot3_group6v2/src/install/joint_state_publisher_custom/lib/python3.10/site-packages/joint_state_publisher_custom/joint_state_publisher.py to joint_state_publisher.cpython-310.pyc
[1.611s] running install_egg_info
[1.611s] Copying ../build/joint_state_publisher_custom/joint_state_publisher_custom.egg-info to /home/gerardo/turtlebot3_group6v2/src/install/joint_state_publisher_custom/lib/python3.10/site-packages/joint_state_publisher_custom-0.0.0-py3.10.egg-info
[1.611s] running install_scripts
[1.625s] Installing joint_state_publisher script to /home/gerardo/turtlebot3_group6v2/src/install/joint_state_publisher_custom/lib/joint_state_publisher_custom
[1.625s] writing list of installed files to '/home/gerardo/turtlebot3_group6v2/src/build/joint_state_publisher_custom/install.log'
[1.646s] Invoked command in '/home/gerardo/turtlebot3_group6v2/src/joint_state_publisher_custom' returned '0': PYTHONPATH=/home/gerardo/turtlebot3_group6v2/src/build/joint_state_publisher_custom/prefix_override:/usr/lib/python3/dist-packages/colcon_core/task/python/colcon_distutils_commands:/home/gerardo/turtlebot3_group6v2/src/install/joint_state_publisher_custom/lib/python3.10/site-packages:${PYTHONPATH} /usr/bin/python3 -W ignore:setup.py install is deprecated setup.py egg_info --egg-base ../build/joint_state_publisher_custom build --build-base /home/gerardo/turtlebot3_group6v2/src/build/joint_state_publisher_custom/build install --record /home/gerardo/turtlebot3_group6v2/src/build/joint_state_publisher_custom/install.log --single-version-externally-managed
