[0.182s] Invoking command in '/home/gerardo/turtlebot3_group6v2/src/build/explore_cpp': CMAKE_PREFIX_PATH=${CMAKE_PREFIX_PATH}:/home/gerardo/turtlebot3_group6v2/install/camara:/home/gerardo/turtlebot3_ws/install/turtlebot3_teleop:/home/gerardo/turtlebot3_ws/install/turtlebot3_poi_navigation:/home/gerardo/turtlebot3_ws/install/turtlebot3_example:/home/gerardo/turtlebot3_ws/install/turtlebot3_explore:/home/gerardo/turtlebot3_ws/install/motor_position_controller:/home/gerardo/turtlebot3_ws/install/laser_scan_adjuster:/home/gerardo/turtlebot3_ws/install/joint_state_publisher_custom:/home/gerardo/turtlebot3_group6v2/install/turtlebot3_poi_navigation:/home/gerardo/turtlebot3_group6v2/install/turtlebot3_explore:/home/gerardo/turtlebot3_group6v2/install/motor_position_controller:/home/gerardo/turtlebot3_group6v2/install/laser_scan_adjuster:/home/gerardo/turtlebot3_group6v2/install/joint_state_publisher_custom:/home/gerardo/turtlebot3_group6v2/install/hazmat_marker:/home/gerardo/turtlebot3_group6/install/turtlebot3_explore:/home/gerardo/turtlebot3_group6/install/motor_controller:/opt/ros/humble /usr/bin/cmake /home/gerardo/turtlebot3_group6v2/src/explore_cpp -DCMAKE_INSTALL_PREFIX=/home/gerardo/turtlebot3_group6v2/src/install/explore_cpp
[0.965s] -- The C compiler identification is GNU 11.4.0
[0.965s] -- The CXX compiler identification is GNU 11.4.0
[0.965s] -- Detecting C compiler ABI info
[0.965s] -- Detecting C compiler ABI info - done
[0.965s] -- Check for working C compiler: /usr/bin/cc - skipped
[0.965s] -- Detecting C compile features
[0.965s] -- Detecting C compile features - done
[0.965s] -- Detecting CXX compiler ABI info
[0.965s] -- Detecting CXX compiler ABI info - done
[0.965s] -- Check for working CXX compiler: /usr/bin/c++ - skipped
[0.965s] -- Detecting CXX compile features
[0.965s] -- Detecting CXX compile features - done
[0.965s] -- Found ament_cmake: 1.3.10 (/opt/ros/humble/share/ament_cmake/cmake)
[0.965s] -- Found Python3: /usr/bin/python3 (found version "3.10.12") found components: Interpreter 
[0.965s] -- Found rclcpp: 16.0.10 (/opt/ros/humble/share/rclcpp/cmake)
[0.970s] -- Found rosidl_generator_c: 3.1.5 (/opt/ros/humble/share/rosidl_generator_c/cmake)
[0.976s] -- Found rosidl_adapter: 3.1.5 (/opt/ros/humble/share/rosidl_adapter/cmake)
[0.985s] -- Found rosidl_generator_cpp: 3.1.5 (/opt/ros/humble/share/rosidl_generator_cpp/cmake)
[0.999s] -- Using all available rosidl_typesupport_c: rosidl_typesupport_fastrtps_c;rosidl_typesupport_introspection_c
[1.014s] -- Using all available rosidl_typesupport_cpp: rosidl_typesupport_fastrtps_cpp;rosidl_typesupport_introspection_cpp
[1.057s] -- Found rmw_implementation_cmake: 6.1.2 (/opt/ros/humble/share/rmw_implementation_cmake/cmake)
[1.061s] -- Found rmw_fastrtps_cpp: 6.2.7 (/opt/ros/humble/share/rmw_fastrtps_cpp/cmake)
[1.139s] -- Found OpenSSL: /usr/lib/x86_64-linux-gnu/libcrypto.so (found version "3.0.2")  
[1.169s] -- Found FastRTPS: /opt/ros/humble/include  
[1.205s] -- Using RMW implementation 'rmw_fastrtps_cpp' as default
[1.216s] -- Looking for pthread.h
[1.276s] -- Looking for pthread.h - found
[1.276s] -- Performing Test CMAKE_HAVE_LIBC_PTHREAD
[1.334s] -- Performing Test CMAKE_HAVE_LIBC_PTHREAD - Success
[1.335s] -- Found Threads: TRUE  
[1.409s] -- Found nav_msgs: 4.2.4 (/opt/ros/humble/share/nav_msgs/cmake)
[1.442s] -- Found visualization_msgs: 4.2.4 (/opt/ros/humble/share/visualization_msgs/cmake)
[1.489s] -- Found tf2_ros: 0.25.8 (/opt/ros/humble/share/tf2_ros/cmake)
[1.631s] -- Found tf2_geometry_msgs: 0.25.8 (/opt/ros/humble/share/tf2_geometry_msgs/cmake)
[1.647s] -- Found eigen3_cmake_module: 0.1.1 (/opt/ros/humble/share/eigen3_cmake_module/cmake)
[1.649s] -- Found Eigen3: TRUE (found version "3.4.0") 
[1.649s] -- Ensuring Eigen3 include directory is part of orocos-kdl CMake target
[1.651s] -- Found nav2_msgs: 1.1.16 (/opt/ros/humble/share/nav2_msgs/cmake)
[1.674s] -- Found OpenCV: /usr (found version "4.5.4") 
[1.681s] -- Found ament_lint_auto: 0.12.11 (/opt/ros/humble/share/ament_lint_auto/cmake)
[1.730s] -- Configuring done
[1.739s] -- Generating done
[1.740s] -- Build files have been written to: /home/gerardo/turtlebot3_group6v2/src/build/explore_cpp
[1.748s] Invoked command in '/home/gerardo/turtlebot3_group6v2/src/build/explore_cpp' returned '0': CMAKE_PREFIX_PATH=${CMAKE_PREFIX_PATH}:/home/gerardo/turtlebot3_group6v2/install/camara:/home/gerardo/turtlebot3_ws/install/turtlebot3_teleop:/home/gerardo/turtlebot3_ws/install/turtlebot3_poi_navigation:/home/gerardo/turtlebot3_ws/install/turtlebot3_example:/home/gerardo/turtlebot3_ws/install/turtlebot3_explore:/home/gerardo/turtlebot3_ws/install/motor_position_controller:/home/gerardo/turtlebot3_ws/install/laser_scan_adjuster:/home/gerardo/turtlebot3_ws/install/joint_state_publisher_custom:/home/gerardo/turtlebot3_group6v2/install/turtlebot3_poi_navigation:/home/gerardo/turtlebot3_group6v2/install/turtlebot3_explore:/home/gerardo/turtlebot3_group6v2/install/motor_position_controller:/home/gerardo/turtlebot3_group6v2/install/laser_scan_adjuster:/home/gerardo/turtlebot3_group6v2/install/joint_state_publisher_custom:/home/gerardo/turtlebot3_group6v2/install/hazmat_marker:/home/gerardo/turtlebot3_group6/install/turtlebot3_explore:/home/gerardo/turtlebot3_group6/install/motor_controller:/opt/ros/humble /usr/bin/cmake /home/gerardo/turtlebot3_group6v2/src/explore_cpp -DCMAKE_INSTALL_PREFIX=/home/gerardo/turtlebot3_group6v2/src/install/explore_cpp
[1.748s] Invoking command in '/home/gerardo/turtlebot3_group6v2/src/build/explore_cpp': CMAKE_PREFIX_PATH=${CMAKE_PREFIX_PATH}:/home/gerardo/turtlebot3_group6v2/install/camara:/home/gerardo/turtlebot3_ws/install/turtlebot3_teleop:/home/gerardo/turtlebot3_ws/install/turtlebot3_poi_navigation:/home/gerardo/turtlebot3_ws/install/turtlebot3_example:/home/gerardo/turtlebot3_ws/install/turtlebot3_explore:/home/gerardo/turtlebot3_ws/install/motor_position_controller:/home/gerardo/turtlebot3_ws/install/laser_scan_adjuster:/home/gerardo/turtlebot3_ws/install/joint_state_publisher_custom:/home/gerardo/turtlebot3_group6v2/install/turtlebot3_poi_navigation:/home/gerardo/turtlebot3_group6v2/install/turtlebot3_explore:/home/gerardo/turtlebot3_group6v2/install/motor_position_controller:/home/gerardo/turtlebot3_group6v2/install/laser_scan_adjuster:/home/gerardo/turtlebot3_group6v2/install/joint_state_publisher_custom:/home/gerardo/turtlebot3_group6v2/install/hazmat_marker:/home/gerardo/turtlebot3_group6/install/turtlebot3_explore:/home/gerardo/turtlebot3_group6/install/motor_controller:/opt/ros/humble /usr/bin/cmake --build /home/gerardo/turtlebot3_group6v2/src/build/explore_cpp -- -j16 -l16
[1.784s] [ 50%] [32mBuilding CXX object CMakeFiles/explore_node.dir/src/explore_node.cpp.o[0m
[8.245s] [100%] [32m[1mLinking CXX executable explore_node[0m
[8.691s] [100%] Built target explore_node
[8.698s] Invoked command in '/home/gerardo/turtlebot3_group6v2/src/build/explore_cpp' returned '0': CMAKE_PREFIX_PATH=${CMAKE_PREFIX_PATH}:/home/gerardo/turtlebot3_group6v2/install/camara:/home/gerardo/turtlebot3_ws/install/turtlebot3_teleop:/home/gerardo/turtlebot3_ws/install/turtlebot3_poi_navigation:/home/gerardo/turtlebot3_ws/install/turtlebot3_example:/home/gerardo/turtlebot3_ws/install/turtlebot3_explore:/home/gerardo/turtlebot3_ws/install/motor_position_controller:/home/gerardo/turtlebot3_ws/install/laser_scan_adjuster:/home/gerardo/turtlebot3_ws/install/joint_state_publisher_custom:/home/gerardo/turtlebot3_group6v2/install/turtlebot3_poi_navigation:/home/gerardo/turtlebot3_group6v2/install/turtlebot3_explore:/home/gerardo/turtlebot3_group6v2/install/motor_position_controller:/home/gerardo/turtlebot3_group6v2/install/laser_scan_adjuster:/home/gerardo/turtlebot3_group6v2/install/joint_state_publisher_custom:/home/gerardo/turtlebot3_group6v2/install/hazmat_marker:/home/gerardo/turtlebot3_group6/install/turtlebot3_explore:/home/gerardo/turtlebot3_group6/install/motor_controller:/opt/ros/humble /usr/bin/cmake --build /home/gerardo/turtlebot3_group6v2/src/build/explore_cpp -- -j16 -l16
[8.727s] Invoking command in '/home/gerardo/turtlebot3_group6v2/src/build/explore_cpp': CMAKE_PREFIX_PATH=${CMAKE_PREFIX_PATH}:/home/gerardo/turtlebot3_group6v2/install/camara:/home/gerardo/turtlebot3_ws/install/turtlebot3_teleop:/home/gerardo/turtlebot3_ws/install/turtlebot3_poi_navigation:/home/gerardo/turtlebot3_ws/install/turtlebot3_example:/home/gerardo/turtlebot3_ws/install/turtlebot3_explore:/home/gerardo/turtlebot3_ws/install/motor_position_controller:/home/gerardo/turtlebot3_ws/install/laser_scan_adjuster:/home/gerardo/turtlebot3_ws/install/joint_state_publisher_custom:/home/gerardo/turtlebot3_group6v2/install/turtlebot3_poi_navigation:/home/gerardo/turtlebot3_group6v2/install/turtlebot3_explore:/home/gerardo/turtlebot3_group6v2/install/motor_position_controller:/home/gerardo/turtlebot3_group6v2/install/laser_scan_adjuster:/home/gerardo/turtlebot3_group6v2/install/joint_state_publisher_custom:/home/gerardo/turtlebot3_group6v2/install/hazmat_marker:/home/gerardo/turtlebot3_group6/install/turtlebot3_explore:/home/gerardo/turtlebot3_group6/install/motor_controller:/opt/ros/humble /usr/bin/cmake --install /home/gerardo/turtlebot3_group6v2/src/build/explore_cpp
[8.733s] -- Install configuration: ""
[8.733s] -- Installing: /home/gerardo/turtlebot3_group6v2/src/install/explore_cpp/lib/explore_cpp/explore_node
[8.736s] -- Set runtime path of "/home/gerardo/turtlebot3_group6v2/src/install/explore_cpp/lib/explore_cpp/explore_node" to ""
[8.736s] -- Installing: /home/gerardo/turtlebot3_group6v2/src/install/explore_cpp/share/explore_cpp/package.xml
[8.736s] -- Installing: /home/gerardo/turtlebot3_group6v2/src/install/explore_cpp/share/ament_index/resource_index/package_run_dependencies/explore_cpp
[8.736s] -- Installing: /home/gerardo/turtlebot3_group6v2/src/install/explore_cpp/share/ament_index/resource_index/parent_prefix_path/explore_cpp
[8.736s] -- Installing: /home/gerardo/turtlebot3_group6v2/src/install/explore_cpp/share/explore_cpp/environment/ament_prefix_path.sh
[8.736s] -- Installing: /home/gerardo/turtlebot3_group6v2/src/install/explore_cpp/share/explore_cpp/environment/ament_prefix_path.dsv
[8.736s] -- Installing: /home/gerardo/turtlebot3_group6v2/src/install/explore_cpp/share/explore_cpp/environment/path.sh
[8.736s] -- Installing: /home/gerardo/turtlebot3_group6v2/src/install/explore_cpp/share/explore_cpp/environment/path.dsv
[8.736s] -- Installing: /home/gerardo/turtlebot3_group6v2/src/install/explore_cpp/share/explore_cpp/local_setup.bash
[8.736s] -- Installing: /home/gerardo/turtlebot3_group6v2/src/install/explore_cpp/share/explore_cpp/local_setup.sh
[8.736s] -- Installing: /home/gerardo/turtlebot3_group6v2/src/install/explore_cpp/share/explore_cpp/local_setup.zsh
[8.736s] -- Installing: /home/gerardo/turtlebot3_group6v2/src/install/explore_cpp/share/explore_cpp/local_setup.dsv
[8.736s] -- Installing: /home/gerardo/turtlebot3_group6v2/src/install/explore_cpp/share/explore_cpp/package.dsv
[8.736s] -- Installing: /home/gerardo/turtlebot3_group6v2/src/install/explore_cpp/share/ament_index/resource_index/packages/explore_cpp
[8.737s] -- Installing: /home/gerardo/turtlebot3_group6v2/src/install/explore_cpp/share/explore_cpp/cmake/explore_cppConfig.cmake
[8.737s] -- Installing: /home/gerardo/turtlebot3_group6v2/src/install/explore_cpp/share/explore_cpp/cmake/explore_cppConfig-version.cmake
[8.737s] -- Up-to-date: /home/gerardo/turtlebot3_group6v2/src/install/explore_cpp/share/explore_cpp/package.xml
[8.738s] Invoked command in '/home/gerardo/turtlebot3_group6v2/src/build/explore_cpp' returned '0': CMAKE_PREFIX_PATH=${CMAKE_PREFIX_PATH}:/home/gerardo/turtlebot3_group6v2/install/camara:/home/gerardo/turtlebot3_ws/install/turtlebot3_teleop:/home/gerardo/turtlebot3_ws/install/turtlebot3_poi_navigation:/home/gerardo/turtlebot3_ws/install/turtlebot3_example:/home/gerardo/turtlebot3_ws/install/turtlebot3_explore:/home/gerardo/turtlebot3_ws/install/motor_position_controller:/home/gerardo/turtlebot3_ws/install/laser_scan_adjuster:/home/gerardo/turtlebot3_ws/install/joint_state_publisher_custom:/home/gerardo/turtlebot3_group6v2/install/turtlebot3_poi_navigation:/home/gerardo/turtlebot3_group6v2/install/turtlebot3_explore:/home/gerardo/turtlebot3_group6v2/install/motor_position_controller:/home/gerardo/turtlebot3_group6v2/install/laser_scan_adjuster:/home/gerardo/turtlebot3_group6v2/install/joint_state_publisher_custom:/home/gerardo/turtlebot3_group6v2/install/hazmat_marker:/home/gerardo/turtlebot3_group6/install/turtlebot3_explore:/home/gerardo/turtlebot3_group6/install/motor_controller:/opt/ros/humble /usr/bin/cmake --install /home/gerardo/turtlebot3_group6v2/src/build/explore_cpp
