[0.025s] Invoking command in '/home/gerardo/turtlebot3_group6v2/build/explore_cpp': CMAKE_PREFIX_PATH=${CMAKE_PREFIX_PATH}:/home/gerardo/turtlebot3_group6v2/install/turtlebot3_poi_navigation:/home/gerardo/turtlebot3_group6v2/install/turtlebot3_explore:/home/gerardo/turtlebot3_group6v2/install/motor_position_controller:/home/gerardo/turtlebot3_group6v2/install/laser_scan_adjuster:/home/gerardo/turtlebot3_group6v2/install/joint_state_publisher_custom:/home/gerardo/turtlebot3_ws/install/turtlebot3_teleop:/home/gerardo/turtlebot3_ws/install/turtlebot3_poi_navigation:/home/gerardo/turtlebot3_ws/install/turtlebot3_example:/home/gerardo/turtlebot3_ws/install/turtlebot3_explore:/home/gerardo/turtlebot3_ws/install/motor_position_controller:/home/gerardo/turtlebot3_ws/install/laser_scan_adjuster:/home/gerardo/turtlebot3_ws/install/joint_state_publisher_custom:/home/gerardo/turtlebot3_group6/install/turtlebot3_explore:/home/gerardo/turtlebot3_group6/install/motor_controller:/opt/ros/humble /usr/bin/cmake --build /home/gerardo/turtlebot3_group6v2/build/explore_cpp -- -j16 -l16
[0.657s] [35m[1mConsolidate compiler generated dependencies of target explore_node[0m
[0.657s] [ 50%] [32mBuilding CXX object CMakeFiles/explore_node.dir/src/explore_node.cpp.o[0m
[7.220s] [100%] [32m[1mLinking CXX executable explore_node[0m
[7.597s] [100%] Built target explore_node
[7.606s] Invoked command in '/home/gerardo/turtlebot3_group6v2/build/explore_cpp' returned '0': CMAKE_PREFIX_PATH=${CMAKE_PREFIX_PATH}:/home/gerardo/turtlebot3_group6v2/install/turtlebot3_poi_navigation:/home/gerardo/turtlebot3_group6v2/install/turtlebot3_explore:/home/gerardo/turtlebot3_group6v2/install/motor_position_controller:/home/gerardo/turtlebot3_group6v2/install/laser_scan_adjuster:/home/gerardo/turtlebot3_group6v2/install/joint_state_publisher_custom:/home/gerardo/turtlebot3_ws/install/turtlebot3_teleop:/home/gerardo/turtlebot3_ws/install/turtlebot3_poi_navigation:/home/gerardo/turtlebot3_ws/install/turtlebot3_example:/home/gerardo/turtlebot3_ws/install/turtlebot3_explore:/home/gerardo/turtlebot3_ws/install/motor_position_controller:/home/gerardo/turtlebot3_ws/install/laser_scan_adjuster:/home/gerardo/turtlebot3_ws/install/joint_state_publisher_custom:/home/gerardo/turtlebot3_group6/install/turtlebot3_explore:/home/gerardo/turtlebot3_group6/install/motor_controller:/opt/ros/humble /usr/bin/cmake --build /home/gerardo/turtlebot3_group6v2/build/explore_cpp -- -j16 -l16
[7.628s] Invoking command in '/home/gerardo/turtlebot3_group6v2/build/explore_cpp': CMAKE_PREFIX_PATH=${CMAKE_PREFIX_PATH}:/home/gerardo/turtlebot3_group6v2/install/turtlebot3_poi_navigation:/home/gerardo/turtlebot3_group6v2/install/turtlebot3_explore:/home/gerardo/turtlebot3_group6v2/install/motor_position_controller:/home/gerardo/turtlebot3_group6v2/install/laser_scan_adjuster:/home/gerardo/turtlebot3_group6v2/install/joint_state_publisher_custom:/home/gerardo/turtlebot3_ws/install/turtlebot3_teleop:/home/gerardo/turtlebot3_ws/install/turtlebot3_poi_navigation:/home/gerardo/turtlebot3_ws/install/turtlebot3_example:/home/gerardo/turtlebot3_ws/install/turtlebot3_explore:/home/gerardo/turtlebot3_ws/install/motor_position_controller:/home/gerardo/turtlebot3_ws/install/laser_scan_adjuster:/home/gerardo/turtlebot3_ws/install/joint_state_publisher_custom:/home/gerardo/turtlebot3_group6/install/turtlebot3_explore:/home/gerardo/turtlebot3_group6/install/motor_controller:/opt/ros/humble /usr/bin/cmake --install /home/gerardo/turtlebot3_group6v2/build/explore_cpp
[7.633s] -- Install configuration: ""
[7.633s] -- Installing: /home/gerardo/turtlebot3_group6v2/install/explore_cpp/lib/explore_cpp/explore_node
[7.636s] -- Set runtime path of "/home/gerardo/turtlebot3_group6v2/install/explore_cpp/lib/explore_cpp/explore_node" to ""
[7.636s] -- Up-to-date: /home/gerardo/turtlebot3_group6v2/install/explore_cpp/share/explore_cpp/package.xml
[7.636s] -- Up-to-date: /home/gerardo/turtlebot3_group6v2/install/explore_cpp/share/ament_index/resource_index/package_run_dependencies/explore_cpp
[7.636s] -- Up-to-date: /home/gerardo/turtlebot3_group6v2/install/explore_cpp/share/ament_index/resource_index/parent_prefix_path/explore_cpp
[7.636s] -- Up-to-date: /home/gerardo/turtlebot3_group6v2/install/explore_cpp/share/explore_cpp/environment/ament_prefix_path.sh
[7.636s] -- Up-to-date: /home/gerardo/turtlebot3_group6v2/install/explore_cpp/share/explore_cpp/environment/ament_prefix_path.dsv
[7.636s] -- Up-to-date: /home/gerardo/turtlebot3_group6v2/install/explore_cpp/share/explore_cpp/environment/path.sh
[7.637s] -- Up-to-date: /home/gerardo/turtlebot3_group6v2/install/explore_cpp/share/explore_cpp/environment/path.dsv
[7.637s] -- Up-to-date: /home/gerardo/turtlebot3_group6v2/install/explore_cpp/share/explore_cpp/local_setup.bash
[7.637s] -- Up-to-date: /home/gerardo/turtlebot3_group6v2/install/explore_cpp/share/explore_cpp/local_setup.sh
[7.637s] -- Up-to-date: /home/gerardo/turtlebot3_group6v2/install/explore_cpp/share/explore_cpp/local_setup.zsh
[7.637s] -- Up-to-date: /home/gerardo/turtlebot3_group6v2/install/explore_cpp/share/explore_cpp/local_setup.dsv
[7.637s] -- Installing: /home/gerardo/turtlebot3_group6v2/install/explore_cpp/share/explore_cpp/package.dsv
[7.637s] -- Up-to-date: /home/gerardo/turtlebot3_group6v2/install/explore_cpp/share/ament_index/resource_index/packages/explore_cpp
[7.638s] -- Up-to-date: /home/gerardo/turtlebot3_group6v2/install/explore_cpp/share/explore_cpp/cmake/explore_cppConfig.cmake
[7.638s] -- Up-to-date: /home/gerardo/turtlebot3_group6v2/install/explore_cpp/share/explore_cpp/cmake/explore_cppConfig-version.cmake
[7.638s] -- Up-to-date: /home/gerardo/turtlebot3_group6v2/install/explore_cpp/share/explore_cpp/package.xml
[7.638s] Invoked command in '/home/gerardo/turtlebot3_group6v2/build/explore_cpp' returned '0': CMAKE_PREFIX_PATH=${CMAKE_PREFIX_PATH}:/home/gerardo/turtlebot3_group6v2/install/turtlebot3_poi_navigation:/home/gerardo/turtlebot3_group6v2/install/turtlebot3_explore:/home/gerardo/turtlebot3_group6v2/install/motor_position_controller:/home/gerardo/turtlebot3_group6v2/install/laser_scan_adjuster:/home/gerardo/turtlebot3_group6v2/install/joint_state_publisher_custom:/home/gerardo/turtlebot3_ws/install/turtlebot3_teleop:/home/gerardo/turtlebot3_ws/install/turtlebot3_poi_navigation:/home/gerardo/turtlebot3_ws/install/turtlebot3_example:/home/gerardo/turtlebot3_ws/install/turtlebot3_explore:/home/gerardo/turtlebot3_ws/install/motor_position_controller:/home/gerardo/turtlebot3_ws/install/laser_scan_adjuster:/home/gerardo/turtlebot3_ws/install/joint_state_publisher_custom:/home/gerardo/turtlebot3_group6/install/turtlebot3_explore:/home/gerardo/turtlebot3_group6/install/motor_controller:/opt/ros/humble /usr/bin/cmake --install /home/gerardo/turtlebot3_group6v2/build/explore_cpp
