running egg_info
creating ../../build/camara/camara.egg-info
writing ../../build/camara/camara.egg-info/PKG-INFO
writing dependency_links to ../../build/camara/camara.egg-info/dependency_links.txt
writing entry points to ../../build/camara/camara.egg-info/entry_points.txt
writing requirements to ../../build/camara/camara.egg-info/requires.txt
writing top-level names to ../../build/camara/camara.egg-info/top_level.txt
writing manifest file '../../build/camara/camara.egg-info/SOURCES.txt'
reading manifest file '../../build/camara/camara.egg-info/SOURCES.txt'
writing manifest file '../../build/camara/camara.egg-info/SOURCES.txt'
running build
running build_py
creating /home/gerardo/turtlebot3_group6v2/src/build/camara/build
creating /home/gerardo/turtlebot3_group6v2/src/build/camara/build/lib
creating /home/gerardo/turtlebot3_group6v2/src/build/camara/build/lib/camara
copying camara/camara_server.py -> /home/gerardo/turtlebot3_group6v2/src/build/camara/build/lib/camara
copying camara/camara_client.py -> /home/gerardo/turtlebot3_group6v2/src/build/camara/build/lib/camara
copying camara/__init__.py -> /home/gerardo/turtlebot3_group6v2/src/build/camara/build/lib/camara
running install
running install_lib
creating /home/gerardo/turtlebot3_group6v2/src/install/camara/lib/python3.10/site-packages/camara
copying /home/gerardo/turtlebot3_group6v2/src/build/camara/build/lib/camara/camara_server.py -> /home/gerardo/turtlebot3_group6v2/src/install/camara/lib/python3.10/site-packages/camara
copying /home/gerardo/turtlebot3_group6v2/src/build/camara/build/lib/camara/camara_client.py -> /home/gerardo/turtlebot3_group6v2/src/install/camara/lib/python3.10/site-packages/camara
copying /home/gerardo/turtlebot3_group6v2/src/build/camara/build/lib/camara/__init__.py -> /home/gerardo/turtlebot3_group6v2/src/install/camara/lib/python3.10/site-packages/camara
byte-compiling /home/gerardo/turtlebot3_group6v2/src/install/camara/lib/python3.10/site-packages/camara/camara_server.py to camara_server.cpython-310.pyc
byte-compiling /home/gerardo/turtlebot3_group6v2/src/install/camara/lib/python3.10/site-packages/camara/camara_client.py to camara_client.cpython-310.pyc
byte-compiling /home/gerardo/turtlebot3_group6v2/src/install/camara/lib/python3.10/site-packages/camara/__init__.py to __init__.cpython-310.pyc
running install_data
creating /home/gerardo/turtlebot3_group6v2/src/install/camara/share/ament_index
creating /home/gerardo/turtlebot3_group6v2/src/install/camara/share/ament_index/resource_index
creating /home/gerardo/turtlebot3_group6v2/src/install/camara/share/ament_index/resource_index/packages
copying resource/camara -> /home/gerardo/turtlebot3_group6v2/src/install/camara/share/ament_index/resource_index/packages
copying package.xml -> /home/gerardo/turtlebot3_group6v2/src/install/camara/share/camara
running install_egg_info
Copying ../../build/camara/camara.egg-info to /home/gerardo/turtlebot3_group6v2/src/install/camara/lib/python3.10/site-packages/camara-0.0.0-py3.10.egg-info
running install_scripts
Installing camara_client script to /home/gerardo/turtlebot3_group6v2/src/install/camara/lib/camara
Installing camara_server script to /home/gerardo/turtlebot3_group6v2/src/install/camara/lib/camara
writing list of installed files to '/home/gerardo/turtlebot3_group6v2/src/build/camara/install.log'
