[1.502s] Invoking command in '/home/gerardo/turtlebot3_group6v2/src/HAZMAT_Detection/camara': PYTHONPATH=/home/gerardo/turtlebot3_group6v2/src/build/camara/prefix_override:/usr/lib/python3/dist-packages/colcon_core/task/python/colcon_distutils_commands:/home/gerardo/turtlebot3_group6v2/src/install/camara/lib/python3.10/site-packages:${PYTHONPATH} /usr/bin/python3 -W ignore:setup.py install is deprecated setup.py egg_info --egg-base ../../build/camara build --build-base /home/gerardo/turtlebot3_group6v2/src/build/camara/build install --record /home/gerardo/turtlebot3_group6v2/src/build/camara/install.log --single-version-externally-managed install_data
[1.702s] running egg_info
[1.702s] creating ../../build/camara/camara.egg-info
[1.702s] writing ../../build/camara/camara.egg-info/PKG-INFO
[1.702s] writing dependency_links to ../../build/camara/camara.egg-info/dependency_links.txt
[1.702s] writing entry points to ../../build/camara/camara.egg-info/entry_points.txt
[1.702s] writing requirements to ../../build/camara/camara.egg-info/requires.txt
[1.702s] writing top-level names to ../../build/camara/camara.egg-info/top_level.txt
[1.703s] writing manifest file '../../build/camara/camara.egg-info/SOURCES.txt'
[1.703s] reading manifest file '../../build/camara/camara.egg-info/SOURCES.txt'
[1.704s] writing manifest file '../../build/camara/camara.egg-info/SOURCES.txt'
[1.704s] running build
[1.704s] running build_py
[1.704s] creating /home/gerardo/turtlebot3_group6v2/src/build/camara/build
[1.704s] creating /home/gerardo/turtlebot3_group6v2/src/build/camara/build/lib
[1.704s] creating /home/gerardo/turtlebot3_group6v2/src/build/camara/build/lib/camara
[1.704s] copying camara/camara_server.py -> /home/gerardo/turtlebot3_group6v2/src/build/camara/build/lib/camara
[1.704s] copying camara/camara_client.py -> /home/gerardo/turtlebot3_group6v2/src/build/camara/build/lib/camara
[1.704s] copying camara/__init__.py -> /home/gerardo/turtlebot3_group6v2/src/build/camara/build/lib/camara
[1.704s] running install
[1.705s] running install_lib
[1.706s] creating /home/gerardo/turtlebot3_group6v2/src/install/camara/lib/python3.10/site-packages/camara
[1.706s] copying /home/gerardo/turtlebot3_group6v2/src/build/camara/build/lib/camara/camara_server.py -> /home/gerardo/turtlebot3_group6v2/src/install/camara/lib/python3.10/site-packages/camara
[1.706s] copying /home/gerardo/turtlebot3_group6v2/src/build/camara/build/lib/camara/camara_client.py -> /home/gerardo/turtlebot3_group6v2/src/install/camara/lib/python3.10/site-packages/camara
[1.706s] copying /home/gerardo/turtlebot3_group6v2/src/build/camara/build/lib/camara/__init__.py -> /home/gerardo/turtlebot3_group6v2/src/install/camara/lib/python3.10/site-packages/camara
[1.706s] byte-compiling /home/gerardo/turtlebot3_group6v2/src/install/camara/lib/python3.10/site-packages/camara/camara_server.py to camara_server.cpython-310.pyc
[1.707s] byte-compiling /home/gerardo/turtlebot3_group6v2/src/install/camara/lib/python3.10/site-packages/camara/camara_client.py to camara_client.cpython-310.pyc
[1.707s] byte-compiling /home/gerardo/turtlebot3_group6v2/src/install/camara/lib/python3.10/site-packages/camara/__init__.py to __init__.cpython-310.pyc
[1.707s] running install_data
[1.707s] creating /home/gerardo/turtlebot3_group6v2/src/install/camara/share/ament_index
[1.708s] creating /home/gerardo/turtlebot3_group6v2/src/install/camara/share/ament_index/resource_index
[1.708s] creating /home/gerardo/turtlebot3_group6v2/src/install/camara/share/ament_index/resource_index/packages
[1.708s] copying resource/camara -> /home/gerardo/turtlebot3_group6v2/src/install/camara/share/ament_index/resource_index/packages
[1.708s] copying package.xml -> /home/gerardo/turtlebot3_group6v2/src/install/camara/share/camara
[1.708s] running install_egg_info
[1.709s] Copying ../../build/camara/camara.egg-info to /home/gerardo/turtlebot3_group6v2/src/install/camara/lib/python3.10/site-packages/camara-0.0.0-py3.10.egg-info
[1.709s] running install_scripts
[1.722s] Installing camara_client script to /home/gerardo/turtlebot3_group6v2/src/install/camara/lib/camara
[1.722s] Installing camara_server script to /home/gerardo/turtlebot3_group6v2/src/install/camara/lib/camara
[1.722s] writing list of installed files to '/home/gerardo/turtlebot3_group6v2/src/build/camara/install.log'
[1.737s] Invoked command in '/home/gerardo/turtlebot3_group6v2/src/HAZMAT_Detection/camara' returned '0': PYTHONPATH=/home/gerardo/turtlebot3_group6v2/src/build/camara/prefix_override:/usr/lib/python3/dist-packages/colcon_core/task/python/colcon_distutils_commands:/home/gerardo/turtlebot3_group6v2/src/install/camara/lib/python3.10/site-packages:${PYTHONPATH} /usr/bin/python3 -W ignore:setup.py install is deprecated setup.py egg_info --egg-base ../../build/camara build --build-base /home/gerardo/turtlebot3_group6v2/src/build/camara/build install --record /home/gerardo/turtlebot3_group6v2/src/build/camara/install.log --single-version-externally-managed install_data
