[0.742s] Invoking command in '/home/gerardo/turtlebot3_group6v2/src/turtlebot3_explore': PYTHONPATH=/home/gerardo/turtlebot3_group6v2/build/turtlebot3_explore/prefix_override:/usr/lib/python3/dist-packages/colcon_core/task/python/colcon_distutils_commands:/home/gerardo/turtlebot3_group6v2/install/turtlebot3_explore/lib/python3.10/site-packages:${PYTHONPATH} /usr/bin/python3 -W ignore:setup.py install is deprecated setup.py egg_info --egg-base ../../build/turtlebot3_explore build --build-base /home/gerardo/turtlebot3_group6v2/build/turtlebot3_explore/build install --record /home/gerardo/turtlebot3_group6v2/build/turtlebot3_explore/install.log --single-version-externally-managed install_data
[0.876s] running egg_info
[0.876s] creating ../../build/turtlebot3_explore/turtlebot3_explore.egg-info
[0.876s] writing ../../build/turtlebot3_explore/turtlebot3_explore.egg-info/PKG-INFO
[0.877s] writing dependency_links to ../../build/turtlebot3_explore/turtlebot3_explore.egg-info/dependency_links.txt
[0.877s] writing entry points to ../../build/turtlebot3_explore/turtlebot3_explore.egg-info/entry_points.txt
[0.877s] writing requirements to ../../build/turtlebot3_explore/turtlebot3_explore.egg-info/requires.txt
[0.877s] writing top-level names to ../../build/turtlebot3_explore/turtlebot3_explore.egg-info/top_level.txt
[0.877s] writing manifest file '../../build/turtlebot3_explore/turtlebot3_explore.egg-info/SOURCES.txt'
[0.877s] reading manifest file '../../build/turtlebot3_explore/turtlebot3_explore.egg-info/SOURCES.txt'
[0.878s] writing manifest file '../../build/turtlebot3_explore/turtlebot3_explore.egg-info/SOURCES.txt'
[0.878s] running build
[0.878s] running build_py
[0.878s] creating /home/gerardo/turtlebot3_group6v2/build/turtlebot3_explore/build
[0.878s] creating /home/gerardo/turtlebot3_group6v2/build/turtlebot3_explore/build/lib
[0.878s] creating /home/gerardo/turtlebot3_group6v2/build/turtlebot3_explore/build/lib/turtlebot3_explore
[0.878s] copying turtlebot3_explore/explore.py -> /home/gerardo/turtlebot3_group6v2/build/turtlebot3_explore/build/lib/turtlebot3_explore
[0.878s] copying turtlebot3_explore/__init__.py -> /home/gerardo/turtlebot3_group6v2/build/turtlebot3_explore/build/lib/turtlebot3_explore
[0.878s] running install
[0.879s] running install_lib
[0.880s] creating /home/gerardo/turtlebot3_group6v2/install/turtlebot3_explore/lib/python3.10/site-packages/turtlebot3_explore
[0.881s] copying /home/gerardo/turtlebot3_group6v2/build/turtlebot3_explore/build/lib/turtlebot3_explore/explore.py -> /home/gerardo/turtlebot3_group6v2/install/turtlebot3_explore/lib/python3.10/site-packages/turtlebot3_explore
[0.881s] copying /home/gerardo/turtlebot3_group6v2/build/turtlebot3_explore/build/lib/turtlebot3_explore/__init__.py -> /home/gerardo/turtlebot3_group6v2/install/turtlebot3_explore/lib/python3.10/site-packages/turtlebot3_explore
[0.881s] byte-compiling /home/gerardo/turtlebot3_group6v2/install/turtlebot3_explore/lib/python3.10/site-packages/turtlebot3_explore/explore.py to explore.cpython-310.pyc
[0.882s] byte-compiling /home/gerardo/turtlebot3_group6v2/install/turtlebot3_explore/lib/python3.10/site-packages/turtlebot3_explore/__init__.py to __init__.cpython-310.pyc
[0.882s] running install_data
[0.882s] creating /home/gerardo/turtlebot3_group6v2/install/turtlebot3_explore/share/ament_index
[0.882s] creating /home/gerardo/turtlebot3_group6v2/install/turtlebot3_explore/share/ament_index/resource_index
[0.882s] creating /home/gerardo/turtlebot3_group6v2/install/turtlebot3_explore/share/ament_index/resource_index/packages
[0.882s] copying resource/turtlebot3_explore -> /home/gerardo/turtlebot3_group6v2/install/turtlebot3_explore/share/ament_index/resource_index/packages
[0.882s] copying package.xml -> /home/gerardo/turtlebot3_group6v2/install/turtlebot3_explore/share/turtlebot3_explore
[0.882s] creating /home/gerardo/turtlebot3_group6v2/install/turtlebot3_explore/share/turtlebot3_explore/launch
[0.882s] copying launch/explore_launch.py -> /home/gerardo/turtlebot3_group6v2/install/turtlebot3_explore/share/turtlebot3_explore/launch
[0.882s] creating /home/gerardo/turtlebot3_group6v2/install/turtlebot3_explore/share/turtlebot3_explore/config
[0.882s] copying config/explore_params.yaml -> /home/gerardo/turtlebot3_group6v2/install/turtlebot3_explore/share/turtlebot3_explore/config
[0.882s] running install_egg_info
[0.883s] Copying ../../build/turtlebot3_explore/turtlebot3_explore.egg-info to /home/gerardo/turtlebot3_group6v2/install/turtlebot3_explore/lib/python3.10/site-packages/turtlebot3_explore-0.0.1-py3.10.egg-info
[0.884s] running install_scripts
[0.897s] Installing explore script to /home/gerardo/turtlebot3_group6v2/install/turtlebot3_explore/lib/turtlebot3_explore
[0.897s] writing list of installed files to '/home/gerardo/turtlebot3_group6v2/build/turtlebot3_explore/install.log'
[0.921s] Invoked command in '/home/gerardo/turtlebot3_group6v2/src/turtlebot3_explore' returned '0': PYTHONPATH=/home/gerardo/turtlebot3_group6v2/build/turtlebot3_explore/prefix_override:/usr/lib/python3/dist-packages/colcon_core/task/python/colcon_distutils_commands:/home/gerardo/turtlebot3_group6v2/install/turtlebot3_explore/lib/python3.10/site-packages:${PYTHONPATH} /usr/bin/python3 -W ignore:setup.py install is deprecated setup.py egg_info --egg-base ../../build/turtlebot3_explore build --build-base /home/gerardo/turtlebot3_group6v2/build/turtlebot3_explore/build install --record /home/gerardo/turtlebot3_group6v2/build/turtlebot3_explore/install.log --single-version-externally-managed install_data
