[0.710s] Invoking command in '/home/gerardo/turtlebot3_ws/src/turtlebot3_explore': PYTHONPATH=/home/gerardo/turtlebot3_ws/build/turtlebot3_explore/prefix_override:/usr/lib/python3/dist-packages/colcon_core/task/python/colcon_distutils_commands:/home/gerardo/turtlebot3_ws/install/turtlebot3_explore/lib/python3.10/site-packages:${PYTHONPATH} /usr/bin/python3 -W ignore:setup.py install is deprecated setup.py egg_info --egg-base ../../build/turtlebot3_explore build --build-base /home/gerardo/turtlebot3_ws/build/turtlebot3_explore/build install --record /home/gerardo/turtlebot3_ws/build/turtlebot3_explore/install.log --single-version-externally-managed install_data
[0.897s] running egg_info
[0.898s] writing ../../build/turtlebot3_explore/turtlebot3_explore.egg-info/PKG-INFO
[0.899s] writing dependency_links to ../../build/turtlebot3_explore/turtlebot3_explore.egg-info/dependency_links.txt
[0.899s] writing entry points to ../../build/turtlebot3_explore/turtlebot3_explore.egg-info/entry_points.txt
[0.899s] writing requirements to ../../build/turtlebot3_explore/turtlebot3_explore.egg-info/requires.txt
[0.899s] writing top-level names to ../../build/turtlebot3_explore/turtlebot3_explore.egg-info/top_level.txt
[0.899s] reading manifest file '../../build/turtlebot3_explore/turtlebot3_explore.egg-info/SOURCES.txt'
[0.900s] writing manifest file '../../build/turtlebot3_explore/turtlebot3_explore.egg-info/SOURCES.txt'
[0.900s] running build
[0.901s] running build_py
[0.901s] running install
[0.904s] running install_lib
[0.911s] running install_data
[0.911s] running install_egg_info
[0.911s] removing '/home/gerardo/turtlebot3_ws/install/turtlebot3_explore/lib/python3.10/site-packages/turtlebot3_explore-0.0.1-py3.10.egg-info' (and everything under it)
[0.911s] Copying ../../build/turtlebot3_explore/turtlebot3_explore.egg-info to /home/gerardo/turtlebot3_ws/install/turtlebot3_explore/lib/python3.10/site-packages/turtlebot3_explore-0.0.1-py3.10.egg-info
[0.911s] running install_scripts
[0.932s] Installing explore script to /home/gerardo/turtlebot3_ws/install/turtlebot3_explore/lib/turtlebot3_explore
[0.933s] writing list of installed files to '/home/gerardo/turtlebot3_ws/build/turtlebot3_explore/install.log'
[0.961s] Invoked command in '/home/gerardo/turtlebot3_ws/src/turtlebot3_explore' returned '0': PYTHONPATH=/home/gerardo/turtlebot3_ws/build/turtlebot3_explore/prefix_override:/usr/lib/python3/dist-packages/colcon_core/task/python/colcon_distutils_commands:/home/gerardo/turtlebot3_ws/install/turtlebot3_explore/lib/python3.10/site-packages:${PYTHONPATH} /usr/bin/python3 -W ignore:setup.py install is deprecated setup.py egg_info --egg-base ../../build/turtlebot3_explore build --build-base /home/gerardo/turtlebot3_ws/build/turtlebot3_explore/build install --record /home/gerardo/turtlebot3_ws/build/turtlebot3_explore/install.log --single-version-externally-managed install_data
