[0.812s] Invoking command in '/home/gerardo/turtlebot3_ws/src/turtlebot3/turtlebot3_teleop': PYTHONPATH=/home/gerardo/turtlebot3_ws/build/turtlebot3_teleop/prefix_override:/usr/lib/python3/dist-packages/colcon_core/task/python/colcon_distutils_commands:/home/gerardo/turtlebot3_ws/install/turtlebot3_teleop/lib/python3.10/site-packages:${PYTHONPATH} /usr/bin/python3 -W ignore:setup.py install is deprecated setup.py egg_info --egg-base ../../../build/turtlebot3_teleop build --build-base /home/gerardo/turtlebot3_ws/build/turtlebot3_teleop/build install --record /home/gerardo/turtlebot3_ws/build/turtlebot3_teleop/install.log --single-version-externally-managed install_data
[1.008s] running egg_info
[1.008s] creating ../../../build/turtlebot3_teleop/turtlebot3_teleop.egg-info
[1.008s] writing ../../../build/turtlebot3_teleop/turtlebot3_teleop.egg-info/PKG-INFO
[1.008s] writing dependency_links to ../../../build/turtlebot3_teleop/turtlebot3_teleop.egg-info/dependency_links.txt
[1.008s] writing entry points to ../../../build/turtlebot3_teleop/turtlebot3_teleop.egg-info/entry_points.txt
[1.008s] writing requirements to ../../../build/turtlebot3_teleop/turtlebot3_teleop.egg-info/requires.txt
[1.008s] writing top-level names to ../../../build/turtlebot3_teleop/turtlebot3_teleop.egg-info/top_level.txt
[1.008s] writing manifest file '../../../build/turtlebot3_teleop/turtlebot3_teleop.egg-info/SOURCES.txt'
[1.009s] reading manifest file '../../../build/turtlebot3_teleop/turtlebot3_teleop.egg-info/SOURCES.txt'
[1.010s] writing manifest file '../../../build/turtlebot3_teleop/turtlebot3_teleop.egg-info/SOURCES.txt'
[1.010s] running build
[1.010s] running build_py
[1.010s] creating /home/gerardo/turtlebot3_ws/build/turtlebot3_teleop/build
[1.010s] creating /home/gerardo/turtlebot3_ws/build/turtlebot3_teleop/build/lib
[1.010s] creating /home/gerardo/turtlebot3_ws/build/turtlebot3_teleop/build/lib/turtlebot3_teleop
[1.010s] copying turtlebot3_teleop/__init__.py -> /home/gerardo/turtlebot3_ws/build/turtlebot3_teleop/build/lib/turtlebot3_teleop
[1.010s] creating /home/gerardo/turtlebot3_ws/build/turtlebot3_teleop/build/lib/turtlebot3_teleop/script
[1.010s] copying turtlebot3_teleop/script/__init__.py -> /home/gerardo/turtlebot3_ws/build/turtlebot3_teleop/build/lib/turtlebot3_teleop/script
[1.010s] copying turtlebot3_teleop/script/teleop_keyboard.py -> /home/gerardo/turtlebot3_ws/build/turtlebot3_teleop/build/lib/turtlebot3_teleop/script
[1.010s] running install
[1.012s] running install_lib
[1.013s] creating /home/gerardo/turtlebot3_ws/install/turtlebot3_teleop/lib/python3.10/site-packages/turtlebot3_teleop
[1.013s] copying /home/gerardo/turtlebot3_ws/build/turtlebot3_teleop/build/lib/turtlebot3_teleop/__init__.py -> /home/gerardo/turtlebot3_ws/install/turtlebot3_teleop/lib/python3.10/site-packages/turtlebot3_teleop
[1.013s] creating /home/gerardo/turtlebot3_ws/install/turtlebot3_teleop/lib/python3.10/site-packages/turtlebot3_teleop/script
[1.013s] copying /home/gerardo/turtlebot3_ws/build/turtlebot3_teleop/build/lib/turtlebot3_teleop/script/__init__.py -> /home/gerardo/turtlebot3_ws/install/turtlebot3_teleop/lib/python3.10/site-packages/turtlebot3_teleop/script
[1.013s] copying /home/gerardo/turtlebot3_ws/build/turtlebot3_teleop/build/lib/turtlebot3_teleop/script/teleop_keyboard.py -> /home/gerardo/turtlebot3_ws/install/turtlebot3_teleop/lib/python3.10/site-packages/turtlebot3_teleop/script
[1.013s] byte-compiling /home/gerardo/turtlebot3_ws/install/turtlebot3_teleop/lib/python3.10/site-packages/turtlebot3_teleop/__init__.py to __init__.cpython-310.pyc
[1.013s] byte-compiling /home/gerardo/turtlebot3_ws/install/turtlebot3_teleop/lib/python3.10/site-packages/turtlebot3_teleop/script/__init__.py to __init__.cpython-310.pyc
[1.014s] byte-compiling /home/gerardo/turtlebot3_ws/install/turtlebot3_teleop/lib/python3.10/site-packages/turtlebot3_teleop/script/teleop_keyboard.py to teleop_keyboard.cpython-310.pyc
[1.014s] running install_data
[1.014s] creating /home/gerardo/turtlebot3_ws/install/turtlebot3_teleop/share/ament_index
[1.015s] creating /home/gerardo/turtlebot3_ws/install/turtlebot3_teleop/share/ament_index/resource_index
[1.015s] creating /home/gerardo/turtlebot3_ws/install/turtlebot3_teleop/share/ament_index/resource_index/packages
[1.015s] copying resource/turtlebot3_teleop -> /home/gerardo/turtlebot3_ws/install/turtlebot3_teleop/share/ament_index/resource_index/packages
[1.015s] copying package.xml -> /home/gerardo/turtlebot3_ws/install/turtlebot3_teleop/share/turtlebot3_teleop
[1.015s] running install_egg_info
[1.016s] Copying ../../../build/turtlebot3_teleop/turtlebot3_teleop.egg-info to /home/gerardo/turtlebot3_ws/install/turtlebot3_teleop/lib/python3.10/site-packages/turtlebot3_teleop-2.1.5-py3.10.egg-info
[1.016s] running install_scripts
[1.030s] Installing teleop_keyboard script to /home/gerardo/turtlebot3_ws/install/turtlebot3_teleop/lib/turtlebot3_teleop
[1.030s] writing list of installed files to '/home/gerardo/turtlebot3_ws/build/turtlebot3_teleop/install.log'
[1.048s] Invoked command in '/home/gerardo/turtlebot3_ws/src/turtlebot3/turtlebot3_teleop' returned '0': PYTHONPATH=/home/gerardo/turtlebot3_ws/build/turtlebot3_teleop/prefix_override:/usr/lib/python3/dist-packages/colcon_core/task/python/colcon_distutils_commands:/home/gerardo/turtlebot3_ws/install/turtlebot3_teleop/lib/python3.10/site-packages:${PYTHONPATH} /usr/bin/python3 -W ignore:setup.py install is deprecated setup.py egg_info --egg-base ../../../build/turtlebot3_teleop build --build-base /home/gerardo/turtlebot3_ws/build/turtlebot3_teleop/build install --record /home/gerardo/turtlebot3_ws/build/turtlebot3_teleop/install.log --single-version-externally-managed install_data
