[0.010s] Invoking command in '/home/gerardo/turtlebot3_ws/build/turtlebot3_bringup': CMAKE_PREFIX_PATH=/home/gerardo/turtlebot3_ws/install/turtlebot3_node:/home/gerardo/turtlebot3_ws/install/turtlebot3_msgs:/home/gerardo/turtlebot3_ws/install/turtlebot3_description:/home/gerardo/turtlebot3_ws/install/dynamixel_sdk:/home/gerardo/turtlebot3_ws/install/turtlebot3:/home/gerardo/turtlebot3_ws/install/turtlebot3_bringup:/home/gerardo/turtlebot3_ws/install/turtlebot3_navigation2:/home/gerardo/turtlebot3_ws/install/turtlebot3_cartographer:/home/gerardo/turtlebot3_ws/install/dynamixel_sdk_examples:/home/gerardo/turtlebot3_ws/install/dynamixel_sdk_custom_interfaces:/home/gerardo/turtlebot3_ws/install/turtlebot3_teleop:/home/gerardo/turtlebot3_ws/install/turtlebot3_example:/home/gerardo/turtlebot3_group6/install/turtlebot3_explore:/home/gerardo/turtlebot3_group6/install/motor_controller:/opt/ros/humble LD_LIBRARY_PATH=/home/gerardo/turtlebot3_ws/install/turtlebot3_msgs/lib:/home/gerardo/turtlebot3_ws/install/dynamixel_sdk/lib:/home/gerardo/turtlebot3_ws/install/dynamixel_sdk_custom_interfaces/lib:/usr/lib/x86_64-linux-gnu/gazebo-11/plugins:/opt/ros/humble/opt/rviz_ogre_vendor/lib:/opt/ros/humble/lib/x86_64-linux-gnu:/opt/ros/humble/lib /usr/bin/cmake /home/gerardo/turtlebot3_ws/src/turtlebot3/turtlebot3_bringup -DCMAKE_INSTALL_PREFIX=/home/gerardo/turtlebot3_ws/install/turtlebot3_bringup
[0.052s] -- The C compiler identification is GNU 11.4.0
[0.088s] -- The CXX compiler identification is GNU 11.4.0
[0.095s] -- Detecting C compiler ABI info
[0.153s] -- Detecting C compiler ABI info - done
[0.158s] -- Check for working C compiler: /usr/bin/cc - skipped
[0.158s] -- Detecting C compile features
[0.158s] -- Detecting C compile features - done
[0.161s] -- Detecting CXX compiler ABI info
[0.218s] -- Detecting CXX compiler ABI info - done
[0.222s] -- Check for working CXX compiler: /usr/bin/c++ - skipped
[0.222s] -- Detecting CXX compile features
[0.222s] -- Detecting CXX compile features - done
[0.225s] -- Found ament_cmake: 1.3.10 (/opt/ros/humble/share/ament_cmake/cmake)
[0.540s] -- Found Python3: /usr/bin/python3 (found version "3.10.12") found components: Interpreter 
[0.639s] -- Configuring done
[0.640s] -- Generating done
[0.640s] -- Build files have been written to: /home/gerardo/turtlebot3_ws/build/turtlebot3_bringup
[0.644s] Invoked command in '/home/gerardo/turtlebot3_ws/build/turtlebot3_bringup' returned '0': CMAKE_PREFIX_PATH=/home/gerardo/turtlebot3_ws/install/turtlebot3_node:/home/gerardo/turtlebot3_ws/install/turtlebot3_msgs:/home/gerardo/turtlebot3_ws/install/turtlebot3_description:/home/gerardo/turtlebot3_ws/install/dynamixel_sdk:/home/gerardo/turtlebot3_ws/install/turtlebot3:/home/gerardo/turtlebot3_ws/install/turtlebot3_bringup:/home/gerardo/turtlebot3_ws/install/turtlebot3_navigation2:/home/gerardo/turtlebot3_ws/install/turtlebot3_cartographer:/home/gerardo/turtlebot3_ws/install/dynamixel_sdk_examples:/home/gerardo/turtlebot3_ws/install/dynamixel_sdk_custom_interfaces:/home/gerardo/turtlebot3_ws/install/turtlebot3_teleop:/home/gerardo/turtlebot3_ws/install/turtlebot3_example:/home/gerardo/turtlebot3_group6/install/turtlebot3_explore:/home/gerardo/turtlebot3_group6/install/motor_controller:/opt/ros/humble LD_LIBRARY_PATH=/home/gerardo/turtlebot3_ws/install/turtlebot3_msgs/lib:/home/gerardo/turtlebot3_ws/install/dynamixel_sdk/lib:/home/gerardo/turtlebot3_ws/install/dynamixel_sdk_custom_interfaces/lib:/usr/lib/x86_64-linux-gnu/gazebo-11/plugins:/opt/ros/humble/opt/rviz_ogre_vendor/lib:/opt/ros/humble/lib/x86_64-linux-gnu:/opt/ros/humble/lib /usr/bin/cmake /home/gerardo/turtlebot3_ws/src/turtlebot3/turtlebot3_bringup -DCMAKE_INSTALL_PREFIX=/home/gerardo/turtlebot3_ws/install/turtlebot3_bringup
[0.644s] Invoking command in '/home/gerardo/turtlebot3_ws/build/turtlebot3_bringup': CMAKE_PREFIX_PATH=/home/gerardo/turtlebot3_ws/install/turtlebot3_node:/home/gerardo/turtlebot3_ws/install/turtlebot3_msgs:/home/gerardo/turtlebot3_ws/install/turtlebot3_description:/home/gerardo/turtlebot3_ws/install/dynamixel_sdk:/home/gerardo/turtlebot3_ws/install/turtlebot3:/home/gerardo/turtlebot3_ws/install/turtlebot3_bringup:/home/gerardo/turtlebot3_ws/install/turtlebot3_navigation2:/home/gerardo/turtlebot3_ws/install/turtlebot3_cartographer:/home/gerardo/turtlebot3_ws/install/dynamixel_sdk_examples:/home/gerardo/turtlebot3_ws/install/dynamixel_sdk_custom_interfaces:/home/gerardo/turtlebot3_ws/install/turtlebot3_teleop:/home/gerardo/turtlebot3_ws/install/turtlebot3_example:/home/gerardo/turtlebot3_group6/install/turtlebot3_explore:/home/gerardo/turtlebot3_group6/install/motor_controller:/opt/ros/humble LD_LIBRARY_PATH=/home/gerardo/turtlebot3_ws/install/turtlebot3_msgs/lib:/home/gerardo/turtlebot3_ws/install/dynamixel_sdk/lib:/home/gerardo/turtlebot3_ws/install/dynamixel_sdk_custom_interfaces/lib:/usr/lib/x86_64-linux-gnu/gazebo-11/plugins:/opt/ros/humble/opt/rviz_ogre_vendor/lib:/opt/ros/humble/lib/x86_64-linux-gnu:/opt/ros/humble/lib /usr/bin/cmake --build /home/gerardo/turtlebot3_ws/build/turtlebot3_bringup -- -j16 -l16
[0.669s] Invoked command in '/home/gerardo/turtlebot3_ws/build/turtlebot3_bringup' returned '0': CMAKE_PREFIX_PATH=/home/gerardo/turtlebot3_ws/install/turtlebot3_node:/home/gerardo/turtlebot3_ws/install/turtlebot3_msgs:/home/gerardo/turtlebot3_ws/install/turtlebot3_description:/home/gerardo/turtlebot3_ws/install/dynamixel_sdk:/home/gerardo/turtlebot3_ws/install/turtlebot3:/home/gerardo/turtlebot3_ws/install/turtlebot3_bringup:/home/gerardo/turtlebot3_ws/install/turtlebot3_navigation2:/home/gerardo/turtlebot3_ws/install/turtlebot3_cartographer:/home/gerardo/turtlebot3_ws/install/dynamixel_sdk_examples:/home/gerardo/turtlebot3_ws/install/dynamixel_sdk_custom_interfaces:/home/gerardo/turtlebot3_ws/install/turtlebot3_teleop:/home/gerardo/turtlebot3_ws/install/turtlebot3_example:/home/gerardo/turtlebot3_group6/install/turtlebot3_explore:/home/gerardo/turtlebot3_group6/install/motor_controller:/opt/ros/humble LD_LIBRARY_PATH=/home/gerardo/turtlebot3_ws/install/turtlebot3_msgs/lib:/home/gerardo/turtlebot3_ws/install/dynamixel_sdk/lib:/home/gerardo/turtlebot3_ws/install/dynamixel_sdk_custom_interfaces/lib:/usr/lib/x86_64-linux-gnu/gazebo-11/plugins:/opt/ros/humble/opt/rviz_ogre_vendor/lib:/opt/ros/humble/lib/x86_64-linux-gnu:/opt/ros/humble/lib /usr/bin/cmake --build /home/gerardo/turtlebot3_ws/build/turtlebot3_bringup -- -j16 -l16
[0.685s] Invoking command in '/home/gerardo/turtlebot3_ws/build/turtlebot3_bringup': CMAKE_PREFIX_PATH=/home/gerardo/turtlebot3_ws/install/turtlebot3_node:/home/gerardo/turtlebot3_ws/install/turtlebot3_msgs:/home/gerardo/turtlebot3_ws/install/turtlebot3_description:/home/gerardo/turtlebot3_ws/install/dynamixel_sdk:/home/gerardo/turtlebot3_ws/install/turtlebot3:/home/gerardo/turtlebot3_ws/install/turtlebot3_bringup:/home/gerardo/turtlebot3_ws/install/turtlebot3_navigation2:/home/gerardo/turtlebot3_ws/install/turtlebot3_cartographer:/home/gerardo/turtlebot3_ws/install/dynamixel_sdk_examples:/home/gerardo/turtlebot3_ws/install/dynamixel_sdk_custom_interfaces:/home/gerardo/turtlebot3_ws/install/turtlebot3_teleop:/home/gerardo/turtlebot3_ws/install/turtlebot3_example:/home/gerardo/turtlebot3_group6/install/turtlebot3_explore:/home/gerardo/turtlebot3_group6/install/motor_controller:/opt/ros/humble LD_LIBRARY_PATH=/home/gerardo/turtlebot3_ws/install/turtlebot3_msgs/lib:/home/gerardo/turtlebot3_ws/install/dynamixel_sdk/lib:/home/gerardo/turtlebot3_ws/install/dynamixel_sdk_custom_interfaces/lib:/usr/lib/x86_64-linux-gnu/gazebo-11/plugins:/opt/ros/humble/opt/rviz_ogre_vendor/lib:/opt/ros/humble/lib/x86_64-linux-gnu:/opt/ros/humble/lib /usr/bin/cmake --install /home/gerardo/turtlebot3_ws/build/turtlebot3_bringup
[0.690s] -- Install configuration: ""
[0.690s] -- Installing: /home/gerardo/turtlebot3_ws/install/turtlebot3_bringup/share/turtlebot3_bringup/launch
[0.690s] -- Installing: /home/gerardo/turtlebot3_ws/install/turtlebot3_bringup/share/turtlebot3_bringup/launch/turtlebot3_state_publisher.launch.py
[0.690s] -- Installing: /home/gerardo/turtlebot3_ws/install/turtlebot3_bringup/share/turtlebot3_bringup/launch/rviz2.launch.py
[0.690s] -- Installing: /home/gerardo/turtlebot3_ws/install/turtlebot3_bringup/share/turtlebot3_bringup/launch/robot.launch.py
[0.690s] -- Installing: /home/gerardo/turtlebot3_ws/install/turtlebot3_bringup/share/turtlebot3_bringup/param
[0.690s] -- Installing: /home/gerardo/turtlebot3_ws/install/turtlebot3_bringup/share/turtlebot3_bringup/param/burger.yaml
[0.690s] -- Installing: /home/gerardo/turtlebot3_ws/install/turtlebot3_bringup/share/turtlebot3_bringup/param/waffle_pi.yaml
[0.690s] -- Installing: /home/gerardo/turtlebot3_ws/install/turtlebot3_bringup/share/turtlebot3_bringup/param/waffle.yaml
[0.690s] -- Installing: /home/gerardo/turtlebot3_ws/install/turtlebot3_bringup/share/turtlebot3_bringup/script
[0.690s] -- Installing: /home/gerardo/turtlebot3_ws/install/turtlebot3_bringup/share/turtlebot3_bringup/script/99-turtlebot3-cdc.rules
[0.690s] -- Installing: /home/gerardo/turtlebot3_ws/install/turtlebot3_bringup/share/turtlebot3_bringup/script/create_udev_rules
[0.690s] -- Installing: /home/gerardo/turtlebot3_ws/install/turtlebot3_bringup/share/ament_index/resource_index/package_run_dependencies/turtlebot3_bringup
[0.690s] -- Installing: /home/gerardo/turtlebot3_ws/install/turtlebot3_bringup/share/ament_index/resource_index/parent_prefix_path/turtlebot3_bringup
[0.690s] -- Installing: /home/gerardo/turtlebot3_ws/install/turtlebot3_bringup/share/turtlebot3_bringup/environment/ament_prefix_path.sh
[0.690s] -- Installing: /home/gerardo/turtlebot3_ws/install/turtlebot3_bringup/share/turtlebot3_bringup/environment/ament_prefix_path.dsv
[0.690s] -- Installing: /home/gerardo/turtlebot3_ws/install/turtlebot3_bringup/share/turtlebot3_bringup/environment/path.sh
[0.690s] -- Installing: /home/gerardo/turtlebot3_ws/install/turtlebot3_bringup/share/turtlebot3_bringup/environment/path.dsv
[0.690s] -- Installing: /home/gerardo/turtlebot3_ws/install/turtlebot3_bringup/share/turtlebot3_bringup/local_setup.bash
[0.690s] -- Installing: /home/gerardo/turtlebot3_ws/install/turtlebot3_bringup/share/turtlebot3_bringup/local_setup.sh
[0.690s] -- Installing: /home/gerardo/turtlebot3_ws/install/turtlebot3_bringup/share/turtlebot3_bringup/local_setup.zsh
[0.690s] -- Installing: /home/gerardo/turtlebot3_ws/install/turtlebot3_bringup/share/turtlebot3_bringup/local_setup.dsv
[0.691s] -- Installing: /home/gerardo/turtlebot3_ws/install/turtlebot3_bringup/share/turtlebot3_bringup/package.dsv
[0.691s] -- Installing: /home/gerardo/turtlebot3_ws/install/turtlebot3_bringup/share/ament_index/resource_index/packages/turtlebot3_bringup
[0.691s] -- Installing: /home/gerardo/turtlebot3_ws/install/turtlebot3_bringup/share/turtlebot3_bringup/cmake/turtlebot3_bringupConfig.cmake
[0.691s] -- Installing: /home/gerardo/turtlebot3_ws/install/turtlebot3_bringup/share/turtlebot3_bringup/cmake/turtlebot3_bringupConfig-version.cmake
[0.691s] -- Installing: /home/gerardo/turtlebot3_ws/install/turtlebot3_bringup/share/turtlebot3_bringup/package.xml
[0.692s] Invoked command in '/home/gerardo/turtlebot3_ws/build/turtlebot3_bringup' returned '0': CMAKE_PREFIX_PATH=/home/gerardo/turtlebot3_ws/install/turtlebot3_node:/home/gerardo/turtlebot3_ws/install/turtlebot3_msgs:/home/gerardo/turtlebot3_ws/install/turtlebot3_description:/home/gerardo/turtlebot3_ws/install/dynamixel_sdk:/home/gerardo/turtlebot3_ws/install/turtlebot3:/home/gerardo/turtlebot3_ws/install/turtlebot3_bringup:/home/gerardo/turtlebot3_ws/install/turtlebot3_navigation2:/home/gerardo/turtlebot3_ws/install/turtlebot3_cartographer:/home/gerardo/turtlebot3_ws/install/dynamixel_sdk_examples:/home/gerardo/turtlebot3_ws/install/dynamixel_sdk_custom_interfaces:/home/gerardo/turtlebot3_ws/install/turtlebot3_teleop:/home/gerardo/turtlebot3_ws/install/turtlebot3_example:/home/gerardo/turtlebot3_group6/install/turtlebot3_explore:/home/gerardo/turtlebot3_group6/install/motor_controller:/opt/ros/humble LD_LIBRARY_PATH=/home/gerardo/turtlebot3_ws/install/turtlebot3_msgs/lib:/home/gerardo/turtlebot3_ws/install/dynamixel_sdk/lib:/home/gerardo/turtlebot3_ws/install/dynamixel_sdk_custom_interfaces/lib:/usr/lib/x86_64-linux-gnu/gazebo-11/plugins:/opt/ros/humble/opt/rviz_ogre_vendor/lib:/opt/ros/humble/lib/x86_64-linux-gnu:/opt/ros/humble/lib /usr/bin/cmake --install /home/gerardo/turtlebot3_ws/build/turtlebot3_bringup
