[0.328s] Invoking command in '/home/gerardo/turtlebot3_group6v2/src/laser_scan_adjuster': PYTHONPATH=/home/gerardo/turtlebot3_group6v2/build/laser_scan_adjuster/prefix_override:/usr/lib/python3/dist-packages/colcon_core/task/python/colcon_distutils_commands:/home/gerardo/turtlebot3_group6v2/install/laser_scan_adjuster/lib/python3.10/site-packages:${PYTHONPATH} /usr/bin/python3 -W ignore:setup.py install is deprecated setup.py egg_info --egg-base ../../build/laser_scan_adjuster build --build-base /home/gerardo/turtlebot3_group6v2/build/laser_scan_adjuster/build install --record /home/gerardo/turtlebot3_group6v2/build/laser_scan_adjuster/install.log --single-version-externally-managed install_data
[0.451s] running egg_info
[0.451s] creating ../../build/laser_scan_adjuster/laser_scan_adjuster.egg-info
[0.451s] writing ../../build/laser_scan_adjuster/laser_scan_adjuster.egg-info/PKG-INFO
[0.452s] writing dependency_links to ../../build/laser_scan_adjuster/laser_scan_adjuster.egg-info/dependency_links.txt
[0.452s] writing entry points to ../../build/laser_scan_adjuster/laser_scan_adjuster.egg-info/entry_points.txt
[0.452s] writing requirements to ../../build/laser_scan_adjuster/laser_scan_adjuster.egg-info/requires.txt
[0.452s] writing top-level names to ../../build/laser_scan_adjuster/laser_scan_adjuster.egg-info/top_level.txt
[0.452s] writing manifest file '../../build/laser_scan_adjuster/laser_scan_adjuster.egg-info/SOURCES.txt'
[0.453s] reading manifest file '../../build/laser_scan_adjuster/laser_scan_adjuster.egg-info/SOURCES.txt'
[0.453s] writing manifest file '../../build/laser_scan_adjuster/laser_scan_adjuster.egg-info/SOURCES.txt'
[0.453s] running build
[0.453s] running build_py
[0.453s] creating /home/gerardo/turtlebot3_group6v2/build/laser_scan_adjuster/build
[0.453s] creating /home/gerardo/turtlebot3_group6v2/build/laser_scan_adjuster/build/lib
[0.454s] creating /home/gerardo/turtlebot3_group6v2/build/laser_scan_adjuster/build/lib/laser_scan_adjuster
[0.454s] copying laser_scan_adjuster/__init__.py -> /home/gerardo/turtlebot3_group6v2/build/laser_scan_adjuster/build/lib/laser_scan_adjuster
[0.454s] copying laser_scan_adjuster/adjust_scan.py -> /home/gerardo/turtlebot3_group6v2/build/laser_scan_adjuster/build/lib/laser_scan_adjuster
[0.454s] running install
[0.455s] running install_lib
[0.456s] creating /home/gerardo/turtlebot3_group6v2/install/laser_scan_adjuster/lib/python3.10/site-packages/laser_scan_adjuster
[0.456s] copying /home/gerardo/turtlebot3_group6v2/build/laser_scan_adjuster/build/lib/laser_scan_adjuster/__init__.py -> /home/gerardo/turtlebot3_group6v2/install/laser_scan_adjuster/lib/python3.10/site-packages/laser_scan_adjuster
[0.456s] copying /home/gerardo/turtlebot3_group6v2/build/laser_scan_adjuster/build/lib/laser_scan_adjuster/adjust_scan.py -> /home/gerardo/turtlebot3_group6v2/install/laser_scan_adjuster/lib/python3.10/site-packages/laser_scan_adjuster
[0.456s] byte-compiling /home/gerardo/turtlebot3_group6v2/install/laser_scan_adjuster/lib/python3.10/site-packages/laser_scan_adjuster/__init__.py to __init__.cpython-310.pyc
[0.456s] byte-compiling /home/gerardo/turtlebot3_group6v2/install/laser_scan_adjuster/lib/python3.10/site-packages/laser_scan_adjuster/adjust_scan.py to adjust_scan.cpython-310.pyc
[0.456s] running install_data
[0.457s] creating /home/gerardo/turtlebot3_group6v2/install/laser_scan_adjuster/share/ament_index
[0.457s] creating /home/gerardo/turtlebot3_group6v2/install/laser_scan_adjuster/share/ament_index/resource_index
[0.457s] creating /home/gerardo/turtlebot3_group6v2/install/laser_scan_adjuster/share/ament_index/resource_index/packages
[0.457s] copying resource/laser_scan_adjuster -> /home/gerardo/turtlebot3_group6v2/install/laser_scan_adjuster/share/ament_index/resource_index/packages
[0.457s] copying package.xml -> /home/gerardo/turtlebot3_group6v2/install/laser_scan_adjuster/share/laser_scan_adjuster
[0.457s] running install_egg_info
[0.458s] Copying ../../build/laser_scan_adjuster/laser_scan_adjuster.egg-info to /home/gerardo/turtlebot3_group6v2/install/laser_scan_adjuster/lib/python3.10/site-packages/laser_scan_adjuster-0.0.0-py3.10.egg-info
[0.458s] running install_scripts
[0.470s] Installing adjust_scan script to /home/gerardo/turtlebot3_group6v2/install/laser_scan_adjuster/lib/laser_scan_adjuster
[0.470s] writing list of installed files to '/home/gerardo/turtlebot3_group6v2/build/laser_scan_adjuster/install.log'
[0.482s] Invoked command in '/home/gerardo/turtlebot3_group6v2/src/laser_scan_adjuster' returned '0': PYTHONPATH=/home/gerardo/turtlebot3_group6v2/build/laser_scan_adjuster/prefix_override:/usr/lib/python3/dist-packages/colcon_core/task/python/colcon_distutils_commands:/home/gerardo/turtlebot3_group6v2/install/laser_scan_adjuster/lib/python3.10/site-packages:${PYTHONPATH} /usr/bin/python3 -W ignore:setup.py install is deprecated setup.py egg_info --egg-base ../../build/laser_scan_adjuster build --build-base /home/gerardo/turtlebot3_group6v2/build/laser_scan_adjuster/build install --record /home/gerardo/turtlebot3_group6v2/build/laser_scan_adjuster/install.log --single-version-externally-managed install_data
