[0.060s] DEBUG:colcon:Command line arguments: ['/usr/bin/colcon', 'list']
[0.060s] DEBUG:colcon:Parsed command line arguments: Namespace(log_base=None, log_level=None, verb_name='list', build_base='build', ignore_user_meta=False, metas=['./colcon.meta'], base_paths=['.'], packages_ignore=None, packages_ignore_regex=None, paths=None, packages_up_to=None, packages_up_to_regex=None, packages_above=None, packages_above_and_dependencies=None, packages_above_depth=None, packages_select_by_dep=None, packages_skip_by_dep=None, packages_skip_up_to=None, packages_select_build_failed=False, packages_skip_build_finished=False, packages_select_test_failures=False, packages_skip_test_passed=False, packages_select=None, packages_skip=None, packages_select_regex=None, packages_skip_regex=None, packages_start=None, packages_end=None, allow_overriding=[], topological_order=False, names_only=False, paths_only=False, topological_graph=False, topological_graph_dot=False, topological_graph_density=False, topological_graph_legend=False, topological_graph_dot_cluster=False, topological_graph_dot_include_skipped=False, verb_parser=<colcon_defaults.argument_parser.defaults.DefaultArgumentsDecorator object at 0x7f6b28823c70>, verb_extension=<colcon_package_information.verb.list.ListVerb object at 0x7f6b28823070>, main=<bound method ListVerb.main of <colcon_package_information.verb.list.ListVerb object at 0x7f6b28823070>>)
[0.152s] Level 1:colcon.colcon_core.package_discovery:discover_packages(colcon_meta) check parameters
[0.152s] Level 1:colcon.colcon_core.package_discovery:discover_packages(recursive) check parameters
[0.152s] Level 1:colcon.colcon_core.package_discovery:discover_packages(ignore) check parameters
[0.152s] Level 1:colcon.colcon_core.package_discovery:discover_packages(path) check parameters
[0.152s] Level 1:colcon.colcon_core.package_discovery:discover_packages(colcon_meta) discover
[0.153s] Level 1:colcon.colcon_core.package_discovery:discover_packages(recursive) discover
[0.153s] INFO:colcon.colcon_core.package_discovery:Crawling recursively for packages in '/home/gerardo/turtlebot3_group6v2/src'
[0.153s] Level 1:colcon.colcon_core.package_identification:_identify(.) by extensions ['ignore', 'ignore_ament_install']
[0.153s] Level 1:colcon.colcon_core.package_identification:_identify(.) by extension 'ignore'
[0.153s] Level 1:colcon.colcon_core.package_identification:_identify(.) by extension 'ignore_ament_install'
[0.153s] Level 1:colcon.colcon_core.package_identification:_identify(.) by extensions ['colcon_pkg']
[0.153s] Level 1:colcon.colcon_core.package_identification:_identify(.) by extension 'colcon_pkg'
[0.153s] Level 1:colcon.colcon_core.package_identification:_identify(.) by extensions ['colcon_meta']
[0.153s] Level 1:colcon.colcon_core.package_identification:_identify(.) by extension 'colcon_meta'
[0.153s] Level 1:colcon.colcon_core.package_identification:_identify(.) by extensions ['ros']
[0.153s] Level 1:colcon.colcon_core.package_identification:_identify(.) by extension 'ros'
[0.159s] Level 1:colcon.colcon_core.package_identification:_identify(.) by extensions ['cmake', 'python']
[0.159s] Level 1:colcon.colcon_core.package_identification:_identify(.) by extension 'cmake'
[0.159s] Level 1:colcon.colcon_core.package_identification:_identify(.) by extension 'python'
[0.159s] Level 1:colcon.colcon_core.package_identification:_identify(.) by extensions ['python_setup_py']
[0.159s] Level 1:colcon.colcon_core.package_identification:_identify(.) by extension 'python_setup_py'
[0.159s] Level 1:colcon.colcon_core.package_identification:_identify(HAZMAT_Detection) by extensions ['ignore', 'ignore_ament_install']
[0.159s] Level 1:colcon.colcon_core.package_identification:_identify(HAZMAT_Detection) by extension 'ignore'
[0.159s] Level 1:colcon.colcon_core.package_identification:_identify(HAZMAT_Detection) by extension 'ignore_ament_install'
[0.159s] Level 1:colcon.colcon_core.package_identification:_identify(HAZMAT_Detection) by extensions ['colcon_pkg']
[0.159s] Level 1:colcon.colcon_core.package_identification:_identify(HAZMAT_Detection) by extension 'colcon_pkg'
[0.159s] Level 1:colcon.colcon_core.package_identification:_identify(HAZMAT_Detection) by extensions ['colcon_meta']
[0.159s] Level 1:colcon.colcon_core.package_identification:_identify(HAZMAT_Detection) by extension 'colcon_meta'
[0.159s] Level 1:colcon.colcon_core.package_identification:_identify(HAZMAT_Detection) by extensions ['ros']
[0.160s] Level 1:colcon.colcon_core.package_identification:_identify(HAZMAT_Detection) by extension 'ros'
[0.160s] Level 1:colcon.colcon_core.package_identification:_identify(HAZMAT_Detection) by extensions ['cmake', 'python']
[0.160s] Level 1:colcon.colcon_core.package_identification:_identify(HAZMAT_Detection) by extension 'cmake'
[0.160s] Level 1:colcon.colcon_core.package_identification:_identify(HAZMAT_Detection) by extension 'python'
[0.160s] Level 1:colcon.colcon_core.package_identification:_identify(HAZMAT_Detection) by extensions ['python_setup_py']
[0.160s] Level 1:colcon.colcon_core.package_identification:_identify(HAZMAT_Detection) by extension 'python_setup_py'
[0.160s] Level 1:colcon.colcon_core.package_identification:_identify(HAZMAT_Detection/build) by extensions ['ignore', 'ignore_ament_install']
[0.160s] Level 1:colcon.colcon_core.package_identification:_identify(HAZMAT_Detection/build) by extension 'ignore'
[0.160s] Level 1:colcon.colcon_core.package_identification:_identify(HAZMAT_Detection/build) ignored
[0.160s] Level 1:colcon.colcon_core.package_identification:_identify(HAZMAT_Detection/camara) by extensions ['ignore', 'ignore_ament_install']
[0.160s] Level 1:colcon.colcon_core.package_identification:_identify(HAZMAT_Detection/camara) by extension 'ignore'
[0.160s] Level 1:colcon.colcon_core.package_identification:_identify(HAZMAT_Detection/camara) by extension 'ignore_ament_install'
[0.160s] Level 1:colcon.colcon_core.package_identification:_identify(HAZMAT_Detection/camara) by extensions ['colcon_pkg']
[0.160s] Level 1:colcon.colcon_core.package_identification:_identify(HAZMAT_Detection/camara) by extension 'colcon_pkg'
[0.160s] Level 1:colcon.colcon_core.package_identification:_identify(HAZMAT_Detection/camara) by extensions ['colcon_meta']
[0.160s] Level 1:colcon.colcon_core.package_identification:_identify(HAZMAT_Detection/camara) by extension 'colcon_meta'
[0.160s] Level 1:colcon.colcon_core.package_identification:_identify(HAZMAT_Detection/camara) by extensions ['ros']
[0.160s] Level 1:colcon.colcon_core.package_identification:_identify(HAZMAT_Detection/camara) by extension 'ros'
[0.161s] DEBUG:colcon.colcon_core.package_identification:Package 'HAZMAT_Detection/camara' with type 'ros.ament_python' and name 'camara'
[0.161s] Level 1:colcon.colcon_core.package_identification:_identify(HAZMAT_Detection/install) by extensions ['ignore', 'ignore_ament_install']
[0.162s] Level 1:colcon.colcon_core.package_identification:_identify(HAZMAT_Detection/install) by extension 'ignore'
[0.162s] Level 1:colcon.colcon_core.package_identification:_identify(HAZMAT_Detection/install) ignored
[0.162s] Level 1:colcon.colcon_core.package_identification:_identify(HAZMAT_Detection/log) by extensions ['ignore', 'ignore_ament_install']
[0.162s] Level 1:colcon.colcon_core.package_identification:_identify(HAZMAT_Detection/log) by extension 'ignore'
[0.162s] Level 1:colcon.colcon_core.package_identification:_identify(HAZMAT_Detection/log) ignored
[0.162s] Level 1:colcon.colcon_core.package_identification:_identify(build) by extensions ['ignore', 'ignore_ament_install']
[0.162s] Level 1:colcon.colcon_core.package_identification:_identify(build) by extension 'ignore'
[0.162s] Level 1:colcon.colcon_core.package_identification:_identify(build) ignored
[0.162s] Level 1:colcon.colcon_core.package_identification:_identify(explore_cpp) by extensions ['ignore', 'ignore_ament_install']
[0.162s] Level 1:colcon.colcon_core.package_identification:_identify(explore_cpp) by extension 'ignore'
[0.162s] Level 1:colcon.colcon_core.package_identification:_identify(explore_cpp) by extension 'ignore_ament_install'
[0.162s] Level 1:colcon.colcon_core.package_identification:_identify(explore_cpp) by extensions ['colcon_pkg']
[0.162s] Level 1:colcon.colcon_core.package_identification:_identify(explore_cpp) by extension 'colcon_pkg'
[0.162s] Level 1:colcon.colcon_core.package_identification:_identify(explore_cpp) by extensions ['colcon_meta']
[0.162s] Level 1:colcon.colcon_core.package_identification:_identify(explore_cpp) by extension 'colcon_meta'
[0.162s] Level 1:colcon.colcon_core.package_identification:_identify(explore_cpp) by extensions ['ros']
[0.162s] Level 1:colcon.colcon_core.package_identification:_identify(explore_cpp) by extension 'ros'
[0.163s] DEBUG:colcon.colcon_core.package_identification:Package 'explore_cpp' with type 'ros.ament_cmake' and name 'explore_cpp'
[0.163s] Level 1:colcon.colcon_core.package_identification:_identify(hazmat_marker) by extensions ['ignore', 'ignore_ament_install']
[0.163s] Level 1:colcon.colcon_core.package_identification:_identify(hazmat_marker) by extension 'ignore'
[0.163s] Level 1:colcon.colcon_core.package_identification:_identify(hazmat_marker) by extension 'ignore_ament_install'
[0.163s] Level 1:colcon.colcon_core.package_identification:_identify(hazmat_marker) by extensions ['colcon_pkg']
[0.163s] Level 1:colcon.colcon_core.package_identification:_identify(hazmat_marker) by extension 'colcon_pkg'
[0.163s] Level 1:colcon.colcon_core.package_identification:_identify(hazmat_marker) by extensions ['colcon_meta']
[0.163s] Level 1:colcon.colcon_core.package_identification:_identify(hazmat_marker) by extension 'colcon_meta'
[0.163s] Level 1:colcon.colcon_core.package_identification:_identify(hazmat_marker) by extensions ['ros']
[0.163s] Level 1:colcon.colcon_core.package_identification:_identify(hazmat_marker) by extension 'ros'
[0.163s] DEBUG:colcon.colcon_core.package_identification:Package 'hazmat_marker' with type 'ros.ament_python' and name 'hazmat_marker'
[0.163s] Level 1:colcon.colcon_core.package_identification:_identify(install) by extensions ['ignore', 'ignore_ament_install']
[0.163s] Level 1:colcon.colcon_core.package_identification:_identify(install) by extension 'ignore'
[0.164s] Level 1:colcon.colcon_core.package_identification:_identify(install) ignored
[0.164s] Level 1:colcon.colcon_core.package_identification:_identify(joint_state_publisher_custom) by extensions ['ignore', 'ignore_ament_install']
[0.164s] Level 1:colcon.colcon_core.package_identification:_identify(joint_state_publisher_custom) by extension 'ignore'
[0.164s] Level 1:colcon.colcon_core.package_identification:_identify(joint_state_publisher_custom) by extension 'ignore_ament_install'
[0.164s] Level 1:colcon.colcon_core.package_identification:_identify(joint_state_publisher_custom) by extensions ['colcon_pkg']
[0.164s] Level 1:colcon.colcon_core.package_identification:_identify(joint_state_publisher_custom) by extension 'colcon_pkg'
[0.164s] Level 1:colcon.colcon_core.package_identification:_identify(joint_state_publisher_custom) by extensions ['colcon_meta']
[0.164s] Level 1:colcon.colcon_core.package_identification:_identify(joint_state_publisher_custom) by extension 'colcon_meta'
[0.164s] Level 1:colcon.colcon_core.package_identification:_identify(joint_state_publisher_custom) by extensions ['ros']
[0.164s] Level 1:colcon.colcon_core.package_identification:_identify(joint_state_publisher_custom) by extension 'ros'
[0.164s] DEBUG:colcon.colcon_core.package_identification:Package 'joint_state_publisher_custom' with type 'ros.ament_python' and name 'joint_state_publisher_custom'
[0.164s] Level 1:colcon.colcon_core.package_identification:_identify(laser_scan_adjuster) by extensions ['ignore', 'ignore_ament_install']
[0.164s] Level 1:colcon.colcon_core.package_identification:_identify(laser_scan_adjuster) by extension 'ignore'
[0.164s] Level 1:colcon.colcon_core.package_identification:_identify(laser_scan_adjuster) by extension 'ignore_ament_install'
[0.164s] Level 1:colcon.colcon_core.package_identification:_identify(laser_scan_adjuster) by extensions ['colcon_pkg']
[0.164s] Level 1:colcon.colcon_core.package_identification:_identify(laser_scan_adjuster) by extension 'colcon_pkg'
[0.164s] Level 1:colcon.colcon_core.package_identification:_identify(laser_scan_adjuster) by extensions ['colcon_meta']
[0.164s] Level 1:colcon.colcon_core.package_identification:_identify(laser_scan_adjuster) by extension 'colcon_meta'
[0.164s] Level 1:colcon.colcon_core.package_identification:_identify(laser_scan_adjuster) by extensions ['ros']
[0.164s] Level 1:colcon.colcon_core.package_identification:_identify(laser_scan_adjuster) by extension 'ros'
[0.165s] DEBUG:colcon.colcon_core.package_identification:Package 'laser_scan_adjuster' with type 'ros.ament_python' and name 'laser_scan_adjuster'
[0.165s] Level 1:colcon.colcon_core.package_identification:_identify(log) by extensions ['ignore', 'ignore_ament_install']
[0.165s] Level 1:colcon.colcon_core.package_identification:_identify(log) by extension 'ignore'
[0.165s] Level 1:colcon.colcon_core.package_identification:_identify(log) ignored
[0.165s] Level 1:colcon.colcon_core.package_identification:_identify(motor_position_controller) by extensions ['ignore', 'ignore_ament_install']
[0.165s] Level 1:colcon.colcon_core.package_identification:_identify(motor_position_controller) by extension 'ignore'
[0.165s] Level 1:colcon.colcon_core.package_identification:_identify(motor_position_controller) by extension 'ignore_ament_install'
[0.165s] Level 1:colcon.colcon_core.package_identification:_identify(motor_position_controller) by extensions ['colcon_pkg']
[0.165s] Level 1:colcon.colcon_core.package_identification:_identify(motor_position_controller) by extension 'colcon_pkg'
[0.165s] Level 1:colcon.colcon_core.package_identification:_identify(motor_position_controller) by extensions ['colcon_meta']
[0.165s] Level 1:colcon.colcon_core.package_identification:_identify(motor_position_controller) by extension 'colcon_meta'
[0.165s] Level 1:colcon.colcon_core.package_identification:_identify(motor_position_controller) by extensions ['ros']
[0.165s] Level 1:colcon.colcon_core.package_identification:_identify(motor_position_controller) by extension 'ros'
[0.165s] DEBUG:colcon.colcon_core.package_identification:Package 'motor_position_controller' with type 'ros.ament_python' and name 'motor_position_controller'
[0.165s] Level 1:colcon.colcon_core.package_identification:_identify(turtlebot3_explore) by extensions ['ignore', 'ignore_ament_install']
[0.165s] Level 1:colcon.colcon_core.package_identification:_identify(turtlebot3_explore) by extension 'ignore'
[0.165s] Level 1:colcon.colcon_core.package_identification:_identify(turtlebot3_explore) by extension 'ignore_ament_install'
[0.165s] Level 1:colcon.colcon_core.package_identification:_identify(turtlebot3_explore) by extensions ['colcon_pkg']
[0.165s] Level 1:colcon.colcon_core.package_identification:_identify(turtlebot3_explore) by extension 'colcon_pkg'
[0.165s] Level 1:colcon.colcon_core.package_identification:_identify(turtlebot3_explore) by extensions ['colcon_meta']
[0.165s] Level 1:colcon.colcon_core.package_identification:_identify(turtlebot3_explore) by extension 'colcon_meta'
[0.165s] Level 1:colcon.colcon_core.package_identification:_identify(turtlebot3_explore) by extensions ['ros']
[0.165s] Level 1:colcon.colcon_core.package_identification:_identify(turtlebot3_explore) by extension 'ros'
[0.166s] DEBUG:colcon.colcon_core.package_identification:Package 'turtlebot3_explore' with type 'ros.ament_python' and name 'turtlebot3_explore'
[0.166s] Level 1:colcon.colcon_core.package_identification:_identify(turtlebot3_poi_navigation) by extensions ['ignore', 'ignore_ament_install']
[0.166s] Level 1:colcon.colcon_core.package_identification:_identify(turtlebot3_poi_navigation) by extension 'ignore'
[0.166s] Level 1:colcon.colcon_core.package_identification:_identify(turtlebot3_poi_navigation) by extension 'ignore_ament_install'
[0.166s] Level 1:colcon.colcon_core.package_identification:_identify(turtlebot3_poi_navigation) by extensions ['colcon_pkg']
[0.166s] Level 1:colcon.colcon_core.package_identification:_identify(turtlebot3_poi_navigation) by extension 'colcon_pkg'
[0.166s] Level 1:colcon.colcon_core.package_identification:_identify(turtlebot3_poi_navigation) by extensions ['colcon_meta']
[0.166s] Level 1:colcon.colcon_core.package_identification:_identify(turtlebot3_poi_navigation) by extension 'colcon_meta'
[0.166s] Level 1:colcon.colcon_core.package_identification:_identify(turtlebot3_poi_navigation) by extensions ['ros']
[0.166s] Level 1:colcon.colcon_core.package_identification:_identify(turtlebot3_poi_navigation) by extension 'ros'
[0.167s] DEBUG:colcon.colcon_core.package_identification:Package 'turtlebot3_poi_navigation' with type 'ros.ament_python' and name 'turtlebot3_poi_navigation'
[0.167s] Level 1:colcon.colcon_core.package_discovery:discover_packages(recursive) using defaults
[0.167s] Level 1:colcon.colcon_core.package_discovery:discover_packages(ignore) discover
[0.167s] Level 1:colcon.colcon_core.package_discovery:discover_packages(ignore) using defaults
[0.167s] Level 1:colcon.colcon_core.package_discovery:discover_packages(path) discover
[0.167s] Level 1:colcon.colcon_core.package_discovery:discover_packages(path) using defaults
