[0.990s] Invoking command in '/home/gerardo/turtlebot3_group6v2/src/motor_position_controller': PYTHONPATH=/home/gerardo/turtlebot3_group6v2/build/motor_position_controller/prefix_override:/usr/lib/python3/dist-packages/colcon_core/task/python/colcon_distutils_commands:/home/gerardo/turtlebot3_group6v2/install/motor_position_controller/lib/python3.10/site-packages:${PYTHONPATH} /usr/bin/python3 -W ignore:setup.py install is deprecated setup.py egg_info --egg-base ../../build/motor_position_controller build --build-base /home/gerardo/turtlebot3_group6v2/build/motor_position_controller/build install --record /home/gerardo/turtlebot3_group6v2/build/motor_position_controller/install.log --single-version-externally-managed install_data
[1.132s] running egg_info
[1.132s] creating ../../build/motor_position_controller/motor_position_controller.egg-info
[1.132s] writing ../../build/motor_position_controller/motor_position_controller.egg-info/PKG-INFO
[1.132s] writing dependency_links to ../../build/motor_position_controller/motor_position_controller.egg-info/dependency_links.txt
[1.132s] writing entry points to ../../build/motor_position_controller/motor_position_controller.egg-info/entry_points.txt
[1.132s] writing requirements to ../../build/motor_position_controller/motor_position_controller.egg-info/requires.txt
[1.132s] writing top-level names to ../../build/motor_position_controller/motor_position_controller.egg-info/top_level.txt
[1.132s] writing manifest file '../../build/motor_position_controller/motor_position_controller.egg-info/SOURCES.txt'
[1.133s] reading manifest file '../../build/motor_position_controller/motor_position_controller.egg-info/SOURCES.txt'
[1.133s] writing manifest file '../../build/motor_position_controller/motor_position_controller.egg-info/SOURCES.txt'
[1.133s] running build
[1.133s] running build_py
[1.134s] creating /home/gerardo/turtlebot3_group6v2/build/motor_position_controller/build
[1.134s] creating /home/gerardo/turtlebot3_group6v2/build/motor_position_controller/build/lib
[1.134s] creating /home/gerardo/turtlebot3_group6v2/build/motor_position_controller/build/lib/motor_position_controller
[1.134s] copying motor_position_controller/__init__.py -> /home/gerardo/turtlebot3_group6v2/build/motor_position_controller/build/lib/motor_position_controller
[1.134s] running install
[1.135s] running install_lib
[1.136s] creating /home/gerardo/turtlebot3_group6v2/install/motor_position_controller/lib/python3.10/site-packages/motor_position_controller
[1.136s] copying /home/gerardo/turtlebot3_group6v2/build/motor_position_controller/build/lib/motor_position_controller/__init__.py -> /home/gerardo/turtlebot3_group6v2/install/motor_position_controller/lib/python3.10/site-packages/motor_position_controller
[1.137s] byte-compiling /home/gerardo/turtlebot3_group6v2/install/motor_position_controller/lib/python3.10/site-packages/motor_position_controller/__init__.py to __init__.cpython-310.pyc
[1.137s] running install_data
[1.137s] creating /home/gerardo/turtlebot3_group6v2/install/motor_position_controller/share/ament_index
[1.137s] creating /home/gerardo/turtlebot3_group6v2/install/motor_position_controller/share/ament_index/resource_index
[1.137s] creating /home/gerardo/turtlebot3_group6v2/install/motor_position_controller/share/ament_index/resource_index/packages
[1.137s] copying resource/motor_position_controller -> /home/gerardo/turtlebot3_group6v2/install/motor_position_controller/share/ament_index/resource_index/packages
[1.137s] copying package.xml -> /home/gerardo/turtlebot3_group6v2/install/motor_position_controller/share/motor_position_controller
[1.137s] running install_egg_info
[1.138s] Copying ../../build/motor_position_controller/motor_position_controller.egg-info to /home/gerardo/turtlebot3_group6v2/install/motor_position_controller/lib/python3.10/site-packages/motor_position_controller-0.0.0-py3.10.egg-info
[1.139s] running install_scripts
[1.152s] Installing motor_position_controller script to /home/gerardo/turtlebot3_group6v2/install/motor_position_controller/lib/motor_position_controller
[1.152s] writing list of installed files to '/home/gerardo/turtlebot3_group6v2/build/motor_position_controller/install.log'
[1.182s] Invoked command in '/home/gerardo/turtlebot3_group6v2/src/motor_position_controller' returned '0': PYTHONPATH=/home/gerardo/turtlebot3_group6v2/build/motor_position_controller/prefix_override:/usr/lib/python3/dist-packages/colcon_core/task/python/colcon_distutils_commands:/home/gerardo/turtlebot3_group6v2/install/motor_position_controller/lib/python3.10/site-packages:${PYTHONPATH} /usr/bin/python3 -W ignore:setup.py install is deprecated setup.py egg_info --egg-base ../../build/motor_position_controller build --build-base /home/gerardo/turtlebot3_group6v2/build/motor_position_controller/build install --record /home/gerardo/turtlebot3_group6v2/build/motor_position_controller/install.log --single-version-externally-managed install_data
