[0.022s] Invoking command in '/home/gerardo/turtlebot3_ws/build/turtlebot3_description': CMAKE_PREFIX_PATH=${CMAKE_PREFIX_PATH}:/home/gerardo/turtlebot3_ws/install/turtlebot3_teleop:/home/gerardo/turtlebot3_ws/install/turtlebot3_example:/home/gerardo/turtlebot3_group6/install/turtlebot3_explore:/home/gerardo/turtlebot3_group6/install/motor_controller:/opt/ros/humble /usr/bin/cmake /home/gerardo/turtlebot3_ws/src/turtlebot3/turtlebot3_description -DCMAKE_INSTALL_PREFIX=/home/gerardo/turtlebot3_ws/install/turtlebot3_description
[0.344s] -- The C compiler identification is GNU 11.4.0
[0.344s] -- The CXX compiler identification is GNU 11.4.0
[0.344s] -- Detecting C compiler ABI info
[0.345s] -- Detecting C compiler ABI info - done
[0.345s] -- Check for working C compiler: /usr/bin/cc - skipped
[0.345s] -- Detecting C compile features
[0.345s] -- Detecting C compile features - done
[0.345s] -- Detecting CXX compiler ABI info
[0.345s] -- Detecting CXX compiler ABI info - done
[0.345s] -- Check for working CXX compiler: /usr/bin/c++ - skipped
[0.345s] -- Detecting CXX compile features
[0.345s] -- Detecting CXX compile features - done
[0.345s] -- Found ament_cmake: 1.3.10 (/opt/ros/humble/share/ament_cmake/cmake)
[0.676s] -- Found Python3: /usr/bin/python3 (found version "3.10.12") found components: Interpreter 
[0.741s] -- Found urdf: 2.6.1 (/opt/ros/humble/share/urdf/cmake)
[0.833s] -- Configuring done
[0.833s] -- Generating done
[0.839s] -- Build files have been written to: /home/gerardo/turtlebot3_ws/build/turtlebot3_description
[0.848s] Invoked command in '/home/gerardo/turtlebot3_ws/build/turtlebot3_description' returned '0': CMAKE_PREFIX_PATH=${CMAKE_PREFIX_PATH}:/home/gerardo/turtlebot3_ws/install/turtlebot3_teleop:/home/gerardo/turtlebot3_ws/install/turtlebot3_example:/home/gerardo/turtlebot3_group6/install/turtlebot3_explore:/home/gerardo/turtlebot3_group6/install/motor_controller:/opt/ros/humble /usr/bin/cmake /home/gerardo/turtlebot3_ws/src/turtlebot3/turtlebot3_description -DCMAKE_INSTALL_PREFIX=/home/gerardo/turtlebot3_ws/install/turtlebot3_description
[0.856s] Invoking command in '/home/gerardo/turtlebot3_ws/build/turtlebot3_description': CMAKE_PREFIX_PATH=${CMAKE_PREFIX_PATH}:/home/gerardo/turtlebot3_ws/install/turtlebot3_teleop:/home/gerardo/turtlebot3_ws/install/turtlebot3_example:/home/gerardo/turtlebot3_group6/install/turtlebot3_explore:/home/gerardo/turtlebot3_group6/install/motor_controller:/opt/ros/humble /usr/bin/cmake --build /home/gerardo/turtlebot3_ws/build/turtlebot3_description -- -j16 -l16
[0.894s] Invoked command in '/home/gerardo/turtlebot3_ws/build/turtlebot3_description' returned '0': CMAKE_PREFIX_PATH=${CMAKE_PREFIX_PATH}:/home/gerardo/turtlebot3_ws/install/turtlebot3_teleop:/home/gerardo/turtlebot3_ws/install/turtlebot3_example:/home/gerardo/turtlebot3_group6/install/turtlebot3_explore:/home/gerardo/turtlebot3_group6/install/motor_controller:/opt/ros/humble /usr/bin/cmake --build /home/gerardo/turtlebot3_ws/build/turtlebot3_description -- -j16 -l16
[0.916s] Invoking command in '/home/gerardo/turtlebot3_ws/build/turtlebot3_description': CMAKE_PREFIX_PATH=${CMAKE_PREFIX_PATH}:/home/gerardo/turtlebot3_ws/install/turtlebot3_teleop:/home/gerardo/turtlebot3_ws/install/turtlebot3_example:/home/gerardo/turtlebot3_group6/install/turtlebot3_explore:/home/gerardo/turtlebot3_group6/install/motor_controller:/opt/ros/humble /usr/bin/cmake --install /home/gerardo/turtlebot3_ws/build/turtlebot3_description
[0.924s] -- Install configuration: ""
[0.924s] -- Installing: /home/gerardo/turtlebot3_ws/install/turtlebot3_description/share/turtlebot3_description/meshes
[0.924s] -- Installing: /home/gerardo/turtlebot3_ws/install/turtlebot3_description/share/turtlebot3_description/meshes/sensors
[0.924s] -- Installing: /home/gerardo/turtlebot3_ws/install/turtlebot3_description/share/turtlebot3_description/meshes/sensors/r200.jpg
[0.924s] -- Installing: /home/gerardo/turtlebot3_ws/install/turtlebot3_description/share/turtlebot3_description/meshes/sensors/astra.jpg
[0.924s] -- Installing: /home/gerardo/turtlebot3_ws/install/turtlebot3_description/share/turtlebot3_description/meshes/sensors/lds.stl
[0.925s] -- Installing: /home/gerardo/turtlebot3_ws/install/turtlebot3_description/share/turtlebot3_description/meshes/sensors/r200.dae
[0.925s] -- Installing: /home/gerardo/turtlebot3_ws/install/turtlebot3_description/share/turtlebot3_description/meshes/sensors/astra.dae
[0.932s] -- Installing: /home/gerardo/turtlebot3_ws/install/turtlebot3_description/share/turtlebot3_description/meshes/wheels
[0.932s] -- Installing: /home/gerardo/turtlebot3_ws/install/turtlebot3_description/share/turtlebot3_description/meshes/wheels/left_tire.stl
[0.933s] -- Installing: /home/gerardo/turtlebot3_ws/install/turtlebot3_description/share/turtlebot3_description/meshes/wheels/right_tire.stl
[0.934s] -- Installing: /home/gerardo/turtlebot3_ws/install/turtlebot3_description/share/turtlebot3_description/meshes/bases
[0.934s] -- Installing: /home/gerardo/turtlebot3_ws/install/turtlebot3_description/share/turtlebot3_description/meshes/bases/burger_base.stl
[0.938s] -- Installing: /home/gerardo/turtlebot3_ws/install/turtlebot3_description/share/turtlebot3_description/meshes/bases/waffle_pi_base.stl
[0.944s] -- Installing: /home/gerardo/turtlebot3_ws/install/turtlebot3_description/share/turtlebot3_description/meshes/bases/waffle_base.stl
[0.956s] -- Installing: /home/gerardo/turtlebot3_ws/install/turtlebot3_description/share/turtlebot3_description/rviz
[0.956s] -- Installing: /home/gerardo/turtlebot3_ws/install/turtlebot3_description/share/turtlebot3_description/rviz/model.rviz
[0.956s] -- Installing: /home/gerardo/turtlebot3_ws/install/turtlebot3_description/share/turtlebot3_description/urdf
[0.956s] -- Installing: /home/gerardo/turtlebot3_ws/install/turtlebot3_description/share/turtlebot3_description/urdf/turtlebot3_waffle_pi.urdf
[0.956s] -- Installing: /home/gerardo/turtlebot3_ws/install/turtlebot3_description/share/turtlebot3_description/urdf/turtlebot3_burger.urdf
[0.956s] -- Installing: /home/gerardo/turtlebot3_ws/install/turtlebot3_description/share/turtlebot3_description/urdf/turtlebot3_waffle.urdf
[0.956s] -- Installing: /home/gerardo/turtlebot3_ws/install/turtlebot3_description/share/turtlebot3_description/urdf/common_properties.urdf
[0.956s] -- Installing: /home/gerardo/turtlebot3_ws/install/turtlebot3_description/share/ament_index/resource_index/package_run_dependencies/turtlebot3_description
[0.956s] -- Installing: /home/gerardo/turtlebot3_ws/install/turtlebot3_description/share/ament_index/resource_index/parent_prefix_path/turtlebot3_description
[0.956s] -- Installing: /home/gerardo/turtlebot3_ws/install/turtlebot3_description/share/turtlebot3_description/environment/ament_prefix_path.sh
[0.956s] -- Installing: /home/gerardo/turtlebot3_ws/install/turtlebot3_description/share/turtlebot3_description/environment/ament_prefix_path.dsv
[0.956s] -- Installing: /home/gerardo/turtlebot3_ws/install/turtlebot3_description/share/turtlebot3_description/environment/path.sh
[0.957s] -- Installing: /home/gerardo/turtlebot3_ws/install/turtlebot3_description/share/turtlebot3_description/environment/path.dsv
[0.957s] -- Installing: /home/gerardo/turtlebot3_ws/install/turtlebot3_description/share/turtlebot3_description/local_setup.bash
[0.957s] -- Installing: /home/gerardo/turtlebot3_ws/install/turtlebot3_description/share/turtlebot3_description/local_setup.sh
[0.957s] -- Installing: /home/gerardo/turtlebot3_ws/install/turtlebot3_description/share/turtlebot3_description/local_setup.zsh
[0.957s] -- Installing: /home/gerardo/turtlebot3_ws/install/turtlebot3_description/share/turtlebot3_description/local_setup.dsv
[0.957s] -- Installing: /home/gerardo/turtlebot3_ws/install/turtlebot3_description/share/turtlebot3_description/package.dsv
[0.957s] -- Installing: /home/gerardo/turtlebot3_ws/install/turtlebot3_description/share/ament_index/resource_index/packages/turtlebot3_description
[0.957s] -- Installing: /home/gerardo/turtlebot3_ws/install/turtlebot3_description/share/turtlebot3_description/cmake/turtlebot3_descriptionConfig.cmake
[0.957s] -- Installing: /home/gerardo/turtlebot3_ws/install/turtlebot3_description/share/turtlebot3_description/cmake/turtlebot3_descriptionConfig-version.cmake
[0.957s] -- Installing: /home/gerardo/turtlebot3_ws/install/turtlebot3_description/share/turtlebot3_description/package.xml
[0.959s] Invoked command in '/home/gerardo/turtlebot3_ws/build/turtlebot3_description' returned '0': CMAKE_PREFIX_PATH=${CMAKE_PREFIX_PATH}:/home/gerardo/turtlebot3_ws/install/turtlebot3_teleop:/home/gerardo/turtlebot3_ws/install/turtlebot3_example:/home/gerardo/turtlebot3_group6/install/turtlebot3_explore:/home/gerardo/turtlebot3_group6/install/motor_controller:/opt/ros/humble /usr/bin/cmake --install /home/gerardo/turtlebot3_ws/build/turtlebot3_description
