[0.763s] Invoking command in '/home/gerardo/turtlebot3_group6v2/src/turtlebot3_explore': PYTHONPATH=/home/gerardo/turtlebot3_group6v2/build/turtlebot3_explore/prefix_override:/usr/lib/python3/dist-packages/colcon_core/task/python/colcon_distutils_commands:/home/gerardo/turtlebot3_group6v2/install/turtlebot3_explore/lib/python3.10/site-packages:${PYTHONPATH} /usr/bin/python3 -W ignore:setup.py install is deprecated setup.py egg_info --egg-base ../../build/turtlebot3_explore build --build-base /home/gerardo/turtlebot3_group6v2/build/turtlebot3_explore/build install --record /home/gerardo/turtlebot3_group6v2/build/turtlebot3_explore/install.log --single-version-externally-managed install_data
[0.899s] running egg_info
[0.899s] writing ../../build/turtlebot3_explore/turtlebot3_explore.egg-info/PKG-INFO
[0.899s] writing dependency_links to ../../build/turtlebot3_explore/turtlebot3_explore.egg-info/dependency_links.txt
[0.900s] writing entry points to ../../build/turtlebot3_explore/turtlebot3_explore.egg-info/entry_points.txt
[0.900s] writing requirements to ../../build/turtlebot3_explore/turtlebot3_explore.egg-info/requires.txt
[0.900s] writing top-level names to ../../build/turtlebot3_explore/turtlebot3_explore.egg-info/top_level.txt
[0.900s] reading manifest file '../../build/turtlebot3_explore/turtlebot3_explore.egg-info/SOURCES.txt'
[0.901s] writing manifest file '../../build/turtlebot3_explore/turtlebot3_explore.egg-info/SOURCES.txt'
[0.901s] running build
[0.901s] running build_py
[0.901s] copying turtlebot3_explore/explore.py -> /home/gerardo/turtlebot3_group6v2/build/turtlebot3_explore/build/lib/turtlebot3_explore
[0.901s] running install
[0.902s] running install_lib
[0.903s] copying /home/gerardo/turtlebot3_group6v2/build/turtlebot3_explore/build/lib/turtlebot3_explore/explore.py -> /home/gerardo/turtlebot3_group6v2/install/turtlebot3_explore/lib/python3.10/site-packages/turtlebot3_explore
[0.904s] byte-compiling /home/gerardo/turtlebot3_group6v2/install/turtlebot3_explore/lib/python3.10/site-packages/turtlebot3_explore/explore.py to explore.cpython-310.pyc
[0.906s] running install_data
[0.906s] running install_egg_info
[0.908s] removing '/home/gerardo/turtlebot3_group6v2/install/turtlebot3_explore/lib/python3.10/site-packages/turtlebot3_explore-0.0.1-py3.10.egg-info' (and everything under it)
[0.908s] Copying ../../build/turtlebot3_explore/turtlebot3_explore.egg-info to /home/gerardo/turtlebot3_group6v2/install/turtlebot3_explore/lib/python3.10/site-packages/turtlebot3_explore-0.0.1-py3.10.egg-info
[0.908s] running install_scripts
[0.921s] Installing explore script to /home/gerardo/turtlebot3_group6v2/install/turtlebot3_explore/lib/turtlebot3_explore
[0.922s] writing list of installed files to '/home/gerardo/turtlebot3_group6v2/build/turtlebot3_explore/install.log'
[0.945s] Invoked command in '/home/gerardo/turtlebot3_group6v2/src/turtlebot3_explore' returned '0': PYTHONPATH=/home/gerardo/turtlebot3_group6v2/build/turtlebot3_explore/prefix_override:/usr/lib/python3/dist-packages/colcon_core/task/python/colcon_distutils_commands:/home/gerardo/turtlebot3_group6v2/install/turtlebot3_explore/lib/python3.10/site-packages:${PYTHONPATH} /usr/bin/python3 -W ignore:setup.py install is deprecated setup.py egg_info --egg-base ../../build/turtlebot3_explore build --build-base /home/gerardo/turtlebot3_group6v2/build/turtlebot3_explore/build install --record /home/gerardo/turtlebot3_group6v2/build/turtlebot3_explore/install.log --single-version-externally-managed install_data
