[2.251s] Invoking command in '/home/gerardo/turtlebot3_group6v2/src/hazmat_marker': PYTHONPATH=/home/gerardo/turtlebot3_group6v2/build/hazmat_marker/prefix_override:/usr/lib/python3/dist-packages/colcon_core/task/python/colcon_distutils_commands:/home/gerardo/turtlebot3_group6v2/install/hazmat_marker/lib/python3.10/site-packages:${PYTHONPATH} /usr/bin/python3 -W ignore:setup.py install is deprecated setup.py egg_info --egg-base ../../build/hazmat_marker build --build-base /home/gerardo/turtlebot3_group6v2/build/hazmat_marker/build install --record /home/gerardo/turtlebot3_group6v2/build/hazmat_marker/install.log --single-version-externally-managed install_data
[2.521s] running egg_info
[2.522s] writing ../../build/hazmat_marker/hazmat_marker.egg-info/PKG-INFO
[2.522s] writing dependency_links to ../../build/hazmat_marker/hazmat_marker.egg-info/dependency_links.txt
[2.522s] writing entry points to ../../build/hazmat_marker/hazmat_marker.egg-info/entry_points.txt
[2.522s] writing requirements to ../../build/hazmat_marker/hazmat_marker.egg-info/requires.txt
[2.522s] writing top-level names to ../../build/hazmat_marker/hazmat_marker.egg-info/top_level.txt
[2.523s] reading manifest file '../../build/hazmat_marker/hazmat_marker.egg-info/SOURCES.txt'
[2.524s] writing manifest file '../../build/hazmat_marker/hazmat_marker.egg-info/SOURCES.txt'
[2.524s] running build
[2.525s] running build_py
[2.525s] copying hazmat_marker/hazmat_marker.py -> /home/gerardo/turtlebot3_group6v2/build/hazmat_marker/build/lib/hazmat_marker
[2.525s] running install
[2.527s] running install_lib
[2.527s] copying /home/gerardo/turtlebot3_group6v2/build/hazmat_marker/build/lib/hazmat_marker/hazmat_marker.py -> /home/gerardo/turtlebot3_group6v2/install/hazmat_marker/lib/python3.10/site-packages/hazmat_marker
[2.528s] byte-compiling /home/gerardo/turtlebot3_group6v2/install/hazmat_marker/lib/python3.10/site-packages/hazmat_marker/hazmat_marker.py to hazmat_marker.cpython-310.pyc
[2.529s] running install_data
[2.529s] running install_egg_info
[2.531s] removing '/home/gerardo/turtlebot3_group6v2/install/hazmat_marker/lib/python3.10/site-packages/hazmat_marker-0.1.0-py3.10.egg-info' (and everything under it)
[2.531s] Copying ../../build/hazmat_marker/hazmat_marker.egg-info to /home/gerardo/turtlebot3_group6v2/install/hazmat_marker/lib/python3.10/site-packages/hazmat_marker-0.1.0-py3.10.egg-info
[2.532s] running install_scripts
[2.565s] Installing hazmat_marker script to /home/gerardo/turtlebot3_group6v2/install/hazmat_marker/lib/hazmat_marker
[2.567s] writing list of installed files to '/home/gerardo/turtlebot3_group6v2/build/hazmat_marker/install.log'
[2.589s] Invoked command in '/home/gerardo/turtlebot3_group6v2/src/hazmat_marker' returned '0': PYTHONPATH=/home/gerardo/turtlebot3_group6v2/build/hazmat_marker/prefix_override:/usr/lib/python3/dist-packages/colcon_core/task/python/colcon_distutils_commands:/home/gerardo/turtlebot3_group6v2/install/hazmat_marker/lib/python3.10/site-packages:${PYTHONPATH} /usr/bin/python3 -W ignore:setup.py install is deprecated setup.py egg_info --egg-base ../../build/hazmat_marker build --build-base /home/gerardo/turtlebot3_group6v2/build/hazmat_marker/build install --record /home/gerardo/turtlebot3_group6v2/build/hazmat_marker/install.log --single-version-externally-managed install_data
