[0.056s] DEBUG:colcon:Command line arguments: ['/usr/bin/colcon', 'build']
[0.056s] DEBUG:colcon:Parsed command line arguments: Namespace(log_base=None, log_level=None, verb_name='build', build_base='build', install_base='install', merge_install=False, symlink_install=False, test_result_base=None, continue_on_error=False, executor='parallel', parallel_workers=16, event_handlers=None, ignore_user_meta=False, metas=['./colcon.meta'], base_paths=['.'], packages_ignore=None, packages_ignore_regex=None, paths=None, packages_up_to=None, packages_up_to_regex=None, packages_above=None, packages_above_and_dependencies=None, packages_above_depth=None, packages_select_by_dep=None, packages_skip_by_dep=None, packages_skip_up_to=None, packages_select_build_failed=False, packages_skip_build_finished=False, packages_select_test_failures=False, packages_skip_test_passed=False, packages_select=None, packages_skip=None, packages_select_regex=None, packages_skip_regex=None, packages_start=None, packages_end=None, allow_overriding=[], cmake_args=None, cmake_target=None, cmake_target_skip_unavailable=False, cmake_clean_cache=False, cmake_clean_first=False, cmake_force_configure=False, ament_cmake_args=None, catkin_cmake_args=None, catkin_skip_building_tests=False, verb_parser=<colcon_defaults.argument_parser.defaults.DefaultArgumentsDecorator object at 0x718a5f70ed70>, verb_extension=<colcon_core.verb.build.BuildVerb object at 0x718a5f70e770>, main=<bound method BuildVerb.main of <colcon_core.verb.build.BuildVerb object at 0x718a5f70e770>>)
[0.149s] Level 1:colcon.colcon_core.package_discovery:discover_packages(colcon_meta) check parameters
[0.149s] Level 1:colcon.colcon_core.package_discovery:discover_packages(recursive) check parameters
[0.149s] Level 1:colcon.colcon_core.package_discovery:discover_packages(ignore) check parameters
[0.149s] Level 1:colcon.colcon_core.package_discovery:discover_packages(path) check parameters
[0.149s] Level 1:colcon.colcon_core.package_discovery:discover_packages(colcon_meta) discover
[0.149s] Level 1:colcon.colcon_core.package_discovery:discover_packages(recursive) discover
[0.149s] INFO:colcon.colcon_core.package_discovery:Crawling recursively for packages in '/home/gerardo/turtlebot3_group6v2'
[0.149s] Level 1:colcon.colcon_core.package_identification:_identify(.) by extensions ['ignore', 'ignore_ament_install']
[0.149s] Level 1:colcon.colcon_core.package_identification:_identify(.) by extension 'ignore'
[0.149s] Level 1:colcon.colcon_core.package_identification:_identify(.) by extension 'ignore_ament_install'
[0.149s] Level 1:colcon.colcon_core.package_identification:_identify(.) by extensions ['colcon_pkg']
[0.149s] Level 1:colcon.colcon_core.package_identification:_identify(.) by extension 'colcon_pkg'
[0.149s] Level 1:colcon.colcon_core.package_identification:_identify(.) by extensions ['colcon_meta']
[0.149s] Level 1:colcon.colcon_core.package_identification:_identify(.) by extension 'colcon_meta'
[0.149s] Level 1:colcon.colcon_core.package_identification:_identify(.) by extensions ['ros']
[0.149s] Level 1:colcon.colcon_core.package_identification:_identify(.) by extension 'ros'
[0.157s] Level 1:colcon.colcon_core.package_identification:_identify(.) by extensions ['cmake', 'python']
[0.157s] Level 1:colcon.colcon_core.package_identification:_identify(.) by extension 'cmake'
[0.157s] Level 1:colcon.colcon_core.package_identification:_identify(.) by extension 'python'
[0.157s] Level 1:colcon.colcon_core.package_identification:_identify(.) by extensions ['python_setup_py']
[0.157s] Level 1:colcon.colcon_core.package_identification:_identify(.) by extension 'python_setup_py'
[0.157s] Level 1:colcon.colcon_core.package_identification:_identify(build) by extensions ['ignore', 'ignore_ament_install']
[0.157s] Level 1:colcon.colcon_core.package_identification:_identify(build) by extension 'ignore'
[0.157s] Level 1:colcon.colcon_core.package_identification:_identify(build) ignored
[0.157s] Level 1:colcon.colcon_core.package_identification:_identify(install) by extensions ['ignore', 'ignore_ament_install']
[0.157s] Level 1:colcon.colcon_core.package_identification:_identify(install) by extension 'ignore'
[0.157s] Level 1:colcon.colcon_core.package_identification:_identify(install) ignored
[0.157s] Level 1:colcon.colcon_core.package_identification:_identify(log) by extensions ['ignore', 'ignore_ament_install']
[0.157s] Level 1:colcon.colcon_core.package_identification:_identify(log) by extension 'ignore'
[0.157s] Level 1:colcon.colcon_core.package_identification:_identify(log) ignored
[0.157s] Level 1:colcon.colcon_core.package_identification:_identify(src) by extensions ['ignore', 'ignore_ament_install']
[0.157s] Level 1:colcon.colcon_core.package_identification:_identify(src) by extension 'ignore'
[0.157s] Level 1:colcon.colcon_core.package_identification:_identify(src) by extension 'ignore_ament_install'
[0.157s] Level 1:colcon.colcon_core.package_identification:_identify(src) by extensions ['colcon_pkg']
[0.157s] Level 1:colcon.colcon_core.package_identification:_identify(src) by extension 'colcon_pkg'
[0.157s] Level 1:colcon.colcon_core.package_identification:_identify(src) by extensions ['colcon_meta']
[0.157s] Level 1:colcon.colcon_core.package_identification:_identify(src) by extension 'colcon_meta'
[0.157s] Level 1:colcon.colcon_core.package_identification:_identify(src) by extensions ['ros']
[0.158s] Level 1:colcon.colcon_core.package_identification:_identify(src) by extension 'ros'
[0.158s] Level 1:colcon.colcon_core.package_identification:_identify(src) by extensions ['cmake', 'python']
[0.158s] Level 1:colcon.colcon_core.package_identification:_identify(src) by extension 'cmake'
[0.158s] Level 1:colcon.colcon_core.package_identification:_identify(src) by extension 'python'
[0.158s] Level 1:colcon.colcon_core.package_identification:_identify(src) by extensions ['python_setup_py']
[0.158s] Level 1:colcon.colcon_core.package_identification:_identify(src) by extension 'python_setup_py'
[0.158s] Level 1:colcon.colcon_core.package_identification:_identify(src/explore_cpp) by extensions ['ignore', 'ignore_ament_install']
[0.158s] Level 1:colcon.colcon_core.package_identification:_identify(src/explore_cpp) by extension 'ignore'
[0.158s] Level 1:colcon.colcon_core.package_identification:_identify(src/explore_cpp) by extension 'ignore_ament_install'
[0.158s] Level 1:colcon.colcon_core.package_identification:_identify(src/explore_cpp) by extensions ['colcon_pkg']
[0.158s] Level 1:colcon.colcon_core.package_identification:_identify(src/explore_cpp) by extension 'colcon_pkg'
[0.158s] Level 1:colcon.colcon_core.package_identification:_identify(src/explore_cpp) by extensions ['colcon_meta']
[0.158s] Level 1:colcon.colcon_core.package_identification:_identify(src/explore_cpp) by extension 'colcon_meta'
[0.158s] Level 1:colcon.colcon_core.package_identification:_identify(src/explore_cpp) by extensions ['ros']
[0.158s] Level 1:colcon.colcon_core.package_identification:_identify(src/explore_cpp) by extension 'ros'
[0.160s] DEBUG:colcon.colcon_core.package_identification:Package 'src/explore_cpp' with type 'ros.ament_cmake' and name 'explore_cpp'
[0.160s] Level 1:colcon.colcon_core.package_identification:_identify(src/joint_state_publisher_custom) by extensions ['ignore', 'ignore_ament_install']
[0.160s] Level 1:colcon.colcon_core.package_identification:_identify(src/joint_state_publisher_custom) by extension 'ignore'
[0.160s] Level 1:colcon.colcon_core.package_identification:_identify(src/joint_state_publisher_custom) by extension 'ignore_ament_install'
[0.160s] Level 1:colcon.colcon_core.package_identification:_identify(src/joint_state_publisher_custom) by extensions ['colcon_pkg']
[0.160s] Level 1:colcon.colcon_core.package_identification:_identify(src/joint_state_publisher_custom) by extension 'colcon_pkg'
[0.160s] Level 1:colcon.colcon_core.package_identification:_identify(src/joint_state_publisher_custom) by extensions ['colcon_meta']
[0.160s] Level 1:colcon.colcon_core.package_identification:_identify(src/joint_state_publisher_custom) by extension 'colcon_meta'
[0.160s] Level 1:colcon.colcon_core.package_identification:_identify(src/joint_state_publisher_custom) by extensions ['ros']
[0.160s] Level 1:colcon.colcon_core.package_identification:_identify(src/joint_state_publisher_custom) by extension 'ros'
[0.160s] DEBUG:colcon.colcon_core.package_identification:Package 'src/joint_state_publisher_custom' with type 'ros.ament_python' and name 'joint_state_publisher_custom'
[0.160s] Level 1:colcon.colcon_core.package_identification:_identify(src/laser_scan_adjuster) by extensions ['ignore', 'ignore_ament_install']
[0.160s] Level 1:colcon.colcon_core.package_identification:_identify(src/laser_scan_adjuster) by extension 'ignore'
[0.160s] Level 1:colcon.colcon_core.package_identification:_identify(src/laser_scan_adjuster) by extension 'ignore_ament_install'
[0.160s] Level 1:colcon.colcon_core.package_identification:_identify(src/laser_scan_adjuster) by extensions ['colcon_pkg']
[0.160s] Level 1:colcon.colcon_core.package_identification:_identify(src/laser_scan_adjuster) by extension 'colcon_pkg'
[0.160s] Level 1:colcon.colcon_core.package_identification:_identify(src/laser_scan_adjuster) by extensions ['colcon_meta']
[0.160s] Level 1:colcon.colcon_core.package_identification:_identify(src/laser_scan_adjuster) by extension 'colcon_meta'
[0.160s] Level 1:colcon.colcon_core.package_identification:_identify(src/laser_scan_adjuster) by extensions ['ros']
[0.160s] Level 1:colcon.colcon_core.package_identification:_identify(src/laser_scan_adjuster) by extension 'ros'
[0.161s] DEBUG:colcon.colcon_core.package_identification:Package 'src/laser_scan_adjuster' with type 'ros.ament_python' and name 'laser_scan_adjuster'
[0.161s] Level 1:colcon.colcon_core.package_identification:_identify(src/motor_position_controller) by extensions ['ignore', 'ignore_ament_install']
[0.161s] Level 1:colcon.colcon_core.package_identification:_identify(src/motor_position_controller) by extension 'ignore'
[0.161s] Level 1:colcon.colcon_core.package_identification:_identify(src/motor_position_controller) by extension 'ignore_ament_install'
[0.161s] Level 1:colcon.colcon_core.package_identification:_identify(src/motor_position_controller) by extensions ['colcon_pkg']
[0.161s] Level 1:colcon.colcon_core.package_identification:_identify(src/motor_position_controller) by extension 'colcon_pkg'
[0.161s] Level 1:colcon.colcon_core.package_identification:_identify(src/motor_position_controller) by extensions ['colcon_meta']
[0.161s] Level 1:colcon.colcon_core.package_identification:_identify(src/motor_position_controller) by extension 'colcon_meta'
[0.161s] Level 1:colcon.colcon_core.package_identification:_identify(src/motor_position_controller) by extensions ['ros']
[0.161s] Level 1:colcon.colcon_core.package_identification:_identify(src/motor_position_controller) by extension 'ros'
[0.161s] DEBUG:colcon.colcon_core.package_identification:Package 'src/motor_position_controller' with type 'ros.ament_python' and name 'motor_position_controller'
[0.161s] Level 1:colcon.colcon_core.package_identification:_identify(src/turtlebot3_explore) by extensions ['ignore', 'ignore_ament_install']
[0.161s] Level 1:colcon.colcon_core.package_identification:_identify(src/turtlebot3_explore) by extension 'ignore'
[0.161s] Level 1:colcon.colcon_core.package_identification:_identify(src/turtlebot3_explore) by extension 'ignore_ament_install'
[0.161s] Level 1:colcon.colcon_core.package_identification:_identify(src/turtlebot3_explore) by extensions ['colcon_pkg']
[0.161s] Level 1:colcon.colcon_core.package_identification:_identify(src/turtlebot3_explore) by extension 'colcon_pkg'
[0.161s] Level 1:colcon.colcon_core.package_identification:_identify(src/turtlebot3_explore) by extensions ['colcon_meta']
[0.161s] Level 1:colcon.colcon_core.package_identification:_identify(src/turtlebot3_explore) by extension 'colcon_meta'
[0.162s] Level 1:colcon.colcon_core.package_identification:_identify(src/turtlebot3_explore) by extensions ['ros']
[0.162s] Level 1:colcon.colcon_core.package_identification:_identify(src/turtlebot3_explore) by extension 'ros'
[0.162s] DEBUG:colcon.colcon_core.package_identification:Package 'src/turtlebot3_explore' with type 'ros.ament_python' and name 'turtlebot3_explore'
[0.162s] Level 1:colcon.colcon_core.package_identification:_identify(src/turtlebot3_poi_navigation) by extensions ['ignore', 'ignore_ament_install']
[0.162s] Level 1:colcon.colcon_core.package_identification:_identify(src/turtlebot3_poi_navigation) by extension 'ignore'
[0.162s] Level 1:colcon.colcon_core.package_identification:_identify(src/turtlebot3_poi_navigation) by extension 'ignore_ament_install'
[0.162s] Level 1:colcon.colcon_core.package_identification:_identify(src/turtlebot3_poi_navigation) by extensions ['colcon_pkg']
[0.162s] Level 1:colcon.colcon_core.package_identification:_identify(src/turtlebot3_poi_navigation) by extension 'colcon_pkg'
[0.162s] Level 1:colcon.colcon_core.package_identification:_identify(src/turtlebot3_poi_navigation) by extensions ['colcon_meta']
[0.162s] Level 1:colcon.colcon_core.package_identification:_identify(src/turtlebot3_poi_navigation) by extension 'colcon_meta'
[0.162s] Level 1:colcon.colcon_core.package_identification:_identify(src/turtlebot3_poi_navigation) by extensions ['ros']
[0.162s] Level 1:colcon.colcon_core.package_identification:_identify(src/turtlebot3_poi_navigation) by extension 'ros'
[0.163s] DEBUG:colcon.colcon_core.package_identification:Package 'src/turtlebot3_poi_navigation' with type 'ros.ament_python' and name 'turtlebot3_poi_navigation'
[0.163s] Level 1:colcon.colcon_core.package_discovery:discover_packages(recursive) using defaults
[0.163s] Level 1:colcon.colcon_core.package_discovery:discover_packages(ignore) discover
[0.163s] Level 1:colcon.colcon_core.package_discovery:discover_packages(ignore) using defaults
[0.163s] Level 1:colcon.colcon_core.package_discovery:discover_packages(path) discover
[0.163s] Level 1:colcon.colcon_core.package_discovery:discover_packages(path) using defaults
[0.180s] Level 1:colcon.colcon_core.package_discovery:discover_packages(prefix_path) check parameters
[0.180s] Level 1:colcon.colcon_core.package_discovery:discover_packages(prefix_path) discover
[0.181s] DEBUG:colcon.colcon_installed_package_information.package_discovery:Found 17 installed packages in /home/gerardo/turtlebot3_ws/install
[0.181s] DEBUG:colcon.colcon_installed_package_information.package_discovery:Found 2 installed packages in /home/gerardo/turtlebot3_group6/install
[0.182s] DEBUG:colcon.colcon_installed_package_information.package_discovery:Found 362 installed packages in /opt/ros/humble
[0.183s] Level 1:colcon.colcon_core.package_discovery:discover_packages(prefix_path) using defaults
[0.206s] Level 5:colcon.colcon_core.verb:set package 'explore_cpp' build argument 'cmake_args' from command line to 'None'
[0.206s] Level 5:colcon.colcon_core.verb:set package 'explore_cpp' build argument 'cmake_target' from command line to 'None'
[0.206s] Level 5:colcon.colcon_core.verb:set package 'explore_cpp' build argument 'cmake_target_skip_unavailable' from command line to 'False'
[0.206s] Level 5:colcon.colcon_core.verb:set package 'explore_cpp' build argument 'cmake_clean_cache' from command line to 'False'
[0.206s] Level 5:colcon.colcon_core.verb:set package 'explore_cpp' build argument 'cmake_clean_first' from command line to 'False'
[0.206s] Level 5:colcon.colcon_core.verb:set package 'explore_cpp' build argument 'cmake_force_configure' from command line to 'False'
[0.206s] Level 5:colcon.colcon_core.verb:set package 'explore_cpp' build argument 'ament_cmake_args' from command line to 'None'
[0.206s] Level 5:colcon.colcon_core.verb:set package 'explore_cpp' build argument 'catkin_cmake_args' from command line to 'None'
[0.206s] Level 5:colcon.colcon_core.verb:set package 'explore_cpp' build argument 'catkin_skip_building_tests' from command line to 'False'
[0.206s] DEBUG:colcon.colcon_core.verb:Building package 'explore_cpp' with the following arguments: {'ament_cmake_args': None, 'build_base': '/home/gerardo/turtlebot3_group6v2/build/explore_cpp', 'catkin_cmake_args': None, 'catkin_skip_building_tests': False, 'cmake_args': None, 'cmake_clean_cache': False, 'cmake_clean_first': False, 'cmake_force_configure': False, 'cmake_target': None, 'cmake_target_skip_unavailable': False, 'install_base': '/home/gerardo/turtlebot3_group6v2/install/explore_cpp', 'merge_install': False, 'path': '/home/gerardo/turtlebot3_group6v2/src/explore_cpp', 'symlink_install': False, 'test_result_base': None}
[0.206s] Level 5:colcon.colcon_core.verb:set package 'joint_state_publisher_custom' build argument 'cmake_args' from command line to 'None'
[0.206s] Level 5:colcon.colcon_core.verb:set package 'joint_state_publisher_custom' build argument 'cmake_target' from command line to 'None'
[0.206s] Level 5:colcon.colcon_core.verb:set package 'joint_state_publisher_custom' build argument 'cmake_target_skip_unavailable' from command line to 'False'
[0.206s] Level 5:colcon.colcon_core.verb:set package 'joint_state_publisher_custom' build argument 'cmake_clean_cache' from command line to 'False'
[0.206s] Level 5:colcon.colcon_core.verb:set package 'joint_state_publisher_custom' build argument 'cmake_clean_first' from command line to 'False'
[0.206s] Level 5:colcon.colcon_core.verb:set package 'joint_state_publisher_custom' build argument 'cmake_force_configure' from command line to 'False'
[0.206s] Level 5:colcon.colcon_core.verb:set package 'joint_state_publisher_custom' build argument 'ament_cmake_args' from command line to 'None'
[0.206s] Level 5:colcon.colcon_core.verb:set package 'joint_state_publisher_custom' build argument 'catkin_cmake_args' from command line to 'None'
[0.206s] Level 5:colcon.colcon_core.verb:set package 'joint_state_publisher_custom' build argument 'catkin_skip_building_tests' from command line to 'False'
[0.206s] DEBUG:colcon.colcon_core.verb:Building package 'joint_state_publisher_custom' with the following arguments: {'ament_cmake_args': None, 'build_base': '/home/gerardo/turtlebot3_group6v2/build/joint_state_publisher_custom', 'catkin_cmake_args': None, 'catkin_skip_building_tests': False, 'cmake_args': None, 'cmake_clean_cache': False, 'cmake_clean_first': False, 'cmake_force_configure': False, 'cmake_target': None, 'cmake_target_skip_unavailable': False, 'install_base': '/home/gerardo/turtlebot3_group6v2/install/joint_state_publisher_custom', 'merge_install': False, 'path': '/home/gerardo/turtlebot3_group6v2/src/joint_state_publisher_custom', 'symlink_install': False, 'test_result_base': None}
[0.206s] Level 5:colcon.colcon_core.verb:set package 'laser_scan_adjuster' build argument 'cmake_args' from command line to 'None'
[0.206s] Level 5:colcon.colcon_core.verb:set package 'laser_scan_adjuster' build argument 'cmake_target' from command line to 'None'
[0.206s] Level 5:colcon.colcon_core.verb:set package 'laser_scan_adjuster' build argument 'cmake_target_skip_unavailable' from command line to 'False'
[0.206s] Level 5:colcon.colcon_core.verb:set package 'laser_scan_adjuster' build argument 'cmake_clean_cache' from command line to 'False'
[0.206s] Level 5:colcon.colcon_core.verb:set package 'laser_scan_adjuster' build argument 'cmake_clean_first' from command line to 'False'
[0.206s] Level 5:colcon.colcon_core.verb:set package 'laser_scan_adjuster' build argument 'cmake_force_configure' from command line to 'False'
[0.206s] Level 5:colcon.colcon_core.verb:set package 'laser_scan_adjuster' build argument 'ament_cmake_args' from command line to 'None'
[0.206s] Level 5:colcon.colcon_core.verb:set package 'laser_scan_adjuster' build argument 'catkin_cmake_args' from command line to 'None'
[0.206s] Level 5:colcon.colcon_core.verb:set package 'laser_scan_adjuster' build argument 'catkin_skip_building_tests' from command line to 'False'
[0.206s] DEBUG:colcon.colcon_core.verb:Building package 'laser_scan_adjuster' with the following arguments: {'ament_cmake_args': None, 'build_base': '/home/gerardo/turtlebot3_group6v2/build/laser_scan_adjuster', 'catkin_cmake_args': None, 'catkin_skip_building_tests': False, 'cmake_args': None, 'cmake_clean_cache': False, 'cmake_clean_first': False, 'cmake_force_configure': False, 'cmake_target': None, 'cmake_target_skip_unavailable': False, 'install_base': '/home/gerardo/turtlebot3_group6v2/install/laser_scan_adjuster', 'merge_install': False, 'path': '/home/gerardo/turtlebot3_group6v2/src/laser_scan_adjuster', 'symlink_install': False, 'test_result_base': None}
[0.207s] Level 5:colcon.colcon_core.verb:set package 'motor_position_controller' build argument 'cmake_args' from command line to 'None'
[0.207s] Level 5:colcon.colcon_core.verb:set package 'motor_position_controller' build argument 'cmake_target' from command line to 'None'
[0.207s] Level 5:colcon.colcon_core.verb:set package 'motor_position_controller' build argument 'cmake_target_skip_unavailable' from command line to 'False'
[0.207s] Level 5:colcon.colcon_core.verb:set package 'motor_position_controller' build argument 'cmake_clean_cache' from command line to 'False'
[0.207s] Level 5:colcon.colcon_core.verb:set package 'motor_position_controller' build argument 'cmake_clean_first' from command line to 'False'
[0.207s] Level 5:colcon.colcon_core.verb:set package 'motor_position_controller' build argument 'cmake_force_configure' from command line to 'False'
[0.207s] Level 5:colcon.colcon_core.verb:set package 'motor_position_controller' build argument 'ament_cmake_args' from command line to 'None'
[0.207s] Level 5:colcon.colcon_core.verb:set package 'motor_position_controller' build argument 'catkin_cmake_args' from command line to 'None'
[0.207s] Level 5:colcon.colcon_core.verb:set package 'motor_position_controller' build argument 'catkin_skip_building_tests' from command line to 'False'
[0.207s] DEBUG:colcon.colcon_core.verb:Building package 'motor_position_controller' with the following arguments: {'ament_cmake_args': None, 'build_base': '/home/gerardo/turtlebot3_group6v2/build/motor_position_controller', 'catkin_cmake_args': None, 'catkin_skip_building_tests': False, 'cmake_args': None, 'cmake_clean_cache': False, 'cmake_clean_first': False, 'cmake_force_configure': False, 'cmake_target': None, 'cmake_target_skip_unavailable': False, 'install_base': '/home/gerardo/turtlebot3_group6v2/install/motor_position_controller', 'merge_install': False, 'path': '/home/gerardo/turtlebot3_group6v2/src/motor_position_controller', 'symlink_install': False, 'test_result_base': None}
[0.207s] Level 5:colcon.colcon_core.verb:set package 'turtlebot3_explore' build argument 'cmake_args' from command line to 'None'
[0.207s] Level 5:colcon.colcon_core.verb:set package 'turtlebot3_explore' build argument 'cmake_target' from command line to 'None'
[0.207s] Level 5:colcon.colcon_core.verb:set package 'turtlebot3_explore' build argument 'cmake_target_skip_unavailable' from command line to 'False'
[0.207s] Level 5:colcon.colcon_core.verb:set package 'turtlebot3_explore' build argument 'cmake_clean_cache' from command line to 'False'
[0.207s] Level 5:colcon.colcon_core.verb:set package 'turtlebot3_explore' build argument 'cmake_clean_first' from command line to 'False'
[0.207s] Level 5:colcon.colcon_core.verb:set package 'turtlebot3_explore' build argument 'cmake_force_configure' from command line to 'False'
[0.207s] Level 5:colcon.colcon_core.verb:set package 'turtlebot3_explore' build argument 'ament_cmake_args' from command line to 'None'
[0.207s] Level 5:colcon.colcon_core.verb:set package 'turtlebot3_explore' build argument 'catkin_cmake_args' from command line to 'None'
[0.207s] Level 5:colcon.colcon_core.verb:set package 'turtlebot3_explore' build argument 'catkin_skip_building_tests' from command line to 'False'
[0.207s] DEBUG:colcon.colcon_core.verb:Building package 'turtlebot3_explore' with the following arguments: {'ament_cmake_args': None, 'build_base': '/home/gerardo/turtlebot3_group6v2/build/turtlebot3_explore', 'catkin_cmake_args': None, 'catkin_skip_building_tests': False, 'cmake_args': None, 'cmake_clean_cache': False, 'cmake_clean_first': False, 'cmake_force_configure': False, 'cmake_target': None, 'cmake_target_skip_unavailable': False, 'install_base': '/home/gerardo/turtlebot3_group6v2/install/turtlebot3_explore', 'merge_install': False, 'path': '/home/gerardo/turtlebot3_group6v2/src/turtlebot3_explore', 'symlink_install': False, 'test_result_base': None}
[0.207s] Level 5:colcon.colcon_core.verb:set package 'turtlebot3_poi_navigation' build argument 'cmake_args' from command line to 'None'
[0.207s] Level 5:colcon.colcon_core.verb:set package 'turtlebot3_poi_navigation' build argument 'cmake_target' from command line to 'None'
[0.207s] Level 5:colcon.colcon_core.verb:set package 'turtlebot3_poi_navigation' build argument 'cmake_target_skip_unavailable' from command line to 'False'
[0.207s] Level 5:colcon.colcon_core.verb:set package 'turtlebot3_poi_navigation' build argument 'cmake_clean_cache' from command line to 'False'
[0.207s] Level 5:colcon.colcon_core.verb:set package 'turtlebot3_poi_navigation' build argument 'cmake_clean_first' from command line to 'False'
[0.207s] Level 5:colcon.colcon_core.verb:set package 'turtlebot3_poi_navigation' build argument 'cmake_force_configure' from command line to 'False'
[0.207s] Level 5:colcon.colcon_core.verb:set package 'turtlebot3_poi_navigation' build argument 'ament_cmake_args' from command line to 'None'
[0.207s] Level 5:colcon.colcon_core.verb:set package 'turtlebot3_poi_navigation' build argument 'catkin_cmake_args' from command line to 'None'
[0.207s] Level 5:colcon.colcon_core.verb:set package 'turtlebot3_poi_navigation' build argument 'catkin_skip_building_tests' from command line to 'False'
[0.207s] DEBUG:colcon.colcon_core.verb:Building package 'turtlebot3_poi_navigation' with the following arguments: {'ament_cmake_args': None, 'build_base': '/home/gerardo/turtlebot3_group6v2/build/turtlebot3_poi_navigation', 'catkin_cmake_args': None, 'catkin_skip_building_tests': False, 'cmake_args': None, 'cmake_clean_cache': False, 'cmake_clean_first': False, 'cmake_force_configure': False, 'cmake_target': None, 'cmake_target_skip_unavailable': False, 'install_base': '/home/gerardo/turtlebot3_group6v2/install/turtlebot3_poi_navigation', 'merge_install': False, 'path': '/home/gerardo/turtlebot3_group6v2/src/turtlebot3_poi_navigation', 'symlink_install': False, 'test_result_base': None}
[0.207s] INFO:colcon.colcon_core.executor:Executing jobs using 'parallel' executor
[0.208s] DEBUG:colcon.colcon_parallel_executor.executor.parallel:run_until_complete
[0.208s] INFO:colcon.colcon_ros.task.ament_cmake.build:Building ROS package in '/home/gerardo/turtlebot3_group6v2/src/explore_cpp' with build type 'ament_cmake'
[0.208s] INFO:colcon.colcon_cmake.task.cmake.build:Building CMake package in '/home/gerardo/turtlebot3_group6v2/src/explore_cpp'
[0.209s] INFO:colcon.colcon_core.plugin_system:Skipping extension 'colcon_core.shell.bat': Not used on non-Windows systems
[0.209s] INFO:colcon.colcon_core.shell:Skip shell extension 'powershell' for command environment: Not usable outside of PowerShell
[0.209s] DEBUG:colcon.colcon_core.shell:Skip shell extension 'dsv' for command environment
[0.212s] INFO:colcon.colcon_ros.task.ament_python.build:Building ROS package in '/home/gerardo/turtlebot3_group6v2/src/joint_state_publisher_custom' with build type 'ament_python'
[0.212s] Level 1:colcon.colcon_core.shell:create_environment_hook('joint_state_publisher_custom', 'ament_prefix_path')
[0.212s] INFO:colcon.colcon_core.shell:Creating environment hook '/home/gerardo/turtlebot3_group6v2/install/joint_state_publisher_custom/share/joint_state_publisher_custom/hook/ament_prefix_path.ps1'
[0.212s] INFO:colcon.colcon_core.shell:Creating environment descriptor '/home/gerardo/turtlebot3_group6v2/install/joint_state_publisher_custom/share/joint_state_publisher_custom/hook/ament_prefix_path.dsv'
[0.212s] INFO:colcon.colcon_core.shell:Creating environment hook '/home/gerardo/turtlebot3_group6v2/install/joint_state_publisher_custom/share/joint_state_publisher_custom/hook/ament_prefix_path.sh'
[0.213s] INFO:colcon.colcon_core.shell:Skip shell extension 'powershell' for command environment: Not usable outside of PowerShell
[0.213s] DEBUG:colcon.colcon_core.shell:Skip shell extension 'dsv' for command environment
[0.215s] INFO:colcon.colcon_ros.task.ament_python.build:Building ROS package in '/home/gerardo/turtlebot3_group6v2/src/laser_scan_adjuster' with build type 'ament_python'
[0.215s] Level 1:colcon.colcon_core.shell:create_environment_hook('laser_scan_adjuster', 'ament_prefix_path')
[0.215s] INFO:colcon.colcon_core.shell:Creating environment hook '/home/gerardo/turtlebot3_group6v2/install/laser_scan_adjuster/share/laser_scan_adjuster/hook/ament_prefix_path.ps1'
[0.215s] INFO:colcon.colcon_core.shell:Creating environment descriptor '/home/gerardo/turtlebot3_group6v2/install/laser_scan_adjuster/share/laser_scan_adjuster/hook/ament_prefix_path.dsv'
[0.216s] INFO:colcon.colcon_core.shell:Creating environment hook '/home/gerardo/turtlebot3_group6v2/install/laser_scan_adjuster/share/laser_scan_adjuster/hook/ament_prefix_path.sh'
[0.216s] INFO:colcon.colcon_core.shell:Skip shell extension 'powershell' for command environment: Not usable outside of PowerShell
[0.216s] DEBUG:colcon.colcon_core.shell:Skip shell extension 'dsv' for command environment
[0.219s] INFO:colcon.colcon_ros.task.ament_python.build:Building ROS package in '/home/gerardo/turtlebot3_group6v2/src/motor_position_controller' with build type 'ament_python'
[0.219s] Level 1:colcon.colcon_core.shell:create_environment_hook('motor_position_controller', 'ament_prefix_path')
[0.219s] INFO:colcon.colcon_core.shell:Creating environment hook '/home/gerardo/turtlebot3_group6v2/install/motor_position_controller/share/motor_position_controller/hook/ament_prefix_path.ps1'
[0.219s] INFO:colcon.colcon_core.shell:Creating environment descriptor '/home/gerardo/turtlebot3_group6v2/install/motor_position_controller/share/motor_position_controller/hook/ament_prefix_path.dsv'
[0.219s] INFO:colcon.colcon_core.shell:Creating environment hook '/home/gerardo/turtlebot3_group6v2/install/motor_position_controller/share/motor_position_controller/hook/ament_prefix_path.sh'
[0.219s] INFO:colcon.colcon_core.shell:Skip shell extension 'powershell' for command environment: Not usable outside of PowerShell
[0.220s] DEBUG:colcon.colcon_core.shell:Skip shell extension 'dsv' for command environment
[0.222s] INFO:colcon.colcon_ros.task.ament_python.build:Building ROS package in '/home/gerardo/turtlebot3_group6v2/src/turtlebot3_explore' with build type 'ament_python'
[0.222s] Level 1:colcon.colcon_core.shell:create_environment_hook('turtlebot3_explore', 'ament_prefix_path')
[0.222s] INFO:colcon.colcon_core.shell:Creating environment hook '/home/gerardo/turtlebot3_group6v2/install/turtlebot3_explore/share/turtlebot3_explore/hook/ament_prefix_path.ps1'
[0.222s] INFO:colcon.colcon_core.shell:Creating environment descriptor '/home/gerardo/turtlebot3_group6v2/install/turtlebot3_explore/share/turtlebot3_explore/hook/ament_prefix_path.dsv'
[0.222s] INFO:colcon.colcon_core.shell:Creating environment hook '/home/gerardo/turtlebot3_group6v2/install/turtlebot3_explore/share/turtlebot3_explore/hook/ament_prefix_path.sh'
[0.223s] INFO:colcon.colcon_core.shell:Skip shell extension 'powershell' for command environment: Not usable outside of PowerShell
[0.223s] DEBUG:colcon.colcon_core.shell:Skip shell extension 'dsv' for command environment
[0.225s] INFO:colcon.colcon_ros.task.ament_python.build:Building ROS package in '/home/gerardo/turtlebot3_group6v2/src/turtlebot3_poi_navigation' with build type 'ament_python'
[0.225s] Level 1:colcon.colcon_core.shell:create_environment_hook('turtlebot3_poi_navigation', 'ament_prefix_path')
[0.225s] INFO:colcon.colcon_core.shell:Creating environment hook '/home/gerardo/turtlebot3_group6v2/install/turtlebot3_poi_navigation/share/turtlebot3_poi_navigation/hook/ament_prefix_path.ps1'
[0.226s] INFO:colcon.colcon_core.shell:Creating environment descriptor '/home/gerardo/turtlebot3_group6v2/install/turtlebot3_poi_navigation/share/turtlebot3_poi_navigation/hook/ament_prefix_path.dsv'
[0.226s] INFO:colcon.colcon_core.shell:Creating environment hook '/home/gerardo/turtlebot3_group6v2/install/turtlebot3_poi_navigation/share/turtlebot3_poi_navigation/hook/ament_prefix_path.sh'
[0.226s] INFO:colcon.colcon_core.shell:Skip shell extension 'powershell' for command environment: Not usable outside of PowerShell
[0.226s] DEBUG:colcon.colcon_core.shell:Skip shell extension 'dsv' for command environment
[0.232s] DEBUG:colcon.colcon_core.event_handler.log_command:Invoking command in '/home/gerardo/turtlebot3_group6v2/build/explore_cpp': CMAKE_PREFIX_PATH=${CMAKE_PREFIX_PATH}:/home/gerardo/turtlebot3_ws/install/turtlebot3_teleop:/home/gerardo/turtlebot3_ws/install/turtlebot3_poi_navigation:/home/gerardo/turtlebot3_ws/install/turtlebot3_example:/home/gerardo/turtlebot3_ws/install/turtlebot3_explore:/home/gerardo/turtlebot3_ws/install/motor_position_controller:/home/gerardo/turtlebot3_ws/install/laser_scan_adjuster:/home/gerardo/turtlebot3_ws/install/joint_state_publisher_custom:/home/gerardo/turtlebot3_group6/install/turtlebot3_explore:/home/gerardo/turtlebot3_group6/install/motor_controller:/opt/ros/humble /usr/bin/cmake --build /home/gerardo/turtlebot3_group6v2/build/explore_cpp -- -j16 -l16
[0.374s] WARNING:colcon.colcon_ros.task.ament_python.build:Package 'joint_state_publisher_custom' doesn't explicitly install a marker in the package index (colcon-ros currently does it implicitly but that fallback will be removed in the future)
[0.375s] WARNING:colcon.colcon_ros.task.ament_python.build:Package 'joint_state_publisher_custom' doesn't explicitly install the 'package.xml' file (colcon-ros currently does it implicitly but that fallback will be removed in the future)
[0.375s] INFO:colcon.colcon_core.task.python.build:Building Python package in '/home/gerardo/turtlebot3_group6v2/src/joint_state_publisher_custom'
[0.375s] INFO:colcon.colcon_core.shell:Skip shell extension 'powershell' for command environment: Not usable outside of PowerShell
[0.375s] DEBUG:colcon.colcon_core.shell:Skip shell extension 'dsv' for command environment
[0.523s] INFO:colcon.colcon_core.task.python.build:Building Python package in '/home/gerardo/turtlebot3_group6v2/src/laser_scan_adjuster'
[0.523s] INFO:colcon.colcon_core.shell:Skip shell extension 'powershell' for command environment: Not usable outside of PowerShell
[0.523s] DEBUG:colcon.colcon_core.shell:Skip shell extension 'dsv' for command environment
[0.673s] INFO:colcon.colcon_core.task.python.build:Building Python package in '/home/gerardo/turtlebot3_group6v2/src/motor_position_controller'
[0.673s] INFO:colcon.colcon_core.shell:Skip shell extension 'powershell' for command environment: Not usable outside of PowerShell
[0.673s] DEBUG:colcon.colcon_core.shell:Skip shell extension 'dsv' for command environment
[0.819s] INFO:colcon.colcon_core.task.python.build:Building Python package in '/home/gerardo/turtlebot3_group6v2/src/turtlebot3_explore'
[0.819s] INFO:colcon.colcon_core.shell:Skip shell extension 'powershell' for command environment: Not usable outside of PowerShell
[0.819s] DEBUG:colcon.colcon_core.shell:Skip shell extension 'dsv' for command environment
[0.969s] INFO:colcon.colcon_core.task.python.build:Building Python package in '/home/gerardo/turtlebot3_group6v2/src/turtlebot3_poi_navigation'
[0.969s] INFO:colcon.colcon_core.shell:Skip shell extension 'powershell' for command environment: Not usable outside of PowerShell
[0.969s] DEBUG:colcon.colcon_core.shell:Skip shell extension 'dsv' for command environment
[1.218s] DEBUG:colcon.colcon_core.event_handler.log_command:Invoking command in '/home/gerardo/turtlebot3_group6v2/src/joint_state_publisher_custom': PYTHONPATH=/home/gerardo/turtlebot3_group6v2/build/joint_state_publisher_custom/prefix_override:/usr/lib/python3/dist-packages/colcon_core/task/python/colcon_distutils_commands:/home/gerardo/turtlebot3_group6v2/install/joint_state_publisher_custom/lib/python3.10/site-packages:${PYTHONPATH} /usr/bin/python3 -W ignore:setup.py install is deprecated setup.py egg_info --egg-base ../../build/joint_state_publisher_custom build --build-base /home/gerardo/turtlebot3_group6v2/build/joint_state_publisher_custom/build install --record /home/gerardo/turtlebot3_group6v2/build/joint_state_publisher_custom/install.log --single-version-externally-managed
[1.219s] DEBUG:colcon.colcon_core.event_handler.log_command:Invoking command in '/home/gerardo/turtlebot3_group6v2/src/turtlebot3_poi_navigation': PYTHONPATH=/home/gerardo/turtlebot3_group6v2/build/turtlebot3_poi_navigation/prefix_override:/usr/lib/python3/dist-packages/colcon_core/task/python/colcon_distutils_commands:/home/gerardo/turtlebot3_group6v2/install/turtlebot3_poi_navigation/lib/python3.10/site-packages:${PYTHONPATH} /usr/bin/python3 -W ignore:setup.py install is deprecated setup.py egg_info --egg-base ../../build/turtlebot3_poi_navigation build --build-base /home/gerardo/turtlebot3_group6v2/build/turtlebot3_poi_navigation/build install --record /home/gerardo/turtlebot3_group6v2/build/turtlebot3_poi_navigation/install.log --single-version-externally-managed install_data
[1.224s] DEBUG:colcon.colcon_core.event_handler.log_command:Invoking command in '/home/gerardo/turtlebot3_group6v2/src/motor_position_controller': PYTHONPATH=/home/gerardo/turtlebot3_group6v2/build/motor_position_controller/prefix_override:/usr/lib/python3/dist-packages/colcon_core/task/python/colcon_distutils_commands:/home/gerardo/turtlebot3_group6v2/install/motor_position_controller/lib/python3.10/site-packages:${PYTHONPATH} /usr/bin/python3 -W ignore:setup.py install is deprecated setup.py egg_info --egg-base ../../build/motor_position_controller build --build-base /home/gerardo/turtlebot3_group6v2/build/motor_position_controller/build install --record /home/gerardo/turtlebot3_group6v2/build/motor_position_controller/install.log --single-version-externally-managed install_data
[1.226s] DEBUG:colcon.colcon_core.event_handler.log_command:Invoking command in '/home/gerardo/turtlebot3_group6v2/src/turtlebot3_explore': PYTHONPATH=/home/gerardo/turtlebot3_group6v2/build/turtlebot3_explore/prefix_override:/usr/lib/python3/dist-packages/colcon_core/task/python/colcon_distutils_commands:/home/gerardo/turtlebot3_group6v2/install/turtlebot3_explore/lib/python3.10/site-packages:${PYTHONPATH} /usr/bin/python3 -W ignore:setup.py install is deprecated setup.py egg_info --egg-base ../../build/turtlebot3_explore build --build-base /home/gerardo/turtlebot3_group6v2/build/turtlebot3_explore/build install --record /home/gerardo/turtlebot3_group6v2/build/turtlebot3_explore/install.log --single-version-externally-managed install_data
[1.227s] DEBUG:colcon.colcon_core.event_handler.log_command:Invoking command in '/home/gerardo/turtlebot3_group6v2/src/laser_scan_adjuster': PYTHONPATH=/home/gerardo/turtlebot3_group6v2/build/laser_scan_adjuster/prefix_override:/usr/lib/python3/dist-packages/colcon_core/task/python/colcon_distutils_commands:/home/gerardo/turtlebot3_group6v2/install/laser_scan_adjuster/lib/python3.10/site-packages:${PYTHONPATH} /usr/bin/python3 -W ignore:setup.py install is deprecated setup.py egg_info --egg-base ../../build/laser_scan_adjuster build --build-base /home/gerardo/turtlebot3_group6v2/build/laser_scan_adjuster/build install --record /home/gerardo/turtlebot3_group6v2/build/laser_scan_adjuster/install.log --single-version-externally-managed install_data
[1.397s] DEBUG:colcon.colcon_core.event_handler.log_command:Invoked command in '/home/gerardo/turtlebot3_group6v2/src/joint_state_publisher_custom' returned '0': PYTHONPATH=/home/gerardo/turtlebot3_group6v2/build/joint_state_publisher_custom/prefix_override:/usr/lib/python3/dist-packages/colcon_core/task/python/colcon_distutils_commands:/home/gerardo/turtlebot3_group6v2/install/joint_state_publisher_custom/lib/python3.10/site-packages:${PYTHONPATH} /usr/bin/python3 -W ignore:setup.py install is deprecated setup.py egg_info --egg-base ../../build/joint_state_publisher_custom build --build-base /home/gerardo/turtlebot3_group6v2/build/joint_state_publisher_custom/build install --record /home/gerardo/turtlebot3_group6v2/build/joint_state_publisher_custom/install.log --single-version-externally-managed
[1.399s] Level 1:colcon.colcon_core.environment:checking '/home/gerardo/turtlebot3_group6v2/install/joint_state_publisher_custom' for CMake module files
[1.400s] Level 1:colcon.colcon_core.environment:checking '/home/gerardo/turtlebot3_group6v2/install/joint_state_publisher_custom' for CMake config files
[1.401s] Level 1:colcon.colcon_core.environment:checking '/home/gerardo/turtlebot3_group6v2/install/joint_state_publisher_custom/lib'
[1.401s] Level 1:colcon.colcon_core.environment:checking '/home/gerardo/turtlebot3_group6v2/install/joint_state_publisher_custom/bin'
[1.401s] Level 1:colcon.colcon_core.environment:checking '/home/gerardo/turtlebot3_group6v2/install/joint_state_publisher_custom/lib/pkgconfig/joint_state_publisher_custom.pc'
[1.401s] Level 1:colcon.colcon_core.environment:checking '/home/gerardo/turtlebot3_group6v2/install/joint_state_publisher_custom/lib/python3.10/site-packages'
[1.401s] Level 1:colcon.colcon_core.shell:create_environment_hook('joint_state_publisher_custom', 'pythonpath')
[1.402s] INFO:colcon.colcon_core.shell:Creating environment hook '/home/gerardo/turtlebot3_group6v2/install/joint_state_publisher_custom/share/joint_state_publisher_custom/hook/pythonpath.ps1'
[1.402s] INFO:colcon.colcon_core.shell:Creating environment descriptor '/home/gerardo/turtlebot3_group6v2/install/joint_state_publisher_custom/share/joint_state_publisher_custom/hook/pythonpath.dsv'
[1.403s] INFO:colcon.colcon_core.shell:Creating environment hook '/home/gerardo/turtlebot3_group6v2/install/joint_state_publisher_custom/share/joint_state_publisher_custom/hook/pythonpath.sh'
[1.403s] Level 1:colcon.colcon_core.environment:checking '/home/gerardo/turtlebot3_group6v2/install/joint_state_publisher_custom/bin'
[1.403s] Level 1:colcon.colcon_core.environment:create_environment_scripts_only(joint_state_publisher_custom)
[1.404s] INFO:colcon.colcon_core.shell:Creating package script '/home/gerardo/turtlebot3_group6v2/install/joint_state_publisher_custom/share/joint_state_publisher_custom/package.ps1'
[1.405s] INFO:colcon.colcon_core.shell:Creating package descriptor '/home/gerardo/turtlebot3_group6v2/install/joint_state_publisher_custom/share/joint_state_publisher_custom/package.dsv'
[1.405s] INFO:colcon.colcon_core.shell:Creating package script '/home/gerardo/turtlebot3_group6v2/install/joint_state_publisher_custom/share/joint_state_publisher_custom/package.sh'
[1.406s] INFO:colcon.colcon_core.shell:Creating package script '/home/gerardo/turtlebot3_group6v2/install/joint_state_publisher_custom/share/joint_state_publisher_custom/package.bash'
[1.407s] INFO:colcon.colcon_core.shell:Creating package script '/home/gerardo/turtlebot3_group6v2/install/joint_state_publisher_custom/share/joint_state_publisher_custom/package.zsh'
[1.408s] Level 1:colcon.colcon_core.environment:create_file_with_runtime_dependencies(/home/gerardo/turtlebot3_group6v2/install/joint_state_publisher_custom/share/colcon-core/packages/joint_state_publisher_custom)
[1.409s] Level 1:colcon.colcon_core.environment:checking '/home/gerardo/turtlebot3_group6v2/install/turtlebot3_poi_navigation' for CMake module files
[1.409s] Level 1:colcon.colcon_core.environment:checking '/home/gerardo/turtlebot3_group6v2/install/turtlebot3_poi_navigation' for CMake config files
[1.409s] DEBUG:colcon.colcon_core.event_handler.log_command:Invoked command in '/home/gerardo/turtlebot3_group6v2/src/turtlebot3_poi_navigation' returned '0': PYTHONPATH=/home/gerardo/turtlebot3_group6v2/build/turtlebot3_poi_navigation/prefix_override:/usr/lib/python3/dist-packages/colcon_core/task/python/colcon_distutils_commands:/home/gerardo/turtlebot3_group6v2/install/turtlebot3_poi_navigation/lib/python3.10/site-packages:${PYTHONPATH} /usr/bin/python3 -W ignore:setup.py install is deprecated setup.py egg_info --egg-base ../../build/turtlebot3_poi_navigation build --build-base /home/gerardo/turtlebot3_group6v2/build/turtlebot3_poi_navigation/build install --record /home/gerardo/turtlebot3_group6v2/build/turtlebot3_poi_navigation/install.log --single-version-externally-managed install_data
[1.409s] Level 1:colcon.colcon_core.environment:checking '/home/gerardo/turtlebot3_group6v2/install/turtlebot3_poi_navigation/lib'
[1.410s] Level 1:colcon.colcon_core.environment:checking '/home/gerardo/turtlebot3_group6v2/install/turtlebot3_poi_navigation/bin'
[1.410s] Level 1:colcon.colcon_core.environment:checking '/home/gerardo/turtlebot3_group6v2/install/turtlebot3_poi_navigation/lib/pkgconfig/turtlebot3_poi_navigation.pc'
[1.410s] Level 1:colcon.colcon_core.environment:checking '/home/gerardo/turtlebot3_group6v2/install/turtlebot3_poi_navigation/lib/python3.10/site-packages'
[1.410s] Level 1:colcon.colcon_core.shell:create_environment_hook('turtlebot3_poi_navigation', 'pythonpath')
[1.410s] INFO:colcon.colcon_core.shell:Creating environment hook '/home/gerardo/turtlebot3_group6v2/install/turtlebot3_poi_navigation/share/turtlebot3_poi_navigation/hook/pythonpath.ps1'
[1.410s] INFO:colcon.colcon_core.shell:Creating environment descriptor '/home/gerardo/turtlebot3_group6v2/install/turtlebot3_poi_navigation/share/turtlebot3_poi_navigation/hook/pythonpath.dsv'
[1.410s] INFO:colcon.colcon_core.shell:Creating environment hook '/home/gerardo/turtlebot3_group6v2/install/turtlebot3_poi_navigation/share/turtlebot3_poi_navigation/hook/pythonpath.sh'
[1.411s] Level 1:colcon.colcon_core.environment:checking '/home/gerardo/turtlebot3_group6v2/install/turtlebot3_poi_navigation/bin'
[1.411s] Level 1:colcon.colcon_core.environment:create_environment_scripts_only(turtlebot3_poi_navigation)
[1.411s] INFO:colcon.colcon_core.shell:Creating package script '/home/gerardo/turtlebot3_group6v2/install/turtlebot3_poi_navigation/share/turtlebot3_poi_navigation/package.ps1'
[1.411s] INFO:colcon.colcon_core.shell:Creating package descriptor '/home/gerardo/turtlebot3_group6v2/install/turtlebot3_poi_navigation/share/turtlebot3_poi_navigation/package.dsv'
[1.412s] INFO:colcon.colcon_core.shell:Creating package script '/home/gerardo/turtlebot3_group6v2/install/turtlebot3_poi_navigation/share/turtlebot3_poi_navigation/package.sh'
[1.412s] INFO:colcon.colcon_core.shell:Creating package script '/home/gerardo/turtlebot3_group6v2/install/turtlebot3_poi_navigation/share/turtlebot3_poi_navigation/package.bash'
[1.412s] INFO:colcon.colcon_core.shell:Creating package script '/home/gerardo/turtlebot3_group6v2/install/turtlebot3_poi_navigation/share/turtlebot3_poi_navigation/package.zsh'
[1.412s] Level 1:colcon.colcon_core.environment:create_file_with_runtime_dependencies(/home/gerardo/turtlebot3_group6v2/install/turtlebot3_poi_navigation/share/colcon-core/packages/turtlebot3_poi_navigation)
[1.414s] Level 1:colcon.colcon_core.environment:checking '/home/gerardo/turtlebot3_group6v2/install/motor_position_controller' for CMake module files
[1.415s] DEBUG:colcon.colcon_core.event_handler.log_command:Invoked command in '/home/gerardo/turtlebot3_group6v2/src/motor_position_controller' returned '0': PYTHONPATH=/home/gerardo/turtlebot3_group6v2/build/motor_position_controller/prefix_override:/usr/lib/python3/dist-packages/colcon_core/task/python/colcon_distutils_commands:/home/gerardo/turtlebot3_group6v2/install/motor_position_controller/lib/python3.10/site-packages:${PYTHONPATH} /usr/bin/python3 -W ignore:setup.py install is deprecated setup.py egg_info --egg-base ../../build/motor_position_controller build --build-base /home/gerardo/turtlebot3_group6v2/build/motor_position_controller/build install --record /home/gerardo/turtlebot3_group6v2/build/motor_position_controller/install.log --single-version-externally-managed install_data
[1.415s] Level 1:colcon.colcon_core.environment:checking '/home/gerardo/turtlebot3_group6v2/install/motor_position_controller' for CMake config files
[1.415s] Level 1:colcon.colcon_core.environment:checking '/home/gerardo/turtlebot3_group6v2/install/motor_position_controller/lib'
[1.415s] Level 1:colcon.colcon_core.environment:checking '/home/gerardo/turtlebot3_group6v2/install/motor_position_controller/bin'
[1.415s] Level 1:colcon.colcon_core.environment:checking '/home/gerardo/turtlebot3_group6v2/install/motor_position_controller/lib/pkgconfig/motor_position_controller.pc'
[1.415s] Level 1:colcon.colcon_core.environment:checking '/home/gerardo/turtlebot3_group6v2/install/motor_position_controller/lib/python3.10/site-packages'
[1.415s] Level 1:colcon.colcon_core.shell:create_environment_hook('motor_position_controller', 'pythonpath')
[1.415s] INFO:colcon.colcon_core.shell:Creating environment hook '/home/gerardo/turtlebot3_group6v2/install/motor_position_controller/share/motor_position_controller/hook/pythonpath.ps1'
[1.416s] INFO:colcon.colcon_core.shell:Creating environment descriptor '/home/gerardo/turtlebot3_group6v2/install/motor_position_controller/share/motor_position_controller/hook/pythonpath.dsv'
[1.416s] INFO:colcon.colcon_core.shell:Creating environment hook '/home/gerardo/turtlebot3_group6v2/install/motor_position_controller/share/motor_position_controller/hook/pythonpath.sh'
[1.416s] Level 1:colcon.colcon_core.environment:checking '/home/gerardo/turtlebot3_group6v2/install/motor_position_controller/bin'
[1.416s] Level 1:colcon.colcon_core.environment:create_environment_scripts_only(motor_position_controller)
[1.416s] INFO:colcon.colcon_core.shell:Creating package script '/home/gerardo/turtlebot3_group6v2/install/motor_position_controller/share/motor_position_controller/package.ps1'
[1.417s] INFO:colcon.colcon_core.shell:Creating package descriptor '/home/gerardo/turtlebot3_group6v2/install/motor_position_controller/share/motor_position_controller/package.dsv'
[1.417s] INFO:colcon.colcon_core.shell:Creating package script '/home/gerardo/turtlebot3_group6v2/install/motor_position_controller/share/motor_position_controller/package.sh'
[1.417s] INFO:colcon.colcon_core.shell:Creating package script '/home/gerardo/turtlebot3_group6v2/install/motor_position_controller/share/motor_position_controller/package.bash'
[1.417s] INFO:colcon.colcon_core.shell:Creating package script '/home/gerardo/turtlebot3_group6v2/install/motor_position_controller/share/motor_position_controller/package.zsh'
[1.417s] Level 1:colcon.colcon_core.environment:create_file_with_runtime_dependencies(/home/gerardo/turtlebot3_group6v2/install/motor_position_controller/share/colcon-core/packages/motor_position_controller)
[1.418s] Level 1:colcon.colcon_core.environment:checking '/home/gerardo/turtlebot3_group6v2/install/laser_scan_adjuster' for CMake module files
[1.418s] DEBUG:colcon.colcon_core.event_handler.log_command:Invoked command in '/home/gerardo/turtlebot3_group6v2/src/laser_scan_adjuster' returned '0': PYTHONPATH=/home/gerardo/turtlebot3_group6v2/build/laser_scan_adjuster/prefix_override:/usr/lib/python3/dist-packages/colcon_core/task/python/colcon_distutils_commands:/home/gerardo/turtlebot3_group6v2/install/laser_scan_adjuster/lib/python3.10/site-packages:${PYTHONPATH} /usr/bin/python3 -W ignore:setup.py install is deprecated setup.py egg_info --egg-base ../../build/laser_scan_adjuster build --build-base /home/gerardo/turtlebot3_group6v2/build/laser_scan_adjuster/build install --record /home/gerardo/turtlebot3_group6v2/build/laser_scan_adjuster/install.log --single-version-externally-managed install_data
[1.418s] Level 1:colcon.colcon_core.environment:checking '/home/gerardo/turtlebot3_group6v2/install/laser_scan_adjuster' for CMake config files
[1.419s] Level 1:colcon.colcon_core.environment:checking '/home/gerardo/turtlebot3_group6v2/install/laser_scan_adjuster/lib'
[1.419s] Level 1:colcon.colcon_core.environment:checking '/home/gerardo/turtlebot3_group6v2/install/laser_scan_adjuster/bin'
[1.419s] Level 1:colcon.colcon_core.environment:checking '/home/gerardo/turtlebot3_group6v2/install/laser_scan_adjuster/lib/pkgconfig/laser_scan_adjuster.pc'
[1.419s] Level 1:colcon.colcon_core.environment:checking '/home/gerardo/turtlebot3_group6v2/install/laser_scan_adjuster/lib/python3.10/site-packages'
[1.419s] Level 1:colcon.colcon_core.shell:create_environment_hook('laser_scan_adjuster', 'pythonpath')
[1.419s] INFO:colcon.colcon_core.shell:Creating environment hook '/home/gerardo/turtlebot3_group6v2/install/laser_scan_adjuster/share/laser_scan_adjuster/hook/pythonpath.ps1'
[1.419s] INFO:colcon.colcon_core.shell:Creating environment descriptor '/home/gerardo/turtlebot3_group6v2/install/laser_scan_adjuster/share/laser_scan_adjuster/hook/pythonpath.dsv'
[1.419s] INFO:colcon.colcon_core.shell:Creating environment hook '/home/gerardo/turtlebot3_group6v2/install/laser_scan_adjuster/share/laser_scan_adjuster/hook/pythonpath.sh'
[1.420s] Level 1:colcon.colcon_core.environment:checking '/home/gerardo/turtlebot3_group6v2/install/laser_scan_adjuster/bin'
[1.420s] Level 1:colcon.colcon_core.environment:create_environment_scripts_only(laser_scan_adjuster)
[1.420s] INFO:colcon.colcon_core.shell:Creating package script '/home/gerardo/turtlebot3_group6v2/install/laser_scan_adjuster/share/laser_scan_adjuster/package.ps1'
[1.420s] INFO:colcon.colcon_core.shell:Creating package descriptor '/home/gerardo/turtlebot3_group6v2/install/laser_scan_adjuster/share/laser_scan_adjuster/package.dsv'
[1.420s] INFO:colcon.colcon_core.shell:Creating package script '/home/gerardo/turtlebot3_group6v2/install/laser_scan_adjuster/share/laser_scan_adjuster/package.sh'
[1.421s] INFO:colcon.colcon_core.shell:Creating package script '/home/gerardo/turtlebot3_group6v2/install/laser_scan_adjuster/share/laser_scan_adjuster/package.bash'
[1.421s] INFO:colcon.colcon_core.shell:Creating package script '/home/gerardo/turtlebot3_group6v2/install/laser_scan_adjuster/share/laser_scan_adjuster/package.zsh'
[1.421s] Level 1:colcon.colcon_core.environment:create_file_with_runtime_dependencies(/home/gerardo/turtlebot3_group6v2/install/laser_scan_adjuster/share/colcon-core/packages/laser_scan_adjuster)
[1.436s] Level 1:colcon.colcon_core.environment:checking '/home/gerardo/turtlebot3_group6v2/install/turtlebot3_explore' for CMake module files
[1.436s] DEBUG:colcon.colcon_core.event_handler.log_command:Invoked command in '/home/gerardo/turtlebot3_group6v2/src/turtlebot3_explore' returned '0': PYTHONPATH=/home/gerardo/turtlebot3_group6v2/build/turtlebot3_explore/prefix_override:/usr/lib/python3/dist-packages/colcon_core/task/python/colcon_distutils_commands:/home/gerardo/turtlebot3_group6v2/install/turtlebot3_explore/lib/python3.10/site-packages:${PYTHONPATH} /usr/bin/python3 -W ignore:setup.py install is deprecated setup.py egg_info --egg-base ../../build/turtlebot3_explore build --build-base /home/gerardo/turtlebot3_group6v2/build/turtlebot3_explore/build install --record /home/gerardo/turtlebot3_group6v2/build/turtlebot3_explore/install.log --single-version-externally-managed install_data
[1.437s] Level 1:colcon.colcon_core.environment:checking '/home/gerardo/turtlebot3_group6v2/install/turtlebot3_explore' for CMake config files
[1.437s] Level 1:colcon.colcon_core.environment:checking '/home/gerardo/turtlebot3_group6v2/install/turtlebot3_explore/lib'
[1.437s] Level 1:colcon.colcon_core.environment:checking '/home/gerardo/turtlebot3_group6v2/install/turtlebot3_explore/bin'
[1.437s] Level 1:colcon.colcon_core.environment:checking '/home/gerardo/turtlebot3_group6v2/install/turtlebot3_explore/lib/pkgconfig/turtlebot3_explore.pc'
[1.437s] Level 1:colcon.colcon_core.environment:checking '/home/gerardo/turtlebot3_group6v2/install/turtlebot3_explore/lib/python3.10/site-packages'
[1.437s] Level 1:colcon.colcon_core.shell:create_environment_hook('turtlebot3_explore', 'pythonpath')
[1.437s] INFO:colcon.colcon_core.shell:Creating environment hook '/home/gerardo/turtlebot3_group6v2/install/turtlebot3_explore/share/turtlebot3_explore/hook/pythonpath.ps1'
[1.438s] INFO:colcon.colcon_core.shell:Creating environment descriptor '/home/gerardo/turtlebot3_group6v2/install/turtlebot3_explore/share/turtlebot3_explore/hook/pythonpath.dsv'
[1.438s] INFO:colcon.colcon_core.shell:Creating environment hook '/home/gerardo/turtlebot3_group6v2/install/turtlebot3_explore/share/turtlebot3_explore/hook/pythonpath.sh'
[1.439s] Level 1:colcon.colcon_core.environment:checking '/home/gerardo/turtlebot3_group6v2/install/turtlebot3_explore/bin'
[1.439s] Level 1:colcon.colcon_core.environment:create_environment_scripts_only(turtlebot3_explore)
[1.439s] INFO:colcon.colcon_core.shell:Creating package script '/home/gerardo/turtlebot3_group6v2/install/turtlebot3_explore/share/turtlebot3_explore/package.ps1'
[1.440s] INFO:colcon.colcon_core.shell:Creating package descriptor '/home/gerardo/turtlebot3_group6v2/install/turtlebot3_explore/share/turtlebot3_explore/package.dsv'
[1.440s] INFO:colcon.colcon_core.shell:Creating package script '/home/gerardo/turtlebot3_group6v2/install/turtlebot3_explore/share/turtlebot3_explore/package.sh'
[1.440s] INFO:colcon.colcon_core.shell:Creating package script '/home/gerardo/turtlebot3_group6v2/install/turtlebot3_explore/share/turtlebot3_explore/package.bash'
[1.440s] INFO:colcon.colcon_core.shell:Creating package script '/home/gerardo/turtlebot3_group6v2/install/turtlebot3_explore/share/turtlebot3_explore/package.zsh'
[1.441s] Level 1:colcon.colcon_core.environment:create_file_with_runtime_dependencies(/home/gerardo/turtlebot3_group6v2/install/turtlebot3_explore/share/colcon-core/packages/turtlebot3_explore)
[7.472s] DEBUG:colcon.colcon_core.event_handler.log_command:Invoked command in '/home/gerardo/turtlebot3_group6v2/build/explore_cpp' returned '0': CMAKE_PREFIX_PATH=${CMAKE_PREFIX_PATH}:/home/gerardo/turtlebot3_ws/install/turtlebot3_teleop:/home/gerardo/turtlebot3_ws/install/turtlebot3_poi_navigation:/home/gerardo/turtlebot3_ws/install/turtlebot3_example:/home/gerardo/turtlebot3_ws/install/turtlebot3_explore:/home/gerardo/turtlebot3_ws/install/motor_position_controller:/home/gerardo/turtlebot3_ws/install/laser_scan_adjuster:/home/gerardo/turtlebot3_ws/install/joint_state_publisher_custom:/home/gerardo/turtlebot3_group6/install/turtlebot3_explore:/home/gerardo/turtlebot3_group6/install/motor_controller:/opt/ros/humble /usr/bin/cmake --build /home/gerardo/turtlebot3_group6v2/build/explore_cpp -- -j16 -l16
[7.497s] DEBUG:colcon.colcon_core.event_handler.log_command:Invoking command in '/home/gerardo/turtlebot3_group6v2/build/explore_cpp': CMAKE_PREFIX_PATH=${CMAKE_PREFIX_PATH}:/home/gerardo/turtlebot3_ws/install/turtlebot3_teleop:/home/gerardo/turtlebot3_ws/install/turtlebot3_poi_navigation:/home/gerardo/turtlebot3_ws/install/turtlebot3_example:/home/gerardo/turtlebot3_ws/install/turtlebot3_explore:/home/gerardo/turtlebot3_ws/install/motor_position_controller:/home/gerardo/turtlebot3_ws/install/laser_scan_adjuster:/home/gerardo/turtlebot3_ws/install/joint_state_publisher_custom:/home/gerardo/turtlebot3_group6/install/turtlebot3_explore:/home/gerardo/turtlebot3_group6/install/motor_controller:/opt/ros/humble /usr/bin/cmake --install /home/gerardo/turtlebot3_group6v2/build/explore_cpp
[7.506s] Level 1:colcon.colcon_core.environment:create_environment_scripts_only(explore_cpp)
[7.506s] DEBUG:colcon.colcon_core.event_handler.log_command:Invoked command in '/home/gerardo/turtlebot3_group6v2/build/explore_cpp' returned '0': CMAKE_PREFIX_PATH=${CMAKE_PREFIX_PATH}:/home/gerardo/turtlebot3_ws/install/turtlebot3_teleop:/home/gerardo/turtlebot3_ws/install/turtlebot3_poi_navigation:/home/gerardo/turtlebot3_ws/install/turtlebot3_example:/home/gerardo/turtlebot3_ws/install/turtlebot3_explore:/home/gerardo/turtlebot3_ws/install/motor_position_controller:/home/gerardo/turtlebot3_ws/install/laser_scan_adjuster:/home/gerardo/turtlebot3_ws/install/joint_state_publisher_custom:/home/gerardo/turtlebot3_group6/install/turtlebot3_explore:/home/gerardo/turtlebot3_group6/install/motor_controller:/opt/ros/humble /usr/bin/cmake --install /home/gerardo/turtlebot3_group6v2/build/explore_cpp
[7.507s] Level 1:colcon.colcon_core.environment:checking '/home/gerardo/turtlebot3_group6v2/install/explore_cpp' for CMake module files
[7.507s] Level 1:colcon.colcon_core.environment:checking '/home/gerardo/turtlebot3_group6v2/install/explore_cpp' for CMake config files
[7.507s] Level 1:colcon.colcon_core.shell:create_environment_hook('explore_cpp', 'cmake_prefix_path')
[7.507s] INFO:colcon.colcon_core.shell:Creating environment hook '/home/gerardo/turtlebot3_group6v2/install/explore_cpp/share/explore_cpp/hook/cmake_prefix_path.ps1'
[7.507s] INFO:colcon.colcon_core.shell:Creating environment descriptor '/home/gerardo/turtlebot3_group6v2/install/explore_cpp/share/explore_cpp/hook/cmake_prefix_path.dsv'
[7.507s] INFO:colcon.colcon_core.shell:Creating environment hook '/home/gerardo/turtlebot3_group6v2/install/explore_cpp/share/explore_cpp/hook/cmake_prefix_path.sh'
[7.508s] Level 1:colcon.colcon_core.environment:checking '/home/gerardo/turtlebot3_group6v2/install/explore_cpp/lib'
[7.508s] Level 1:colcon.colcon_core.environment:checking '/home/gerardo/turtlebot3_group6v2/install/explore_cpp/bin'
[7.508s] Level 1:colcon.colcon_core.environment:checking '/home/gerardo/turtlebot3_group6v2/install/explore_cpp/lib/pkgconfig/explore_cpp.pc'
[7.508s] Level 1:colcon.colcon_core.environment:checking '/home/gerardo/turtlebot3_group6v2/install/explore_cpp/lib/python3.10/site-packages'
[7.508s] Level 1:colcon.colcon_core.environment:checking '/home/gerardo/turtlebot3_group6v2/install/explore_cpp/bin'
[7.508s] INFO:colcon.colcon_core.shell:Creating package script '/home/gerardo/turtlebot3_group6v2/install/explore_cpp/share/explore_cpp/package.ps1'
[7.509s] INFO:colcon.colcon_core.shell:Creating package descriptor '/home/gerardo/turtlebot3_group6v2/install/explore_cpp/share/explore_cpp/package.dsv'
[7.509s] INFO:colcon.colcon_core.shell:Creating package script '/home/gerardo/turtlebot3_group6v2/install/explore_cpp/share/explore_cpp/package.sh'
[7.509s] INFO:colcon.colcon_core.shell:Creating package script '/home/gerardo/turtlebot3_group6v2/install/explore_cpp/share/explore_cpp/package.bash'
[7.509s] INFO:colcon.colcon_core.shell:Creating package script '/home/gerardo/turtlebot3_group6v2/install/explore_cpp/share/explore_cpp/package.zsh'
[7.509s] Level 1:colcon.colcon_core.environment:create_file_with_runtime_dependencies(/home/gerardo/turtlebot3_group6v2/install/explore_cpp/share/colcon-core/packages/explore_cpp)
[7.531s] Level 1:colcon.colcon_core.environment:create_environment_scripts_only(explore_cpp)
[7.531s] Level 1:colcon.colcon_core.environment:checking '/home/gerardo/turtlebot3_group6v2/install/explore_cpp' for CMake module files
[7.531s] Level 1:colcon.colcon_core.environment:checking '/home/gerardo/turtlebot3_group6v2/install/explore_cpp' for CMake config files
[7.532s] Level 1:colcon.colcon_core.shell:create_environment_hook('explore_cpp', 'cmake_prefix_path')
[7.532s] INFO:colcon.colcon_core.shell:Creating environment hook '/home/gerardo/turtlebot3_group6v2/install/explore_cpp/share/explore_cpp/hook/cmake_prefix_path.ps1'
[7.532s] INFO:colcon.colcon_core.shell:Creating environment descriptor '/home/gerardo/turtlebot3_group6v2/install/explore_cpp/share/explore_cpp/hook/cmake_prefix_path.dsv'
[7.532s] INFO:colcon.colcon_core.shell:Creating environment hook '/home/gerardo/turtlebot3_group6v2/install/explore_cpp/share/explore_cpp/hook/cmake_prefix_path.sh'
[7.533s] Level 1:colcon.colcon_core.environment:checking '/home/gerardo/turtlebot3_group6v2/install/explore_cpp/lib'
[7.533s] Level 1:colcon.colcon_core.environment:checking '/home/gerardo/turtlebot3_group6v2/install/explore_cpp/bin'
[7.533s] Level 1:colcon.colcon_core.environment:checking '/home/gerardo/turtlebot3_group6v2/install/explore_cpp/lib/pkgconfig/explore_cpp.pc'
[7.533s] Level 1:colcon.colcon_core.environment:checking '/home/gerardo/turtlebot3_group6v2/install/explore_cpp/lib/python3.10/site-packages'
[7.533s] Level 1:colcon.colcon_core.environment:checking '/home/gerardo/turtlebot3_group6v2/install/explore_cpp/bin'
[7.533s] INFO:colcon.colcon_core.shell:Creating package script '/home/gerardo/turtlebot3_group6v2/install/explore_cpp/share/explore_cpp/package.ps1'
[7.534s] INFO:colcon.colcon_core.shell:Creating package descriptor '/home/gerardo/turtlebot3_group6v2/install/explore_cpp/share/explore_cpp/package.dsv'
[7.534s] INFO:colcon.colcon_core.shell:Creating package script '/home/gerardo/turtlebot3_group6v2/install/explore_cpp/share/explore_cpp/package.sh'
[7.534s] INFO:colcon.colcon_core.shell:Creating package script '/home/gerardo/turtlebot3_group6v2/install/explore_cpp/share/explore_cpp/package.bash'
[7.535s] INFO:colcon.colcon_core.shell:Creating package script '/home/gerardo/turtlebot3_group6v2/install/explore_cpp/share/explore_cpp/package.zsh'
[7.535s] Level 1:colcon.colcon_core.environment:create_file_with_runtime_dependencies(/home/gerardo/turtlebot3_group6v2/install/explore_cpp/share/colcon-core/packages/explore_cpp)
[7.535s] DEBUG:colcon.colcon_parallel_executor.executor.parallel:closing loop
[7.535s] DEBUG:colcon.colcon_parallel_executor.executor.parallel:loop closed
[7.535s] DEBUG:colcon.colcon_parallel_executor.executor.parallel:run_until_complete finished with '0'
[7.535s] DEBUG:colcon.colcon_core.event_reactor:joining thread
[7.540s] INFO:colcon.colcon_core.plugin_system:Skipping extension 'colcon_notification.desktop_notification.terminal_notifier': Not used on non-Darwin systems
[7.541s] INFO:colcon.colcon_core.plugin_system:Skipping extension 'colcon_notification.desktop_notification.win32': Not used on non-Windows systems
[7.541s] INFO:colcon.colcon_notification.desktop_notification:Sending desktop notification using 'notify2'
[7.554s] DEBUG:colcon.colcon_core.event_reactor:joined thread
[7.555s] INFO:colcon.colcon_core.shell:Creating prefix script '/home/gerardo/turtlebot3_group6v2/install/local_setup.ps1'
[7.555s] INFO:colcon.colcon_core.shell:Creating prefix util module '/home/gerardo/turtlebot3_group6v2/install/_local_setup_util_ps1.py'
[7.556s] INFO:colcon.colcon_core.shell:Creating prefix chain script '/home/gerardo/turtlebot3_group6v2/install/setup.ps1'
[7.557s] INFO:colcon.colcon_core.shell:Creating prefix script '/home/gerardo/turtlebot3_group6v2/install/local_setup.sh'
[7.557s] INFO:colcon.colcon_core.shell:Creating prefix util module '/home/gerardo/turtlebot3_group6v2/install/_local_setup_util_sh.py'
[7.557s] INFO:colcon.colcon_core.shell:Creating prefix chain script '/home/gerardo/turtlebot3_group6v2/install/setup.sh'
[7.558s] INFO:colcon.colcon_core.shell:Creating prefix script '/home/gerardo/turtlebot3_group6v2/install/local_setup.bash'
[7.559s] INFO:colcon.colcon_core.shell:Creating prefix chain script '/home/gerardo/turtlebot3_group6v2/install/setup.bash'
[7.559s] INFO:colcon.colcon_core.shell:Creating prefix script '/home/gerardo/turtlebot3_group6v2/install/local_setup.zsh'
[7.559s] INFO:colcon.colcon_core.shell:Creating prefix chain script '/home/gerardo/turtlebot3_group6v2/install/setup.zsh'
