running egg_info
creating ../build/turtlebot3_poi_navigation/turtlebot3_poi_navigation.egg-info
writing ../build/turtlebot3_poi_navigation/turtlebot3_poi_navigation.egg-info/PKG-INFO
writing dependency_links to ../build/turtlebot3_poi_navigation/turtlebot3_poi_navigation.egg-info/dependency_links.txt
writing entry points to ../build/turtlebot3_poi_navigation/turtlebot3_poi_navigation.egg-info/entry_points.txt
writing requirements to ../build/turtlebot3_poi_navigation/turtlebot3_poi_navigation.egg-info/requires.txt
writing top-level names to ../build/turtlebot3_poi_navigation/turtlebot3_poi_navigation.egg-info/top_level.txt
writing manifest file '../build/turtlebot3_poi_navigation/turtlebot3_poi_navigation.egg-info/SOURCES.txt'
reading manifest file '../build/turtlebot3_poi_navigation/turtlebot3_poi_navigation.egg-info/SOURCES.txt'
writing manifest file '../build/turtlebot3_poi_navigation/turtlebot3_poi_navigation.egg-info/SOURCES.txt'
running build
running build_py
creating /home/gerardo/turtlebot3_group6v2/src/build/turtlebot3_poi_navigation/build
creating /home/gerardo/turtlebot3_group6v2/src/build/turtlebot3_poi_navigation/build/lib
creating /home/gerardo/turtlebot3_group6v2/src/build/turtlebot3_poi_navigation/build/lib/turtlebot3_poi_navigation
copying turtlebot3_poi_navigation/poi_manager.py -> /home/gerardo/turtlebot3_group6v2/src/build/turtlebot3_poi_navigation/build/lib/turtlebot3_poi_navigation
copying turtlebot3_poi_navigation/__init__.py -> /home/gerardo/turtlebot3_group6v2/src/build/turtlebot3_poi_navigation/build/lib/turtlebot3_poi_navigation
running install
running install_lib
creating /home/gerardo/turtlebot3_group6v2/src/install/turtlebot3_poi_navigation/lib/python3.10/site-packages/turtlebot3_poi_navigation
copying /home/gerardo/turtlebot3_group6v2/src/build/turtlebot3_poi_navigation/build/lib/turtlebot3_poi_navigation/poi_manager.py -> /home/gerardo/turtlebot3_group6v2/src/install/turtlebot3_poi_navigation/lib/python3.10/site-packages/turtlebot3_poi_navigation
copying /home/gerardo/turtlebot3_group6v2/src/build/turtlebot3_poi_navigation/build/lib/turtlebot3_poi_navigation/__init__.py -> /home/gerardo/turtlebot3_group6v2/src/install/turtlebot3_poi_navigation/lib/python3.10/site-packages/turtlebot3_poi_navigation
byte-compiling /home/gerardo/turtlebot3_group6v2/src/install/turtlebot3_poi_navigation/lib/python3.10/site-packages/turtlebot3_poi_navigation/poi_manager.py to poi_manager.cpython-310.pyc
byte-compiling /home/gerardo/turtlebot3_group6v2/src/install/turtlebot3_poi_navigation/lib/python3.10/site-packages/turtlebot3_poi_navigation/__init__.py to __init__.cpython-310.pyc
running install_data
creating /home/gerardo/turtlebot3_group6v2/src/install/turtlebot3_poi_navigation/share/ament_index
creating /home/gerardo/turtlebot3_group6v2/src/install/turtlebot3_poi_navigation/share/ament_index/resource_index
creating /home/gerardo/turtlebot3_group6v2/src/install/turtlebot3_poi_navigation/share/ament_index/resource_index/packages
copying resource/turtlebot3_poi_navigation -> /home/gerardo/turtlebot3_group6v2/src/install/turtlebot3_poi_navigation/share/ament_index/resource_index/packages
copying package.xml -> /home/gerardo/turtlebot3_group6v2/src/install/turtlebot3_poi_navigation/share/turtlebot3_poi_navigation
running install_egg_info
Copying ../build/turtlebot3_poi_navigation/turtlebot3_poi_navigation.egg-info to /home/gerardo/turtlebot3_group6v2/src/install/turtlebot3_poi_navigation/lib/python3.10/site-packages/turtlebot3_poi_navigation-0.0.0-py3.10.egg-info
running install_scripts
Installing poi_manager script to /home/gerardo/turtlebot3_group6v2/src/install/turtlebot3_poi_navigation/lib/turtlebot3_poi_navigation
writing list of installed files to '/home/gerardo/turtlebot3_group6v2/src/build/turtlebot3_poi_navigation/install.log'
