[0.058s] DEBUG:colcon:Command line arguments: ['/usr/bin/colcon', 'build']
[0.058s] DEBUG:colcon:Parsed command line arguments: Namespace(log_base=None, log_level=None, verb_name='build', build_base='build', install_base='install', merge_install=False, symlink_install=False, test_result_base=None, continue_on_error=False, executor='parallel', parallel_workers=16, event_handlers=None, ignore_user_meta=False, metas=['./colcon.meta'], base_paths=['.'], packages_ignore=None, packages_ignore_regex=None, paths=None, packages_up_to=None, packages_up_to_regex=None, packages_above=None, packages_above_and_dependencies=None, packages_above_depth=None, packages_select_by_dep=None, packages_skip_by_dep=None, packages_skip_up_to=None, packages_select_build_failed=False, packages_skip_build_finished=False, packages_select_test_failures=False, packages_skip_test_passed=False, packages_select=None, packages_skip=None, packages_select_regex=None, packages_skip_regex=None, packages_start=None, packages_end=None, allow_overriding=[], cmake_args=None, cmake_target=None, cmake_target_skip_unavailable=False, cmake_clean_cache=False, cmake_clean_first=False, cmake_force_configure=False, ament_cmake_args=None, catkin_cmake_args=None, catkin_skip_building_tests=False, verb_parser=<colcon_defaults.argument_parser.defaults.DefaultArgumentsDecorator object at 0x71d2af707550>, verb_extension=<colcon_core.verb.build.BuildVerb object at 0x71d2af706f50>, main=<bound method BuildVerb.main of <colcon_core.verb.build.BuildVerb object at 0x71d2af706f50>>)
[0.151s] Level 1:colcon.colcon_core.package_discovery:discover_packages(colcon_meta) check parameters
[0.151s] Level 1:colcon.colcon_core.package_discovery:discover_packages(recursive) check parameters
[0.151s] Level 1:colcon.colcon_core.package_discovery:discover_packages(ignore) check parameters
[0.151s] Level 1:colcon.colcon_core.package_discovery:discover_packages(path) check parameters
[0.151s] Level 1:colcon.colcon_core.package_discovery:discover_packages(colcon_meta) discover
[0.151s] Level 1:colcon.colcon_core.package_discovery:discover_packages(recursive) discover
[0.151s] INFO:colcon.colcon_core.package_discovery:Crawling recursively for packages in '/home/gerardo/turtlebot3_group6v2'
[0.151s] Level 1:colcon.colcon_core.package_identification:_identify(.) by extensions ['ignore', 'ignore_ament_install']
[0.151s] Level 1:colcon.colcon_core.package_identification:_identify(.) by extension 'ignore'
[0.151s] Level 1:colcon.colcon_core.package_identification:_identify(.) by extension 'ignore_ament_install'
[0.151s] Level 1:colcon.colcon_core.package_identification:_identify(.) by extensions ['colcon_pkg']
[0.151s] Level 1:colcon.colcon_core.package_identification:_identify(.) by extension 'colcon_pkg'
[0.151s] Level 1:colcon.colcon_core.package_identification:_identify(.) by extensions ['colcon_meta']
[0.151s] Level 1:colcon.colcon_core.package_identification:_identify(.) by extension 'colcon_meta'
[0.152s] Level 1:colcon.colcon_core.package_identification:_identify(.) by extensions ['ros']
[0.152s] Level 1:colcon.colcon_core.package_identification:_identify(.) by extension 'ros'
[0.158s] Level 1:colcon.colcon_core.package_identification:_identify(.) by extensions ['cmake', 'python']
[0.158s] Level 1:colcon.colcon_core.package_identification:_identify(.) by extension 'cmake'
[0.158s] Level 1:colcon.colcon_core.package_identification:_identify(.) by extension 'python'
[0.158s] Level 1:colcon.colcon_core.package_identification:_identify(.) by extensions ['python_setup_py']
[0.158s] Level 1:colcon.colcon_core.package_identification:_identify(.) by extension 'python_setup_py'
[0.158s] Level 1:colcon.colcon_core.package_identification:_identify(build) by extensions ['ignore', 'ignore_ament_install']
[0.158s] Level 1:colcon.colcon_core.package_identification:_identify(build) by extension 'ignore'
[0.158s] Level 1:colcon.colcon_core.package_identification:_identify(build) ignored
[0.158s] Level 1:colcon.colcon_core.package_identification:_identify(install) by extensions ['ignore', 'ignore_ament_install']
[0.158s] Level 1:colcon.colcon_core.package_identification:_identify(install) by extension 'ignore'
[0.158s] Level 1:colcon.colcon_core.package_identification:_identify(install) ignored
[0.158s] Level 1:colcon.colcon_core.package_identification:_identify(log) by extensions ['ignore', 'ignore_ament_install']
[0.158s] Level 1:colcon.colcon_core.package_identification:_identify(log) by extension 'ignore'
[0.158s] Level 1:colcon.colcon_core.package_identification:_identify(log) ignored
[0.158s] Level 1:colcon.colcon_core.package_identification:_identify(src) by extensions ['ignore', 'ignore_ament_install']
[0.158s] Level 1:colcon.colcon_core.package_identification:_identify(src) by extension 'ignore'
[0.159s] Level 1:colcon.colcon_core.package_identification:_identify(src) by extension 'ignore_ament_install'
[0.159s] Level 1:colcon.colcon_core.package_identification:_identify(src) by extensions ['colcon_pkg']
[0.159s] Level 1:colcon.colcon_core.package_identification:_identify(src) by extension 'colcon_pkg'
[0.159s] Level 1:colcon.colcon_core.package_identification:_identify(src) by extensions ['colcon_meta']
[0.159s] Level 1:colcon.colcon_core.package_identification:_identify(src) by extension 'colcon_meta'
[0.159s] Level 1:colcon.colcon_core.package_identification:_identify(src) by extensions ['ros']
[0.159s] Level 1:colcon.colcon_core.package_identification:_identify(src) by extension 'ros'
[0.159s] Level 1:colcon.colcon_core.package_identification:_identify(src) by extensions ['cmake', 'python']
[0.159s] Level 1:colcon.colcon_core.package_identification:_identify(src) by extension 'cmake'
[0.159s] Level 1:colcon.colcon_core.package_identification:_identify(src) by extension 'python'
[0.159s] Level 1:colcon.colcon_core.package_identification:_identify(src) by extensions ['python_setup_py']
[0.159s] Level 1:colcon.colcon_core.package_identification:_identify(src) by extension 'python_setup_py'
[0.159s] Level 1:colcon.colcon_core.package_identification:_identify(src/HAZMAT_Detection) by extensions ['ignore', 'ignore_ament_install']
[0.159s] Level 1:colcon.colcon_core.package_identification:_identify(src/HAZMAT_Detection) by extension 'ignore'
[0.159s] Level 1:colcon.colcon_core.package_identification:_identify(src/HAZMAT_Detection) by extension 'ignore_ament_install'
[0.159s] Level 1:colcon.colcon_core.package_identification:_identify(src/HAZMAT_Detection) by extensions ['colcon_pkg']
[0.159s] Level 1:colcon.colcon_core.package_identification:_identify(src/HAZMAT_Detection) by extension 'colcon_pkg'
[0.159s] Level 1:colcon.colcon_core.package_identification:_identify(src/HAZMAT_Detection) by extensions ['colcon_meta']
[0.159s] Level 1:colcon.colcon_core.package_identification:_identify(src/HAZMAT_Detection) by extension 'colcon_meta'
[0.159s] Level 1:colcon.colcon_core.package_identification:_identify(src/HAZMAT_Detection) by extensions ['ros']
[0.159s] Level 1:colcon.colcon_core.package_identification:_identify(src/HAZMAT_Detection) by extension 'ros'
[0.159s] Level 1:colcon.colcon_core.package_identification:_identify(src/HAZMAT_Detection) by extensions ['cmake', 'python']
[0.159s] Level 1:colcon.colcon_core.package_identification:_identify(src/HAZMAT_Detection) by extension 'cmake'
[0.159s] Level 1:colcon.colcon_core.package_identification:_identify(src/HAZMAT_Detection) by extension 'python'
[0.159s] Level 1:colcon.colcon_core.package_identification:_identify(src/HAZMAT_Detection) by extensions ['python_setup_py']
[0.159s] Level 1:colcon.colcon_core.package_identification:_identify(src/HAZMAT_Detection) by extension 'python_setup_py'
[0.159s] Level 1:colcon.colcon_core.package_identification:_identify(src/HAZMAT_Detection/build) by extensions ['ignore', 'ignore_ament_install']
[0.159s] Level 1:colcon.colcon_core.package_identification:_identify(src/HAZMAT_Detection/build) by extension 'ignore'
[0.159s] Level 1:colcon.colcon_core.package_identification:_identify(src/HAZMAT_Detection/build) ignored
[0.159s] Level 1:colcon.colcon_core.package_identification:_identify(src/HAZMAT_Detection/camara) by extensions ['ignore', 'ignore_ament_install']
[0.159s] Level 1:colcon.colcon_core.package_identification:_identify(src/HAZMAT_Detection/camara) by extension 'ignore'
[0.159s] Level 1:colcon.colcon_core.package_identification:_identify(src/HAZMAT_Detection/camara) by extension 'ignore_ament_install'
[0.159s] Level 1:colcon.colcon_core.package_identification:_identify(src/HAZMAT_Detection/camara) by extensions ['colcon_pkg']
[0.159s] Level 1:colcon.colcon_core.package_identification:_identify(src/HAZMAT_Detection/camara) by extension 'colcon_pkg'
[0.159s] Level 1:colcon.colcon_core.package_identification:_identify(src/HAZMAT_Detection/camara) by extensions ['colcon_meta']
[0.159s] Level 1:colcon.colcon_core.package_identification:_identify(src/HAZMAT_Detection/camara) by extension 'colcon_meta'
[0.159s] Level 1:colcon.colcon_core.package_identification:_identify(src/HAZMAT_Detection/camara) by extensions ['ros']
[0.159s] Level 1:colcon.colcon_core.package_identification:_identify(src/HAZMAT_Detection/camara) by extension 'ros'
[0.161s] DEBUG:colcon.colcon_core.package_identification:Package 'src/HAZMAT_Detection/camara' with type 'ros.ament_python' and name 'camara'
[0.161s] Level 1:colcon.colcon_core.package_identification:_identify(src/HAZMAT_Detection/install) by extensions ['ignore', 'ignore_ament_install']
[0.161s] Level 1:colcon.colcon_core.package_identification:_identify(src/HAZMAT_Detection/install) by extension 'ignore'
[0.161s] Level 1:colcon.colcon_core.package_identification:_identify(src/HAZMAT_Detection/install) ignored
[0.161s] Level 1:colcon.colcon_core.package_identification:_identify(src/HAZMAT_Detection/log) by extensions ['ignore', 'ignore_ament_install']
[0.161s] Level 1:colcon.colcon_core.package_identification:_identify(src/HAZMAT_Detection/log) by extension 'ignore'
[0.161s] Level 1:colcon.colcon_core.package_identification:_identify(src/HAZMAT_Detection/log) ignored
[0.161s] Level 1:colcon.colcon_core.package_identification:_identify(src/explore_cpp) by extensions ['ignore', 'ignore_ament_install']
[0.161s] Level 1:colcon.colcon_core.package_identification:_identify(src/explore_cpp) by extension 'ignore'
[0.161s] Level 1:colcon.colcon_core.package_identification:_identify(src/explore_cpp) by extension 'ignore_ament_install'
[0.161s] Level 1:colcon.colcon_core.package_identification:_identify(src/explore_cpp) by extensions ['colcon_pkg']
[0.161s] Level 1:colcon.colcon_core.package_identification:_identify(src/explore_cpp) by extension 'colcon_pkg'
[0.161s] Level 1:colcon.colcon_core.package_identification:_identify(src/explore_cpp) by extensions ['colcon_meta']
[0.161s] Level 1:colcon.colcon_core.package_identification:_identify(src/explore_cpp) by extension 'colcon_meta'
[0.161s] Level 1:colcon.colcon_core.package_identification:_identify(src/explore_cpp) by extensions ['ros']
[0.161s] Level 1:colcon.colcon_core.package_identification:_identify(src/explore_cpp) by extension 'ros'
[0.162s] DEBUG:colcon.colcon_core.package_identification:Package 'src/explore_cpp' with type 'ros.ament_cmake' and name 'explore_cpp'
[0.162s] Level 1:colcon.colcon_core.package_identification:_identify(src/hazmat_marker) by extensions ['ignore', 'ignore_ament_install']
[0.162s] Level 1:colcon.colcon_core.package_identification:_identify(src/hazmat_marker) by extension 'ignore'
[0.162s] Level 1:colcon.colcon_core.package_identification:_identify(src/hazmat_marker) by extension 'ignore_ament_install'
[0.162s] Level 1:colcon.colcon_core.package_identification:_identify(src/hazmat_marker) by extensions ['colcon_pkg']
[0.162s] Level 1:colcon.colcon_core.package_identification:_identify(src/hazmat_marker) by extension 'colcon_pkg'
[0.162s] Level 1:colcon.colcon_core.package_identification:_identify(src/hazmat_marker) by extensions ['colcon_meta']
[0.162s] Level 1:colcon.colcon_core.package_identification:_identify(src/hazmat_marker) by extension 'colcon_meta'
[0.162s] Level 1:colcon.colcon_core.package_identification:_identify(src/hazmat_marker) by extensions ['ros']
[0.162s] Level 1:colcon.colcon_core.package_identification:_identify(src/hazmat_marker) by extension 'ros'
[0.163s] DEBUG:colcon.colcon_core.package_identification:Package 'src/hazmat_marker' with type 'ros.ament_python' and name 'hazmat_marker'
[0.163s] Level 1:colcon.colcon_core.package_identification:_identify(src/joint_state_publisher_custom) by extensions ['ignore', 'ignore_ament_install']
[0.163s] Level 1:colcon.colcon_core.package_identification:_identify(src/joint_state_publisher_custom) by extension 'ignore'
[0.163s] Level 1:colcon.colcon_core.package_identification:_identify(src/joint_state_publisher_custom) by extension 'ignore_ament_install'
[0.163s] Level 1:colcon.colcon_core.package_identification:_identify(src/joint_state_publisher_custom) by extensions ['colcon_pkg']
[0.163s] Level 1:colcon.colcon_core.package_identification:_identify(src/joint_state_publisher_custom) by extension 'colcon_pkg'
[0.163s] Level 1:colcon.colcon_core.package_identification:_identify(src/joint_state_publisher_custom) by extensions ['colcon_meta']
[0.163s] Level 1:colcon.colcon_core.package_identification:_identify(src/joint_state_publisher_custom) by extension 'colcon_meta'
[0.163s] Level 1:colcon.colcon_core.package_identification:_identify(src/joint_state_publisher_custom) by extensions ['ros']
[0.163s] Level 1:colcon.colcon_core.package_identification:_identify(src/joint_state_publisher_custom) by extension 'ros'
[0.164s] DEBUG:colcon.colcon_core.package_identification:Package 'src/joint_state_publisher_custom' with type 'ros.ament_python' and name 'joint_state_publisher_custom'
[0.164s] Level 1:colcon.colcon_core.package_identification:_identify(src/laser_scan_adjuster) by extensions ['ignore', 'ignore_ament_install']
[0.164s] Level 1:colcon.colcon_core.package_identification:_identify(src/laser_scan_adjuster) by extension 'ignore'
[0.164s] Level 1:colcon.colcon_core.package_identification:_identify(src/laser_scan_adjuster) by extension 'ignore_ament_install'
[0.164s] Level 1:colcon.colcon_core.package_identification:_identify(src/laser_scan_adjuster) by extensions ['colcon_pkg']
[0.164s] Level 1:colcon.colcon_core.package_identification:_identify(src/laser_scan_adjuster) by extension 'colcon_pkg'
[0.164s] Level 1:colcon.colcon_core.package_identification:_identify(src/laser_scan_adjuster) by extensions ['colcon_meta']
[0.164s] Level 1:colcon.colcon_core.package_identification:_identify(src/laser_scan_adjuster) by extension 'colcon_meta'
[0.164s] Level 1:colcon.colcon_core.package_identification:_identify(src/laser_scan_adjuster) by extensions ['ros']
[0.164s] Level 1:colcon.colcon_core.package_identification:_identify(src/laser_scan_adjuster) by extension 'ros'
[0.165s] DEBUG:colcon.colcon_core.package_identification:Package 'src/laser_scan_adjuster' with type 'ros.ament_python' and name 'laser_scan_adjuster'
[0.165s] Level 1:colcon.colcon_core.package_identification:_identify(src/motor_position_controller) by extensions ['ignore', 'ignore_ament_install']
[0.165s] Level 1:colcon.colcon_core.package_identification:_identify(src/motor_position_controller) by extension 'ignore'
[0.165s] Level 1:colcon.colcon_core.package_identification:_identify(src/motor_position_controller) by extension 'ignore_ament_install'
[0.165s] Level 1:colcon.colcon_core.package_identification:_identify(src/motor_position_controller) by extensions ['colcon_pkg']
[0.165s] Level 1:colcon.colcon_core.package_identification:_identify(src/motor_position_controller) by extension 'colcon_pkg'
[0.165s] Level 1:colcon.colcon_core.package_identification:_identify(src/motor_position_controller) by extensions ['colcon_meta']
[0.165s] Level 1:colcon.colcon_core.package_identification:_identify(src/motor_position_controller) by extension 'colcon_meta'
[0.165s] Level 1:colcon.colcon_core.package_identification:_identify(src/motor_position_controller) by extensions ['ros']
[0.165s] Level 1:colcon.colcon_core.package_identification:_identify(src/motor_position_controller) by extension 'ros'
[0.165s] DEBUG:colcon.colcon_core.package_identification:Package 'src/motor_position_controller' with type 'ros.ament_python' and name 'motor_position_controller'
[0.165s] Level 1:colcon.colcon_core.package_identification:_identify(src/turtlebot3_explore) by extensions ['ignore', 'ignore_ament_install']
[0.165s] Level 1:colcon.colcon_core.package_identification:_identify(src/turtlebot3_explore) by extension 'ignore'
[0.165s] Level 1:colcon.colcon_core.package_identification:_identify(src/turtlebot3_explore) by extension 'ignore_ament_install'
[0.165s] Level 1:colcon.colcon_core.package_identification:_identify(src/turtlebot3_explore) by extensions ['colcon_pkg']
[0.165s] Level 1:colcon.colcon_core.package_identification:_identify(src/turtlebot3_explore) by extension 'colcon_pkg'
[0.165s] Level 1:colcon.colcon_core.package_identification:_identify(src/turtlebot3_explore) by extensions ['colcon_meta']
[0.165s] Level 1:colcon.colcon_core.package_identification:_identify(src/turtlebot3_explore) by extension 'colcon_meta'
[0.165s] Level 1:colcon.colcon_core.package_identification:_identify(src/turtlebot3_explore) by extensions ['ros']
[0.165s] Level 1:colcon.colcon_core.package_identification:_identify(src/turtlebot3_explore) by extension 'ros'
[0.166s] DEBUG:colcon.colcon_core.package_identification:Package 'src/turtlebot3_explore' with type 'ros.ament_python' and name 'turtlebot3_explore'
[0.166s] Level 1:colcon.colcon_core.package_identification:_identify(src/turtlebot3_poi_navigation) by extensions ['ignore', 'ignore_ament_install']
[0.166s] Level 1:colcon.colcon_core.package_identification:_identify(src/turtlebot3_poi_navigation) by extension 'ignore'
[0.166s] Level 1:colcon.colcon_core.package_identification:_identify(src/turtlebot3_poi_navigation) by extension 'ignore_ament_install'
[0.166s] Level 1:colcon.colcon_core.package_identification:_identify(src/turtlebot3_poi_navigation) by extensions ['colcon_pkg']
[0.166s] Level 1:colcon.colcon_core.package_identification:_identify(src/turtlebot3_poi_navigation) by extension 'colcon_pkg'
[0.166s] Level 1:colcon.colcon_core.package_identification:_identify(src/turtlebot3_poi_navigation) by extensions ['colcon_meta']
[0.166s] Level 1:colcon.colcon_core.package_identification:_identify(src/turtlebot3_poi_navigation) by extension 'colcon_meta'
[0.166s] Level 1:colcon.colcon_core.package_identification:_identify(src/turtlebot3_poi_navigation) by extensions ['ros']
[0.166s] Level 1:colcon.colcon_core.package_identification:_identify(src/turtlebot3_poi_navigation) by extension 'ros'
[0.167s] DEBUG:colcon.colcon_core.package_identification:Package 'src/turtlebot3_poi_navigation' with type 'ros.ament_python' and name 'turtlebot3_poi_navigation'
[0.167s] Level 1:colcon.colcon_core.package_discovery:discover_packages(recursive) using defaults
[0.167s] Level 1:colcon.colcon_core.package_discovery:discover_packages(ignore) discover
[0.167s] Level 1:colcon.colcon_core.package_discovery:discover_packages(ignore) using defaults
[0.167s] Level 1:colcon.colcon_core.package_discovery:discover_packages(path) discover
[0.167s] Level 1:colcon.colcon_core.package_discovery:discover_packages(path) using defaults
[0.184s] Level 1:colcon.colcon_core.package_discovery:discover_packages(prefix_path) check parameters
[0.184s] Level 1:colcon.colcon_core.package_discovery:discover_packages(prefix_path) discover
[0.185s] DEBUG:colcon.colcon_installed_package_information.package_discovery:Found 8 installed packages in /home/gerardo/turtlebot3_group6v2/install
[0.186s] DEBUG:colcon.colcon_installed_package_information.package_discovery:Found 18 installed packages in /home/gerardo/turtlebot3_ws/install
[0.186s] DEBUG:colcon.colcon_installed_package_information.package_discovery:Found 2 installed packages in /home/gerardo/turtlebot3_group6/install
[0.187s] DEBUG:colcon.colcon_installed_package_information.package_discovery:Found 363 installed packages in /opt/ros/humble
[0.188s] Level 1:colcon.colcon_core.package_discovery:discover_packages(prefix_path) using defaults
[0.210s] Level 5:colcon.colcon_core.verb:set package 'camara' build argument 'cmake_args' from command line to 'None'
[0.210s] Level 5:colcon.colcon_core.verb:set package 'camara' build argument 'cmake_target' from command line to 'None'
[0.210s] Level 5:colcon.colcon_core.verb:set package 'camara' build argument 'cmake_target_skip_unavailable' from command line to 'False'
[0.210s] Level 5:colcon.colcon_core.verb:set package 'camara' build argument 'cmake_clean_cache' from command line to 'False'
[0.210s] Level 5:colcon.colcon_core.verb:set package 'camara' build argument 'cmake_clean_first' from command line to 'False'
[0.210s] Level 5:colcon.colcon_core.verb:set package 'camara' build argument 'cmake_force_configure' from command line to 'False'
[0.210s] Level 5:colcon.colcon_core.verb:set package 'camara' build argument 'ament_cmake_args' from command line to 'None'
[0.210s] Level 5:colcon.colcon_core.verb:set package 'camara' build argument 'catkin_cmake_args' from command line to 'None'
[0.210s] Level 5:colcon.colcon_core.verb:set package 'camara' build argument 'catkin_skip_building_tests' from command line to 'False'
[0.210s] DEBUG:colcon.colcon_core.verb:Building package 'camara' with the following arguments: {'ament_cmake_args': None, 'build_base': '/home/gerardo/turtlebot3_group6v2/build/camara', 'catkin_cmake_args': None, 'catkin_skip_building_tests': False, 'cmake_args': None, 'cmake_clean_cache': False, 'cmake_clean_first': False, 'cmake_force_configure': False, 'cmake_target': None, 'cmake_target_skip_unavailable': False, 'install_base': '/home/gerardo/turtlebot3_group6v2/install/camara', 'merge_install': False, 'path': '/home/gerardo/turtlebot3_group6v2/src/HAZMAT_Detection/camara', 'symlink_install': False, 'test_result_base': None}
[0.211s] Level 5:colcon.colcon_core.verb:set package 'explore_cpp' build argument 'cmake_args' from command line to 'None'
[0.211s] Level 5:colcon.colcon_core.verb:set package 'explore_cpp' build argument 'cmake_target' from command line to 'None'
[0.211s] Level 5:colcon.colcon_core.verb:set package 'explore_cpp' build argument 'cmake_target_skip_unavailable' from command line to 'False'
[0.211s] Level 5:colcon.colcon_core.verb:set package 'explore_cpp' build argument 'cmake_clean_cache' from command line to 'False'
[0.211s] Level 5:colcon.colcon_core.verb:set package 'explore_cpp' build argument 'cmake_clean_first' from command line to 'False'
[0.211s] Level 5:colcon.colcon_core.verb:set package 'explore_cpp' build argument 'cmake_force_configure' from command line to 'False'
[0.211s] Level 5:colcon.colcon_core.verb:set package 'explore_cpp' build argument 'ament_cmake_args' from command line to 'None'
[0.211s] Level 5:colcon.colcon_core.verb:set package 'explore_cpp' build argument 'catkin_cmake_args' from command line to 'None'
[0.211s] Level 5:colcon.colcon_core.verb:set package 'explore_cpp' build argument 'catkin_skip_building_tests' from command line to 'False'
[0.211s] DEBUG:colcon.colcon_core.verb:Building package 'explore_cpp' with the following arguments: {'ament_cmake_args': None, 'build_base': '/home/gerardo/turtlebot3_group6v2/build/explore_cpp', 'catkin_cmake_args': None, 'catkin_skip_building_tests': False, 'cmake_args': None, 'cmake_clean_cache': False, 'cmake_clean_first': False, 'cmake_force_configure': False, 'cmake_target': None, 'cmake_target_skip_unavailable': False, 'install_base': '/home/gerardo/turtlebot3_group6v2/install/explore_cpp', 'merge_install': False, 'path': '/home/gerardo/turtlebot3_group6v2/src/explore_cpp', 'symlink_install': False, 'test_result_base': None}
[0.211s] Level 5:colcon.colcon_core.verb:set package 'hazmat_marker' build argument 'cmake_args' from command line to 'None'
[0.211s] Level 5:colcon.colcon_core.verb:set package 'hazmat_marker' build argument 'cmake_target' from command line to 'None'
[0.211s] Level 5:colcon.colcon_core.verb:set package 'hazmat_marker' build argument 'cmake_target_skip_unavailable' from command line to 'False'
[0.211s] Level 5:colcon.colcon_core.verb:set package 'hazmat_marker' build argument 'cmake_clean_cache' from command line to 'False'
[0.211s] Level 5:colcon.colcon_core.verb:set package 'hazmat_marker' build argument 'cmake_clean_first' from command line to 'False'
[0.211s] Level 5:colcon.colcon_core.verb:set package 'hazmat_marker' build argument 'cmake_force_configure' from command line to 'False'
[0.211s] Level 5:colcon.colcon_core.verb:set package 'hazmat_marker' build argument 'ament_cmake_args' from command line to 'None'
[0.211s] Level 5:colcon.colcon_core.verb:set package 'hazmat_marker' build argument 'catkin_cmake_args' from command line to 'None'
[0.211s] Level 5:colcon.colcon_core.verb:set package 'hazmat_marker' build argument 'catkin_skip_building_tests' from command line to 'False'
[0.211s] DEBUG:colcon.colcon_core.verb:Building package 'hazmat_marker' with the following arguments: {'ament_cmake_args': None, 'build_base': '/home/gerardo/turtlebot3_group6v2/build/hazmat_marker', 'catkin_cmake_args': None, 'catkin_skip_building_tests': False, 'cmake_args': None, 'cmake_clean_cache': False, 'cmake_clean_first': False, 'cmake_force_configure': False, 'cmake_target': None, 'cmake_target_skip_unavailable': False, 'install_base': '/home/gerardo/turtlebot3_group6v2/install/hazmat_marker', 'merge_install': False, 'path': '/home/gerardo/turtlebot3_group6v2/src/hazmat_marker', 'symlink_install': False, 'test_result_base': None}
[0.211s] Level 5:colcon.colcon_core.verb:set package 'joint_state_publisher_custom' build argument 'cmake_args' from command line to 'None'
[0.211s] Level 5:colcon.colcon_core.verb:set package 'joint_state_publisher_custom' build argument 'cmake_target' from command line to 'None'
[0.211s] Level 5:colcon.colcon_core.verb:set package 'joint_state_publisher_custom' build argument 'cmake_target_skip_unavailable' from command line to 'False'
[0.211s] Level 5:colcon.colcon_core.verb:set package 'joint_state_publisher_custom' build argument 'cmake_clean_cache' from command line to 'False'
[0.211s] Level 5:colcon.colcon_core.verb:set package 'joint_state_publisher_custom' build argument 'cmake_clean_first' from command line to 'False'
[0.211s] Level 5:colcon.colcon_core.verb:set package 'joint_state_publisher_custom' build argument 'cmake_force_configure' from command line to 'False'
[0.211s] Level 5:colcon.colcon_core.verb:set package 'joint_state_publisher_custom' build argument 'ament_cmake_args' from command line to 'None'
[0.211s] Level 5:colcon.colcon_core.verb:set package 'joint_state_publisher_custom' build argument 'catkin_cmake_args' from command line to 'None'
[0.211s] Level 5:colcon.colcon_core.verb:set package 'joint_state_publisher_custom' build argument 'catkin_skip_building_tests' from command line to 'False'
[0.211s] DEBUG:colcon.colcon_core.verb:Building package 'joint_state_publisher_custom' with the following arguments: {'ament_cmake_args': None, 'build_base': '/home/gerardo/turtlebot3_group6v2/build/joint_state_publisher_custom', 'catkin_cmake_args': None, 'catkin_skip_building_tests': False, 'cmake_args': None, 'cmake_clean_cache': False, 'cmake_clean_first': False, 'cmake_force_configure': False, 'cmake_target': None, 'cmake_target_skip_unavailable': False, 'install_base': '/home/gerardo/turtlebot3_group6v2/install/joint_state_publisher_custom', 'merge_install': False, 'path': '/home/gerardo/turtlebot3_group6v2/src/joint_state_publisher_custom', 'symlink_install': False, 'test_result_base': None}
[0.211s] Level 5:colcon.colcon_core.verb:set package 'laser_scan_adjuster' build argument 'cmake_args' from command line to 'None'
[0.211s] Level 5:colcon.colcon_core.verb:set package 'laser_scan_adjuster' build argument 'cmake_target' from command line to 'None'
[0.212s] Level 5:colcon.colcon_core.verb:set package 'laser_scan_adjuster' build argument 'cmake_target_skip_unavailable' from command line to 'False'
[0.212s] Level 5:colcon.colcon_core.verb:set package 'laser_scan_adjuster' build argument 'cmake_clean_cache' from command line to 'False'
[0.212s] Level 5:colcon.colcon_core.verb:set package 'laser_scan_adjuster' build argument 'cmake_clean_first' from command line to 'False'
[0.212s] Level 5:colcon.colcon_core.verb:set package 'laser_scan_adjuster' build argument 'cmake_force_configure' from command line to 'False'
[0.212s] Level 5:colcon.colcon_core.verb:set package 'laser_scan_adjuster' build argument 'ament_cmake_args' from command line to 'None'
[0.212s] Level 5:colcon.colcon_core.verb:set package 'laser_scan_adjuster' build argument 'catkin_cmake_args' from command line to 'None'
[0.212s] Level 5:colcon.colcon_core.verb:set package 'laser_scan_adjuster' build argument 'catkin_skip_building_tests' from command line to 'False'
[0.212s] DEBUG:colcon.colcon_core.verb:Building package 'laser_scan_adjuster' with the following arguments: {'ament_cmake_args': None, 'build_base': '/home/gerardo/turtlebot3_group6v2/build/laser_scan_adjuster', 'catkin_cmake_args': None, 'catkin_skip_building_tests': False, 'cmake_args': None, 'cmake_clean_cache': False, 'cmake_clean_first': False, 'cmake_force_configure': False, 'cmake_target': None, 'cmake_target_skip_unavailable': False, 'install_base': '/home/gerardo/turtlebot3_group6v2/install/laser_scan_adjuster', 'merge_install': False, 'path': '/home/gerardo/turtlebot3_group6v2/src/laser_scan_adjuster', 'symlink_install': False, 'test_result_base': None}
[0.212s] Level 5:colcon.colcon_core.verb:set package 'motor_position_controller' build argument 'cmake_args' from command line to 'None'
[0.212s] Level 5:colcon.colcon_core.verb:set package 'motor_position_controller' build argument 'cmake_target' from command line to 'None'
[0.212s] Level 5:colcon.colcon_core.verb:set package 'motor_position_controller' build argument 'cmake_target_skip_unavailable' from command line to 'False'
[0.212s] Level 5:colcon.colcon_core.verb:set package 'motor_position_controller' build argument 'cmake_clean_cache' from command line to 'False'
[0.212s] Level 5:colcon.colcon_core.verb:set package 'motor_position_controller' build argument 'cmake_clean_first' from command line to 'False'
[0.212s] Level 5:colcon.colcon_core.verb:set package 'motor_position_controller' build argument 'cmake_force_configure' from command line to 'False'
[0.212s] Level 5:colcon.colcon_core.verb:set package 'motor_position_controller' build argument 'ament_cmake_args' from command line to 'None'
[0.212s] Level 5:colcon.colcon_core.verb:set package 'motor_position_controller' build argument 'catkin_cmake_args' from command line to 'None'
[0.212s] Level 5:colcon.colcon_core.verb:set package 'motor_position_controller' build argument 'catkin_skip_building_tests' from command line to 'False'
[0.212s] DEBUG:colcon.colcon_core.verb:Building package 'motor_position_controller' with the following arguments: {'ament_cmake_args': None, 'build_base': '/home/gerardo/turtlebot3_group6v2/build/motor_position_controller', 'catkin_cmake_args': None, 'catkin_skip_building_tests': False, 'cmake_args': None, 'cmake_clean_cache': False, 'cmake_clean_first': False, 'cmake_force_configure': False, 'cmake_target': None, 'cmake_target_skip_unavailable': False, 'install_base': '/home/gerardo/turtlebot3_group6v2/install/motor_position_controller', 'merge_install': False, 'path': '/home/gerardo/turtlebot3_group6v2/src/motor_position_controller', 'symlink_install': False, 'test_result_base': None}
[0.212s] Level 5:colcon.colcon_core.verb:set package 'turtlebot3_explore' build argument 'cmake_args' from command line to 'None'
[0.212s] Level 5:colcon.colcon_core.verb:set package 'turtlebot3_explore' build argument 'cmake_target' from command line to 'None'
[0.212s] Level 5:colcon.colcon_core.verb:set package 'turtlebot3_explore' build argument 'cmake_target_skip_unavailable' from command line to 'False'
[0.212s] Level 5:colcon.colcon_core.verb:set package 'turtlebot3_explore' build argument 'cmake_clean_cache' from command line to 'False'
[0.212s] Level 5:colcon.colcon_core.verb:set package 'turtlebot3_explore' build argument 'cmake_clean_first' from command line to 'False'
[0.212s] Level 5:colcon.colcon_core.verb:set package 'turtlebot3_explore' build argument 'cmake_force_configure' from command line to 'False'
[0.212s] Level 5:colcon.colcon_core.verb:set package 'turtlebot3_explore' build argument 'ament_cmake_args' from command line to 'None'
[0.212s] Level 5:colcon.colcon_core.verb:set package 'turtlebot3_explore' build argument 'catkin_cmake_args' from command line to 'None'
[0.212s] Level 5:colcon.colcon_core.verb:set package 'turtlebot3_explore' build argument 'catkin_skip_building_tests' from command line to 'False'
[0.212s] DEBUG:colcon.colcon_core.verb:Building package 'turtlebot3_explore' with the following arguments: {'ament_cmake_args': None, 'build_base': '/home/gerardo/turtlebot3_group6v2/build/turtlebot3_explore', 'catkin_cmake_args': None, 'catkin_skip_building_tests': False, 'cmake_args': None, 'cmake_clean_cache': False, 'cmake_clean_first': False, 'cmake_force_configure': False, 'cmake_target': None, 'cmake_target_skip_unavailable': False, 'install_base': '/home/gerardo/turtlebot3_group6v2/install/turtlebot3_explore', 'merge_install': False, 'path': '/home/gerardo/turtlebot3_group6v2/src/turtlebot3_explore', 'symlink_install': False, 'test_result_base': None}
[0.212s] Level 5:colcon.colcon_core.verb:set package 'turtlebot3_poi_navigation' build argument 'cmake_args' from command line to 'None'
[0.212s] Level 5:colcon.colcon_core.verb:set package 'turtlebot3_poi_navigation' build argument 'cmake_target' from command line to 'None'
[0.212s] Level 5:colcon.colcon_core.verb:set package 'turtlebot3_poi_navigation' build argument 'cmake_target_skip_unavailable' from command line to 'False'
[0.212s] Level 5:colcon.colcon_core.verb:set package 'turtlebot3_poi_navigation' build argument 'cmake_clean_cache' from command line to 'False'
[0.212s] Level 5:colcon.colcon_core.verb:set package 'turtlebot3_poi_navigation' build argument 'cmake_clean_first' from command line to 'False'
[0.212s] Level 5:colcon.colcon_core.verb:set package 'turtlebot3_poi_navigation' build argument 'cmake_force_configure' from command line to 'False'
[0.212s] Level 5:colcon.colcon_core.verb:set package 'turtlebot3_poi_navigation' build argument 'ament_cmake_args' from command line to 'None'
[0.212s] Level 5:colcon.colcon_core.verb:set package 'turtlebot3_poi_navigation' build argument 'catkin_cmake_args' from command line to 'None'
[0.212s] Level 5:colcon.colcon_core.verb:set package 'turtlebot3_poi_navigation' build argument 'catkin_skip_building_tests' from command line to 'False'
[0.212s] DEBUG:colcon.colcon_core.verb:Building package 'turtlebot3_poi_navigation' with the following arguments: {'ament_cmake_args': None, 'build_base': '/home/gerardo/turtlebot3_group6v2/build/turtlebot3_poi_navigation', 'catkin_cmake_args': None, 'catkin_skip_building_tests': False, 'cmake_args': None, 'cmake_clean_cache': False, 'cmake_clean_first': False, 'cmake_force_configure': False, 'cmake_target': None, 'cmake_target_skip_unavailable': False, 'install_base': '/home/gerardo/turtlebot3_group6v2/install/turtlebot3_poi_navigation', 'merge_install': False, 'path': '/home/gerardo/turtlebot3_group6v2/src/turtlebot3_poi_navigation', 'symlink_install': False, 'test_result_base': None}
[0.212s] INFO:colcon.colcon_core.executor:Executing jobs using 'parallel' executor
[0.213s] DEBUG:colcon.colcon_parallel_executor.executor.parallel:run_until_complete
[0.213s] INFO:colcon.colcon_ros.task.ament_python.build:Building ROS package in '/home/gerardo/turtlebot3_group6v2/src/HAZMAT_Detection/camara' with build type 'ament_python'
[0.213s] Level 1:colcon.colcon_core.shell:create_environment_hook('camara', 'ament_prefix_path')
[0.215s] INFO:colcon.colcon_core.plugin_system:Skipping extension 'colcon_core.shell.bat': Not used on non-Windows systems
[0.215s] INFO:colcon.colcon_core.shell:Creating environment hook '/home/gerardo/turtlebot3_group6v2/install/camara/share/camara/hook/ament_prefix_path.ps1'
[0.215s] INFO:colcon.colcon_core.shell:Creating environment descriptor '/home/gerardo/turtlebot3_group6v2/install/camara/share/camara/hook/ament_prefix_path.dsv'
[0.216s] INFO:colcon.colcon_core.shell:Creating environment hook '/home/gerardo/turtlebot3_group6v2/install/camara/share/camara/hook/ament_prefix_path.sh'
[0.216s] INFO:colcon.colcon_core.shell:Skip shell extension 'powershell' for command environment: Not usable outside of PowerShell
[0.216s] DEBUG:colcon.colcon_core.shell:Skip shell extension 'dsv' for command environment
[0.219s] INFO:colcon.colcon_ros.task.ament_cmake.build:Building ROS package in '/home/gerardo/turtlebot3_group6v2/src/explore_cpp' with build type 'ament_cmake'
[0.219s] INFO:colcon.colcon_cmake.task.cmake.build:Building CMake package in '/home/gerardo/turtlebot3_group6v2/src/explore_cpp'
[0.219s] INFO:colcon.colcon_core.shell:Skip shell extension 'powershell' for command environment: Not usable outside of PowerShell
[0.219s] DEBUG:colcon.colcon_core.shell:Skip shell extension 'dsv' for command environment
[0.222s] INFO:colcon.colcon_ros.task.ament_python.build:Building ROS package in '/home/gerardo/turtlebot3_group6v2/src/hazmat_marker' with build type 'ament_python'
[0.222s] Level 1:colcon.colcon_core.shell:create_environment_hook('hazmat_marker', 'ament_prefix_path')
[0.222s] INFO:colcon.colcon_core.shell:Creating environment hook '/home/gerardo/turtlebot3_group6v2/install/hazmat_marker/share/hazmat_marker/hook/ament_prefix_path.ps1'
[0.223s] INFO:colcon.colcon_core.shell:Creating environment descriptor '/home/gerardo/turtlebot3_group6v2/install/hazmat_marker/share/hazmat_marker/hook/ament_prefix_path.dsv'
[0.223s] INFO:colcon.colcon_core.shell:Creating environment hook '/home/gerardo/turtlebot3_group6v2/install/hazmat_marker/share/hazmat_marker/hook/ament_prefix_path.sh'
[0.223s] INFO:colcon.colcon_core.shell:Skip shell extension 'powershell' for command environment: Not usable outside of PowerShell
[0.223s] DEBUG:colcon.colcon_core.shell:Skip shell extension 'dsv' for command environment
[0.226s] INFO:colcon.colcon_ros.task.ament_python.build:Building ROS package in '/home/gerardo/turtlebot3_group6v2/src/joint_state_publisher_custom' with build type 'ament_python'
[0.226s] Level 1:colcon.colcon_core.shell:create_environment_hook('joint_state_publisher_custom', 'ament_prefix_path')
[0.226s] INFO:colcon.colcon_core.shell:Creating environment hook '/home/gerardo/turtlebot3_group6v2/install/joint_state_publisher_custom/share/joint_state_publisher_custom/hook/ament_prefix_path.ps1'
[0.226s] INFO:colcon.colcon_core.shell:Creating environment descriptor '/home/gerardo/turtlebot3_group6v2/install/joint_state_publisher_custom/share/joint_state_publisher_custom/hook/ament_prefix_path.dsv'
[0.226s] INFO:colcon.colcon_core.shell:Creating environment hook '/home/gerardo/turtlebot3_group6v2/install/joint_state_publisher_custom/share/joint_state_publisher_custom/hook/ament_prefix_path.sh'
[0.227s] INFO:colcon.colcon_core.shell:Skip shell extension 'powershell' for command environment: Not usable outside of PowerShell
[0.227s] DEBUG:colcon.colcon_core.shell:Skip shell extension 'dsv' for command environment
[0.229s] INFO:colcon.colcon_ros.task.ament_python.build:Building ROS package in '/home/gerardo/turtlebot3_group6v2/src/laser_scan_adjuster' with build type 'ament_python'
[0.229s] Level 1:colcon.colcon_core.shell:create_environment_hook('laser_scan_adjuster', 'ament_prefix_path')
[0.229s] INFO:colcon.colcon_core.shell:Creating environment hook '/home/gerardo/turtlebot3_group6v2/install/laser_scan_adjuster/share/laser_scan_adjuster/hook/ament_prefix_path.ps1'
[0.230s] INFO:colcon.colcon_core.shell:Creating environment descriptor '/home/gerardo/turtlebot3_group6v2/install/laser_scan_adjuster/share/laser_scan_adjuster/hook/ament_prefix_path.dsv'
[0.230s] INFO:colcon.colcon_core.shell:Creating environment hook '/home/gerardo/turtlebot3_group6v2/install/laser_scan_adjuster/share/laser_scan_adjuster/hook/ament_prefix_path.sh'
[0.230s] INFO:colcon.colcon_core.shell:Skip shell extension 'powershell' for command environment: Not usable outside of PowerShell
[0.230s] DEBUG:colcon.colcon_core.shell:Skip shell extension 'dsv' for command environment
[0.233s] INFO:colcon.colcon_ros.task.ament_python.build:Building ROS package in '/home/gerardo/turtlebot3_group6v2/src/motor_position_controller' with build type 'ament_python'
[0.233s] Level 1:colcon.colcon_core.shell:create_environment_hook('motor_position_controller', 'ament_prefix_path')
[0.233s] INFO:colcon.colcon_core.shell:Creating environment hook '/home/gerardo/turtlebot3_group6v2/install/motor_position_controller/share/motor_position_controller/hook/ament_prefix_path.ps1'
[0.233s] INFO:colcon.colcon_core.shell:Creating environment descriptor '/home/gerardo/turtlebot3_group6v2/install/motor_position_controller/share/motor_position_controller/hook/ament_prefix_path.dsv'
[0.233s] INFO:colcon.colcon_core.shell:Creating environment hook '/home/gerardo/turtlebot3_group6v2/install/motor_position_controller/share/motor_position_controller/hook/ament_prefix_path.sh'
[0.234s] INFO:colcon.colcon_core.shell:Skip shell extension 'powershell' for command environment: Not usable outside of PowerShell
[0.234s] DEBUG:colcon.colcon_core.shell:Skip shell extension 'dsv' for command environment
[0.236s] INFO:colcon.colcon_ros.task.ament_python.build:Building ROS package in '/home/gerardo/turtlebot3_group6v2/src/turtlebot3_explore' with build type 'ament_python'
[0.236s] Level 1:colcon.colcon_core.shell:create_environment_hook('turtlebot3_explore', 'ament_prefix_path')
[0.236s] INFO:colcon.colcon_core.shell:Creating environment hook '/home/gerardo/turtlebot3_group6v2/install/turtlebot3_explore/share/turtlebot3_explore/hook/ament_prefix_path.ps1'
[0.237s] INFO:colcon.colcon_core.shell:Creating environment descriptor '/home/gerardo/turtlebot3_group6v2/install/turtlebot3_explore/share/turtlebot3_explore/hook/ament_prefix_path.dsv'
[0.237s] INFO:colcon.colcon_core.shell:Creating environment hook '/home/gerardo/turtlebot3_group6v2/install/turtlebot3_explore/share/turtlebot3_explore/hook/ament_prefix_path.sh'
[0.237s] INFO:colcon.colcon_core.shell:Skip shell extension 'powershell' for command environment: Not usable outside of PowerShell
[0.237s] DEBUG:colcon.colcon_core.shell:Skip shell extension 'dsv' for command environment
[0.240s] INFO:colcon.colcon_ros.task.ament_python.build:Building ROS package in '/home/gerardo/turtlebot3_group6v2/src/turtlebot3_poi_navigation' with build type 'ament_python'
[0.240s] Level 1:colcon.colcon_core.shell:create_environment_hook('turtlebot3_poi_navigation', 'ament_prefix_path')
[0.240s] INFO:colcon.colcon_core.shell:Creating environment hook '/home/gerardo/turtlebot3_group6v2/install/turtlebot3_poi_navigation/share/turtlebot3_poi_navigation/hook/ament_prefix_path.ps1'
[0.240s] INFO:colcon.colcon_core.shell:Creating environment descriptor '/home/gerardo/turtlebot3_group6v2/install/turtlebot3_poi_navigation/share/turtlebot3_poi_navigation/hook/ament_prefix_path.dsv'
[0.240s] INFO:colcon.colcon_core.shell:Creating environment hook '/home/gerardo/turtlebot3_group6v2/install/turtlebot3_poi_navigation/share/turtlebot3_poi_navigation/hook/ament_prefix_path.sh'
[0.241s] INFO:colcon.colcon_core.shell:Skip shell extension 'powershell' for command environment: Not usable outside of PowerShell
[0.241s] DEBUG:colcon.colcon_core.shell:Skip shell extension 'dsv' for command environment
[0.395s] INFO:colcon.colcon_core.task.python.build:Building Python package in '/home/gerardo/turtlebot3_group6v2/src/HAZMAT_Detection/camara'
[0.395s] INFO:colcon.colcon_core.shell:Skip shell extension 'powershell' for command environment: Not usable outside of PowerShell
[0.395s] DEBUG:colcon.colcon_core.shell:Skip shell extension 'dsv' for command environment
[0.400s] DEBUG:colcon.colcon_core.event_handler.log_command:Invoking command in '/home/gerardo/turtlebot3_group6v2/build/explore_cpp': CMAKE_PREFIX_PATH=${CMAKE_PREFIX_PATH}:/home/gerardo/turtlebot3_group6v2/install/camara:/home/gerardo/turtlebot3_ws/install/turtlebot3_teleop:/home/gerardo/turtlebot3_ws/install/turtlebot3_poi_navigation:/home/gerardo/turtlebot3_ws/install/turtlebot3_example:/home/gerardo/turtlebot3_ws/install/turtlebot3_explore:/home/gerardo/turtlebot3_ws/install/motor_position_controller:/home/gerardo/turtlebot3_ws/install/laser_scan_adjuster:/home/gerardo/turtlebot3_ws/install/joint_state_publisher_custom:/home/gerardo/turtlebot3_group6v2/install/turtlebot3_poi_navigation:/home/gerardo/turtlebot3_group6v2/install/turtlebot3_explore:/home/gerardo/turtlebot3_group6v2/install/motor_position_controller:/home/gerardo/turtlebot3_group6v2/install/laser_scan_adjuster:/home/gerardo/turtlebot3_group6v2/install/joint_state_publisher_custom:/home/gerardo/turtlebot3_group6v2/install/hazmat_marker:/home/gerardo/turtlebot3_group6/install/turtlebot3_explore:/home/gerardo/turtlebot3_group6/install/motor_controller:/opt/ros/humble /usr/bin/cmake --build /home/gerardo/turtlebot3_group6v2/build/explore_cpp -- -j16 -l16
[0.550s] INFO:colcon.colcon_core.task.python.build:Building Python package in '/home/gerardo/turtlebot3_group6v2/src/hazmat_marker'
[0.550s] INFO:colcon.colcon_core.shell:Skip shell extension 'powershell' for command environment: Not usable outside of PowerShell
[0.550s] DEBUG:colcon.colcon_core.shell:Skip shell extension 'dsv' for command environment
[0.702s] WARNING:colcon.colcon_ros.task.ament_python.build:Package 'joint_state_publisher_custom' doesn't explicitly install a marker in the package index (colcon-ros currently does it implicitly but that fallback will be removed in the future)
[0.702s] WARNING:colcon.colcon_ros.task.ament_python.build:Package 'joint_state_publisher_custom' doesn't explicitly install the 'package.xml' file (colcon-ros currently does it implicitly but that fallback will be removed in the future)
[0.702s] INFO:colcon.colcon_core.task.python.build:Building Python package in '/home/gerardo/turtlebot3_group6v2/src/joint_state_publisher_custom'
[0.702s] INFO:colcon.colcon_core.shell:Skip shell extension 'powershell' for command environment: Not usable outside of PowerShell
[0.702s] DEBUG:colcon.colcon_core.shell:Skip shell extension 'dsv' for command environment
[0.857s] INFO:colcon.colcon_core.task.python.build:Building Python package in '/home/gerardo/turtlebot3_group6v2/src/laser_scan_adjuster'
[0.857s] INFO:colcon.colcon_core.shell:Skip shell extension 'powershell' for command environment: Not usable outside of PowerShell
[0.857s] DEBUG:colcon.colcon_core.shell:Skip shell extension 'dsv' for command environment
[1.007s] INFO:colcon.colcon_core.task.python.build:Building Python package in '/home/gerardo/turtlebot3_group6v2/src/motor_position_controller'
[1.007s] INFO:colcon.colcon_core.shell:Skip shell extension 'powershell' for command environment: Not usable outside of PowerShell
[1.007s] DEBUG:colcon.colcon_core.shell:Skip shell extension 'dsv' for command environment
[1.155s] INFO:colcon.colcon_core.task.python.build:Building Python package in '/home/gerardo/turtlebot3_group6v2/src/turtlebot3_explore'
[1.155s] INFO:colcon.colcon_core.shell:Skip shell extension 'powershell' for command environment: Not usable outside of PowerShell
[1.155s] DEBUG:colcon.colcon_core.shell:Skip shell extension 'dsv' for command environment
[1.305s] INFO:colcon.colcon_core.task.python.build:Building Python package in '/home/gerardo/turtlebot3_group6v2/src/turtlebot3_poi_navigation'
[1.305s] INFO:colcon.colcon_core.shell:Skip shell extension 'powershell' for command environment: Not usable outside of PowerShell
[1.305s] DEBUG:colcon.colcon_core.shell:Skip shell extension 'dsv' for command environment
[1.309s] DEBUG:colcon.colcon_core.event_handler.log_command:Invoked command in '/home/gerardo/turtlebot3_group6v2/build/explore_cpp' returned '0': CMAKE_PREFIX_PATH=${CMAKE_PREFIX_PATH}:/home/gerardo/turtlebot3_group6v2/install/camara:/home/gerardo/turtlebot3_ws/install/turtlebot3_teleop:/home/gerardo/turtlebot3_ws/install/turtlebot3_poi_navigation:/home/gerardo/turtlebot3_ws/install/turtlebot3_example:/home/gerardo/turtlebot3_ws/install/turtlebot3_explore:/home/gerardo/turtlebot3_ws/install/motor_position_controller:/home/gerardo/turtlebot3_ws/install/laser_scan_adjuster:/home/gerardo/turtlebot3_ws/install/joint_state_publisher_custom:/home/gerardo/turtlebot3_group6v2/install/turtlebot3_poi_navigation:/home/gerardo/turtlebot3_group6v2/install/turtlebot3_explore:/home/gerardo/turtlebot3_group6v2/install/motor_position_controller:/home/gerardo/turtlebot3_group6v2/install/laser_scan_adjuster:/home/gerardo/turtlebot3_group6v2/install/joint_state_publisher_custom:/home/gerardo/turtlebot3_group6v2/install/hazmat_marker:/home/gerardo/turtlebot3_group6/install/turtlebot3_explore:/home/gerardo/turtlebot3_group6/install/motor_controller:/opt/ros/humble /usr/bin/cmake --build /home/gerardo/turtlebot3_group6v2/build/explore_cpp -- -j16 -l16
[1.337s] DEBUG:colcon.colcon_core.event_handler.log_command:Invoking command in '/home/gerardo/turtlebot3_group6v2/build/explore_cpp': CMAKE_PREFIX_PATH=${CMAKE_PREFIX_PATH}:/home/gerardo/turtlebot3_group6v2/install/camara:/home/gerardo/turtlebot3_ws/install/turtlebot3_teleop:/home/gerardo/turtlebot3_ws/install/turtlebot3_poi_navigation:/home/gerardo/turtlebot3_ws/install/turtlebot3_example:/home/gerardo/turtlebot3_ws/install/turtlebot3_explore:/home/gerardo/turtlebot3_ws/install/motor_position_controller:/home/gerardo/turtlebot3_ws/install/laser_scan_adjuster:/home/gerardo/turtlebot3_ws/install/joint_state_publisher_custom:/home/gerardo/turtlebot3_group6v2/install/turtlebot3_poi_navigation:/home/gerardo/turtlebot3_group6v2/install/turtlebot3_explore:/home/gerardo/turtlebot3_group6v2/install/motor_position_controller:/home/gerardo/turtlebot3_group6v2/install/laser_scan_adjuster:/home/gerardo/turtlebot3_group6v2/install/joint_state_publisher_custom:/home/gerardo/turtlebot3_group6v2/install/hazmat_marker:/home/gerardo/turtlebot3_group6/install/turtlebot3_explore:/home/gerardo/turtlebot3_group6/install/motor_controller:/opt/ros/humble /usr/bin/cmake --install /home/gerardo/turtlebot3_group6v2/build/explore_cpp
[1.346s] Level 1:colcon.colcon_core.environment:create_environment_scripts_only(explore_cpp)
[1.346s] DEBUG:colcon.colcon_core.event_handler.log_command:Invoked command in '/home/gerardo/turtlebot3_group6v2/build/explore_cpp' returned '0': CMAKE_PREFIX_PATH=${CMAKE_PREFIX_PATH}:/home/gerardo/turtlebot3_group6v2/install/camara:/home/gerardo/turtlebot3_ws/install/turtlebot3_teleop:/home/gerardo/turtlebot3_ws/install/turtlebot3_poi_navigation:/home/gerardo/turtlebot3_ws/install/turtlebot3_example:/home/gerardo/turtlebot3_ws/install/turtlebot3_explore:/home/gerardo/turtlebot3_ws/install/motor_position_controller:/home/gerardo/turtlebot3_ws/install/laser_scan_adjuster:/home/gerardo/turtlebot3_ws/install/joint_state_publisher_custom:/home/gerardo/turtlebot3_group6v2/install/turtlebot3_poi_navigation:/home/gerardo/turtlebot3_group6v2/install/turtlebot3_explore:/home/gerardo/turtlebot3_group6v2/install/motor_position_controller:/home/gerardo/turtlebot3_group6v2/install/laser_scan_adjuster:/home/gerardo/turtlebot3_group6v2/install/joint_state_publisher_custom:/home/gerardo/turtlebot3_group6v2/install/hazmat_marker:/home/gerardo/turtlebot3_group6/install/turtlebot3_explore:/home/gerardo/turtlebot3_group6/install/motor_controller:/opt/ros/humble /usr/bin/cmake --install /home/gerardo/turtlebot3_group6v2/build/explore_cpp
[1.348s] Level 1:colcon.colcon_core.environment:checking '/home/gerardo/turtlebot3_group6v2/install/explore_cpp' for CMake module files
[1.348s] Level 1:colcon.colcon_core.environment:checking '/home/gerardo/turtlebot3_group6v2/install/explore_cpp' for CMake config files
[1.348s] Level 1:colcon.colcon_core.shell:create_environment_hook('explore_cpp', 'cmake_prefix_path')
[1.348s] INFO:colcon.colcon_core.shell:Creating environment hook '/home/gerardo/turtlebot3_group6v2/install/explore_cpp/share/explore_cpp/hook/cmake_prefix_path.ps1'
[1.348s] INFO:colcon.colcon_core.shell:Creating environment descriptor '/home/gerardo/turtlebot3_group6v2/install/explore_cpp/share/explore_cpp/hook/cmake_prefix_path.dsv'
[1.349s] INFO:colcon.colcon_core.shell:Creating environment hook '/home/gerardo/turtlebot3_group6v2/install/explore_cpp/share/explore_cpp/hook/cmake_prefix_path.sh'
[1.350s] Level 1:colcon.colcon_core.environment:checking '/home/gerardo/turtlebot3_group6v2/install/explore_cpp/lib'
[1.350s] Level 1:colcon.colcon_core.environment:checking '/home/gerardo/turtlebot3_group6v2/install/explore_cpp/bin'
[1.350s] Level 1:colcon.colcon_core.environment:checking '/home/gerardo/turtlebot3_group6v2/install/explore_cpp/lib/pkgconfig/explore_cpp.pc'
[1.350s] Level 1:colcon.colcon_core.environment:checking '/home/gerardo/turtlebot3_group6v2/install/explore_cpp/lib/python3.10/site-packages'
[1.350s] Level 1:colcon.colcon_core.environment:checking '/home/gerardo/turtlebot3_group6v2/install/explore_cpp/bin'
[1.350s] INFO:colcon.colcon_core.shell:Creating package script '/home/gerardo/turtlebot3_group6v2/install/explore_cpp/share/explore_cpp/package.ps1'
[1.351s] INFO:colcon.colcon_core.shell:Creating package descriptor '/home/gerardo/turtlebot3_group6v2/install/explore_cpp/share/explore_cpp/package.dsv'
[1.351s] INFO:colcon.colcon_core.shell:Creating package script '/home/gerardo/turtlebot3_group6v2/install/explore_cpp/share/explore_cpp/package.sh'
[1.352s] INFO:colcon.colcon_core.shell:Creating package script '/home/gerardo/turtlebot3_group6v2/install/explore_cpp/share/explore_cpp/package.bash'
[1.352s] INFO:colcon.colcon_core.shell:Creating package script '/home/gerardo/turtlebot3_group6v2/install/explore_cpp/share/explore_cpp/package.zsh'
[1.353s] Level 1:colcon.colcon_core.environment:create_file_with_runtime_dependencies(/home/gerardo/turtlebot3_group6v2/install/explore_cpp/share/colcon-core/packages/explore_cpp)
[1.371s] Level 1:colcon.colcon_core.environment:create_environment_scripts_only(explore_cpp)
[1.371s] Level 1:colcon.colcon_core.environment:checking '/home/gerardo/turtlebot3_group6v2/install/explore_cpp' for CMake module files
[1.372s] Level 1:colcon.colcon_core.environment:checking '/home/gerardo/turtlebot3_group6v2/install/explore_cpp' for CMake config files
[1.372s] Level 1:colcon.colcon_core.shell:create_environment_hook('explore_cpp', 'cmake_prefix_path')
[1.372s] INFO:colcon.colcon_core.shell:Creating environment hook '/home/gerardo/turtlebot3_group6v2/install/explore_cpp/share/explore_cpp/hook/cmake_prefix_path.ps1'
[1.373s] INFO:colcon.colcon_core.shell:Creating environment descriptor '/home/gerardo/turtlebot3_group6v2/install/explore_cpp/share/explore_cpp/hook/cmake_prefix_path.dsv'
[1.373s] INFO:colcon.colcon_core.shell:Creating environment hook '/home/gerardo/turtlebot3_group6v2/install/explore_cpp/share/explore_cpp/hook/cmake_prefix_path.sh'
[1.374s] Level 1:colcon.colcon_core.environment:checking '/home/gerardo/turtlebot3_group6v2/install/explore_cpp/lib'
[1.374s] Level 1:colcon.colcon_core.environment:checking '/home/gerardo/turtlebot3_group6v2/install/explore_cpp/bin'
[1.374s] Level 1:colcon.colcon_core.environment:checking '/home/gerardo/turtlebot3_group6v2/install/explore_cpp/lib/pkgconfig/explore_cpp.pc'
[1.374s] Level 1:colcon.colcon_core.environment:checking '/home/gerardo/turtlebot3_group6v2/install/explore_cpp/lib/python3.10/site-packages'
[1.374s] Level 1:colcon.colcon_core.environment:checking '/home/gerardo/turtlebot3_group6v2/install/explore_cpp/bin'
[1.375s] INFO:colcon.colcon_core.shell:Creating package script '/home/gerardo/turtlebot3_group6v2/install/explore_cpp/share/explore_cpp/package.ps1'
[1.375s] INFO:colcon.colcon_core.shell:Creating package descriptor '/home/gerardo/turtlebot3_group6v2/install/explore_cpp/share/explore_cpp/package.dsv'
[1.376s] INFO:colcon.colcon_core.shell:Creating package script '/home/gerardo/turtlebot3_group6v2/install/explore_cpp/share/explore_cpp/package.sh'
[1.376s] INFO:colcon.colcon_core.shell:Creating package script '/home/gerardo/turtlebot3_group6v2/install/explore_cpp/share/explore_cpp/package.bash'
[1.376s] INFO:colcon.colcon_core.shell:Creating package script '/home/gerardo/turtlebot3_group6v2/install/explore_cpp/share/explore_cpp/package.zsh'
[1.377s] Level 1:colcon.colcon_core.environment:create_file_with_runtime_dependencies(/home/gerardo/turtlebot3_group6v2/install/explore_cpp/share/colcon-core/packages/explore_cpp)
[1.597s] DEBUG:colcon.colcon_core.event_handler.log_command:Invoking command in '/home/gerardo/turtlebot3_group6v2/src/laser_scan_adjuster': PYTHONPATH=/home/gerardo/turtlebot3_group6v2/build/laser_scan_adjuster/prefix_override:/usr/lib/python3/dist-packages/colcon_core/task/python/colcon_distutils_commands:/home/gerardo/turtlebot3_group6v2/install/laser_scan_adjuster/lib/python3.10/site-packages:${PYTHONPATH} /usr/bin/python3 -W ignore:setup.py install is deprecated setup.py egg_info --egg-base ../../build/laser_scan_adjuster build --build-base /home/gerardo/turtlebot3_group6v2/build/laser_scan_adjuster/build install --record /home/gerardo/turtlebot3_group6v2/build/laser_scan_adjuster/install.log --single-version-externally-managed install_data
[1.600s] DEBUG:colcon.colcon_core.event_handler.log_command:Invoking command in '/home/gerardo/turtlebot3_group6v2/src/joint_state_publisher_custom': PYTHONPATH=/home/gerardo/turtlebot3_group6v2/build/joint_state_publisher_custom/prefix_override:/usr/lib/python3/dist-packages/colcon_core/task/python/colcon_distutils_commands:/home/gerardo/turtlebot3_group6v2/install/joint_state_publisher_custom/lib/python3.10/site-packages:${PYTHONPATH} /usr/bin/python3 -W ignore:setup.py install is deprecated setup.py egg_info --egg-base ../../build/joint_state_publisher_custom build --build-base /home/gerardo/turtlebot3_group6v2/build/joint_state_publisher_custom/build install --record /home/gerardo/turtlebot3_group6v2/build/joint_state_publisher_custom/install.log --single-version-externally-managed
[1.600s] DEBUG:colcon.colcon_core.event_handler.log_command:Invoking command in '/home/gerardo/turtlebot3_group6v2/src/turtlebot3_poi_navigation': PYTHONPATH=/home/gerardo/turtlebot3_group6v2/build/turtlebot3_poi_navigation/prefix_override:/usr/lib/python3/dist-packages/colcon_core/task/python/colcon_distutils_commands:/home/gerardo/turtlebot3_group6v2/install/turtlebot3_poi_navigation/lib/python3.10/site-packages:${PYTHONPATH} /usr/bin/python3 -W ignore:setup.py install is deprecated setup.py egg_info --egg-base ../../build/turtlebot3_poi_navigation build --build-base /home/gerardo/turtlebot3_group6v2/build/turtlebot3_poi_navigation/build install --record /home/gerardo/turtlebot3_group6v2/build/turtlebot3_poi_navigation/install.log --single-version-externally-managed install_data
[1.614s] DEBUG:colcon.colcon_core.event_handler.log_command:Invoking command in '/home/gerardo/turtlebot3_group6v2/src/HAZMAT_Detection/camara': PYTHONPATH=/home/gerardo/turtlebot3_group6v2/build/camara/prefix_override:/usr/lib/python3/dist-packages/colcon_core/task/python/colcon_distutils_commands:/home/gerardo/turtlebot3_group6v2/install/camara/lib/python3.10/site-packages:${PYTHONPATH} /usr/bin/python3 -W ignore:setup.py install is deprecated setup.py egg_info --egg-base ../../../build/camara build --build-base /home/gerardo/turtlebot3_group6v2/build/camara/build install --record /home/gerardo/turtlebot3_group6v2/build/camara/install.log --single-version-externally-managed install_data
[1.626s] DEBUG:colcon.colcon_core.event_handler.log_command:Invoking command in '/home/gerardo/turtlebot3_group6v2/src/turtlebot3_explore': PYTHONPATH=/home/gerardo/turtlebot3_group6v2/build/turtlebot3_explore/prefix_override:/usr/lib/python3/dist-packages/colcon_core/task/python/colcon_distutils_commands:/home/gerardo/turtlebot3_group6v2/install/turtlebot3_explore/lib/python3.10/site-packages:${PYTHONPATH} /usr/bin/python3 -W ignore:setup.py install is deprecated setup.py egg_info --egg-base ../../build/turtlebot3_explore build --build-base /home/gerardo/turtlebot3_group6v2/build/turtlebot3_explore/build install --record /home/gerardo/turtlebot3_group6v2/build/turtlebot3_explore/install.log --single-version-externally-managed install_data
[1.644s] DEBUG:colcon.colcon_core.event_handler.log_command:Invoking command in '/home/gerardo/turtlebot3_group6v2/src/motor_position_controller': PYTHONPATH=/home/gerardo/turtlebot3_group6v2/build/motor_position_controller/prefix_override:/usr/lib/python3/dist-packages/colcon_core/task/python/colcon_distutils_commands:/home/gerardo/turtlebot3_group6v2/install/motor_position_controller/lib/python3.10/site-packages:${PYTHONPATH} /usr/bin/python3 -W ignore:setup.py install is deprecated setup.py egg_info --egg-base ../../build/motor_position_controller build --build-base /home/gerardo/turtlebot3_group6v2/build/motor_position_controller/build install --record /home/gerardo/turtlebot3_group6v2/build/motor_position_controller/install.log --single-version-externally-managed install_data
[1.662s] DEBUG:colcon.colcon_core.event_handler.log_command:Invoking command in '/home/gerardo/turtlebot3_group6v2/src/hazmat_marker': PYTHONPATH=/home/gerardo/turtlebot3_group6v2/build/hazmat_marker/prefix_override:/usr/lib/python3/dist-packages/colcon_core/task/python/colcon_distutils_commands:/home/gerardo/turtlebot3_group6v2/install/hazmat_marker/lib/python3.10/site-packages:${PYTHONPATH} /usr/bin/python3 -W ignore:setup.py install is deprecated setup.py egg_info --egg-base ../../build/hazmat_marker build --build-base /home/gerardo/turtlebot3_group6v2/build/hazmat_marker/build install --record /home/gerardo/turtlebot3_group6v2/build/hazmat_marker/install.log --single-version-externally-managed install_data
[1.791s] Level 1:colcon.colcon_core.environment:checking '/home/gerardo/turtlebot3_group6v2/install/laser_scan_adjuster' for CMake module files
[1.791s] DEBUG:colcon.colcon_core.event_handler.log_command:Invoked command in '/home/gerardo/turtlebot3_group6v2/src/laser_scan_adjuster' returned '0': PYTHONPATH=/home/gerardo/turtlebot3_group6v2/build/laser_scan_adjuster/prefix_override:/usr/lib/python3/dist-packages/colcon_core/task/python/colcon_distutils_commands:/home/gerardo/turtlebot3_group6v2/install/laser_scan_adjuster/lib/python3.10/site-packages:${PYTHONPATH} /usr/bin/python3 -W ignore:setup.py install is deprecated setup.py egg_info --egg-base ../../build/laser_scan_adjuster build --build-base /home/gerardo/turtlebot3_group6v2/build/laser_scan_adjuster/build install --record /home/gerardo/turtlebot3_group6v2/build/laser_scan_adjuster/install.log --single-version-externally-managed install_data
[1.792s] Level 1:colcon.colcon_core.environment:checking '/home/gerardo/turtlebot3_group6v2/install/laser_scan_adjuster' for CMake config files
[1.792s] Level 1:colcon.colcon_core.environment:checking '/home/gerardo/turtlebot3_group6v2/install/laser_scan_adjuster/lib'
[1.792s] Level 1:colcon.colcon_core.environment:checking '/home/gerardo/turtlebot3_group6v2/install/laser_scan_adjuster/bin'
[1.792s] Level 1:colcon.colcon_core.environment:checking '/home/gerardo/turtlebot3_group6v2/install/laser_scan_adjuster/lib/pkgconfig/laser_scan_adjuster.pc'
[1.793s] Level 1:colcon.colcon_core.environment:checking '/home/gerardo/turtlebot3_group6v2/install/laser_scan_adjuster/lib/python3.10/site-packages'
[1.793s] Level 1:colcon.colcon_core.shell:create_environment_hook('laser_scan_adjuster', 'pythonpath')
[1.793s] INFO:colcon.colcon_core.shell:Creating environment hook '/home/gerardo/turtlebot3_group6v2/install/laser_scan_adjuster/share/laser_scan_adjuster/hook/pythonpath.ps1'
[1.793s] INFO:colcon.colcon_core.shell:Creating environment descriptor '/home/gerardo/turtlebot3_group6v2/install/laser_scan_adjuster/share/laser_scan_adjuster/hook/pythonpath.dsv'
[1.793s] INFO:colcon.colcon_core.shell:Creating environment hook '/home/gerardo/turtlebot3_group6v2/install/laser_scan_adjuster/share/laser_scan_adjuster/hook/pythonpath.sh'
[1.794s] Level 1:colcon.colcon_core.environment:checking '/home/gerardo/turtlebot3_group6v2/install/laser_scan_adjuster/bin'
[1.794s] Level 1:colcon.colcon_core.environment:create_environment_scripts_only(laser_scan_adjuster)
[1.794s] INFO:colcon.colcon_core.shell:Creating package script '/home/gerardo/turtlebot3_group6v2/install/laser_scan_adjuster/share/laser_scan_adjuster/package.ps1'
[1.795s] INFO:colcon.colcon_core.shell:Creating package descriptor '/home/gerardo/turtlebot3_group6v2/install/laser_scan_adjuster/share/laser_scan_adjuster/package.dsv'
[1.795s] INFO:colcon.colcon_core.shell:Creating package script '/home/gerardo/turtlebot3_group6v2/install/laser_scan_adjuster/share/laser_scan_adjuster/package.sh'
[1.796s] INFO:colcon.colcon_core.shell:Creating package script '/home/gerardo/turtlebot3_group6v2/install/laser_scan_adjuster/share/laser_scan_adjuster/package.bash'
[1.796s] INFO:colcon.colcon_core.shell:Creating package script '/home/gerardo/turtlebot3_group6v2/install/laser_scan_adjuster/share/laser_scan_adjuster/package.zsh'
[1.797s] Level 1:colcon.colcon_core.environment:create_file_with_runtime_dependencies(/home/gerardo/turtlebot3_group6v2/install/laser_scan_adjuster/share/colcon-core/packages/laser_scan_adjuster)
[1.798s] Level 1:colcon.colcon_core.environment:checking '/home/gerardo/turtlebot3_group6v2/install/joint_state_publisher_custom' for CMake module files
[1.798s] DEBUG:colcon.colcon_core.event_handler.log_command:Invoked command in '/home/gerardo/turtlebot3_group6v2/src/joint_state_publisher_custom' returned '0': PYTHONPATH=/home/gerardo/turtlebot3_group6v2/build/joint_state_publisher_custom/prefix_override:/usr/lib/python3/dist-packages/colcon_core/task/python/colcon_distutils_commands:/home/gerardo/turtlebot3_group6v2/install/joint_state_publisher_custom/lib/python3.10/site-packages:${PYTHONPATH} /usr/bin/python3 -W ignore:setup.py install is deprecated setup.py egg_info --egg-base ../../build/joint_state_publisher_custom build --build-base /home/gerardo/turtlebot3_group6v2/build/joint_state_publisher_custom/build install --record /home/gerardo/turtlebot3_group6v2/build/joint_state_publisher_custom/install.log --single-version-externally-managed
[1.798s] Level 1:colcon.colcon_core.environment:checking '/home/gerardo/turtlebot3_group6v2/install/joint_state_publisher_custom' for CMake config files
[1.799s] Level 1:colcon.colcon_core.environment:checking '/home/gerardo/turtlebot3_group6v2/install/joint_state_publisher_custom/lib'
[1.799s] Level 1:colcon.colcon_core.environment:checking '/home/gerardo/turtlebot3_group6v2/install/joint_state_publisher_custom/bin'
[1.799s] Level 1:colcon.colcon_core.environment:checking '/home/gerardo/turtlebot3_group6v2/install/joint_state_publisher_custom/lib/pkgconfig/joint_state_publisher_custom.pc'
[1.799s] Level 1:colcon.colcon_core.environment:checking '/home/gerardo/turtlebot3_group6v2/install/joint_state_publisher_custom/lib/python3.10/site-packages'
[1.799s] Level 1:colcon.colcon_core.shell:create_environment_hook('joint_state_publisher_custom', 'pythonpath')
[1.800s] INFO:colcon.colcon_core.shell:Creating environment hook '/home/gerardo/turtlebot3_group6v2/install/joint_state_publisher_custom/share/joint_state_publisher_custom/hook/pythonpath.ps1'
[1.800s] INFO:colcon.colcon_core.shell:Creating environment descriptor '/home/gerardo/turtlebot3_group6v2/install/joint_state_publisher_custom/share/joint_state_publisher_custom/hook/pythonpath.dsv'
[1.801s] INFO:colcon.colcon_core.shell:Creating environment hook '/home/gerardo/turtlebot3_group6v2/install/joint_state_publisher_custom/share/joint_state_publisher_custom/hook/pythonpath.sh'
[1.801s] Level 1:colcon.colcon_core.environment:checking '/home/gerardo/turtlebot3_group6v2/install/joint_state_publisher_custom/bin'
[1.801s] Level 1:colcon.colcon_core.environment:create_environment_scripts_only(joint_state_publisher_custom)
[1.802s] INFO:colcon.colcon_core.shell:Creating package script '/home/gerardo/turtlebot3_group6v2/install/joint_state_publisher_custom/share/joint_state_publisher_custom/package.ps1'
[1.803s] INFO:colcon.colcon_core.shell:Creating package descriptor '/home/gerardo/turtlebot3_group6v2/install/joint_state_publisher_custom/share/joint_state_publisher_custom/package.dsv'
[1.803s] INFO:colcon.colcon_core.shell:Creating package script '/home/gerardo/turtlebot3_group6v2/install/joint_state_publisher_custom/share/joint_state_publisher_custom/package.sh'
[1.804s] INFO:colcon.colcon_core.shell:Creating package script '/home/gerardo/turtlebot3_group6v2/install/joint_state_publisher_custom/share/joint_state_publisher_custom/package.bash'
[1.804s] INFO:colcon.colcon_core.shell:Creating package script '/home/gerardo/turtlebot3_group6v2/install/joint_state_publisher_custom/share/joint_state_publisher_custom/package.zsh'
[1.804s] Level 1:colcon.colcon_core.environment:create_file_with_runtime_dependencies(/home/gerardo/turtlebot3_group6v2/install/joint_state_publisher_custom/share/colcon-core/packages/joint_state_publisher_custom)
[1.818s] Level 1:colcon.colcon_core.environment:checking '/home/gerardo/turtlebot3_group6v2/install/camara' for CMake module files
[1.818s] DEBUG:colcon.colcon_core.event_handler.log_command:Invoked command in '/home/gerardo/turtlebot3_group6v2/src/HAZMAT_Detection/camara' returned '0': PYTHONPATH=/home/gerardo/turtlebot3_group6v2/build/camara/prefix_override:/usr/lib/python3/dist-packages/colcon_core/task/python/colcon_distutils_commands:/home/gerardo/turtlebot3_group6v2/install/camara/lib/python3.10/site-packages:${PYTHONPATH} /usr/bin/python3 -W ignore:setup.py install is deprecated setup.py egg_info --egg-base ../../../build/camara build --build-base /home/gerardo/turtlebot3_group6v2/build/camara/build install --record /home/gerardo/turtlebot3_group6v2/build/camara/install.log --single-version-externally-managed install_data
[1.819s] Level 1:colcon.colcon_core.environment:checking '/home/gerardo/turtlebot3_group6v2/install/camara' for CMake config files
[1.819s] Level 1:colcon.colcon_core.environment:checking '/home/gerardo/turtlebot3_group6v2/install/camara/lib'
[1.819s] Level 1:colcon.colcon_core.environment:checking '/home/gerardo/turtlebot3_group6v2/install/camara/bin'
[1.819s] Level 1:colcon.colcon_core.environment:checking '/home/gerardo/turtlebot3_group6v2/install/camara/lib/pkgconfig/camara.pc'
[1.820s] Level 1:colcon.colcon_core.environment:checking '/home/gerardo/turtlebot3_group6v2/install/camara/lib/python3.10/site-packages'
[1.820s] Level 1:colcon.colcon_core.shell:create_environment_hook('camara', 'pythonpath')
[1.820s] INFO:colcon.colcon_core.shell:Creating environment hook '/home/gerardo/turtlebot3_group6v2/install/camara/share/camara/hook/pythonpath.ps1'
[1.820s] INFO:colcon.colcon_core.shell:Creating environment descriptor '/home/gerardo/turtlebot3_group6v2/install/camara/share/camara/hook/pythonpath.dsv'
[1.821s] INFO:colcon.colcon_core.shell:Creating environment hook '/home/gerardo/turtlebot3_group6v2/install/camara/share/camara/hook/pythonpath.sh'
[1.821s] Level 1:colcon.colcon_core.environment:checking '/home/gerardo/turtlebot3_group6v2/install/camara/bin'
[1.821s] Level 1:colcon.colcon_core.environment:create_environment_scripts_only(camara)
[1.821s] INFO:colcon.colcon_core.shell:Creating package script '/home/gerardo/turtlebot3_group6v2/install/camara/share/camara/package.ps1'
[1.822s] INFO:colcon.colcon_core.shell:Creating package descriptor '/home/gerardo/turtlebot3_group6v2/install/camara/share/camara/package.dsv'
[1.822s] INFO:colcon.colcon_core.shell:Creating package script '/home/gerardo/turtlebot3_group6v2/install/camara/share/camara/package.sh'
[1.823s] INFO:colcon.colcon_core.shell:Creating package script '/home/gerardo/turtlebot3_group6v2/install/camara/share/camara/package.bash'
[1.823s] INFO:colcon.colcon_core.shell:Creating package script '/home/gerardo/turtlebot3_group6v2/install/camara/share/camara/package.zsh'
[1.824s] Level 1:colcon.colcon_core.environment:create_file_with_runtime_dependencies(/home/gerardo/turtlebot3_group6v2/install/camara/share/colcon-core/packages/camara)
[1.829s] Level 1:colcon.colcon_core.environment:checking '/home/gerardo/turtlebot3_group6v2/install/turtlebot3_explore' for CMake module files
[1.829s] DEBUG:colcon.colcon_core.event_handler.log_command:Invoked command in '/home/gerardo/turtlebot3_group6v2/src/turtlebot3_explore' returned '0': PYTHONPATH=/home/gerardo/turtlebot3_group6v2/build/turtlebot3_explore/prefix_override:/usr/lib/python3/dist-packages/colcon_core/task/python/colcon_distutils_commands:/home/gerardo/turtlebot3_group6v2/install/turtlebot3_explore/lib/python3.10/site-packages:${PYTHONPATH} /usr/bin/python3 -W ignore:setup.py install is deprecated setup.py egg_info --egg-base ../../build/turtlebot3_explore build --build-base /home/gerardo/turtlebot3_group6v2/build/turtlebot3_explore/build install --record /home/gerardo/turtlebot3_group6v2/build/turtlebot3_explore/install.log --single-version-externally-managed install_data
[1.829s] Level 1:colcon.colcon_core.environment:checking '/home/gerardo/turtlebot3_group6v2/install/turtlebot3_explore' for CMake config files
[1.830s] Level 1:colcon.colcon_core.environment:checking '/home/gerardo/turtlebot3_group6v2/install/turtlebot3_explore/lib'
[1.830s] Level 1:colcon.colcon_core.environment:checking '/home/gerardo/turtlebot3_group6v2/install/turtlebot3_explore/bin'
[1.830s] Level 1:colcon.colcon_core.environment:checking '/home/gerardo/turtlebot3_group6v2/install/turtlebot3_explore/lib/pkgconfig/turtlebot3_explore.pc'
[1.830s] Level 1:colcon.colcon_core.environment:checking '/home/gerardo/turtlebot3_group6v2/install/turtlebot3_explore/lib/python3.10/site-packages'
[1.830s] Level 1:colcon.colcon_core.shell:create_environment_hook('turtlebot3_explore', 'pythonpath')
[1.830s] INFO:colcon.colcon_core.shell:Creating environment hook '/home/gerardo/turtlebot3_group6v2/install/turtlebot3_explore/share/turtlebot3_explore/hook/pythonpath.ps1'
[1.831s] INFO:colcon.colcon_core.shell:Creating environment descriptor '/home/gerardo/turtlebot3_group6v2/install/turtlebot3_explore/share/turtlebot3_explore/hook/pythonpath.dsv'
[1.831s] INFO:colcon.colcon_core.shell:Creating environment hook '/home/gerardo/turtlebot3_group6v2/install/turtlebot3_explore/share/turtlebot3_explore/hook/pythonpath.sh'
[1.831s] Level 1:colcon.colcon_core.environment:checking '/home/gerardo/turtlebot3_group6v2/install/turtlebot3_explore/bin'
[1.831s] Level 1:colcon.colcon_core.environment:create_environment_scripts_only(turtlebot3_explore)
[1.832s] INFO:colcon.colcon_core.shell:Creating package script '/home/gerardo/turtlebot3_group6v2/install/turtlebot3_explore/share/turtlebot3_explore/package.ps1'
[1.832s] INFO:colcon.colcon_core.shell:Creating package descriptor '/home/gerardo/turtlebot3_group6v2/install/turtlebot3_explore/share/turtlebot3_explore/package.dsv'
[1.832s] INFO:colcon.colcon_core.shell:Creating package script '/home/gerardo/turtlebot3_group6v2/install/turtlebot3_explore/share/turtlebot3_explore/package.sh'
[1.833s] INFO:colcon.colcon_core.shell:Creating package script '/home/gerardo/turtlebot3_group6v2/install/turtlebot3_explore/share/turtlebot3_explore/package.bash'
[1.833s] INFO:colcon.colcon_core.shell:Creating package script '/home/gerardo/turtlebot3_group6v2/install/turtlebot3_explore/share/turtlebot3_explore/package.zsh'
[1.833s] Level 1:colcon.colcon_core.environment:create_file_with_runtime_dependencies(/home/gerardo/turtlebot3_group6v2/install/turtlebot3_explore/share/colcon-core/packages/turtlebot3_explore)
[1.839s] Level 1:colcon.colcon_core.environment:checking '/home/gerardo/turtlebot3_group6v2/install/motor_position_controller' for CMake module files
[1.839s] DEBUG:colcon.colcon_core.event_handler.log_command:Invoked command in '/home/gerardo/turtlebot3_group6v2/src/motor_position_controller' returned '0': PYTHONPATH=/home/gerardo/turtlebot3_group6v2/build/motor_position_controller/prefix_override:/usr/lib/python3/dist-packages/colcon_core/task/python/colcon_distutils_commands:/home/gerardo/turtlebot3_group6v2/install/motor_position_controller/lib/python3.10/site-packages:${PYTHONPATH} /usr/bin/python3 -W ignore:setup.py install is deprecated setup.py egg_info --egg-base ../../build/motor_position_controller build --build-base /home/gerardo/turtlebot3_group6v2/build/motor_position_controller/build install --record /home/gerardo/turtlebot3_group6v2/build/motor_position_controller/install.log --single-version-externally-managed install_data
[1.840s] Level 1:colcon.colcon_core.environment:checking '/home/gerardo/turtlebot3_group6v2/install/motor_position_controller' for CMake config files
[1.841s] Level 1:colcon.colcon_core.environment:checking '/home/gerardo/turtlebot3_group6v2/install/motor_position_controller/lib'
[1.841s] Level 1:colcon.colcon_core.environment:checking '/home/gerardo/turtlebot3_group6v2/install/motor_position_controller/bin'
[1.841s] Level 1:colcon.colcon_core.environment:checking '/home/gerardo/turtlebot3_group6v2/install/motor_position_controller/lib/pkgconfig/motor_position_controller.pc'
[1.841s] Level 1:colcon.colcon_core.environment:checking '/home/gerardo/turtlebot3_group6v2/install/motor_position_controller/lib/python3.10/site-packages'
[1.841s] Level 1:colcon.colcon_core.shell:create_environment_hook('motor_position_controller', 'pythonpath')
[1.841s] INFO:colcon.colcon_core.shell:Creating environment hook '/home/gerardo/turtlebot3_group6v2/install/motor_position_controller/share/motor_position_controller/hook/pythonpath.ps1'
[1.841s] INFO:colcon.colcon_core.shell:Creating environment descriptor '/home/gerardo/turtlebot3_group6v2/install/motor_position_controller/share/motor_position_controller/hook/pythonpath.dsv'
[1.842s] INFO:colcon.colcon_core.shell:Creating environment hook '/home/gerardo/turtlebot3_group6v2/install/motor_position_controller/share/motor_position_controller/hook/pythonpath.sh'
[1.842s] Level 1:colcon.colcon_core.environment:checking '/home/gerardo/turtlebot3_group6v2/install/motor_position_controller/bin'
[1.843s] Level 1:colcon.colcon_core.environment:create_environment_scripts_only(motor_position_controller)
[1.843s] INFO:colcon.colcon_core.shell:Creating package script '/home/gerardo/turtlebot3_group6v2/install/motor_position_controller/share/motor_position_controller/package.ps1'
[1.843s] INFO:colcon.colcon_core.shell:Creating package descriptor '/home/gerardo/turtlebot3_group6v2/install/motor_position_controller/share/motor_position_controller/package.dsv'
[1.843s] INFO:colcon.colcon_core.shell:Creating package script '/home/gerardo/turtlebot3_group6v2/install/motor_position_controller/share/motor_position_controller/package.sh'
[1.843s] INFO:colcon.colcon_core.shell:Creating package script '/home/gerardo/turtlebot3_group6v2/install/motor_position_controller/share/motor_position_controller/package.bash'
[1.844s] INFO:colcon.colcon_core.shell:Creating package script '/home/gerardo/turtlebot3_group6v2/install/motor_position_controller/share/motor_position_controller/package.zsh'
[1.844s] Level 1:colcon.colcon_core.environment:create_file_with_runtime_dependencies(/home/gerardo/turtlebot3_group6v2/install/motor_position_controller/share/colcon-core/packages/motor_position_controller)
[1.871s] Level 1:colcon.colcon_core.environment:checking '/home/gerardo/turtlebot3_group6v2/install/turtlebot3_poi_navigation' for CMake module files
[1.871s] DEBUG:colcon.colcon_core.event_handler.log_command:Invoked command in '/home/gerardo/turtlebot3_group6v2/src/turtlebot3_poi_navigation' returned '0': PYTHONPATH=/home/gerardo/turtlebot3_group6v2/build/turtlebot3_poi_navigation/prefix_override:/usr/lib/python3/dist-packages/colcon_core/task/python/colcon_distutils_commands:/home/gerardo/turtlebot3_group6v2/install/turtlebot3_poi_navigation/lib/python3.10/site-packages:${PYTHONPATH} /usr/bin/python3 -W ignore:setup.py install is deprecated setup.py egg_info --egg-base ../../build/turtlebot3_poi_navigation build --build-base /home/gerardo/turtlebot3_group6v2/build/turtlebot3_poi_navigation/build install --record /home/gerardo/turtlebot3_group6v2/build/turtlebot3_poi_navigation/install.log --single-version-externally-managed install_data
[1.871s] Level 1:colcon.colcon_core.environment:checking '/home/gerardo/turtlebot3_group6v2/install/turtlebot3_poi_navigation' for CMake config files
[1.872s] Level 1:colcon.colcon_core.environment:checking '/home/gerardo/turtlebot3_group6v2/install/turtlebot3_poi_navigation/lib'
[1.872s] Level 1:colcon.colcon_core.environment:checking '/home/gerardo/turtlebot3_group6v2/install/turtlebot3_poi_navigation/bin'
[1.872s] Level 1:colcon.colcon_core.environment:checking '/home/gerardo/turtlebot3_group6v2/install/turtlebot3_poi_navigation/lib/pkgconfig/turtlebot3_poi_navigation.pc'
[1.872s] Level 1:colcon.colcon_core.environment:checking '/home/gerardo/turtlebot3_group6v2/install/turtlebot3_poi_navigation/lib/python3.10/site-packages'
[1.872s] Level 1:colcon.colcon_core.shell:create_environment_hook('turtlebot3_poi_navigation', 'pythonpath')
[1.873s] INFO:colcon.colcon_core.shell:Creating environment hook '/home/gerardo/turtlebot3_group6v2/install/turtlebot3_poi_navigation/share/turtlebot3_poi_navigation/hook/pythonpath.ps1'
[1.873s] INFO:colcon.colcon_core.shell:Creating environment descriptor '/home/gerardo/turtlebot3_group6v2/install/turtlebot3_poi_navigation/share/turtlebot3_poi_navigation/hook/pythonpath.dsv'
[1.873s] INFO:colcon.colcon_core.shell:Creating environment hook '/home/gerardo/turtlebot3_group6v2/install/turtlebot3_poi_navigation/share/turtlebot3_poi_navigation/hook/pythonpath.sh'
[1.874s] Level 1:colcon.colcon_core.environment:checking '/home/gerardo/turtlebot3_group6v2/install/turtlebot3_poi_navigation/bin'
[1.874s] Level 1:colcon.colcon_core.environment:create_environment_scripts_only(turtlebot3_poi_navigation)
[1.874s] INFO:colcon.colcon_core.shell:Creating package script '/home/gerardo/turtlebot3_group6v2/install/turtlebot3_poi_navigation/share/turtlebot3_poi_navigation/package.ps1'
[1.875s] INFO:colcon.colcon_core.shell:Creating package descriptor '/home/gerardo/turtlebot3_group6v2/install/turtlebot3_poi_navigation/share/turtlebot3_poi_navigation/package.dsv'
[1.875s] INFO:colcon.colcon_core.shell:Creating package script '/home/gerardo/turtlebot3_group6v2/install/turtlebot3_poi_navigation/share/turtlebot3_poi_navigation/package.sh'
[1.875s] INFO:colcon.colcon_core.shell:Creating package script '/home/gerardo/turtlebot3_group6v2/install/turtlebot3_poi_navigation/share/turtlebot3_poi_navigation/package.bash'
[1.875s] INFO:colcon.colcon_core.shell:Creating package script '/home/gerardo/turtlebot3_group6v2/install/turtlebot3_poi_navigation/share/turtlebot3_poi_navigation/package.zsh'
[1.875s] Level 1:colcon.colcon_core.environment:create_file_with_runtime_dependencies(/home/gerardo/turtlebot3_group6v2/install/turtlebot3_poi_navigation/share/colcon-core/packages/turtlebot3_poi_navigation)
[1.880s] Level 1:colcon.colcon_core.environment:checking '/home/gerardo/turtlebot3_group6v2/install/hazmat_marker' for CMake module files
[1.880s] DEBUG:colcon.colcon_core.event_handler.log_command:Invoked command in '/home/gerardo/turtlebot3_group6v2/src/hazmat_marker' returned '0': PYTHONPATH=/home/gerardo/turtlebot3_group6v2/build/hazmat_marker/prefix_override:/usr/lib/python3/dist-packages/colcon_core/task/python/colcon_distutils_commands:/home/gerardo/turtlebot3_group6v2/install/hazmat_marker/lib/python3.10/site-packages:${PYTHONPATH} /usr/bin/python3 -W ignore:setup.py install is deprecated setup.py egg_info --egg-base ../../build/hazmat_marker build --build-base /home/gerardo/turtlebot3_group6v2/build/hazmat_marker/build install --record /home/gerardo/turtlebot3_group6v2/build/hazmat_marker/install.log --single-version-externally-managed install_data
[1.881s] Level 1:colcon.colcon_core.environment:checking '/home/gerardo/turtlebot3_group6v2/install/hazmat_marker' for CMake config files
[1.881s] Level 1:colcon.colcon_core.environment:checking '/home/gerardo/turtlebot3_group6v2/install/hazmat_marker/lib'
[1.881s] Level 1:colcon.colcon_core.environment:checking '/home/gerardo/turtlebot3_group6v2/install/hazmat_marker/bin'
[1.881s] Level 1:colcon.colcon_core.environment:checking '/home/gerardo/turtlebot3_group6v2/install/hazmat_marker/lib/pkgconfig/hazmat_marker.pc'
[1.881s] Level 1:colcon.colcon_core.environment:checking '/home/gerardo/turtlebot3_group6v2/install/hazmat_marker/lib/python3.10/site-packages'
[1.881s] Level 1:colcon.colcon_core.shell:create_environment_hook('hazmat_marker', 'pythonpath')
[1.881s] INFO:colcon.colcon_core.shell:Creating environment hook '/home/gerardo/turtlebot3_group6v2/install/hazmat_marker/share/hazmat_marker/hook/pythonpath.ps1'
[1.882s] INFO:colcon.colcon_core.shell:Creating environment descriptor '/home/gerardo/turtlebot3_group6v2/install/hazmat_marker/share/hazmat_marker/hook/pythonpath.dsv'
[1.882s] INFO:colcon.colcon_core.shell:Creating environment hook '/home/gerardo/turtlebot3_group6v2/install/hazmat_marker/share/hazmat_marker/hook/pythonpath.sh'
[1.882s] Level 1:colcon.colcon_core.environment:checking '/home/gerardo/turtlebot3_group6v2/install/hazmat_marker/bin'
[1.882s] Level 1:colcon.colcon_core.environment:create_environment_scripts_only(hazmat_marker)
[1.882s] INFO:colcon.colcon_core.shell:Creating package script '/home/gerardo/turtlebot3_group6v2/install/hazmat_marker/share/hazmat_marker/package.ps1'
[1.883s] INFO:colcon.colcon_core.shell:Creating package descriptor '/home/gerardo/turtlebot3_group6v2/install/hazmat_marker/share/hazmat_marker/package.dsv'
[1.883s] INFO:colcon.colcon_core.shell:Creating package script '/home/gerardo/turtlebot3_group6v2/install/hazmat_marker/share/hazmat_marker/package.sh'
[1.883s] INFO:colcon.colcon_core.shell:Creating package script '/home/gerardo/turtlebot3_group6v2/install/hazmat_marker/share/hazmat_marker/package.bash'
[1.883s] INFO:colcon.colcon_core.shell:Creating package script '/home/gerardo/turtlebot3_group6v2/install/hazmat_marker/share/hazmat_marker/package.zsh'
[1.883s] Level 1:colcon.colcon_core.environment:create_file_with_runtime_dependencies(/home/gerardo/turtlebot3_group6v2/install/hazmat_marker/share/colcon-core/packages/hazmat_marker)
[1.883s] DEBUG:colcon.colcon_parallel_executor.executor.parallel:closing loop
[1.883s] DEBUG:colcon.colcon_parallel_executor.executor.parallel:loop closed
[1.883s] DEBUG:colcon.colcon_parallel_executor.executor.parallel:run_until_complete finished with '0'
[1.884s] DEBUG:colcon.colcon_core.event_reactor:joining thread
[1.888s] INFO:colcon.colcon_core.plugin_system:Skipping extension 'colcon_notification.desktop_notification.terminal_notifier': Not used on non-Darwin systems
[1.888s] INFO:colcon.colcon_core.plugin_system:Skipping extension 'colcon_notification.desktop_notification.win32': Not used on non-Windows systems
[1.888s] INFO:colcon.colcon_notification.desktop_notification:Sending desktop notification using 'notify2'
[1.891s] DEBUG:colcon.colcon_core.event_reactor:joined thread
[1.891s] INFO:colcon.colcon_core.shell:Creating prefix script '/home/gerardo/turtlebot3_group6v2/install/local_setup.ps1'
[1.891s] INFO:colcon.colcon_core.shell:Creating prefix util module '/home/gerardo/turtlebot3_group6v2/install/_local_setup_util_ps1.py'
[1.892s] INFO:colcon.colcon_core.shell:Creating prefix chain script '/home/gerardo/turtlebot3_group6v2/install/setup.ps1'
[1.893s] INFO:colcon.colcon_core.shell:Creating prefix script '/home/gerardo/turtlebot3_group6v2/install/local_setup.sh'
[1.893s] INFO:colcon.colcon_core.shell:Creating prefix util module '/home/gerardo/turtlebot3_group6v2/install/_local_setup_util_sh.py'
[1.894s] INFO:colcon.colcon_core.shell:Creating prefix chain script '/home/gerardo/turtlebot3_group6v2/install/setup.sh'
[1.895s] INFO:colcon.colcon_core.shell:Creating prefix script '/home/gerardo/turtlebot3_group6v2/install/local_setup.bash'
[1.895s] INFO:colcon.colcon_core.shell:Creating prefix chain script '/home/gerardo/turtlebot3_group6v2/install/setup.bash'
[1.896s] INFO:colcon.colcon_core.shell:Creating prefix script '/home/gerardo/turtlebot3_group6v2/install/local_setup.zsh'
[1.896s] INFO:colcon.colcon_core.shell:Creating prefix chain script '/home/gerardo/turtlebot3_group6v2/install/setup.zsh'
