[0.007s] Invoking command in '/home/gerardo/turtlebot3_ws/build/turtlebot3_node': CMAKE_PREFIX_PATH=/home/gerardo/turtlebot3_ws/install/turtlebot3_msgs:/home/gerardo/turtlebot3_ws/install/dynamixel_sdk:/home/gerardo/turtlebot3_ws/install/turtlebot3:/home/gerardo/turtlebot3_ws/install/turtlebot3_bringup:/home/gerardo/turtlebot3_ws/install/turtlebot3_node:/home/gerardo/turtlebot3_ws/install/turtlebot3_navigation2:/home/gerardo/turtlebot3_ws/install/turtlebot3_description:/home/gerardo/turtlebot3_ws/install/turtlebot3_cartographer:/home/gerardo/turtlebot3_ws/install/dynamixel_sdk_examples:/home/gerardo/turtlebot3_ws/install/dynamixel_sdk_custom_interfaces:/home/gerardo/turtlebot3_ws/install/turtlebot3_teleop:/home/gerardo/turtlebot3_ws/install/turtlebot3_example:/home/gerardo/turtlebot3_group6/install/turtlebot3_explore:/home/gerardo/turtlebot3_group6/install/motor_controller:/opt/ros/humble LD_LIBRARY_PATH=/home/gerardo/turtlebot3_ws/install/turtlebot3_msgs/lib:/home/gerardo/turtlebot3_ws/install/dynamixel_sdk/lib:/home/gerardo/turtlebot3_ws/install/dynamixel_sdk_custom_interfaces/lib:/usr/lib/x86_64-linux-gnu/gazebo-11/plugins:/opt/ros/humble/opt/rviz_ogre_vendor/lib:/opt/ros/humble/lib/x86_64-linux-gnu:/opt/ros/humble/lib /usr/bin/cmake /home/gerardo/turtlebot3_ws/src/turtlebot3/turtlebot3_node -DCMAKE_INSTALL_PREFIX=/home/gerardo/turtlebot3_ws/install/turtlebot3_node
[0.044s] -- The C compiler identification is GNU 11.4.0
[0.081s] -- The CXX compiler identification is GNU 11.4.0
[0.086s] -- Detecting C compiler ABI info
[0.136s] -- Detecting C compiler ABI info - done
[0.141s] -- Check for working C compiler: /usr/bin/cc - skipped
[0.141s] -- Detecting C compile features
[0.141s] -- Detecting C compile features - done
[0.143s] -- Detecting CXX compiler ABI info
[0.200s] -- Detecting CXX compiler ABI info - done
[0.206s] -- Check for working CXX compiler: /usr/bin/c++ - skipped
[0.207s] -- Detecting CXX compile features
[0.207s] -- Detecting CXX compile features - done
[0.210s] -- Found ament_cmake: 1.3.10 (/opt/ros/humble/share/ament_cmake/cmake)
[0.552s] -- Found Python3: /usr/bin/python3 (found version "3.10.12") found components: Interpreter 
[0.608s] -- Found dynamixel_sdk: 3.7.60 (/home/gerardo/turtlebot3_ws/install/dynamixel_sdk/share/dynamixel_sdk/cmake)
[0.610s] -- Found geometry_msgs: 4.2.4 (/opt/ros/humble/share/geometry_msgs/cmake)
[0.633s] -- Found rosidl_generator_c: 3.1.5 (/opt/ros/humble/share/rosidl_generator_c/cmake)
[0.636s] -- Found rosidl_adapter: 3.1.5 (/opt/ros/humble/share/rosidl_adapter/cmake)
[0.641s] -- Found rosidl_generator_cpp: 3.1.5 (/opt/ros/humble/share/rosidl_generator_cpp/cmake)
[0.649s] -- Using all available rosidl_typesupport_c: rosidl_typesupport_fastrtps_c;rosidl_typesupport_introspection_c
[0.658s] -- Using all available rosidl_typesupport_cpp: rosidl_typesupport_fastrtps_cpp;rosidl_typesupport_introspection_cpp
[0.680s] -- Found message_filters: 4.3.5 (/opt/ros/humble/share/message_filters/cmake)
[0.706s] -- Found rmw_implementation_cmake: 6.1.2 (/opt/ros/humble/share/rmw_implementation_cmake/cmake)
[0.707s] -- Found rmw_fastrtps_cpp: 6.2.7 (/opt/ros/humble/share/rmw_fastrtps_cpp/cmake)
[0.764s] -- Found OpenSSL: /usr/lib/x86_64-linux-gnu/libcrypto.so (found version "3.0.2")  
[0.787s] -- Found FastRTPS: /opt/ros/humble/include  
[0.817s] -- Using RMW implementation 'rmw_fastrtps_cpp' as default
[0.823s] -- Looking for pthread.h
[0.874s] -- Looking for pthread.h - found
[0.874s] -- Performing Test CMAKE_HAVE_LIBC_PTHREAD
[0.922s] -- Performing Test CMAKE_HAVE_LIBC_PTHREAD - Success
[0.923s] -- Found Threads: TRUE  
[0.948s] -- Found nav_msgs: 4.2.4 (/opt/ros/humble/share/nav_msgs/cmake)
[0.958s] -- Found sensor_msgs: 4.2.4 (/opt/ros/humble/share/sensor_msgs/cmake)
[0.969s] -- Found std_srvs: 4.2.4 (/opt/ros/humble/share/std_srvs/cmake)
[0.976s] -- Found tf2: 0.25.8 (/opt/ros/humble/share/tf2/cmake)
[0.983s] -- Found tf2_ros: 0.25.8 (/opt/ros/humble/share/tf2_ros/cmake)
[1.034s] -- Found turtlebot3_msgs: 2.2.3 (/home/gerardo/turtlebot3_ws/install/turtlebot3_msgs/share/turtlebot3_msgs/cmake)
[1.090s] -- Configuring done
[1.100s] -- Generating done
[1.101s] -- Build files have been written to: /home/gerardo/turtlebot3_ws/build/turtlebot3_node
[1.109s] Invoked command in '/home/gerardo/turtlebot3_ws/build/turtlebot3_node' returned '0': CMAKE_PREFIX_PATH=/home/gerardo/turtlebot3_ws/install/turtlebot3_msgs:/home/gerardo/turtlebot3_ws/install/dynamixel_sdk:/home/gerardo/turtlebot3_ws/install/turtlebot3:/home/gerardo/turtlebot3_ws/install/turtlebot3_bringup:/home/gerardo/turtlebot3_ws/install/turtlebot3_node:/home/gerardo/turtlebot3_ws/install/turtlebot3_navigation2:/home/gerardo/turtlebot3_ws/install/turtlebot3_description:/home/gerardo/turtlebot3_ws/install/turtlebot3_cartographer:/home/gerardo/turtlebot3_ws/install/dynamixel_sdk_examples:/home/gerardo/turtlebot3_ws/install/dynamixel_sdk_custom_interfaces:/home/gerardo/turtlebot3_ws/install/turtlebot3_teleop:/home/gerardo/turtlebot3_ws/install/turtlebot3_example:/home/gerardo/turtlebot3_group6/install/turtlebot3_explore:/home/gerardo/turtlebot3_group6/install/motor_controller:/opt/ros/humble LD_LIBRARY_PATH=/home/gerardo/turtlebot3_ws/install/turtlebot3_msgs/lib:/home/gerardo/turtlebot3_ws/install/dynamixel_sdk/lib:/home/gerardo/turtlebot3_ws/install/dynamixel_sdk_custom_interfaces/lib:/usr/lib/x86_64-linux-gnu/gazebo-11/plugins:/opt/ros/humble/opt/rviz_ogre_vendor/lib:/opt/ros/humble/lib/x86_64-linux-gnu:/opt/ros/humble/lib /usr/bin/cmake /home/gerardo/turtlebot3_ws/src/turtlebot3/turtlebot3_node -DCMAKE_INSTALL_PREFIX=/home/gerardo/turtlebot3_ws/install/turtlebot3_node
[1.109s] Invoking command in '/home/gerardo/turtlebot3_ws/build/turtlebot3_node': CMAKE_PREFIX_PATH=/home/gerardo/turtlebot3_ws/install/turtlebot3_msgs:/home/gerardo/turtlebot3_ws/install/dynamixel_sdk:/home/gerardo/turtlebot3_ws/install/turtlebot3:/home/gerardo/turtlebot3_ws/install/turtlebot3_bringup:/home/gerardo/turtlebot3_ws/install/turtlebot3_node:/home/gerardo/turtlebot3_ws/install/turtlebot3_navigation2:/home/gerardo/turtlebot3_ws/install/turtlebot3_description:/home/gerardo/turtlebot3_ws/install/turtlebot3_cartographer:/home/gerardo/turtlebot3_ws/install/dynamixel_sdk_examples:/home/gerardo/turtlebot3_ws/install/dynamixel_sdk_custom_interfaces:/home/gerardo/turtlebot3_ws/install/turtlebot3_teleop:/home/gerardo/turtlebot3_ws/install/turtlebot3_example:/home/gerardo/turtlebot3_group6/install/turtlebot3_explore:/home/gerardo/turtlebot3_group6/install/motor_controller:/opt/ros/humble LD_LIBRARY_PATH=/home/gerardo/turtlebot3_ws/install/turtlebot3_msgs/lib:/home/gerardo/turtlebot3_ws/install/dynamixel_sdk/lib:/home/gerardo/turtlebot3_ws/install/dynamixel_sdk_custom_interfaces/lib:/usr/lib/x86_64-linux-gnu/gazebo-11/plugins:/opt/ros/humble/opt/rviz_ogre_vendor/lib:/opt/ros/humble/lib/x86_64-linux-gnu:/opt/ros/humble/lib /usr/bin/cmake --build /home/gerardo/turtlebot3_ws/build/turtlebot3_node -- -j16 -l16
[1.144s] [ 14%] [32mBuilding CXX object CMakeFiles/turtlebot3_node_lib.dir/src/devices/sound.cpp.o[0m
[1.144s] [ 14%] [32mBuilding CXX object CMakeFiles/turtlebot3_node_lib.dir/src/devices/motor_power.cpp.o[0m
[1.144s] [ 21%] [32mBuilding CXX object CMakeFiles/turtlebot3_node_lib.dir/src/diff_drive_controller.cpp.o[0m
[1.145s] [ 28%] [32mBuilding CXX object CMakeFiles/turtlebot3_node_lib.dir/src/sensors/imu.cpp.o[0m
[1.145s] [ 35%] [32mBuilding CXX object CMakeFiles/turtlebot3_node_lib.dir/src/sensors/joint_state.cpp.o[0m
[1.145s] [ 50%] [32mBuilding CXX object CMakeFiles/turtlebot3_node_lib.dir/src/turtlebot3.cpp.o[0m
[1.145s] [ 50%] [32mBuilding CXX object CMakeFiles/turtlebot3_node_lib.dir/src/odometry.cpp.o[0m
[1.145s] [ 57%] [32mBuilding CXX object CMakeFiles/turtlebot3_node_lib.dir/src/devices/reset.cpp.o[0m
[1.145s] [ 64%] [32mBuilding CXX object CMakeFiles/turtlebot3_node_lib.dir/src/dynamixel_sdk_wrapper.cpp.o[0m
[1.146s] [ 71%] [32mBuilding CXX object CMakeFiles/turtlebot3_node_lib.dir/src/sensors/sensor_state.cpp.o[0m
[1.148s] [ 78%] [32mBuilding CXX object CMakeFiles/turtlebot3_node_lib.dir/src/sensors/battery_state.cpp.o[0m
[10.444s] [ 85%] [32m[1mLinking CXX static library libturtlebot3_node_lib.a[0m
[10.872s] [ 85%] Built target turtlebot3_node_lib
[10.884s] [ 92%] [32mBuilding CXX object CMakeFiles/turtlebot3_ros.dir/src/node_main.cpp.o[0m
[12.716s] [100%] [32m[1mLinking CXX executable turtlebot3_ros[0m
[13.766s] [100%] Built target turtlebot3_ros
[13.774s] Invoked command in '/home/gerardo/turtlebot3_ws/build/turtlebot3_node' returned '0': CMAKE_PREFIX_PATH=/home/gerardo/turtlebot3_ws/install/turtlebot3_msgs:/home/gerardo/turtlebot3_ws/install/dynamixel_sdk:/home/gerardo/turtlebot3_ws/install/turtlebot3:/home/gerardo/turtlebot3_ws/install/turtlebot3_bringup:/home/gerardo/turtlebot3_ws/install/turtlebot3_node:/home/gerardo/turtlebot3_ws/install/turtlebot3_navigation2:/home/gerardo/turtlebot3_ws/install/turtlebot3_description:/home/gerardo/turtlebot3_ws/install/turtlebot3_cartographer:/home/gerardo/turtlebot3_ws/install/dynamixel_sdk_examples:/home/gerardo/turtlebot3_ws/install/dynamixel_sdk_custom_interfaces:/home/gerardo/turtlebot3_ws/install/turtlebot3_teleop:/home/gerardo/turtlebot3_ws/install/turtlebot3_example:/home/gerardo/turtlebot3_group6/install/turtlebot3_explore:/home/gerardo/turtlebot3_group6/install/motor_controller:/opt/ros/humble LD_LIBRARY_PATH=/home/gerardo/turtlebot3_ws/install/turtlebot3_msgs/lib:/home/gerardo/turtlebot3_ws/install/dynamixel_sdk/lib:/home/gerardo/turtlebot3_ws/install/dynamixel_sdk_custom_interfaces/lib:/usr/lib/x86_64-linux-gnu/gazebo-11/plugins:/opt/ros/humble/opt/rviz_ogre_vendor/lib:/opt/ros/humble/lib/x86_64-linux-gnu:/opt/ros/humble/lib /usr/bin/cmake --build /home/gerardo/turtlebot3_ws/build/turtlebot3_node -- -j16 -l16
[13.811s] Invoking command in '/home/gerardo/turtlebot3_ws/build/turtlebot3_node': CMAKE_PREFIX_PATH=/home/gerardo/turtlebot3_ws/install/turtlebot3_msgs:/home/gerardo/turtlebot3_ws/install/dynamixel_sdk:/home/gerardo/turtlebot3_ws/install/turtlebot3:/home/gerardo/turtlebot3_ws/install/turtlebot3_bringup:/home/gerardo/turtlebot3_ws/install/turtlebot3_node:/home/gerardo/turtlebot3_ws/install/turtlebot3_navigation2:/home/gerardo/turtlebot3_ws/install/turtlebot3_description:/home/gerardo/turtlebot3_ws/install/turtlebot3_cartographer:/home/gerardo/turtlebot3_ws/install/dynamixel_sdk_examples:/home/gerardo/turtlebot3_ws/install/dynamixel_sdk_custom_interfaces:/home/gerardo/turtlebot3_ws/install/turtlebot3_teleop:/home/gerardo/turtlebot3_ws/install/turtlebot3_example:/home/gerardo/turtlebot3_group6/install/turtlebot3_explore:/home/gerardo/turtlebot3_group6/install/motor_controller:/opt/ros/humble LD_LIBRARY_PATH=/home/gerardo/turtlebot3_ws/install/turtlebot3_msgs/lib:/home/gerardo/turtlebot3_ws/install/dynamixel_sdk/lib:/home/gerardo/turtlebot3_ws/install/dynamixel_sdk_custom_interfaces/lib:/usr/lib/x86_64-linux-gnu/gazebo-11/plugins:/opt/ros/humble/opt/rviz_ogre_vendor/lib:/opt/ros/humble/lib/x86_64-linux-gnu:/opt/ros/humble/lib /usr/bin/cmake --install /home/gerardo/turtlebot3_ws/build/turtlebot3_node
[13.817s] -- Install configuration: ""
[13.817s] -- Installing: /home/gerardo/turtlebot3_ws/install/turtlebot3_node/share/turtlebot3_node/param
[13.817s] -- Installing: /home/gerardo/turtlebot3_ws/install/turtlebot3_node/share/turtlebot3_node/param/burger.yaml
[13.817s] -- Installing: /home/gerardo/turtlebot3_ws/install/turtlebot3_node/share/turtlebot3_node/param/waffle_pi.yaml
[13.817s] -- Installing: /home/gerardo/turtlebot3_ws/install/turtlebot3_node/share/turtlebot3_node/param/waffle.yaml
[13.817s] -- Installing: /home/gerardo/turtlebot3_ws/install/turtlebot3_node/lib/turtlebot3_node/turtlebot3_ros
[13.823s] -- Set runtime path of "/home/gerardo/turtlebot3_ws/install/turtlebot3_node/lib/turtlebot3_node/turtlebot3_ros" to ""
[13.823s] -- Installing: /home/gerardo/turtlebot3_ws/install/turtlebot3_node/share/ament_index/resource_index/package_run_dependencies/turtlebot3_node
[13.823s] -- Installing: /home/gerardo/turtlebot3_ws/install/turtlebot3_node/share/ament_index/resource_index/parent_prefix_path/turtlebot3_node
[13.823s] -- Installing: /home/gerardo/turtlebot3_ws/install/turtlebot3_node/share/turtlebot3_node/environment/ament_prefix_path.sh
[13.823s] -- Installing: /home/gerardo/turtlebot3_ws/install/turtlebot3_node/share/turtlebot3_node/environment/ament_prefix_path.dsv
[13.824s] -- Installing: /home/gerardo/turtlebot3_ws/install/turtlebot3_node/share/turtlebot3_node/environment/path.sh
[13.824s] -- Installing: /home/gerardo/turtlebot3_ws/install/turtlebot3_node/share/turtlebot3_node/environment/path.dsv
[13.824s] -- Installing: /home/gerardo/turtlebot3_ws/install/turtlebot3_node/share/turtlebot3_node/local_setup.bash
[13.824s] -- Installing: /home/gerardo/turtlebot3_ws/install/turtlebot3_node/share/turtlebot3_node/local_setup.sh
[13.824s] -- Installing: /home/gerardo/turtlebot3_ws/install/turtlebot3_node/share/turtlebot3_node/local_setup.zsh
[13.824s] -- Installing: /home/gerardo/turtlebot3_ws/install/turtlebot3_node/share/turtlebot3_node/local_setup.dsv
[13.824s] -- Installing: /home/gerardo/turtlebot3_ws/install/turtlebot3_node/share/turtlebot3_node/package.dsv
[13.824s] -- Installing: /home/gerardo/turtlebot3_ws/install/turtlebot3_node/share/ament_index/resource_index/packages/turtlebot3_node
[13.824s] -- Installing: /home/gerardo/turtlebot3_ws/install/turtlebot3_node/share/turtlebot3_node/cmake/ament_cmake_export_include_directories-extras.cmake
[13.824s] -- Installing: /home/gerardo/turtlebot3_ws/install/turtlebot3_node/share/turtlebot3_node/cmake/turtlebot3_nodeConfig.cmake
[13.824s] -- Installing: /home/gerardo/turtlebot3_ws/install/turtlebot3_node/share/turtlebot3_node/cmake/turtlebot3_nodeConfig-version.cmake
[13.824s] -- Installing: /home/gerardo/turtlebot3_ws/install/turtlebot3_node/share/turtlebot3_node/package.xml
[13.825s] Invoked command in '/home/gerardo/turtlebot3_ws/build/turtlebot3_node' returned '0': CMAKE_PREFIX_PATH=/home/gerardo/turtlebot3_ws/install/turtlebot3_msgs:/home/gerardo/turtlebot3_ws/install/dynamixel_sdk:/home/gerardo/turtlebot3_ws/install/turtlebot3:/home/gerardo/turtlebot3_ws/install/turtlebot3_bringup:/home/gerardo/turtlebot3_ws/install/turtlebot3_node:/home/gerardo/turtlebot3_ws/install/turtlebot3_navigation2:/home/gerardo/turtlebot3_ws/install/turtlebot3_description:/home/gerardo/turtlebot3_ws/install/turtlebot3_cartographer:/home/gerardo/turtlebot3_ws/install/dynamixel_sdk_examples:/home/gerardo/turtlebot3_ws/install/dynamixel_sdk_custom_interfaces:/home/gerardo/turtlebot3_ws/install/turtlebot3_teleop:/home/gerardo/turtlebot3_ws/install/turtlebot3_example:/home/gerardo/turtlebot3_group6/install/turtlebot3_explore:/home/gerardo/turtlebot3_group6/install/motor_controller:/opt/ros/humble LD_LIBRARY_PATH=/home/gerardo/turtlebot3_ws/install/turtlebot3_msgs/lib:/home/gerardo/turtlebot3_ws/install/dynamixel_sdk/lib:/home/gerardo/turtlebot3_ws/install/dynamixel_sdk_custom_interfaces/lib:/usr/lib/x86_64-linux-gnu/gazebo-11/plugins:/opt/ros/humble/opt/rviz_ogre_vendor/lib:/opt/ros/humble/lib/x86_64-linux-gnu:/opt/ros/humble/lib /usr/bin/cmake --install /home/gerardo/turtlebot3_ws/build/turtlebot3_node
