[0.741s] Invoking command in '/home/gerardo/turtlebot3_group6v2/src/turtlebot3_poi_navigation': PYTHONPATH=/home/gerardo/turtlebot3_group6v2/build/turtlebot3_poi_navigation/prefix_override:/usr/lib/python3/dist-packages/colcon_core/task/python/colcon_distutils_commands:/home/gerardo/turtlebot3_group6v2/install/turtlebot3_poi_navigation/lib/python3.10/site-packages:${PYTHONPATH} /usr/bin/python3 -W ignore:setup.py install is deprecated setup.py egg_info --egg-base ../../build/turtlebot3_poi_navigation build --build-base /home/gerardo/turtlebot3_group6v2/build/turtlebot3_poi_navigation/build install --record /home/gerardo/turtlebot3_group6v2/build/turtlebot3_poi_navigation/install.log --single-version-externally-managed install_data
[0.874s] running egg_info
[0.874s] creating ../../build/turtlebot3_poi_navigation/turtlebot3_poi_navigation.egg-info
[0.875s] writing ../../build/turtlebot3_poi_navigation/turtlebot3_poi_navigation.egg-info/PKG-INFO
[0.875s] writing dependency_links to ../../build/turtlebot3_poi_navigation/turtlebot3_poi_navigation.egg-info/dependency_links.txt
[0.875s] writing entry points to ../../build/turtlebot3_poi_navigation/turtlebot3_poi_navigation.egg-info/entry_points.txt
[0.875s] writing requirements to ../../build/turtlebot3_poi_navigation/turtlebot3_poi_navigation.egg-info/requires.txt
[0.875s] writing top-level names to ../../build/turtlebot3_poi_navigation/turtlebot3_poi_navigation.egg-info/top_level.txt
[0.875s] writing manifest file '../../build/turtlebot3_poi_navigation/turtlebot3_poi_navigation.egg-info/SOURCES.txt'
[0.876s] reading manifest file '../../build/turtlebot3_poi_navigation/turtlebot3_poi_navigation.egg-info/SOURCES.txt'
[0.877s] writing manifest file '../../build/turtlebot3_poi_navigation/turtlebot3_poi_navigation.egg-info/SOURCES.txt'
[0.877s] running build
[0.877s] running build_py
[0.877s] creating /home/gerardo/turtlebot3_group6v2/build/turtlebot3_poi_navigation/build
[0.877s] creating /home/gerardo/turtlebot3_group6v2/build/turtlebot3_poi_navigation/build/lib
[0.877s] creating /home/gerardo/turtlebot3_group6v2/build/turtlebot3_poi_navigation/build/lib/turtlebot3_poi_navigation
[0.877s] copying turtlebot3_poi_navigation/poi_manager.py -> /home/gerardo/turtlebot3_group6v2/build/turtlebot3_poi_navigation/build/lib/turtlebot3_poi_navigation
[0.877s] copying turtlebot3_poi_navigation/__init__.py -> /home/gerardo/turtlebot3_group6v2/build/turtlebot3_poi_navigation/build/lib/turtlebot3_poi_navigation
[0.877s] running install
[0.878s] running install_lib
[0.879s] creating /home/gerardo/turtlebot3_group6v2/install/turtlebot3_poi_navigation/lib/python3.10/site-packages/turtlebot3_poi_navigation
[0.879s] copying /home/gerardo/turtlebot3_group6v2/build/turtlebot3_poi_navigation/build/lib/turtlebot3_poi_navigation/poi_manager.py -> /home/gerardo/turtlebot3_group6v2/install/turtlebot3_poi_navigation/lib/python3.10/site-packages/turtlebot3_poi_navigation
[0.879s] copying /home/gerardo/turtlebot3_group6v2/build/turtlebot3_poi_navigation/build/lib/turtlebot3_poi_navigation/__init__.py -> /home/gerardo/turtlebot3_group6v2/install/turtlebot3_poi_navigation/lib/python3.10/site-packages/turtlebot3_poi_navigation
[0.879s] byte-compiling /home/gerardo/turtlebot3_group6v2/install/turtlebot3_poi_navigation/lib/python3.10/site-packages/turtlebot3_poi_navigation/poi_manager.py to poi_manager.cpython-310.pyc
[0.880s] byte-compiling /home/gerardo/turtlebot3_group6v2/install/turtlebot3_poi_navigation/lib/python3.10/site-packages/turtlebot3_poi_navigation/__init__.py to __init__.cpython-310.pyc
[0.880s] running install_data
[0.880s] creating /home/gerardo/turtlebot3_group6v2/install/turtlebot3_poi_navigation/share/ament_index
[0.880s] creating /home/gerardo/turtlebot3_group6v2/install/turtlebot3_poi_navigation/share/ament_index/resource_index
[0.880s] creating /home/gerardo/turtlebot3_group6v2/install/turtlebot3_poi_navigation/share/ament_index/resource_index/packages
[0.881s] copying resource/turtlebot3_poi_navigation -> /home/gerardo/turtlebot3_group6v2/install/turtlebot3_poi_navigation/share/ament_index/resource_index/packages
[0.881s] copying package.xml -> /home/gerardo/turtlebot3_group6v2/install/turtlebot3_poi_navigation/share/turtlebot3_poi_navigation
[0.881s] running install_egg_info
[0.882s] Copying ../../build/turtlebot3_poi_navigation/turtlebot3_poi_navigation.egg-info to /home/gerardo/turtlebot3_group6v2/install/turtlebot3_poi_navigation/lib/python3.10/site-packages/turtlebot3_poi_navigation-0.0.0-py3.10.egg-info
[0.882s] running install_scripts
[0.895s] Installing poi_manager script to /home/gerardo/turtlebot3_group6v2/install/turtlebot3_poi_navigation/lib/turtlebot3_poi_navigation
[0.895s] writing list of installed files to '/home/gerardo/turtlebot3_group6v2/build/turtlebot3_poi_navigation/install.log'
[0.916s] Invoked command in '/home/gerardo/turtlebot3_group6v2/src/turtlebot3_poi_navigation' returned '0': PYTHONPATH=/home/gerardo/turtlebot3_group6v2/build/turtlebot3_poi_navigation/prefix_override:/usr/lib/python3/dist-packages/colcon_core/task/python/colcon_distutils_commands:/home/gerardo/turtlebot3_group6v2/install/turtlebot3_poi_navigation/lib/python3.10/site-packages:${PYTHONPATH} /usr/bin/python3 -W ignore:setup.py install is deprecated setup.py egg_info --egg-base ../../build/turtlebot3_poi_navigation build --build-base /home/gerardo/turtlebot3_group6v2/build/turtlebot3_poi_navigation/build install --record /home/gerardo/turtlebot3_group6v2/build/turtlebot3_poi_navigation/install.log --single-version-externally-managed install_data
