running egg_info
creating ../../build/turtlebot3_explore/turtlebot3_explore.egg-info
writing ../../build/turtlebot3_explore/turtlebot3_explore.egg-info/PKG-INFO
writing dependency_links to ../../build/turtlebot3_explore/turtlebot3_explore.egg-info/dependency_links.txt
writing entry points to ../../build/turtlebot3_explore/turtlebot3_explore.egg-info/entry_points.txt
writing requirements to ../../build/turtlebot3_explore/turtlebot3_explore.egg-info/requires.txt
writing top-level names to ../../build/turtlebot3_explore/turtlebot3_explore.egg-info/top_level.txt
writing manifest file '../../build/turtlebot3_explore/turtlebot3_explore.egg-info/SOURCES.txt'
reading manifest file '../../build/turtlebot3_explore/turtlebot3_explore.egg-info/SOURCES.txt'
writing manifest file '../../build/turtlebot3_explore/turtlebot3_explore.egg-info/SOURCES.txt'
running build
running build_py
creating /home/gerardo/turtlebot3_group6v2/build/turtlebot3_explore/build
creating /home/gerardo/turtlebot3_group6v2/build/turtlebot3_explore/build/lib
creating /home/gerardo/turtlebot3_group6v2/build/turtlebot3_explore/build/lib/turtlebot3_explore
copying turtlebot3_explore/explore.py -> /home/gerardo/turtlebot3_group6v2/build/turtlebot3_explore/build/lib/turtlebot3_explore
copying turtlebot3_explore/__init__.py -> /home/gerardo/turtlebot3_group6v2/build/turtlebot3_explore/build/lib/turtlebot3_explore
running install
running install_lib
creating /home/gerardo/turtlebot3_group6v2/install/turtlebot3_explore/lib/python3.10/site-packages/turtlebot3_explore
copying /home/gerardo/turtlebot3_group6v2/build/turtlebot3_explore/build/lib/turtlebot3_explore/explore.py -> /home/gerardo/turtlebot3_group6v2/install/turtlebot3_explore/lib/python3.10/site-packages/turtlebot3_explore
copying /home/gerardo/turtlebot3_group6v2/build/turtlebot3_explore/build/lib/turtlebot3_explore/__init__.py -> /home/gerardo/turtlebot3_group6v2/install/turtlebot3_explore/lib/python3.10/site-packages/turtlebot3_explore
byte-compiling /home/gerardo/turtlebot3_group6v2/install/turtlebot3_explore/lib/python3.10/site-packages/turtlebot3_explore/explore.py to explore.cpython-310.pyc
byte-compiling /home/gerardo/turtlebot3_group6v2/install/turtlebot3_explore/lib/python3.10/site-packages/turtlebot3_explore/__init__.py to __init__.cpython-310.pyc
running install_data
creating /home/gerardo/turtlebot3_group6v2/install/turtlebot3_explore/share/ament_index
creating /home/gerardo/turtlebot3_group6v2/install/turtlebot3_explore/share/ament_index/resource_index
creating /home/gerardo/turtlebot3_group6v2/install/turtlebot3_explore/share/ament_index/resource_index/packages
copying resource/turtlebot3_explore -> /home/gerardo/turtlebot3_group6v2/install/turtlebot3_explore/share/ament_index/resource_index/packages
copying package.xml -> /home/gerardo/turtlebot3_group6v2/install/turtlebot3_explore/share/turtlebot3_explore
creating /home/gerardo/turtlebot3_group6v2/install/turtlebot3_explore/share/turtlebot3_explore/launch
copying launch/explore_launch.py -> /home/gerardo/turtlebot3_group6v2/install/turtlebot3_explore/share/turtlebot3_explore/launch
creating /home/gerardo/turtlebot3_group6v2/install/turtlebot3_explore/share/turtlebot3_explore/config
copying config/explore_params.yaml -> /home/gerardo/turtlebot3_group6v2/install/turtlebot3_explore/share/turtlebot3_explore/config
running install_egg_info
Copying ../../build/turtlebot3_explore/turtlebot3_explore.egg-info to /home/gerardo/turtlebot3_group6v2/install/turtlebot3_explore/lib/python3.10/site-packages/turtlebot3_explore-0.0.1-py3.10.egg-info
running install_scripts
Installing explore script to /home/gerardo/turtlebot3_group6v2/install/turtlebot3_explore/lib/turtlebot3_explore
writing list of installed files to '/home/gerardo/turtlebot3_group6v2/build/turtlebot3_explore/install.log'
