[0.986s] Invoking command in '/home/gerardo/turtlebot3_group6v2/src/turtlebot3_explore': PYTHONPATH=/home/gerardo/turtlebot3_group6v2/build/turtlebot3_explore/prefix_override:/usr/lib/python3/dist-packages/colcon_core/task/python/colcon_distutils_commands:/home/gerardo/turtlebot3_group6v2/install/turtlebot3_explore/lib/python3.10/site-packages:${PYTHONPATH} /usr/bin/python3 -W ignore:setup.py install is deprecated setup.py egg_info --egg-base ../../build/turtlebot3_explore build --build-base /home/gerardo/turtlebot3_group6v2/build/turtlebot3_explore/build install --record /home/gerardo/turtlebot3_group6v2/build/turtlebot3_explore/install.log --single-version-externally-managed install_data
[1.128s] running egg_info
[1.128s] creating ../../build/turtlebot3_explore/turtlebot3_explore.egg-info
[1.128s] writing ../../build/turtlebot3_explore/turtlebot3_explore.egg-info/PKG-INFO
[1.128s] writing dependency_links to ../../build/turtlebot3_explore/turtlebot3_explore.egg-info/dependency_links.txt
[1.128s] writing entry points to ../../build/turtlebot3_explore/turtlebot3_explore.egg-info/entry_points.txt
[1.129s] writing requirements to ../../build/turtlebot3_explore/turtlebot3_explore.egg-info/requires.txt
[1.129s] writing top-level names to ../../build/turtlebot3_explore/turtlebot3_explore.egg-info/top_level.txt
[1.129s] writing manifest file '../../build/turtlebot3_explore/turtlebot3_explore.egg-info/SOURCES.txt'
[1.129s] reading manifest file '../../build/turtlebot3_explore/turtlebot3_explore.egg-info/SOURCES.txt'
[1.130s] writing manifest file '../../build/turtlebot3_explore/turtlebot3_explore.egg-info/SOURCES.txt'
[1.130s] running build
[1.130s] running build_py
[1.130s] creating /home/gerardo/turtlebot3_group6v2/build/turtlebot3_explore/build
[1.130s] creating /home/gerardo/turtlebot3_group6v2/build/turtlebot3_explore/build/lib
[1.130s] creating /home/gerardo/turtlebot3_group6v2/build/turtlebot3_explore/build/lib/turtlebot3_explore
[1.130s] copying turtlebot3_explore/explore.py -> /home/gerardo/turtlebot3_group6v2/build/turtlebot3_explore/build/lib/turtlebot3_explore
[1.130s] copying turtlebot3_explore/__init__.py -> /home/gerardo/turtlebot3_group6v2/build/turtlebot3_explore/build/lib/turtlebot3_explore
[1.130s] running install
[1.132s] running install_lib
[1.133s] creating /home/gerardo/turtlebot3_group6v2/install/turtlebot3_explore/lib/python3.10/site-packages/turtlebot3_explore
[1.133s] copying /home/gerardo/turtlebot3_group6v2/build/turtlebot3_explore/build/lib/turtlebot3_explore/explore.py -> /home/gerardo/turtlebot3_group6v2/install/turtlebot3_explore/lib/python3.10/site-packages/turtlebot3_explore
[1.133s] copying /home/gerardo/turtlebot3_group6v2/build/turtlebot3_explore/build/lib/turtlebot3_explore/__init__.py -> /home/gerardo/turtlebot3_group6v2/install/turtlebot3_explore/lib/python3.10/site-packages/turtlebot3_explore
[1.133s] byte-compiling /home/gerardo/turtlebot3_group6v2/install/turtlebot3_explore/lib/python3.10/site-packages/turtlebot3_explore/explore.py to explore.cpython-310.pyc
[1.135s] byte-compiling /home/gerardo/turtlebot3_group6v2/install/turtlebot3_explore/lib/python3.10/site-packages/turtlebot3_explore/__init__.py to __init__.cpython-310.pyc
[1.135s] running install_data
[1.135s] creating /home/gerardo/turtlebot3_group6v2/install/turtlebot3_explore/share/ament_index
[1.135s] creating /home/gerardo/turtlebot3_group6v2/install/turtlebot3_explore/share/ament_index/resource_index
[1.135s] creating /home/gerardo/turtlebot3_group6v2/install/turtlebot3_explore/share/ament_index/resource_index/packages
[1.135s] copying resource/turtlebot3_explore -> /home/gerardo/turtlebot3_group6v2/install/turtlebot3_explore/share/ament_index/resource_index/packages
[1.136s] copying package.xml -> /home/gerardo/turtlebot3_group6v2/install/turtlebot3_explore/share/turtlebot3_explore
[1.136s] creating /home/gerardo/turtlebot3_group6v2/install/turtlebot3_explore/share/turtlebot3_explore/launch
[1.136s] copying launch/explore_launch.py -> /home/gerardo/turtlebot3_group6v2/install/turtlebot3_explore/share/turtlebot3_explore/launch
[1.136s] creating /home/gerardo/turtlebot3_group6v2/install/turtlebot3_explore/share/turtlebot3_explore/config
[1.136s] copying config/explore_params.yaml -> /home/gerardo/turtlebot3_group6v2/install/turtlebot3_explore/share/turtlebot3_explore/config
[1.136s] running install_egg_info
[1.137s] Copying ../../build/turtlebot3_explore/turtlebot3_explore.egg-info to /home/gerardo/turtlebot3_group6v2/install/turtlebot3_explore/lib/python3.10/site-packages/turtlebot3_explore-0.0.1-py3.10.egg-info
[1.137s] running install_scripts
[1.151s] Installing explore script to /home/gerardo/turtlebot3_group6v2/install/turtlebot3_explore/lib/turtlebot3_explore
[1.152s] writing list of installed files to '/home/gerardo/turtlebot3_group6v2/build/turtlebot3_explore/install.log'
[1.186s] Invoked command in '/home/gerardo/turtlebot3_group6v2/src/turtlebot3_explore' returned '0': PYTHONPATH=/home/gerardo/turtlebot3_group6v2/build/turtlebot3_explore/prefix_override:/usr/lib/python3/dist-packages/colcon_core/task/python/colcon_distutils_commands:/home/gerardo/turtlebot3_group6v2/install/turtlebot3_explore/lib/python3.10/site-packages:${PYTHONPATH} /usr/bin/python3 -W ignore:setup.py install is deprecated setup.py egg_info --egg-base ../../build/turtlebot3_explore build --build-base /home/gerardo/turtlebot3_group6v2/build/turtlebot3_explore/build install --record /home/gerardo/turtlebot3_group6v2/build/turtlebot3_explore/install.log --single-version-externally-managed install_data
