[0.867s] Invoking command in '/home/gerardo/turtlebot3_ws/src/motor_position_controller': PYTHONPATH=/home/gerardo/turtlebot3_ws/build/motor_position_controller/prefix_override:/usr/lib/python3/dist-packages/colcon_core/task/python/colcon_distutils_commands:/home/gerardo/turtlebot3_ws/install/motor_position_controller/lib/python3.10/site-packages:${PYTHONPATH} /usr/bin/python3 -W ignore:setup.py install is deprecated setup.py egg_info --egg-base ../../build/motor_position_controller build --build-base /home/gerardo/turtlebot3_ws/build/motor_position_controller/build install --record /home/gerardo/turtlebot3_ws/build/motor_position_controller/install.log --single-version-externally-managed install_data
[1.051s] running egg_info
[1.051s] writing ../../build/motor_position_controller/motor_position_controller.egg-info/PKG-INFO
[1.051s] writing dependency_links to ../../build/motor_position_controller/motor_position_controller.egg-info/dependency_links.txt
[1.051s] writing entry points to ../../build/motor_position_controller/motor_position_controller.egg-info/entry_points.txt
[1.051s] writing requirements to ../../build/motor_position_controller/motor_position_controller.egg-info/requires.txt
[1.051s] writing top-level names to ../../build/motor_position_controller/motor_position_controller.egg-info/top_level.txt
[1.052s] reading manifest file '../../build/motor_position_controller/motor_position_controller.egg-info/SOURCES.txt'
[1.053s] writing manifest file '../../build/motor_position_controller/motor_position_controller.egg-info/SOURCES.txt'
[1.053s] running build
[1.053s] running build_py
[1.053s] running install
[1.054s] running install_lib
[1.056s] running install_data
[1.056s] running install_egg_info
[1.057s] removing '/home/gerardo/turtlebot3_ws/install/motor_position_controller/lib/python3.10/site-packages/motor_position_controller-0.0.0-py3.10.egg-info' (and everything under it)
[1.057s] Copying ../../build/motor_position_controller/motor_position_controller.egg-info to /home/gerardo/turtlebot3_ws/install/motor_position_controller/lib/python3.10/site-packages/motor_position_controller-0.0.0-py3.10.egg-info
[1.057s] running install_scripts
[1.071s] Installing motor_position_controller script to /home/gerardo/turtlebot3_ws/install/motor_position_controller/lib/motor_position_controller
[1.071s] writing list of installed files to '/home/gerardo/turtlebot3_ws/build/motor_position_controller/install.log'
[1.089s] Invoked command in '/home/gerardo/turtlebot3_ws/src/motor_position_controller' returned '0': PYTHONPATH=/home/gerardo/turtlebot3_ws/build/motor_position_controller/prefix_override:/usr/lib/python3/dist-packages/colcon_core/task/python/colcon_distutils_commands:/home/gerardo/turtlebot3_ws/install/motor_position_controller/lib/python3.10/site-packages:${PYTHONPATH} /usr/bin/python3 -W ignore:setup.py install is deprecated setup.py egg_info --egg-base ../../build/motor_position_controller build --build-base /home/gerardo/turtlebot3_ws/build/motor_position_controller/build install --record /home/gerardo/turtlebot3_ws/build/motor_position_controller/install.log --single-version-externally-managed install_data
