[0.743s] Invoking command in '/home/gerardo/turtlebot3_group6v2/src/motor_position_controller': PYTHONPATH=/home/gerardo/turtlebot3_group6v2/build/motor_position_controller/prefix_override:/usr/lib/python3/dist-packages/colcon_core/task/python/colcon_distutils_commands:/home/gerardo/turtlebot3_group6v2/install/motor_position_controller/lib/python3.10/site-packages:${PYTHONPATH} /usr/bin/python3 -W ignore:setup.py install is deprecated setup.py egg_info --egg-base ../../build/motor_position_controller build --build-base /home/gerardo/turtlebot3_group6v2/build/motor_position_controller/build install --record /home/gerardo/turtlebot3_group6v2/build/motor_position_controller/install.log --single-version-externally-managed install_data
[0.873s] running egg_info
[0.874s] creating ../../build/motor_position_controller/motor_position_controller.egg-info
[0.874s] writing ../../build/motor_position_controller/motor_position_controller.egg-info/PKG-INFO
[0.874s] writing dependency_links to ../../build/motor_position_controller/motor_position_controller.egg-info/dependency_links.txt
[0.874s] writing entry points to ../../build/motor_position_controller/motor_position_controller.egg-info/entry_points.txt
[0.874s] writing requirements to ../../build/motor_position_controller/motor_position_controller.egg-info/requires.txt
[0.874s] writing top-level names to ../../build/motor_position_controller/motor_position_controller.egg-info/top_level.txt
[0.874s] writing manifest file '../../build/motor_position_controller/motor_position_controller.egg-info/SOURCES.txt'
[0.875s] reading manifest file '../../build/motor_position_controller/motor_position_controller.egg-info/SOURCES.txt'
[0.876s] writing manifest file '../../build/motor_position_controller/motor_position_controller.egg-info/SOURCES.txt'
[0.876s] running build
[0.876s] running build_py
[0.876s] creating /home/gerardo/turtlebot3_group6v2/build/motor_position_controller/build
[0.876s] creating /home/gerardo/turtlebot3_group6v2/build/motor_position_controller/build/lib
[0.876s] creating /home/gerardo/turtlebot3_group6v2/build/motor_position_controller/build/lib/motor_position_controller
[0.876s] copying motor_position_controller/__init__.py -> /home/gerardo/turtlebot3_group6v2/build/motor_position_controller/build/lib/motor_position_controller
[0.876s] running install
[0.877s] running install_lib
[0.878s] creating /home/gerardo/turtlebot3_group6v2/install/motor_position_controller/lib/python3.10/site-packages/motor_position_controller
[0.878s] copying /home/gerardo/turtlebot3_group6v2/build/motor_position_controller/build/lib/motor_position_controller/__init__.py -> /home/gerardo/turtlebot3_group6v2/install/motor_position_controller/lib/python3.10/site-packages/motor_position_controller
[0.878s] byte-compiling /home/gerardo/turtlebot3_group6v2/install/motor_position_controller/lib/python3.10/site-packages/motor_position_controller/__init__.py to __init__.cpython-310.pyc
[0.878s] running install_data
[0.878s] creating /home/gerardo/turtlebot3_group6v2/install/motor_position_controller/share/ament_index
[0.878s] creating /home/gerardo/turtlebot3_group6v2/install/motor_position_controller/share/ament_index/resource_index
[0.878s] creating /home/gerardo/turtlebot3_group6v2/install/motor_position_controller/share/ament_index/resource_index/packages
[0.878s] copying resource/motor_position_controller -> /home/gerardo/turtlebot3_group6v2/install/motor_position_controller/share/ament_index/resource_index/packages
[0.879s] copying package.xml -> /home/gerardo/turtlebot3_group6v2/install/motor_position_controller/share/motor_position_controller
[0.879s] running install_egg_info
[0.879s] Copying ../../build/motor_position_controller/motor_position_controller.egg-info to /home/gerardo/turtlebot3_group6v2/install/motor_position_controller/lib/python3.10/site-packages/motor_position_controller-0.0.0-py3.10.egg-info
[0.880s] running install_scripts
[0.893s] Installing motor_position_controller script to /home/gerardo/turtlebot3_group6v2/install/motor_position_controller/lib/motor_position_controller
[0.893s] writing list of installed files to '/home/gerardo/turtlebot3_group6v2/build/motor_position_controller/install.log'
[0.917s] Invoked command in '/home/gerardo/turtlebot3_group6v2/src/motor_position_controller' returned '0': PYTHONPATH=/home/gerardo/turtlebot3_group6v2/build/motor_position_controller/prefix_override:/usr/lib/python3/dist-packages/colcon_core/task/python/colcon_distutils_commands:/home/gerardo/turtlebot3_group6v2/install/motor_position_controller/lib/python3.10/site-packages:${PYTHONPATH} /usr/bin/python3 -W ignore:setup.py install is deprecated setup.py egg_info --egg-base ../../build/motor_position_controller build --build-base /home/gerardo/turtlebot3_group6v2/build/motor_position_controller/build install --record /home/gerardo/turtlebot3_group6v2/build/motor_position_controller/install.log --single-version-externally-managed install_data
