running egg_info
creating ../../build/joint_state_publisher_custom/joint_state_publisher_custom.egg-info
writing ../../build/joint_state_publisher_custom/joint_state_publisher_custom.egg-info/PKG-INFO
writing dependency_links to ../../build/joint_state_publisher_custom/joint_state_publisher_custom.egg-info/dependency_links.txt
writing entry points to ../../build/joint_state_publisher_custom/joint_state_publisher_custom.egg-info/entry_points.txt
writing requirements to ../../build/joint_state_publisher_custom/joint_state_publisher_custom.egg-info/requires.txt
writing top-level names to ../../build/joint_state_publisher_custom/joint_state_publisher_custom.egg-info/top_level.txt
writing manifest file '../../build/joint_state_publisher_custom/joint_state_publisher_custom.egg-info/SOURCES.txt'
reading manifest file '../../build/joint_state_publisher_custom/joint_state_publisher_custom.egg-info/SOURCES.txt'
writing manifest file '../../build/joint_state_publisher_custom/joint_state_publisher_custom.egg-info/SOURCES.txt'
running build
running build_py
creating /home/gerardo/turtlebot3_group6v2/build/joint_state_publisher_custom/build
creating /home/gerardo/turtlebot3_group6v2/build/joint_state_publisher_custom/build/lib
creating /home/gerardo/turtlebot3_group6v2/build/joint_state_publisher_custom/build/lib/joint_state_publisher_custom
copying joint_state_publisher_custom/__init__.py -> /home/gerardo/turtlebot3_group6v2/build/joint_state_publisher_custom/build/lib/joint_state_publisher_custom
copying joint_state_publisher_custom/joint_state_publisher.py -> /home/gerardo/turtlebot3_group6v2/build/joint_state_publisher_custom/build/lib/joint_state_publisher_custom
running install
running install_lib
creating /home/gerardo/turtlebot3_group6v2/install/joint_state_publisher_custom/lib/python3.10/site-packages/joint_state_publisher_custom
copying /home/gerardo/turtlebot3_group6v2/build/joint_state_publisher_custom/build/lib/joint_state_publisher_custom/__init__.py -> /home/gerardo/turtlebot3_group6v2/install/joint_state_publisher_custom/lib/python3.10/site-packages/joint_state_publisher_custom
copying /home/gerardo/turtlebot3_group6v2/build/joint_state_publisher_custom/build/lib/joint_state_publisher_custom/joint_state_publisher.py -> /home/gerardo/turtlebot3_group6v2/install/joint_state_publisher_custom/lib/python3.10/site-packages/joint_state_publisher_custom
byte-compiling /home/gerardo/turtlebot3_group6v2/install/joint_state_publisher_custom/lib/python3.10/site-packages/joint_state_publisher_custom/__init__.py to __init__.cpython-310.pyc
byte-compiling /home/gerardo/turtlebot3_group6v2/install/joint_state_publisher_custom/lib/python3.10/site-packages/joint_state_publisher_custom/joint_state_publisher.py to joint_state_publisher.cpython-310.pyc
running install_egg_info
Copying ../../build/joint_state_publisher_custom/joint_state_publisher_custom.egg-info to /home/gerardo/turtlebot3_group6v2/install/joint_state_publisher_custom/lib/python3.10/site-packages/joint_state_publisher_custom-0.0.0-py3.10.egg-info
running install_scripts
Installing joint_state_publisher script to /home/gerardo/turtlebot3_group6v2/install/joint_state_publisher_custom/lib/joint_state_publisher_custom
writing list of installed files to '/home/gerardo/turtlebot3_group6v2/build/joint_state_publisher_custom/install.log'
