[0.066s] DEBUG:colcon:Command line arguments: ['/usr/bin/colcon', 'build', '--packages-select', 'HAZMAT_Detection', '--event-handlers', 'console_direct+']
[0.066s] DEBUG:colcon:Parsed command line arguments: Namespace(log_base=None, log_level=None, verb_name='build', build_base='build', install_base='install', merge_install=False, symlink_install=False, test_result_base=None, continue_on_error=False, executor='parallel', parallel_workers=16, event_handlers=['console_direct+'], ignore_user_meta=False, metas=['./colcon.meta'], base_paths=['.'], packages_ignore=None, packages_ignore_regex=None, paths=None, packages_up_to=None, packages_up_to_regex=None, packages_above=None, packages_above_and_dependencies=None, packages_above_depth=None, packages_select_by_dep=None, packages_skip_by_dep=None, packages_skip_up_to=None, packages_select_build_failed=False, packages_skip_build_finished=False, packages_select_test_failures=False, packages_skip_test_passed=False, packages_select=['HAZMAT_Detection'], packages_skip=None, packages_select_regex=None, packages_skip_regex=None, packages_start=None, packages_end=None, allow_overriding=[], cmake_args=None, cmake_target=None, cmake_target_skip_unavailable=False, cmake_clean_cache=False, cmake_clean_first=False, cmake_force_configure=False, ament_cmake_args=None, catkin_cmake_args=None, catkin_skip_building_tests=False, verb_parser=<colcon_defaults.argument_parser.defaults.DefaultArgumentsDecorator object at 0x7b13ad61f580>, verb_extension=<colcon_core.verb.build.BuildVerb object at 0x7b13ad61ef80>, main=<bound method BuildVerb.main of <colcon_core.verb.build.BuildVerb object at 0x7b13ad61ef80>>)
[0.167s] Level 1:colcon.colcon_core.package_discovery:discover_packages(colcon_meta) check parameters
[0.168s] Level 1:colcon.colcon_core.package_discovery:discover_packages(recursive) check parameters
[0.168s] Level 1:colcon.colcon_core.package_discovery:discover_packages(ignore) check parameters
[0.168s] Level 1:colcon.colcon_core.package_discovery:discover_packages(path) check parameters
[0.168s] Level 1:colcon.colcon_core.package_discovery:discover_packages(colcon_meta) discover
[0.168s] Level 1:colcon.colcon_core.package_discovery:discover_packages(recursive) discover
[0.168s] INFO:colcon.colcon_core.package_discovery:Crawling recursively for packages in '/home/gerardo/turtlebot3_group6v2/src'
[0.168s] Level 1:colcon.colcon_core.package_identification:_identify(.) by extensions ['ignore', 'ignore_ament_install']
[0.168s] Level 1:colcon.colcon_core.package_identification:_identify(.) by extension 'ignore'
[0.168s] Level 1:colcon.colcon_core.package_identification:_identify(.) by extension 'ignore_ament_install'
[0.168s] Level 1:colcon.colcon_core.package_identification:_identify(.) by extensions ['colcon_pkg']
[0.168s] Level 1:colcon.colcon_core.package_identification:_identify(.) by extension 'colcon_pkg'
[0.168s] Level 1:colcon.colcon_core.package_identification:_identify(.) by extensions ['colcon_meta']
[0.168s] Level 1:colcon.colcon_core.package_identification:_identify(.) by extension 'colcon_meta'
[0.168s] Level 1:colcon.colcon_core.package_identification:_identify(.) by extensions ['ros']
[0.168s] Level 1:colcon.colcon_core.package_identification:_identify(.) by extension 'ros'
[0.175s] Level 1:colcon.colcon_core.package_identification:_identify(.) by extensions ['cmake', 'python']
[0.175s] Level 1:colcon.colcon_core.package_identification:_identify(.) by extension 'cmake'
[0.175s] Level 1:colcon.colcon_core.package_identification:_identify(.) by extension 'python'
[0.175s] Level 1:colcon.colcon_core.package_identification:_identify(.) by extensions ['python_setup_py']
[0.175s] Level 1:colcon.colcon_core.package_identification:_identify(.) by extension 'python_setup_py'
[0.175s] Level 1:colcon.colcon_core.package_identification:_identify(HAZMAT_Detection) by extensions ['ignore', 'ignore_ament_install']
[0.175s] Level 1:colcon.colcon_core.package_identification:_identify(HAZMAT_Detection) by extension 'ignore'
[0.175s] Level 1:colcon.colcon_core.package_identification:_identify(HAZMAT_Detection) by extension 'ignore_ament_install'
[0.175s] Level 1:colcon.colcon_core.package_identification:_identify(HAZMAT_Detection) by extensions ['colcon_pkg']
[0.175s] Level 1:colcon.colcon_core.package_identification:_identify(HAZMAT_Detection) by extension 'colcon_pkg'
[0.175s] Level 1:colcon.colcon_core.package_identification:_identify(HAZMAT_Detection) by extensions ['colcon_meta']
[0.175s] Level 1:colcon.colcon_core.package_identification:_identify(HAZMAT_Detection) by extension 'colcon_meta'
[0.175s] Level 1:colcon.colcon_core.package_identification:_identify(HAZMAT_Detection) by extensions ['ros']
[0.175s] Level 1:colcon.colcon_core.package_identification:_identify(HAZMAT_Detection) by extension 'ros'
[0.175s] Level 1:colcon.colcon_core.package_identification:_identify(HAZMAT_Detection) by extensions ['cmake', 'python']
[0.175s] Level 1:colcon.colcon_core.package_identification:_identify(HAZMAT_Detection) by extension 'cmake'
[0.175s] Level 1:colcon.colcon_core.package_identification:_identify(HAZMAT_Detection) by extension 'python'
[0.175s] Level 1:colcon.colcon_core.package_identification:_identify(HAZMAT_Detection) by extensions ['python_setup_py']
[0.175s] Level 1:colcon.colcon_core.package_identification:_identify(HAZMAT_Detection) by extension 'python_setup_py'
[0.175s] Level 1:colcon.colcon_core.package_identification:_identify(HAZMAT_Detection/build) by extensions ['ignore', 'ignore_ament_install']
[0.175s] Level 1:colcon.colcon_core.package_identification:_identify(HAZMAT_Detection/build) by extension 'ignore'
[0.175s] Level 1:colcon.colcon_core.package_identification:_identify(HAZMAT_Detection/build) ignored
[0.175s] Level 1:colcon.colcon_core.package_identification:_identify(HAZMAT_Detection/camara) by extensions ['ignore', 'ignore_ament_install']
[0.175s] Level 1:colcon.colcon_core.package_identification:_identify(HAZMAT_Detection/camara) by extension 'ignore'
[0.175s] Level 1:colcon.colcon_core.package_identification:_identify(HAZMAT_Detection/camara) by extension 'ignore_ament_install'
[0.175s] Level 1:colcon.colcon_core.package_identification:_identify(HAZMAT_Detection/camara) by extensions ['colcon_pkg']
[0.175s] Level 1:colcon.colcon_core.package_identification:_identify(HAZMAT_Detection/camara) by extension 'colcon_pkg'
[0.176s] Level 1:colcon.colcon_core.package_identification:_identify(HAZMAT_Detection/camara) by extensions ['colcon_meta']
[0.176s] Level 1:colcon.colcon_core.package_identification:_identify(HAZMAT_Detection/camara) by extension 'colcon_meta'
[0.176s] Level 1:colcon.colcon_core.package_identification:_identify(HAZMAT_Detection/camara) by extensions ['ros']
[0.176s] Level 1:colcon.colcon_core.package_identification:_identify(HAZMAT_Detection/camara) by extension 'ros'
[0.177s] DEBUG:colcon.colcon_core.package_identification:Package 'HAZMAT_Detection/camara' with type 'ros.ament_python' and name 'camara'
[0.177s] Level 1:colcon.colcon_core.package_identification:_identify(HAZMAT_Detection/install) by extensions ['ignore', 'ignore_ament_install']
[0.177s] Level 1:colcon.colcon_core.package_identification:_identify(HAZMAT_Detection/install) by extension 'ignore'
[0.178s] Level 1:colcon.colcon_core.package_identification:_identify(HAZMAT_Detection/install) ignored
[0.178s] Level 1:colcon.colcon_core.package_identification:_identify(HAZMAT_Detection/log) by extensions ['ignore', 'ignore_ament_install']
[0.178s] Level 1:colcon.colcon_core.package_identification:_identify(HAZMAT_Detection/log) by extension 'ignore'
[0.178s] Level 1:colcon.colcon_core.package_identification:_identify(HAZMAT_Detection/log) ignored
[0.178s] Level 1:colcon.colcon_core.package_identification:_identify(build) by extensions ['ignore', 'ignore_ament_install']
[0.178s] Level 1:colcon.colcon_core.package_identification:_identify(build) by extension 'ignore'
[0.178s] Level 1:colcon.colcon_core.package_identification:_identify(build) ignored
[0.178s] Level 1:colcon.colcon_core.package_identification:_identify(explore_cpp) by extensions ['ignore', 'ignore_ament_install']
[0.178s] Level 1:colcon.colcon_core.package_identification:_identify(explore_cpp) by extension 'ignore'
[0.178s] Level 1:colcon.colcon_core.package_identification:_identify(explore_cpp) by extension 'ignore_ament_install'
[0.178s] Level 1:colcon.colcon_core.package_identification:_identify(explore_cpp) by extensions ['colcon_pkg']
[0.178s] Level 1:colcon.colcon_core.package_identification:_identify(explore_cpp) by extension 'colcon_pkg'
[0.178s] Level 1:colcon.colcon_core.package_identification:_identify(explore_cpp) by extensions ['colcon_meta']
[0.178s] Level 1:colcon.colcon_core.package_identification:_identify(explore_cpp) by extension 'colcon_meta'
[0.178s] Level 1:colcon.colcon_core.package_identification:_identify(explore_cpp) by extensions ['ros']
[0.178s] Level 1:colcon.colcon_core.package_identification:_identify(explore_cpp) by extension 'ros'
[0.179s] DEBUG:colcon.colcon_core.package_identification:Package 'explore_cpp' with type 'ros.ament_cmake' and name 'explore_cpp'
[0.179s] Level 1:colcon.colcon_core.package_identification:_identify(hazmat_marker) by extensions ['ignore', 'ignore_ament_install']
[0.179s] Level 1:colcon.colcon_core.package_identification:_identify(hazmat_marker) by extension 'ignore'
[0.179s] Level 1:colcon.colcon_core.package_identification:_identify(hazmat_marker) by extension 'ignore_ament_install'
[0.179s] Level 1:colcon.colcon_core.package_identification:_identify(hazmat_marker) by extensions ['colcon_pkg']
[0.179s] Level 1:colcon.colcon_core.package_identification:_identify(hazmat_marker) by extension 'colcon_pkg'
[0.179s] Level 1:colcon.colcon_core.package_identification:_identify(hazmat_marker) by extensions ['colcon_meta']
[0.179s] Level 1:colcon.colcon_core.package_identification:_identify(hazmat_marker) by extension 'colcon_meta'
[0.179s] Level 1:colcon.colcon_core.package_identification:_identify(hazmat_marker) by extensions ['ros']
[0.179s] Level 1:colcon.colcon_core.package_identification:_identify(hazmat_marker) by extension 'ros'
[0.179s] DEBUG:colcon.colcon_core.package_identification:Package 'hazmat_marker' with type 'ros.ament_python' and name 'hazmat_marker'
[0.179s] Level 1:colcon.colcon_core.package_identification:_identify(install) by extensions ['ignore', 'ignore_ament_install']
[0.179s] Level 1:colcon.colcon_core.package_identification:_identify(install) by extension 'ignore'
[0.179s] Level 1:colcon.colcon_core.package_identification:_identify(install) ignored
[0.179s] Level 1:colcon.colcon_core.package_identification:_identify(joint_state_publisher_custom) by extensions ['ignore', 'ignore_ament_install']
[0.179s] Level 1:colcon.colcon_core.package_identification:_identify(joint_state_publisher_custom) by extension 'ignore'
[0.179s] Level 1:colcon.colcon_core.package_identification:_identify(joint_state_publisher_custom) by extension 'ignore_ament_install'
[0.179s] Level 1:colcon.colcon_core.package_identification:_identify(joint_state_publisher_custom) by extensions ['colcon_pkg']
[0.180s] Level 1:colcon.colcon_core.package_identification:_identify(joint_state_publisher_custom) by extension 'colcon_pkg'
[0.180s] Level 1:colcon.colcon_core.package_identification:_identify(joint_state_publisher_custom) by extensions ['colcon_meta']
[0.180s] Level 1:colcon.colcon_core.package_identification:_identify(joint_state_publisher_custom) by extension 'colcon_meta'
[0.180s] Level 1:colcon.colcon_core.package_identification:_identify(joint_state_publisher_custom) by extensions ['ros']
[0.180s] Level 1:colcon.colcon_core.package_identification:_identify(joint_state_publisher_custom) by extension 'ros'
[0.181s] DEBUG:colcon.colcon_core.package_identification:Package 'joint_state_publisher_custom' with type 'ros.ament_python' and name 'joint_state_publisher_custom'
[0.181s] Level 1:colcon.colcon_core.package_identification:_identify(laser_scan_adjuster) by extensions ['ignore', 'ignore_ament_install']
[0.181s] Level 1:colcon.colcon_core.package_identification:_identify(laser_scan_adjuster) by extension 'ignore'
[0.181s] Level 1:colcon.colcon_core.package_identification:_identify(laser_scan_adjuster) by extension 'ignore_ament_install'
[0.181s] Level 1:colcon.colcon_core.package_identification:_identify(laser_scan_adjuster) by extensions ['colcon_pkg']
[0.181s] Level 1:colcon.colcon_core.package_identification:_identify(laser_scan_adjuster) by extension 'colcon_pkg'
[0.181s] Level 1:colcon.colcon_core.package_identification:_identify(laser_scan_adjuster) by extensions ['colcon_meta']
[0.181s] Level 1:colcon.colcon_core.package_identification:_identify(laser_scan_adjuster) by extension 'colcon_meta'
[0.181s] Level 1:colcon.colcon_core.package_identification:_identify(laser_scan_adjuster) by extensions ['ros']
[0.181s] Level 1:colcon.colcon_core.package_identification:_identify(laser_scan_adjuster) by extension 'ros'
[0.181s] DEBUG:colcon.colcon_core.package_identification:Package 'laser_scan_adjuster' with type 'ros.ament_python' and name 'laser_scan_adjuster'
[0.181s] Level 1:colcon.colcon_core.package_identification:_identify(log) by extensions ['ignore', 'ignore_ament_install']
[0.181s] Level 1:colcon.colcon_core.package_identification:_identify(log) by extension 'ignore'
[0.181s] Level 1:colcon.colcon_core.package_identification:_identify(log) ignored
[0.181s] Level 1:colcon.colcon_core.package_identification:_identify(motor_position_controller) by extensions ['ignore', 'ignore_ament_install']
[0.181s] Level 1:colcon.colcon_core.package_identification:_identify(motor_position_controller) by extension 'ignore'
[0.181s] Level 1:colcon.colcon_core.package_identification:_identify(motor_position_controller) by extension 'ignore_ament_install'
[0.181s] Level 1:colcon.colcon_core.package_identification:_identify(motor_position_controller) by extensions ['colcon_pkg']
[0.182s] Level 1:colcon.colcon_core.package_identification:_identify(motor_position_controller) by extension 'colcon_pkg'
[0.182s] Level 1:colcon.colcon_core.package_identification:_identify(motor_position_controller) by extensions ['colcon_meta']
[0.182s] Level 1:colcon.colcon_core.package_identification:_identify(motor_position_controller) by extension 'colcon_meta'
[0.182s] Level 1:colcon.colcon_core.package_identification:_identify(motor_position_controller) by extensions ['ros']
[0.182s] Level 1:colcon.colcon_core.package_identification:_identify(motor_position_controller) by extension 'ros'
[0.182s] DEBUG:colcon.colcon_core.package_identification:Package 'motor_position_controller' with type 'ros.ament_python' and name 'motor_position_controller'
[0.182s] Level 1:colcon.colcon_core.package_identification:_identify(turtlebot3_explore) by extensions ['ignore', 'ignore_ament_install']
[0.182s] Level 1:colcon.colcon_core.package_identification:_identify(turtlebot3_explore) by extension 'ignore'
[0.182s] Level 1:colcon.colcon_core.package_identification:_identify(turtlebot3_explore) by extension 'ignore_ament_install'
[0.182s] Level 1:colcon.colcon_core.package_identification:_identify(turtlebot3_explore) by extensions ['colcon_pkg']
[0.182s] Level 1:colcon.colcon_core.package_identification:_identify(turtlebot3_explore) by extension 'colcon_pkg'
[0.182s] Level 1:colcon.colcon_core.package_identification:_identify(turtlebot3_explore) by extensions ['colcon_meta']
[0.182s] Level 1:colcon.colcon_core.package_identification:_identify(turtlebot3_explore) by extension 'colcon_meta'
[0.182s] Level 1:colcon.colcon_core.package_identification:_identify(turtlebot3_explore) by extensions ['ros']
[0.182s] Level 1:colcon.colcon_core.package_identification:_identify(turtlebot3_explore) by extension 'ros'
[0.183s] DEBUG:colcon.colcon_core.package_identification:Package 'turtlebot3_explore' with type 'ros.ament_python' and name 'turtlebot3_explore'
[0.183s] Level 1:colcon.colcon_core.package_identification:_identify(turtlebot3_poi_navigation) by extensions ['ignore', 'ignore_ament_install']
[0.183s] Level 1:colcon.colcon_core.package_identification:_identify(turtlebot3_poi_navigation) by extension 'ignore'
[0.183s] Level 1:colcon.colcon_core.package_identification:_identify(turtlebot3_poi_navigation) by extension 'ignore_ament_install'
[0.183s] Level 1:colcon.colcon_core.package_identification:_identify(turtlebot3_poi_navigation) by extensions ['colcon_pkg']
[0.183s] Level 1:colcon.colcon_core.package_identification:_identify(turtlebot3_poi_navigation) by extension 'colcon_pkg'
[0.183s] Level 1:colcon.colcon_core.package_identification:_identify(turtlebot3_poi_navigation) by extensions ['colcon_meta']
[0.183s] Level 1:colcon.colcon_core.package_identification:_identify(turtlebot3_poi_navigation) by extension 'colcon_meta'
[0.183s] Level 1:colcon.colcon_core.package_identification:_identify(turtlebot3_poi_navigation) by extensions ['ros']
[0.183s] Level 1:colcon.colcon_core.package_identification:_identify(turtlebot3_poi_navigation) by extension 'ros'
[0.183s] DEBUG:colcon.colcon_core.package_identification:Package 'turtlebot3_poi_navigation' with type 'ros.ament_python' and name 'turtlebot3_poi_navigation'
[0.183s] Level 1:colcon.colcon_core.package_discovery:discover_packages(recursive) using defaults
[0.183s] Level 1:colcon.colcon_core.package_discovery:discover_packages(ignore) discover
[0.183s] Level 1:colcon.colcon_core.package_discovery:discover_packages(ignore) using defaults
[0.183s] Level 1:colcon.colcon_core.package_discovery:discover_packages(path) discover
[0.183s] Level 1:colcon.colcon_core.package_discovery:discover_packages(path) using defaults
[0.184s] WARNING:colcon.colcon_core.package_selection:ignoring unknown package 'HAZMAT_Detection' in --packages-select
[0.204s] INFO:colcon.colcon_core.package_selection:Skipping not selected package 'camara' in 'HAZMAT_Detection/camara'
[0.204s] INFO:colcon.colcon_core.package_selection:Skipping not selected package 'explore_cpp' in 'explore_cpp'
[0.204s] INFO:colcon.colcon_core.package_selection:Skipping not selected package 'hazmat_marker' in 'hazmat_marker'
[0.204s] INFO:colcon.colcon_core.package_selection:Skipping not selected package 'joint_state_publisher_custom' in 'joint_state_publisher_custom'
[0.204s] INFO:colcon.colcon_core.package_selection:Skipping not selected package 'laser_scan_adjuster' in 'laser_scan_adjuster'
[0.204s] INFO:colcon.colcon_core.package_selection:Skipping not selected package 'motor_position_controller' in 'motor_position_controller'
[0.204s] INFO:colcon.colcon_core.package_selection:Skipping not selected package 'turtlebot3_explore' in 'turtlebot3_explore'
[0.204s] INFO:colcon.colcon_core.package_selection:Skipping not selected package 'turtlebot3_poi_navigation' in 'turtlebot3_poi_navigation'
[0.204s] Level 1:colcon.colcon_core.package_discovery:discover_packages(prefix_path) check parameters
[0.204s] Level 1:colcon.colcon_core.package_discovery:discover_packages(prefix_path) discover
[0.206s] DEBUG:colcon.colcon_installed_package_information.package_discovery:Found 8 installed packages in /home/gerardo/turtlebot3_group6v2/install
[0.206s] DEBUG:colcon.colcon_installed_package_information.package_discovery:Found 18 installed packages in /home/gerardo/turtlebot3_ws/install
[0.206s] DEBUG:colcon.colcon_installed_package_information.package_discovery:Found 2 installed packages in /home/gerardo/turtlebot3_group6/install
[0.207s] DEBUG:colcon.colcon_installed_package_information.package_discovery:Found 363 installed packages in /opt/ros/humble
[0.208s] Level 1:colcon.colcon_core.package_discovery:discover_packages(prefix_path) using defaults
[0.231s] INFO:colcon.colcon_core.executor:Executing jobs using 'parallel' executor
[0.232s] DEBUG:colcon.colcon_parallel_executor.executor.parallel:run_until_complete
[0.232s] DEBUG:colcon.colcon_parallel_executor.executor.parallel:closing loop
[0.232s] DEBUG:colcon.colcon_parallel_executor.executor.parallel:loop closed
[0.232s] DEBUG:colcon.colcon_parallel_executor.executor.parallel:run_until_complete finished with '0'
[0.232s] DEBUG:colcon.colcon_core.event_reactor:joining thread
[0.236s] INFO:colcon.colcon_core.plugin_system:Skipping extension 'colcon_notification.desktop_notification.terminal_notifier': Not used on non-Darwin systems
[0.236s] INFO:colcon.colcon_core.plugin_system:Skipping extension 'colcon_notification.desktop_notification.win32': Not used on non-Windows systems
[0.236s] INFO:colcon.colcon_notification.desktop_notification:Sending desktop notification using 'notify2'
[0.240s] DEBUG:colcon.colcon_core.event_reactor:joined thread
[0.241s] INFO:colcon.colcon_core.plugin_system:Skipping extension 'colcon_core.shell.bat': Not used on non-Windows systems
[0.241s] INFO:colcon.colcon_core.shell:Creating prefix script '/home/gerardo/turtlebot3_group6v2/src/install/local_setup.ps1'
[0.242s] INFO:colcon.colcon_core.shell:Creating prefix util module '/home/gerardo/turtlebot3_group6v2/src/install/_local_setup_util_ps1.py'
[0.243s] INFO:colcon.colcon_core.shell:Creating prefix chain script '/home/gerardo/turtlebot3_group6v2/src/install/setup.ps1'
[0.243s] INFO:colcon.colcon_core.shell:Creating prefix script '/home/gerardo/turtlebot3_group6v2/src/install/local_setup.sh'
[0.244s] INFO:colcon.colcon_core.shell:Creating prefix util module '/home/gerardo/turtlebot3_group6v2/src/install/_local_setup_util_sh.py'
[0.244s] INFO:colcon.colcon_core.shell:Creating prefix chain script '/home/gerardo/turtlebot3_group6v2/src/install/setup.sh'
[0.245s] INFO:colcon.colcon_core.shell:Creating prefix script '/home/gerardo/turtlebot3_group6v2/src/install/local_setup.bash'
[0.245s] INFO:colcon.colcon_core.shell:Creating prefix chain script '/home/gerardo/turtlebot3_group6v2/src/install/setup.bash'
[0.246s] INFO:colcon.colcon_core.shell:Creating prefix script '/home/gerardo/turtlebot3_group6v2/src/install/local_setup.zsh'
[0.246s] INFO:colcon.colcon_core.shell:Creating prefix chain script '/home/gerardo/turtlebot3_group6v2/src/install/setup.zsh'
