running egg_info
writing ../../../build/camara/camara.egg-info/PKG-INFO
writing dependency_links to ../../../build/camara/camara.egg-info/dependency_links.txt
writing entry points to ../../../build/camara/camara.egg-info/entry_points.txt
writing requirements to ../../../build/camara/camara.egg-info/requires.txt
writing top-level names to ../../../build/camara/camara.egg-info/top_level.txt
reading manifest file '../../../build/camara/camara.egg-info/SOURCES.txt'
writing manifest file '../../../build/camara/camara.egg-info/SOURCES.txt'
running build
running build_py
running install
running install_lib
running install_data
running install_egg_info
removing '/home/gerardo/turtlebot3_group6v2/install/camara/lib/python3.10/site-packages/camara-0.0.0-py3.10.egg-info' (and everything under it)
Copying ../../../build/camara/camara.egg-info to /home/gerardo/turtlebot3_group6v2/install/camara/lib/python3.10/site-packages/camara-0.0.0-py3.10.egg-info
running install_scripts
Installing camara_client script to /home/gerardo/turtlebot3_group6v2/install/camara/lib/camara
Installing camara_server script to /home/gerardo/turtlebot3_group6v2/install/camara/lib/camara
writing list of installed files to '/home/gerardo/turtlebot3_group6v2/build/camara/install.log'
