[0.115s] DEBUG:colcon:Command line arguments: ['/usr/bin/colcon', 'build']
[0.115s] DEBUG:colcon:Parsed command line arguments: Namespace(log_base=None, log_level=None, verb_name='build', build_base='build', install_base='install', merge_install=False, symlink_install=False, test_result_base=None, continue_on_error=False, executor='parallel', parallel_workers=16, event_handlers=None, ignore_user_meta=False, metas=['./colcon.meta'], base_paths=['.'], packages_ignore=None, packages_ignore_regex=None, paths=None, packages_up_to=None, packages_up_to_regex=None, packages_above=None, packages_above_and_dependencies=None, packages_above_depth=None, packages_select_by_dep=None, packages_skip_by_dep=None, packages_skip_up_to=None, packages_select_build_failed=False, packages_skip_build_finished=False, packages_select_test_failures=False, packages_skip_test_passed=False, packages_select=None, packages_skip=None, packages_select_regex=None, packages_skip_regex=None, packages_start=None, packages_end=None, allow_overriding=[], cmake_args=None, cmake_target=None, cmake_target_skip_unavailable=False, cmake_clean_cache=False, cmake_clean_first=False, cmake_force_configure=False, ament_cmake_args=None, catkin_cmake_args=None, catkin_skip_building_tests=False, verb_parser=<colcon_defaults.argument_parser.defaults.DefaultArgumentsDecorator object at 0x7ce803e1f9a0>, verb_extension=<colcon_core.verb.build.BuildVerb object at 0x7ce803e1f3a0>, main=<bound method BuildVerb.main of <colcon_core.verb.build.BuildVerb object at 0x7ce803e1f3a0>>)
[0.275s] Level 1:colcon.colcon_core.package_discovery:discover_packages(colcon_meta) check parameters
[0.275s] Level 1:colcon.colcon_core.package_discovery:discover_packages(recursive) check parameters
[0.275s] Level 1:colcon.colcon_core.package_discovery:discover_packages(ignore) check parameters
[0.275s] Level 1:colcon.colcon_core.package_discovery:discover_packages(path) check parameters
[0.275s] Level 1:colcon.colcon_core.package_discovery:discover_packages(colcon_meta) discover
[0.275s] Level 1:colcon.colcon_core.package_discovery:discover_packages(recursive) discover
[0.275s] INFO:colcon.colcon_core.package_discovery:Crawling recursively for packages in '/home/gerardo/turtlebot3_group6v2'
[0.275s] Level 1:colcon.colcon_core.package_identification:_identify(.) by extensions ['ignore', 'ignore_ament_install']
[0.275s] Level 1:colcon.colcon_core.package_identification:_identify(.) by extension 'ignore'
[0.275s] Level 1:colcon.colcon_core.package_identification:_identify(.) by extension 'ignore_ament_install'
[0.275s] Level 1:colcon.colcon_core.package_identification:_identify(.) by extensions ['colcon_pkg']
[0.275s] Level 1:colcon.colcon_core.package_identification:_identify(.) by extension 'colcon_pkg'
[0.275s] Level 1:colcon.colcon_core.package_identification:_identify(.) by extensions ['colcon_meta']
[0.275s] Level 1:colcon.colcon_core.package_identification:_identify(.) by extension 'colcon_meta'
[0.275s] Level 1:colcon.colcon_core.package_identification:_identify(.) by extensions ['ros']
[0.276s] Level 1:colcon.colcon_core.package_identification:_identify(.) by extension 'ros'
[0.286s] Level 1:colcon.colcon_core.package_identification:_identify(.) by extensions ['cmake', 'python']
[0.287s] Level 1:colcon.colcon_core.package_identification:_identify(.) by extension 'cmake'
[0.287s] Level 1:colcon.colcon_core.package_identification:_identify(.) by extension 'python'
[0.287s] Level 1:colcon.colcon_core.package_identification:_identify(.) by extensions ['python_setup_py']
[0.287s] Level 1:colcon.colcon_core.package_identification:_identify(.) by extension 'python_setup_py'
[0.287s] Level 1:colcon.colcon_core.package_identification:_identify(build) by extensions ['ignore', 'ignore_ament_install']
[0.287s] Level 1:colcon.colcon_core.package_identification:_identify(build) by extension 'ignore'
[0.287s] Level 1:colcon.colcon_core.package_identification:_identify(build) ignored
[0.287s] Level 1:colcon.colcon_core.package_identification:_identify(install) by extensions ['ignore', 'ignore_ament_install']
[0.287s] Level 1:colcon.colcon_core.package_identification:_identify(install) by extension 'ignore'
[0.287s] Level 1:colcon.colcon_core.package_identification:_identify(install) ignored
[0.287s] Level 1:colcon.colcon_core.package_identification:_identify(log) by extensions ['ignore', 'ignore_ament_install']
[0.287s] Level 1:colcon.colcon_core.package_identification:_identify(log) by extension 'ignore'
[0.287s] Level 1:colcon.colcon_core.package_identification:_identify(log) ignored
[0.287s] Level 1:colcon.colcon_core.package_identification:_identify(src) by extensions ['ignore', 'ignore_ament_install']
[0.287s] Level 1:colcon.colcon_core.package_identification:_identify(src) by extension 'ignore'
[0.287s] Level 1:colcon.colcon_core.package_identification:_identify(src) by extension 'ignore_ament_install'
[0.287s] Level 1:colcon.colcon_core.package_identification:_identify(src) by extensions ['colcon_pkg']
[0.287s] Level 1:colcon.colcon_core.package_identification:_identify(src) by extension 'colcon_pkg'
[0.287s] Level 1:colcon.colcon_core.package_identification:_identify(src) by extensions ['colcon_meta']
[0.287s] Level 1:colcon.colcon_core.package_identification:_identify(src) by extension 'colcon_meta'
[0.287s] Level 1:colcon.colcon_core.package_identification:_identify(src) by extensions ['ros']
[0.287s] Level 1:colcon.colcon_core.package_identification:_identify(src) by extension 'ros'
[0.287s] Level 1:colcon.colcon_core.package_identification:_identify(src) by extensions ['cmake', 'python']
[0.288s] Level 1:colcon.colcon_core.package_identification:_identify(src) by extension 'cmake'
[0.288s] Level 1:colcon.colcon_core.package_identification:_identify(src) by extension 'python'
[0.288s] Level 1:colcon.colcon_core.package_identification:_identify(src) by extensions ['python_setup_py']
[0.288s] Level 1:colcon.colcon_core.package_identification:_identify(src) by extension 'python_setup_py'
[0.288s] Level 1:colcon.colcon_core.package_identification:_identify(src/explore_cpp) by extensions ['ignore', 'ignore_ament_install']
[0.288s] Level 1:colcon.colcon_core.package_identification:_identify(src/explore_cpp) by extension 'ignore'
[0.288s] Level 1:colcon.colcon_core.package_identification:_identify(src/explore_cpp) by extension 'ignore_ament_install'
[0.288s] Level 1:colcon.colcon_core.package_identification:_identify(src/explore_cpp) by extensions ['colcon_pkg']
[0.288s] Level 1:colcon.colcon_core.package_identification:_identify(src/explore_cpp) by extension 'colcon_pkg'
[0.288s] Level 1:colcon.colcon_core.package_identification:_identify(src/explore_cpp) by extensions ['colcon_meta']
[0.288s] Level 1:colcon.colcon_core.package_identification:_identify(src/explore_cpp) by extension 'colcon_meta'
[0.288s] Level 1:colcon.colcon_core.package_identification:_identify(src/explore_cpp) by extensions ['ros']
[0.288s] Level 1:colcon.colcon_core.package_identification:_identify(src/explore_cpp) by extension 'ros'
[0.290s] DEBUG:colcon.colcon_core.package_identification:Package 'src/explore_cpp' with type 'ros.ament_cmake' and name 'explore_cpp'
[0.290s] Level 1:colcon.colcon_core.package_identification:_identify(src/hazmat_marker) by extensions ['ignore', 'ignore_ament_install']
[0.290s] Level 1:colcon.colcon_core.package_identification:_identify(src/hazmat_marker) by extension 'ignore'
[0.290s] Level 1:colcon.colcon_core.package_identification:_identify(src/hazmat_marker) by extension 'ignore_ament_install'
[0.290s] Level 1:colcon.colcon_core.package_identification:_identify(src/hazmat_marker) by extensions ['colcon_pkg']
[0.290s] Level 1:colcon.colcon_core.package_identification:_identify(src/hazmat_marker) by extension 'colcon_pkg'
[0.290s] Level 1:colcon.colcon_core.package_identification:_identify(src/hazmat_marker) by extensions ['colcon_meta']
[0.290s] Level 1:colcon.colcon_core.package_identification:_identify(src/hazmat_marker) by extension 'colcon_meta'
[0.290s] Level 1:colcon.colcon_core.package_identification:_identify(src/hazmat_marker) by extensions ['ros']
[0.290s] Level 1:colcon.colcon_core.package_identification:_identify(src/hazmat_marker) by extension 'ros'
[0.291s] DEBUG:colcon.colcon_core.package_identification:Package 'src/hazmat_marker' with type 'ros.ament_python' and name 'hazmat_marker'
[0.291s] Level 1:colcon.colcon_core.package_identification:_identify(src/joint_state_publisher_custom) by extensions ['ignore', 'ignore_ament_install']
[0.291s] Level 1:colcon.colcon_core.package_identification:_identify(src/joint_state_publisher_custom) by extension 'ignore'
[0.291s] Level 1:colcon.colcon_core.package_identification:_identify(src/joint_state_publisher_custom) by extension 'ignore_ament_install'
[0.291s] Level 1:colcon.colcon_core.package_identification:_identify(src/joint_state_publisher_custom) by extensions ['colcon_pkg']
[0.291s] Level 1:colcon.colcon_core.package_identification:_identify(src/joint_state_publisher_custom) by extension 'colcon_pkg'
[0.292s] Level 1:colcon.colcon_core.package_identification:_identify(src/joint_state_publisher_custom) by extensions ['colcon_meta']
[0.292s] Level 1:colcon.colcon_core.package_identification:_identify(src/joint_state_publisher_custom) by extension 'colcon_meta'
[0.292s] Level 1:colcon.colcon_core.package_identification:_identify(src/joint_state_publisher_custom) by extensions ['ros']
[0.292s] Level 1:colcon.colcon_core.package_identification:_identify(src/joint_state_publisher_custom) by extension 'ros'
[0.292s] DEBUG:colcon.colcon_core.package_identification:Package 'src/joint_state_publisher_custom' with type 'ros.ament_python' and name 'joint_state_publisher_custom'
[0.293s] Level 1:colcon.colcon_core.package_identification:_identify(src/laser_scan_adjuster) by extensions ['ignore', 'ignore_ament_install']
[0.293s] Level 1:colcon.colcon_core.package_identification:_identify(src/laser_scan_adjuster) by extension 'ignore'
[0.293s] Level 1:colcon.colcon_core.package_identification:_identify(src/laser_scan_adjuster) by extension 'ignore_ament_install'
[0.293s] Level 1:colcon.colcon_core.package_identification:_identify(src/laser_scan_adjuster) by extensions ['colcon_pkg']
[0.293s] Level 1:colcon.colcon_core.package_identification:_identify(src/laser_scan_adjuster) by extension 'colcon_pkg'
[0.293s] Level 1:colcon.colcon_core.package_identification:_identify(src/laser_scan_adjuster) by extensions ['colcon_meta']
[0.293s] Level 1:colcon.colcon_core.package_identification:_identify(src/laser_scan_adjuster) by extension 'colcon_meta'
[0.293s] Level 1:colcon.colcon_core.package_identification:_identify(src/laser_scan_adjuster) by extensions ['ros']
[0.293s] Level 1:colcon.colcon_core.package_identification:_identify(src/laser_scan_adjuster) by extension 'ros'
[0.293s] DEBUG:colcon.colcon_core.package_identification:Package 'src/laser_scan_adjuster' with type 'ros.ament_python' and name 'laser_scan_adjuster'
[0.294s] Level 1:colcon.colcon_core.package_identification:_identify(src/motor_position_controller) by extensions ['ignore', 'ignore_ament_install']
[0.294s] Level 1:colcon.colcon_core.package_identification:_identify(src/motor_position_controller) by extension 'ignore'
[0.294s] Level 1:colcon.colcon_core.package_identification:_identify(src/motor_position_controller) by extension 'ignore_ament_install'
[0.294s] Level 1:colcon.colcon_core.package_identification:_identify(src/motor_position_controller) by extensions ['colcon_pkg']
[0.294s] Level 1:colcon.colcon_core.package_identification:_identify(src/motor_position_controller) by extension 'colcon_pkg'
[0.294s] Level 1:colcon.colcon_core.package_identification:_identify(src/motor_position_controller) by extensions ['colcon_meta']
[0.294s] Level 1:colcon.colcon_core.package_identification:_identify(src/motor_position_controller) by extension 'colcon_meta'
[0.294s] Level 1:colcon.colcon_core.package_identification:_identify(src/motor_position_controller) by extensions ['ros']
[0.294s] Level 1:colcon.colcon_core.package_identification:_identify(src/motor_position_controller) by extension 'ros'
[0.295s] DEBUG:colcon.colcon_core.package_identification:Package 'src/motor_position_controller' with type 'ros.ament_python' and name 'motor_position_controller'
[0.295s] Level 1:colcon.colcon_core.package_identification:_identify(src/turtlebot3_explore) by extensions ['ignore', 'ignore_ament_install']
[0.295s] Level 1:colcon.colcon_core.package_identification:_identify(src/turtlebot3_explore) by extension 'ignore'
[0.295s] Level 1:colcon.colcon_core.package_identification:_identify(src/turtlebot3_explore) by extension 'ignore_ament_install'
[0.295s] Level 1:colcon.colcon_core.package_identification:_identify(src/turtlebot3_explore) by extensions ['colcon_pkg']
[0.295s] Level 1:colcon.colcon_core.package_identification:_identify(src/turtlebot3_explore) by extension 'colcon_pkg'
[0.295s] Level 1:colcon.colcon_core.package_identification:_identify(src/turtlebot3_explore) by extensions ['colcon_meta']
[0.295s] Level 1:colcon.colcon_core.package_identification:_identify(src/turtlebot3_explore) by extension 'colcon_meta'
[0.295s] Level 1:colcon.colcon_core.package_identification:_identify(src/turtlebot3_explore) by extensions ['ros']
[0.295s] Level 1:colcon.colcon_core.package_identification:_identify(src/turtlebot3_explore) by extension 'ros'
[0.296s] DEBUG:colcon.colcon_core.package_identification:Package 'src/turtlebot3_explore' with type 'ros.ament_python' and name 'turtlebot3_explore'
[0.296s] Level 1:colcon.colcon_core.package_identification:_identify(src/turtlebot3_poi_navigation) by extensions ['ignore', 'ignore_ament_install']
[0.296s] Level 1:colcon.colcon_core.package_identification:_identify(src/turtlebot3_poi_navigation) by extension 'ignore'
[0.296s] Level 1:colcon.colcon_core.package_identification:_identify(src/turtlebot3_poi_navigation) by extension 'ignore_ament_install'
[0.296s] Level 1:colcon.colcon_core.package_identification:_identify(src/turtlebot3_poi_navigation) by extensions ['colcon_pkg']
[0.296s] Level 1:colcon.colcon_core.package_identification:_identify(src/turtlebot3_poi_navigation) by extension 'colcon_pkg'
[0.296s] Level 1:colcon.colcon_core.package_identification:_identify(src/turtlebot3_poi_navigation) by extensions ['colcon_meta']
[0.296s] Level 1:colcon.colcon_core.package_identification:_identify(src/turtlebot3_poi_navigation) by extension 'colcon_meta'
[0.296s] Level 1:colcon.colcon_core.package_identification:_identify(src/turtlebot3_poi_navigation) by extensions ['ros']
[0.296s] Level 1:colcon.colcon_core.package_identification:_identify(src/turtlebot3_poi_navigation) by extension 'ros'
[0.297s] DEBUG:colcon.colcon_core.package_identification:Package 'src/turtlebot3_poi_navigation' with type 'ros.ament_python' and name 'turtlebot3_poi_navigation'
[0.297s] Level 1:colcon.colcon_core.package_discovery:discover_packages(recursive) using defaults
[0.298s] Level 1:colcon.colcon_core.package_discovery:discover_packages(ignore) discover
[0.298s] Level 1:colcon.colcon_core.package_discovery:discover_packages(ignore) using defaults
[0.298s] Level 1:colcon.colcon_core.package_discovery:discover_packages(path) discover
[0.298s] Level 1:colcon.colcon_core.package_discovery:discover_packages(path) using defaults
[0.336s] Level 1:colcon.colcon_core.package_discovery:discover_packages(prefix_path) check parameters
[0.336s] Level 1:colcon.colcon_core.package_discovery:discover_packages(prefix_path) discover
[0.338s] DEBUG:colcon.colcon_installed_package_information.package_discovery:Found 18 installed packages in /home/gerardo/turtlebot3_ws/install
[0.339s] DEBUG:colcon.colcon_installed_package_information.package_discovery:Found 7 installed packages in /home/gerardo/turtlebot3_group6v2/install
[0.339s] DEBUG:colcon.colcon_installed_package_information.package_discovery:Found 2 installed packages in /home/gerardo/turtlebot3_group6/install
[0.340s] DEBUG:colcon.colcon_installed_package_information.package_discovery:Found 363 installed packages in /opt/ros/humble
[0.342s] Level 1:colcon.colcon_core.package_discovery:discover_packages(prefix_path) using defaults
[0.382s] Level 5:colcon.colcon_core.verb:set package 'explore_cpp' build argument 'cmake_args' from command line to 'None'
[0.382s] Level 5:colcon.colcon_core.verb:set package 'explore_cpp' build argument 'cmake_target' from command line to 'None'
[0.382s] Level 5:colcon.colcon_core.verb:set package 'explore_cpp' build argument 'cmake_target_skip_unavailable' from command line to 'False'
[0.382s] Level 5:colcon.colcon_core.verb:set package 'explore_cpp' build argument 'cmake_clean_cache' from command line to 'False'
[0.382s] Level 5:colcon.colcon_core.verb:set package 'explore_cpp' build argument 'cmake_clean_first' from command line to 'False'
[0.382s] Level 5:colcon.colcon_core.verb:set package 'explore_cpp' build argument 'cmake_force_configure' from command line to 'False'
[0.382s] Level 5:colcon.colcon_core.verb:set package 'explore_cpp' build argument 'ament_cmake_args' from command line to 'None'
[0.382s] Level 5:colcon.colcon_core.verb:set package 'explore_cpp' build argument 'catkin_cmake_args' from command line to 'None'
[0.382s] Level 5:colcon.colcon_core.verb:set package 'explore_cpp' build argument 'catkin_skip_building_tests' from command line to 'False'
[0.382s] DEBUG:colcon.colcon_core.verb:Building package 'explore_cpp' with the following arguments: {'ament_cmake_args': None, 'build_base': '/home/gerardo/turtlebot3_group6v2/build/explore_cpp', 'catkin_cmake_args': None, 'catkin_skip_building_tests': False, 'cmake_args': None, 'cmake_clean_cache': False, 'cmake_clean_first': False, 'cmake_force_configure': False, 'cmake_target': None, 'cmake_target_skip_unavailable': False, 'install_base': '/home/gerardo/turtlebot3_group6v2/install/explore_cpp', 'merge_install': False, 'path': '/home/gerardo/turtlebot3_group6v2/src/explore_cpp', 'symlink_install': False, 'test_result_base': None}
[0.383s] Level 5:colcon.colcon_core.verb:set package 'hazmat_marker' build argument 'cmake_args' from command line to 'None'
[0.383s] Level 5:colcon.colcon_core.verb:set package 'hazmat_marker' build argument 'cmake_target' from command line to 'None'
[0.383s] Level 5:colcon.colcon_core.verb:set package 'hazmat_marker' build argument 'cmake_target_skip_unavailable' from command line to 'False'
[0.383s] Level 5:colcon.colcon_core.verb:set package 'hazmat_marker' build argument 'cmake_clean_cache' from command line to 'False'
[0.383s] Level 5:colcon.colcon_core.verb:set package 'hazmat_marker' build argument 'cmake_clean_first' from command line to 'False'
[0.383s] Level 5:colcon.colcon_core.verb:set package 'hazmat_marker' build argument 'cmake_force_configure' from command line to 'False'
[0.383s] Level 5:colcon.colcon_core.verb:set package 'hazmat_marker' build argument 'ament_cmake_args' from command line to 'None'
[0.383s] Level 5:colcon.colcon_core.verb:set package 'hazmat_marker' build argument 'catkin_cmake_args' from command line to 'None'
[0.383s] Level 5:colcon.colcon_core.verb:set package 'hazmat_marker' build argument 'catkin_skip_building_tests' from command line to 'False'
[0.383s] DEBUG:colcon.colcon_core.verb:Building package 'hazmat_marker' with the following arguments: {'ament_cmake_args': None, 'build_base': '/home/gerardo/turtlebot3_group6v2/build/hazmat_marker', 'catkin_cmake_args': None, 'catkin_skip_building_tests': False, 'cmake_args': None, 'cmake_clean_cache': False, 'cmake_clean_first': False, 'cmake_force_configure': False, 'cmake_target': None, 'cmake_target_skip_unavailable': False, 'install_base': '/home/gerardo/turtlebot3_group6v2/install/hazmat_marker', 'merge_install': False, 'path': '/home/gerardo/turtlebot3_group6v2/src/hazmat_marker', 'symlink_install': False, 'test_result_base': None}
[0.383s] Level 5:colcon.colcon_core.verb:set package 'joint_state_publisher_custom' build argument 'cmake_args' from command line to 'None'
[0.383s] Level 5:colcon.colcon_core.verb:set package 'joint_state_publisher_custom' build argument 'cmake_target' from command line to 'None'
[0.383s] Level 5:colcon.colcon_core.verb:set package 'joint_state_publisher_custom' build argument 'cmake_target_skip_unavailable' from command line to 'False'
[0.383s] Level 5:colcon.colcon_core.verb:set package 'joint_state_publisher_custom' build argument 'cmake_clean_cache' from command line to 'False'
[0.383s] Level 5:colcon.colcon_core.verb:set package 'joint_state_publisher_custom' build argument 'cmake_clean_first' from command line to 'False'
[0.383s] Level 5:colcon.colcon_core.verb:set package 'joint_state_publisher_custom' build argument 'cmake_force_configure' from command line to 'False'
[0.383s] Level 5:colcon.colcon_core.verb:set package 'joint_state_publisher_custom' build argument 'ament_cmake_args' from command line to 'None'
[0.383s] Level 5:colcon.colcon_core.verb:set package 'joint_state_publisher_custom' build argument 'catkin_cmake_args' from command line to 'None'
[0.383s] Level 5:colcon.colcon_core.verb:set package 'joint_state_publisher_custom' build argument 'catkin_skip_building_tests' from command line to 'False'
[0.383s] DEBUG:colcon.colcon_core.verb:Building package 'joint_state_publisher_custom' with the following arguments: {'ament_cmake_args': None, 'build_base': '/home/gerardo/turtlebot3_group6v2/build/joint_state_publisher_custom', 'catkin_cmake_args': None, 'catkin_skip_building_tests': False, 'cmake_args': None, 'cmake_clean_cache': False, 'cmake_clean_first': False, 'cmake_force_configure': False, 'cmake_target': None, 'cmake_target_skip_unavailable': False, 'install_base': '/home/gerardo/turtlebot3_group6v2/install/joint_state_publisher_custom', 'merge_install': False, 'path': '/home/gerardo/turtlebot3_group6v2/src/joint_state_publisher_custom', 'symlink_install': False, 'test_result_base': None}
[0.384s] Level 5:colcon.colcon_core.verb:set package 'laser_scan_adjuster' build argument 'cmake_args' from command line to 'None'
[0.384s] Level 5:colcon.colcon_core.verb:set package 'laser_scan_adjuster' build argument 'cmake_target' from command line to 'None'
[0.384s] Level 5:colcon.colcon_core.verb:set package 'laser_scan_adjuster' build argument 'cmake_target_skip_unavailable' from command line to 'False'
[0.384s] Level 5:colcon.colcon_core.verb:set package 'laser_scan_adjuster' build argument 'cmake_clean_cache' from command line to 'False'
[0.384s] Level 5:colcon.colcon_core.verb:set package 'laser_scan_adjuster' build argument 'cmake_clean_first' from command line to 'False'
[0.384s] Level 5:colcon.colcon_core.verb:set package 'laser_scan_adjuster' build argument 'cmake_force_configure' from command line to 'False'
[0.384s] Level 5:colcon.colcon_core.verb:set package 'laser_scan_adjuster' build argument 'ament_cmake_args' from command line to 'None'
[0.384s] Level 5:colcon.colcon_core.verb:set package 'laser_scan_adjuster' build argument 'catkin_cmake_args' from command line to 'None'
[0.384s] Level 5:colcon.colcon_core.verb:set package 'laser_scan_adjuster' build argument 'catkin_skip_building_tests' from command line to 'False'
[0.384s] DEBUG:colcon.colcon_core.verb:Building package 'laser_scan_adjuster' with the following arguments: {'ament_cmake_args': None, 'build_base': '/home/gerardo/turtlebot3_group6v2/build/laser_scan_adjuster', 'catkin_cmake_args': None, 'catkin_skip_building_tests': False, 'cmake_args': None, 'cmake_clean_cache': False, 'cmake_clean_first': False, 'cmake_force_configure': False, 'cmake_target': None, 'cmake_target_skip_unavailable': False, 'install_base': '/home/gerardo/turtlebot3_group6v2/install/laser_scan_adjuster', 'merge_install': False, 'path': '/home/gerardo/turtlebot3_group6v2/src/laser_scan_adjuster', 'symlink_install': False, 'test_result_base': None}
[0.384s] Level 5:colcon.colcon_core.verb:set package 'motor_position_controller' build argument 'cmake_args' from command line to 'None'
[0.384s] Level 5:colcon.colcon_core.verb:set package 'motor_position_controller' build argument 'cmake_target' from command line to 'None'
[0.384s] Level 5:colcon.colcon_core.verb:set package 'motor_position_controller' build argument 'cmake_target_skip_unavailable' from command line to 'False'
[0.384s] Level 5:colcon.colcon_core.verb:set package 'motor_position_controller' build argument 'cmake_clean_cache' from command line to 'False'
[0.384s] Level 5:colcon.colcon_core.verb:set package 'motor_position_controller' build argument 'cmake_clean_first' from command line to 'False'
[0.384s] Level 5:colcon.colcon_core.verb:set package 'motor_position_controller' build argument 'cmake_force_configure' from command line to 'False'
[0.384s] Level 5:colcon.colcon_core.verb:set package 'motor_position_controller' build argument 'ament_cmake_args' from command line to 'None'
[0.384s] Level 5:colcon.colcon_core.verb:set package 'motor_position_controller' build argument 'catkin_cmake_args' from command line to 'None'
[0.384s] Level 5:colcon.colcon_core.verb:set package 'motor_position_controller' build argument 'catkin_skip_building_tests' from command line to 'False'
[0.384s] DEBUG:colcon.colcon_core.verb:Building package 'motor_position_controller' with the following arguments: {'ament_cmake_args': None, 'build_base': '/home/gerardo/turtlebot3_group6v2/build/motor_position_controller', 'catkin_cmake_args': None, 'catkin_skip_building_tests': False, 'cmake_args': None, 'cmake_clean_cache': False, 'cmake_clean_first': False, 'cmake_force_configure': False, 'cmake_target': None, 'cmake_target_skip_unavailable': False, 'install_base': '/home/gerardo/turtlebot3_group6v2/install/motor_position_controller', 'merge_install': False, 'path': '/home/gerardo/turtlebot3_group6v2/src/motor_position_controller', 'symlink_install': False, 'test_result_base': None}
[0.385s] Level 5:colcon.colcon_core.verb:set package 'turtlebot3_explore' build argument 'cmake_args' from command line to 'None'
[0.385s] Level 5:colcon.colcon_core.verb:set package 'turtlebot3_explore' build argument 'cmake_target' from command line to 'None'
[0.385s] Level 5:colcon.colcon_core.verb:set package 'turtlebot3_explore' build argument 'cmake_target_skip_unavailable' from command line to 'False'
[0.385s] Level 5:colcon.colcon_core.verb:set package 'turtlebot3_explore' build argument 'cmake_clean_cache' from command line to 'False'
[0.385s] Level 5:colcon.colcon_core.verb:set package 'turtlebot3_explore' build argument 'cmake_clean_first' from command line to 'False'
[0.385s] Level 5:colcon.colcon_core.verb:set package 'turtlebot3_explore' build argument 'cmake_force_configure' from command line to 'False'
[0.385s] Level 5:colcon.colcon_core.verb:set package 'turtlebot3_explore' build argument 'ament_cmake_args' from command line to 'None'
[0.385s] Level 5:colcon.colcon_core.verb:set package 'turtlebot3_explore' build argument 'catkin_cmake_args' from command line to 'None'
[0.385s] Level 5:colcon.colcon_core.verb:set package 'turtlebot3_explore' build argument 'catkin_skip_building_tests' from command line to 'False'
[0.385s] DEBUG:colcon.colcon_core.verb:Building package 'turtlebot3_explore' with the following arguments: {'ament_cmake_args': None, 'build_base': '/home/gerardo/turtlebot3_group6v2/build/turtlebot3_explore', 'catkin_cmake_args': None, 'catkin_skip_building_tests': False, 'cmake_args': None, 'cmake_clean_cache': False, 'cmake_clean_first': False, 'cmake_force_configure': False, 'cmake_target': None, 'cmake_target_skip_unavailable': False, 'install_base': '/home/gerardo/turtlebot3_group6v2/install/turtlebot3_explore', 'merge_install': False, 'path': '/home/gerardo/turtlebot3_group6v2/src/turtlebot3_explore', 'symlink_install': False, 'test_result_base': None}
[0.385s] Level 5:colcon.colcon_core.verb:set package 'turtlebot3_poi_navigation' build argument 'cmake_args' from command line to 'None'
[0.385s] Level 5:colcon.colcon_core.verb:set package 'turtlebot3_poi_navigation' build argument 'cmake_target' from command line to 'None'
[0.385s] Level 5:colcon.colcon_core.verb:set package 'turtlebot3_poi_navigation' build argument 'cmake_target_skip_unavailable' from command line to 'False'
[0.385s] Level 5:colcon.colcon_core.verb:set package 'turtlebot3_poi_navigation' build argument 'cmake_clean_cache' from command line to 'False'
[0.385s] Level 5:colcon.colcon_core.verb:set package 'turtlebot3_poi_navigation' build argument 'cmake_clean_first' from command line to 'False'
[0.385s] Level 5:colcon.colcon_core.verb:set package 'turtlebot3_poi_navigation' build argument 'cmake_force_configure' from command line to 'False'
[0.385s] Level 5:colcon.colcon_core.verb:set package 'turtlebot3_poi_navigation' build argument 'ament_cmake_args' from command line to 'None'
[0.386s] Level 5:colcon.colcon_core.verb:set package 'turtlebot3_poi_navigation' build argument 'catkin_cmake_args' from command line to 'None'
[0.386s] Level 5:colcon.colcon_core.verb:set package 'turtlebot3_poi_navigation' build argument 'catkin_skip_building_tests' from command line to 'False'
[0.386s] DEBUG:colcon.colcon_core.verb:Building package 'turtlebot3_poi_navigation' with the following arguments: {'ament_cmake_args': None, 'build_base': '/home/gerardo/turtlebot3_group6v2/build/turtlebot3_poi_navigation', 'catkin_cmake_args': None, 'catkin_skip_building_tests': False, 'cmake_args': None, 'cmake_clean_cache': False, 'cmake_clean_first': False, 'cmake_force_configure': False, 'cmake_target': None, 'cmake_target_skip_unavailable': False, 'install_base': '/home/gerardo/turtlebot3_group6v2/install/turtlebot3_poi_navigation', 'merge_install': False, 'path': '/home/gerardo/turtlebot3_group6v2/src/turtlebot3_poi_navigation', 'symlink_install': False, 'test_result_base': None}
[0.386s] INFO:colcon.colcon_core.executor:Executing jobs using 'parallel' executor
[0.388s] DEBUG:colcon.colcon_parallel_executor.executor.parallel:run_until_complete
[0.388s] INFO:colcon.colcon_ros.task.ament_cmake.build:Building ROS package in '/home/gerardo/turtlebot3_group6v2/src/explore_cpp' with build type 'ament_cmake'
[0.388s] INFO:colcon.colcon_cmake.task.cmake.build:Building CMake package in '/home/gerardo/turtlebot3_group6v2/src/explore_cpp'
[0.397s] INFO:colcon.colcon_core.plugin_system:Skipping extension 'colcon_core.shell.bat': Not used on non-Windows systems
[0.397s] INFO:colcon.colcon_core.shell:Skip shell extension 'powershell' for command environment: Not usable outside of PowerShell
[0.397s] DEBUG:colcon.colcon_core.shell:Skip shell extension 'dsv' for command environment
[0.403s] INFO:colcon.colcon_ros.task.ament_python.build:Building ROS package in '/home/gerardo/turtlebot3_group6v2/src/hazmat_marker' with build type 'ament_python'
[0.403s] Level 1:colcon.colcon_core.shell:create_environment_hook('hazmat_marker', 'ament_prefix_path')
[0.403s] INFO:colcon.colcon_core.shell:Creating environment hook '/home/gerardo/turtlebot3_group6v2/install/hazmat_marker/share/hazmat_marker/hook/ament_prefix_path.ps1'
[0.404s] INFO:colcon.colcon_core.shell:Creating environment descriptor '/home/gerardo/turtlebot3_group6v2/install/hazmat_marker/share/hazmat_marker/hook/ament_prefix_path.dsv'
[0.404s] INFO:colcon.colcon_core.shell:Creating environment hook '/home/gerardo/turtlebot3_group6v2/install/hazmat_marker/share/hazmat_marker/hook/ament_prefix_path.sh'
[0.404s] INFO:colcon.colcon_core.shell:Skip shell extension 'powershell' for command environment: Not usable outside of PowerShell
[0.404s] DEBUG:colcon.colcon_core.shell:Skip shell extension 'dsv' for command environment
[0.407s] INFO:colcon.colcon_ros.task.ament_python.build:Building ROS package in '/home/gerardo/turtlebot3_group6v2/src/joint_state_publisher_custom' with build type 'ament_python'
[0.407s] Level 1:colcon.colcon_core.shell:create_environment_hook('joint_state_publisher_custom', 'ament_prefix_path')
[0.408s] INFO:colcon.colcon_core.shell:Creating environment hook '/home/gerardo/turtlebot3_group6v2/install/joint_state_publisher_custom/share/joint_state_publisher_custom/hook/ament_prefix_path.ps1'
[0.408s] INFO:colcon.colcon_core.shell:Creating environment descriptor '/home/gerardo/turtlebot3_group6v2/install/joint_state_publisher_custom/share/joint_state_publisher_custom/hook/ament_prefix_path.dsv'
[0.408s] INFO:colcon.colcon_core.shell:Creating environment hook '/home/gerardo/turtlebot3_group6v2/install/joint_state_publisher_custom/share/joint_state_publisher_custom/hook/ament_prefix_path.sh'
[0.408s] INFO:colcon.colcon_core.shell:Skip shell extension 'powershell' for command environment: Not usable outside of PowerShell
[0.408s] DEBUG:colcon.colcon_core.shell:Skip shell extension 'dsv' for command environment
[0.412s] INFO:colcon.colcon_ros.task.ament_python.build:Building ROS package in '/home/gerardo/turtlebot3_group6v2/src/laser_scan_adjuster' with build type 'ament_python'
[0.412s] Level 1:colcon.colcon_core.shell:create_environment_hook('laser_scan_adjuster', 'ament_prefix_path')
[0.412s] INFO:colcon.colcon_core.shell:Creating environment hook '/home/gerardo/turtlebot3_group6v2/install/laser_scan_adjuster/share/laser_scan_adjuster/hook/ament_prefix_path.ps1'
[0.412s] INFO:colcon.colcon_core.shell:Creating environment descriptor '/home/gerardo/turtlebot3_group6v2/install/laser_scan_adjuster/share/laser_scan_adjuster/hook/ament_prefix_path.dsv'
[0.412s] INFO:colcon.colcon_core.shell:Creating environment hook '/home/gerardo/turtlebot3_group6v2/install/laser_scan_adjuster/share/laser_scan_adjuster/hook/ament_prefix_path.sh'
[0.413s] INFO:colcon.colcon_core.shell:Skip shell extension 'powershell' for command environment: Not usable outside of PowerShell
[0.413s] DEBUG:colcon.colcon_core.shell:Skip shell extension 'dsv' for command environment
[0.417s] INFO:colcon.colcon_ros.task.ament_python.build:Building ROS package in '/home/gerardo/turtlebot3_group6v2/src/motor_position_controller' with build type 'ament_python'
[0.417s] Level 1:colcon.colcon_core.shell:create_environment_hook('motor_position_controller', 'ament_prefix_path')
[0.417s] INFO:colcon.colcon_core.shell:Creating environment hook '/home/gerardo/turtlebot3_group6v2/install/motor_position_controller/share/motor_position_controller/hook/ament_prefix_path.ps1'
[0.418s] INFO:colcon.colcon_core.shell:Creating environment descriptor '/home/gerardo/turtlebot3_group6v2/install/motor_position_controller/share/motor_position_controller/hook/ament_prefix_path.dsv'
[0.418s] INFO:colcon.colcon_core.shell:Creating environment hook '/home/gerardo/turtlebot3_group6v2/install/motor_position_controller/share/motor_position_controller/hook/ament_prefix_path.sh'
[0.419s] INFO:colcon.colcon_core.shell:Skip shell extension 'powershell' for command environment: Not usable outside of PowerShell
[0.419s] DEBUG:colcon.colcon_core.shell:Skip shell extension 'dsv' for command environment
[0.423s] INFO:colcon.colcon_ros.task.ament_python.build:Building ROS package in '/home/gerardo/turtlebot3_group6v2/src/turtlebot3_explore' with build type 'ament_python'
[0.424s] Level 1:colcon.colcon_core.shell:create_environment_hook('turtlebot3_explore', 'ament_prefix_path')
[0.424s] INFO:colcon.colcon_core.shell:Creating environment hook '/home/gerardo/turtlebot3_group6v2/install/turtlebot3_explore/share/turtlebot3_explore/hook/ament_prefix_path.ps1'
[0.425s] INFO:colcon.colcon_core.shell:Creating environment descriptor '/home/gerardo/turtlebot3_group6v2/install/turtlebot3_explore/share/turtlebot3_explore/hook/ament_prefix_path.dsv'
[0.426s] INFO:colcon.colcon_core.shell:Creating environment hook '/home/gerardo/turtlebot3_group6v2/install/turtlebot3_explore/share/turtlebot3_explore/hook/ament_prefix_path.sh'
[0.426s] INFO:colcon.colcon_core.shell:Skip shell extension 'powershell' for command environment: Not usable outside of PowerShell
[0.426s] DEBUG:colcon.colcon_core.shell:Skip shell extension 'dsv' for command environment
[0.436s] INFO:colcon.colcon_ros.task.ament_python.build:Building ROS package in '/home/gerardo/turtlebot3_group6v2/src/turtlebot3_poi_navigation' with build type 'ament_python'
[0.436s] Level 1:colcon.colcon_core.shell:create_environment_hook('turtlebot3_poi_navigation', 'ament_prefix_path')
[0.436s] INFO:colcon.colcon_core.shell:Creating environment hook '/home/gerardo/turtlebot3_group6v2/install/turtlebot3_poi_navigation/share/turtlebot3_poi_navigation/hook/ament_prefix_path.ps1'
[0.437s] INFO:colcon.colcon_core.shell:Creating environment descriptor '/home/gerardo/turtlebot3_group6v2/install/turtlebot3_poi_navigation/share/turtlebot3_poi_navigation/hook/ament_prefix_path.dsv'
[0.438s] INFO:colcon.colcon_core.shell:Creating environment hook '/home/gerardo/turtlebot3_group6v2/install/turtlebot3_poi_navigation/share/turtlebot3_poi_navigation/hook/ament_prefix_path.sh'
[0.438s] INFO:colcon.colcon_core.shell:Skip shell extension 'powershell' for command environment: Not usable outside of PowerShell
[0.439s] DEBUG:colcon.colcon_core.shell:Skip shell extension 'dsv' for command environment
[0.449s] DEBUG:colcon.colcon_core.event_handler.log_command:Invoking command in '/home/gerardo/turtlebot3_group6v2/build/explore_cpp': CMAKE_PREFIX_PATH=${CMAKE_PREFIX_PATH}:/home/gerardo/turtlebot3_ws/install/turtlebot3_teleop:/home/gerardo/turtlebot3_ws/install/turtlebot3_poi_navigation:/home/gerardo/turtlebot3_ws/install/turtlebot3_example:/home/gerardo/turtlebot3_ws/install/turtlebot3_explore:/home/gerardo/turtlebot3_ws/install/motor_position_controller:/home/gerardo/turtlebot3_ws/install/laser_scan_adjuster:/home/gerardo/turtlebot3_ws/install/joint_state_publisher_custom:/home/gerardo/turtlebot3_group6v2/install/turtlebot3_poi_navigation:/home/gerardo/turtlebot3_group6v2/install/turtlebot3_explore:/home/gerardo/turtlebot3_group6v2/install/motor_position_controller:/home/gerardo/turtlebot3_group6v2/install/laser_scan_adjuster:/home/gerardo/turtlebot3_group6v2/install/joint_state_publisher_custom:/home/gerardo/turtlebot3_group6v2/install/hazmat_marker:/home/gerardo/turtlebot3_group6/install/turtlebot3_explore:/home/gerardo/turtlebot3_group6/install/motor_controller:/opt/ros/humble /usr/bin/cmake --build /home/gerardo/turtlebot3_group6v2/build/explore_cpp -- -j16 -l16
[0.736s] INFO:colcon.colcon_core.task.python.build:Building Python package in '/home/gerardo/turtlebot3_group6v2/src/hazmat_marker'
[0.736s] INFO:colcon.colcon_core.shell:Skip shell extension 'powershell' for command environment: Not usable outside of PowerShell
[0.736s] DEBUG:colcon.colcon_core.shell:Skip shell extension 'dsv' for command environment
[1.024s] WARNING:colcon.colcon_ros.task.ament_python.build:Package 'joint_state_publisher_custom' doesn't explicitly install a marker in the package index (colcon-ros currently does it implicitly but that fallback will be removed in the future)
[1.024s] WARNING:colcon.colcon_ros.task.ament_python.build:Package 'joint_state_publisher_custom' doesn't explicitly install the 'package.xml' file (colcon-ros currently does it implicitly but that fallback will be removed in the future)
[1.025s] INFO:colcon.colcon_core.task.python.build:Building Python package in '/home/gerardo/turtlebot3_group6v2/src/joint_state_publisher_custom'
[1.025s] INFO:colcon.colcon_core.shell:Skip shell extension 'powershell' for command environment: Not usable outside of PowerShell
[1.025s] DEBUG:colcon.colcon_core.shell:Skip shell extension 'dsv' for command environment
[1.314s] INFO:colcon.colcon_core.task.python.build:Building Python package in '/home/gerardo/turtlebot3_group6v2/src/laser_scan_adjuster'
[1.314s] INFO:colcon.colcon_core.shell:Skip shell extension 'powershell' for command environment: Not usable outside of PowerShell
[1.314s] DEBUG:colcon.colcon_core.shell:Skip shell extension 'dsv' for command environment
[1.596s] INFO:colcon.colcon_core.task.python.build:Building Python package in '/home/gerardo/turtlebot3_group6v2/src/motor_position_controller'
[1.596s] INFO:colcon.colcon_core.shell:Skip shell extension 'powershell' for command environment: Not usable outside of PowerShell
[1.596s] DEBUG:colcon.colcon_core.shell:Skip shell extension 'dsv' for command environment
[1.864s] INFO:colcon.colcon_core.task.python.build:Building Python package in '/home/gerardo/turtlebot3_group6v2/src/turtlebot3_explore'
[1.865s] INFO:colcon.colcon_core.shell:Skip shell extension 'powershell' for command environment: Not usable outside of PowerShell
[1.865s] DEBUG:colcon.colcon_core.shell:Skip shell extension 'dsv' for command environment
[1.878s] DEBUG:colcon.colcon_core.event_handler.log_command:Invoked command in '/home/gerardo/turtlebot3_group6v2/build/explore_cpp' returned '0': CMAKE_PREFIX_PATH=${CMAKE_PREFIX_PATH}:/home/gerardo/turtlebot3_ws/install/turtlebot3_teleop:/home/gerardo/turtlebot3_ws/install/turtlebot3_poi_navigation:/home/gerardo/turtlebot3_ws/install/turtlebot3_example:/home/gerardo/turtlebot3_ws/install/turtlebot3_explore:/home/gerardo/turtlebot3_ws/install/motor_position_controller:/home/gerardo/turtlebot3_ws/install/laser_scan_adjuster:/home/gerardo/turtlebot3_ws/install/joint_state_publisher_custom:/home/gerardo/turtlebot3_group6v2/install/turtlebot3_poi_navigation:/home/gerardo/turtlebot3_group6v2/install/turtlebot3_explore:/home/gerardo/turtlebot3_group6v2/install/motor_position_controller:/home/gerardo/turtlebot3_group6v2/install/laser_scan_adjuster:/home/gerardo/turtlebot3_group6v2/install/joint_state_publisher_custom:/home/gerardo/turtlebot3_group6v2/install/hazmat_marker:/home/gerardo/turtlebot3_group6/install/turtlebot3_explore:/home/gerardo/turtlebot3_group6/install/motor_controller:/opt/ros/humble /usr/bin/cmake --build /home/gerardo/turtlebot3_group6v2/build/explore_cpp -- -j16 -l16
[2.162s] INFO:colcon.colcon_core.task.python.build:Building Python package in '/home/gerardo/turtlebot3_group6v2/src/turtlebot3_poi_navigation'
[2.163s] INFO:colcon.colcon_core.shell:Skip shell extension 'powershell' for command environment: Not usable outside of PowerShell
[2.163s] DEBUG:colcon.colcon_core.shell:Skip shell extension 'dsv' for command environment
[2.187s] DEBUG:colcon.colcon_core.event_handler.log_command:Invoking command in '/home/gerardo/turtlebot3_group6v2/build/explore_cpp': CMAKE_PREFIX_PATH=${CMAKE_PREFIX_PATH}:/home/gerardo/turtlebot3_ws/install/turtlebot3_teleop:/home/gerardo/turtlebot3_ws/install/turtlebot3_poi_navigation:/home/gerardo/turtlebot3_ws/install/turtlebot3_example:/home/gerardo/turtlebot3_ws/install/turtlebot3_explore:/home/gerardo/turtlebot3_ws/install/motor_position_controller:/home/gerardo/turtlebot3_ws/install/laser_scan_adjuster:/home/gerardo/turtlebot3_ws/install/joint_state_publisher_custom:/home/gerardo/turtlebot3_group6v2/install/turtlebot3_poi_navigation:/home/gerardo/turtlebot3_group6v2/install/turtlebot3_explore:/home/gerardo/turtlebot3_group6v2/install/motor_position_controller:/home/gerardo/turtlebot3_group6v2/install/laser_scan_adjuster:/home/gerardo/turtlebot3_group6v2/install/joint_state_publisher_custom:/home/gerardo/turtlebot3_group6v2/install/hazmat_marker:/home/gerardo/turtlebot3_group6/install/turtlebot3_explore:/home/gerardo/turtlebot3_group6/install/motor_controller:/opt/ros/humble /usr/bin/cmake --install /home/gerardo/turtlebot3_group6v2/build/explore_cpp
[2.210s] Level 1:colcon.colcon_core.environment:create_environment_scripts_only(explore_cpp)
[2.212s] DEBUG:colcon.colcon_core.event_handler.log_command:Invoked command in '/home/gerardo/turtlebot3_group6v2/build/explore_cpp' returned '0': CMAKE_PREFIX_PATH=${CMAKE_PREFIX_PATH}:/home/gerardo/turtlebot3_ws/install/turtlebot3_teleop:/home/gerardo/turtlebot3_ws/install/turtlebot3_poi_navigation:/home/gerardo/turtlebot3_ws/install/turtlebot3_example:/home/gerardo/turtlebot3_ws/install/turtlebot3_explore:/home/gerardo/turtlebot3_ws/install/motor_position_controller:/home/gerardo/turtlebot3_ws/install/laser_scan_adjuster:/home/gerardo/turtlebot3_ws/install/joint_state_publisher_custom:/home/gerardo/turtlebot3_group6v2/install/turtlebot3_poi_navigation:/home/gerardo/turtlebot3_group6v2/install/turtlebot3_explore:/home/gerardo/turtlebot3_group6v2/install/motor_position_controller:/home/gerardo/turtlebot3_group6v2/install/laser_scan_adjuster:/home/gerardo/turtlebot3_group6v2/install/joint_state_publisher_custom:/home/gerardo/turtlebot3_group6v2/install/hazmat_marker:/home/gerardo/turtlebot3_group6/install/turtlebot3_explore:/home/gerardo/turtlebot3_group6/install/motor_controller:/opt/ros/humble /usr/bin/cmake --install /home/gerardo/turtlebot3_group6v2/build/explore_cpp
[2.214s] Level 1:colcon.colcon_core.environment:checking '/home/gerardo/turtlebot3_group6v2/install/explore_cpp' for CMake module files
[2.215s] Level 1:colcon.colcon_core.environment:checking '/home/gerardo/turtlebot3_group6v2/install/explore_cpp' for CMake config files
[2.215s] Level 1:colcon.colcon_core.shell:create_environment_hook('explore_cpp', 'cmake_prefix_path')
[2.215s] INFO:colcon.colcon_core.shell:Creating environment hook '/home/gerardo/turtlebot3_group6v2/install/explore_cpp/share/explore_cpp/hook/cmake_prefix_path.ps1'
[2.216s] INFO:colcon.colcon_core.shell:Creating environment descriptor '/home/gerardo/turtlebot3_group6v2/install/explore_cpp/share/explore_cpp/hook/cmake_prefix_path.dsv'
[2.216s] INFO:colcon.colcon_core.shell:Creating environment hook '/home/gerardo/turtlebot3_group6v2/install/explore_cpp/share/explore_cpp/hook/cmake_prefix_path.sh'
[2.217s] Level 1:colcon.colcon_core.environment:checking '/home/gerardo/turtlebot3_group6v2/install/explore_cpp/lib'
[2.217s] Level 1:colcon.colcon_core.environment:checking '/home/gerardo/turtlebot3_group6v2/install/explore_cpp/bin'
[2.217s] Level 1:colcon.colcon_core.environment:checking '/home/gerardo/turtlebot3_group6v2/install/explore_cpp/lib/pkgconfig/explore_cpp.pc'
[2.218s] Level 1:colcon.colcon_core.environment:checking '/home/gerardo/turtlebot3_group6v2/install/explore_cpp/lib/python3.10/site-packages'
[2.218s] Level 1:colcon.colcon_core.environment:checking '/home/gerardo/turtlebot3_group6v2/install/explore_cpp/bin'
[2.219s] INFO:colcon.colcon_core.shell:Creating package script '/home/gerardo/turtlebot3_group6v2/install/explore_cpp/share/explore_cpp/package.ps1'
[2.220s] INFO:colcon.colcon_core.shell:Creating package descriptor '/home/gerardo/turtlebot3_group6v2/install/explore_cpp/share/explore_cpp/package.dsv'
[2.221s] INFO:colcon.colcon_core.shell:Creating package script '/home/gerardo/turtlebot3_group6v2/install/explore_cpp/share/explore_cpp/package.sh'
[2.221s] INFO:colcon.colcon_core.shell:Creating package script '/home/gerardo/turtlebot3_group6v2/install/explore_cpp/share/explore_cpp/package.bash'
[2.222s] INFO:colcon.colcon_core.shell:Creating package script '/home/gerardo/turtlebot3_group6v2/install/explore_cpp/share/explore_cpp/package.zsh'
[2.222s] Level 1:colcon.colcon_core.environment:create_file_with_runtime_dependencies(/home/gerardo/turtlebot3_group6v2/install/explore_cpp/share/colcon-core/packages/explore_cpp)
[2.246s] Level 1:colcon.colcon_core.environment:create_environment_scripts_only(explore_cpp)
[2.246s] Level 1:colcon.colcon_core.environment:checking '/home/gerardo/turtlebot3_group6v2/install/explore_cpp' for CMake module files
[2.247s] Level 1:colcon.colcon_core.environment:checking '/home/gerardo/turtlebot3_group6v2/install/explore_cpp' for CMake config files
[2.247s] Level 1:colcon.colcon_core.shell:create_environment_hook('explore_cpp', 'cmake_prefix_path')
[2.247s] INFO:colcon.colcon_core.shell:Creating environment hook '/home/gerardo/turtlebot3_group6v2/install/explore_cpp/share/explore_cpp/hook/cmake_prefix_path.ps1'
[2.248s] INFO:colcon.colcon_core.shell:Creating environment descriptor '/home/gerardo/turtlebot3_group6v2/install/explore_cpp/share/explore_cpp/hook/cmake_prefix_path.dsv'
[2.248s] INFO:colcon.colcon_core.shell:Creating environment hook '/home/gerardo/turtlebot3_group6v2/install/explore_cpp/share/explore_cpp/hook/cmake_prefix_path.sh'
[2.249s] Level 1:colcon.colcon_core.environment:checking '/home/gerardo/turtlebot3_group6v2/install/explore_cpp/lib'
[2.249s] Level 1:colcon.colcon_core.environment:checking '/home/gerardo/turtlebot3_group6v2/install/explore_cpp/bin'
[2.249s] Level 1:colcon.colcon_core.environment:checking '/home/gerardo/turtlebot3_group6v2/install/explore_cpp/lib/pkgconfig/explore_cpp.pc'
[2.249s] Level 1:colcon.colcon_core.environment:checking '/home/gerardo/turtlebot3_group6v2/install/explore_cpp/lib/python3.10/site-packages'
[2.250s] Level 1:colcon.colcon_core.environment:checking '/home/gerardo/turtlebot3_group6v2/install/explore_cpp/bin'
[2.250s] INFO:colcon.colcon_core.shell:Creating package script '/home/gerardo/turtlebot3_group6v2/install/explore_cpp/share/explore_cpp/package.ps1'
[2.251s] INFO:colcon.colcon_core.shell:Creating package descriptor '/home/gerardo/turtlebot3_group6v2/install/explore_cpp/share/explore_cpp/package.dsv'
[2.251s] INFO:colcon.colcon_core.shell:Creating package script '/home/gerardo/turtlebot3_group6v2/install/explore_cpp/share/explore_cpp/package.sh'
[2.252s] INFO:colcon.colcon_core.shell:Creating package script '/home/gerardo/turtlebot3_group6v2/install/explore_cpp/share/explore_cpp/package.bash'
[2.252s] INFO:colcon.colcon_core.shell:Creating package script '/home/gerardo/turtlebot3_group6v2/install/explore_cpp/share/explore_cpp/package.zsh'
[2.253s] Level 1:colcon.colcon_core.environment:create_file_with_runtime_dependencies(/home/gerardo/turtlebot3_group6v2/install/explore_cpp/share/colcon-core/packages/explore_cpp)
[2.644s] DEBUG:colcon.colcon_core.event_handler.log_command:Invoking command in '/home/gerardo/turtlebot3_group6v2/src/laser_scan_adjuster': PYTHONPATH=/home/gerardo/turtlebot3_group6v2/build/laser_scan_adjuster/prefix_override:/usr/lib/python3/dist-packages/colcon_core/task/python/colcon_distutils_commands:/home/gerardo/turtlebot3_group6v2/install/laser_scan_adjuster/lib/python3.10/site-packages:${PYTHONPATH} /usr/bin/python3 -W ignore:setup.py install is deprecated setup.py egg_info --egg-base ../../build/laser_scan_adjuster build --build-base /home/gerardo/turtlebot3_group6v2/build/laser_scan_adjuster/build install --record /home/gerardo/turtlebot3_group6v2/build/laser_scan_adjuster/install.log --single-version-externally-managed install_data
[2.658s] DEBUG:colcon.colcon_core.event_handler.log_command:Invoking command in '/home/gerardo/turtlebot3_group6v2/src/turtlebot3_explore': PYTHONPATH=/home/gerardo/turtlebot3_group6v2/build/turtlebot3_explore/prefix_override:/usr/lib/python3/dist-packages/colcon_core/task/python/colcon_distutils_commands:/home/gerardo/turtlebot3_group6v2/install/turtlebot3_explore/lib/python3.10/site-packages:${PYTHONPATH} /usr/bin/python3 -W ignore:setup.py install is deprecated setup.py egg_info --egg-base ../../build/turtlebot3_explore build --build-base /home/gerardo/turtlebot3_group6v2/build/turtlebot3_explore/build install --record /home/gerardo/turtlebot3_group6v2/build/turtlebot3_explore/install.log --single-version-externally-managed install_data
[2.681s] DEBUG:colcon.colcon_core.event_handler.log_command:Invoking command in '/home/gerardo/turtlebot3_group6v2/src/motor_position_controller': PYTHONPATH=/home/gerardo/turtlebot3_group6v2/build/motor_position_controller/prefix_override:/usr/lib/python3/dist-packages/colcon_core/task/python/colcon_distutils_commands:/home/gerardo/turtlebot3_group6v2/install/motor_position_controller/lib/python3.10/site-packages:${PYTHONPATH} /usr/bin/python3 -W ignore:setup.py install is deprecated setup.py egg_info --egg-base ../../build/motor_position_controller build --build-base /home/gerardo/turtlebot3_group6v2/build/motor_position_controller/build install --record /home/gerardo/turtlebot3_group6v2/build/motor_position_controller/install.log --single-version-externally-managed install_data
[2.706s] DEBUG:colcon.colcon_core.event_handler.log_command:Invoking command in '/home/gerardo/turtlebot3_group6v2/src/turtlebot3_poi_navigation': PYTHONPATH=/home/gerardo/turtlebot3_group6v2/build/turtlebot3_poi_navigation/prefix_override:/usr/lib/python3/dist-packages/colcon_core/task/python/colcon_distutils_commands:/home/gerardo/turtlebot3_group6v2/install/turtlebot3_poi_navigation/lib/python3.10/site-packages:${PYTHONPATH} /usr/bin/python3 -W ignore:setup.py install is deprecated setup.py egg_info --egg-base ../../build/turtlebot3_poi_navigation build --build-base /home/gerardo/turtlebot3_group6v2/build/turtlebot3_poi_navigation/build install --record /home/gerardo/turtlebot3_group6v2/build/turtlebot3_poi_navigation/install.log --single-version-externally-managed install_data
[2.710s] DEBUG:colcon.colcon_core.event_handler.log_command:Invoking command in '/home/gerardo/turtlebot3_group6v2/src/joint_state_publisher_custom': PYTHONPATH=/home/gerardo/turtlebot3_group6v2/build/joint_state_publisher_custom/prefix_override:/usr/lib/python3/dist-packages/colcon_core/task/python/colcon_distutils_commands:/home/gerardo/turtlebot3_group6v2/install/joint_state_publisher_custom/lib/python3.10/site-packages:${PYTHONPATH} /usr/bin/python3 -W ignore:setup.py install is deprecated setup.py egg_info --egg-base ../../build/joint_state_publisher_custom build --build-base /home/gerardo/turtlebot3_group6v2/build/joint_state_publisher_custom/build install --record /home/gerardo/turtlebot3_group6v2/build/joint_state_publisher_custom/install.log --single-version-externally-managed
[2.718s] DEBUG:colcon.colcon_core.event_handler.log_command:Invoking command in '/home/gerardo/turtlebot3_group6v2/src/hazmat_marker': PYTHONPATH=/home/gerardo/turtlebot3_group6v2/build/hazmat_marker/prefix_override:/usr/lib/python3/dist-packages/colcon_core/task/python/colcon_distutils_commands:/home/gerardo/turtlebot3_group6v2/install/hazmat_marker/lib/python3.10/site-packages:${PYTHONPATH} /usr/bin/python3 -W ignore:setup.py install is deprecated setup.py egg_info --egg-base ../../build/hazmat_marker build --build-base /home/gerardo/turtlebot3_group6v2/build/hazmat_marker/build install --record /home/gerardo/turtlebot3_group6v2/build/hazmat_marker/install.log --single-version-externally-managed install_data
[3.008s] Level 1:colcon.colcon_core.environment:checking '/home/gerardo/turtlebot3_group6v2/install/turtlebot3_explore' for CMake module files
[3.009s] Level 1:colcon.colcon_core.environment:checking '/home/gerardo/turtlebot3_group6v2/install/turtlebot3_explore' for CMake config files
[3.009s] Level 1:colcon.colcon_core.environment:checking '/home/gerardo/turtlebot3_group6v2/install/turtlebot3_explore/lib'
[3.009s] Level 1:colcon.colcon_core.environment:checking '/home/gerardo/turtlebot3_group6v2/install/turtlebot3_explore/bin'
[3.009s] Level 1:colcon.colcon_core.environment:checking '/home/gerardo/turtlebot3_group6v2/install/turtlebot3_explore/lib/pkgconfig/turtlebot3_explore.pc'
[3.010s] Level 1:colcon.colcon_core.environment:checking '/home/gerardo/turtlebot3_group6v2/install/turtlebot3_explore/lib/python3.10/site-packages'
[3.010s] Level 1:colcon.colcon_core.shell:create_environment_hook('turtlebot3_explore', 'pythonpath')
[3.010s] INFO:colcon.colcon_core.shell:Creating environment hook '/home/gerardo/turtlebot3_group6v2/install/turtlebot3_explore/share/turtlebot3_explore/hook/pythonpath.ps1'
[3.011s] DEBUG:colcon.colcon_core.event_handler.log_command:Invoked command in '/home/gerardo/turtlebot3_group6v2/src/turtlebot3_explore' returned '0': PYTHONPATH=/home/gerardo/turtlebot3_group6v2/build/turtlebot3_explore/prefix_override:/usr/lib/python3/dist-packages/colcon_core/task/python/colcon_distutils_commands:/home/gerardo/turtlebot3_group6v2/install/turtlebot3_explore/lib/python3.10/site-packages:${PYTHONPATH} /usr/bin/python3 -W ignore:setup.py install is deprecated setup.py egg_info --egg-base ../../build/turtlebot3_explore build --build-base /home/gerardo/turtlebot3_group6v2/build/turtlebot3_explore/build install --record /home/gerardo/turtlebot3_group6v2/build/turtlebot3_explore/install.log --single-version-externally-managed install_data
[3.012s] INFO:colcon.colcon_core.shell:Creating environment descriptor '/home/gerardo/turtlebot3_group6v2/install/turtlebot3_explore/share/turtlebot3_explore/hook/pythonpath.dsv'
[3.013s] INFO:colcon.colcon_core.shell:Creating environment hook '/home/gerardo/turtlebot3_group6v2/install/turtlebot3_explore/share/turtlebot3_explore/hook/pythonpath.sh'
[3.014s] Level 1:colcon.colcon_core.environment:checking '/home/gerardo/turtlebot3_group6v2/install/turtlebot3_explore/bin'
[3.014s] Level 1:colcon.colcon_core.environment:create_environment_scripts_only(turtlebot3_explore)
[3.014s] INFO:colcon.colcon_core.shell:Creating package script '/home/gerardo/turtlebot3_group6v2/install/turtlebot3_explore/share/turtlebot3_explore/package.ps1'
[3.015s] INFO:colcon.colcon_core.shell:Creating package descriptor '/home/gerardo/turtlebot3_group6v2/install/turtlebot3_explore/share/turtlebot3_explore/package.dsv'
[3.016s] INFO:colcon.colcon_core.shell:Creating package script '/home/gerardo/turtlebot3_group6v2/install/turtlebot3_explore/share/turtlebot3_explore/package.sh'
[3.016s] INFO:colcon.colcon_core.shell:Creating package script '/home/gerardo/turtlebot3_group6v2/install/turtlebot3_explore/share/turtlebot3_explore/package.bash'
[3.016s] INFO:colcon.colcon_core.shell:Creating package script '/home/gerardo/turtlebot3_group6v2/install/turtlebot3_explore/share/turtlebot3_explore/package.zsh'
[3.017s] Level 1:colcon.colcon_core.environment:create_file_with_runtime_dependencies(/home/gerardo/turtlebot3_group6v2/install/turtlebot3_explore/share/colcon-core/packages/turtlebot3_explore)
[3.069s] Level 1:colcon.colcon_core.environment:checking '/home/gerardo/turtlebot3_group6v2/install/hazmat_marker' for CMake module files
[3.070s] Level 1:colcon.colcon_core.environment:checking '/home/gerardo/turtlebot3_group6v2/install/hazmat_marker' for CMake config files
[3.072s] Level 1:colcon.colcon_core.environment:checking '/home/gerardo/turtlebot3_group6v2/install/hazmat_marker/lib'
[3.073s] DEBUG:colcon.colcon_core.event_handler.log_command:Invoked command in '/home/gerardo/turtlebot3_group6v2/src/hazmat_marker' returned '0': PYTHONPATH=/home/gerardo/turtlebot3_group6v2/build/hazmat_marker/prefix_override:/usr/lib/python3/dist-packages/colcon_core/task/python/colcon_distutils_commands:/home/gerardo/turtlebot3_group6v2/install/hazmat_marker/lib/python3.10/site-packages:${PYTHONPATH} /usr/bin/python3 -W ignore:setup.py install is deprecated setup.py egg_info --egg-base ../../build/hazmat_marker build --build-base /home/gerardo/turtlebot3_group6v2/build/hazmat_marker/build install --record /home/gerardo/turtlebot3_group6v2/build/hazmat_marker/install.log --single-version-externally-managed install_data
[3.073s] Level 1:colcon.colcon_core.environment:checking '/home/gerardo/turtlebot3_group6v2/install/hazmat_marker/bin'
[3.074s] Level 1:colcon.colcon_core.environment:checking '/home/gerardo/turtlebot3_group6v2/install/hazmat_marker/lib/pkgconfig/hazmat_marker.pc'
[3.075s] Level 1:colcon.colcon_core.environment:checking '/home/gerardo/turtlebot3_group6v2/install/hazmat_marker/lib/python3.10/site-packages'
[3.075s] Level 1:colcon.colcon_core.shell:create_environment_hook('hazmat_marker', 'pythonpath')
[3.075s] INFO:colcon.colcon_core.shell:Creating environment hook '/home/gerardo/turtlebot3_group6v2/install/hazmat_marker/share/hazmat_marker/hook/pythonpath.ps1'
[3.076s] INFO:colcon.colcon_core.shell:Creating environment descriptor '/home/gerardo/turtlebot3_group6v2/install/hazmat_marker/share/hazmat_marker/hook/pythonpath.dsv'
[3.077s] INFO:colcon.colcon_core.shell:Creating environment hook '/home/gerardo/turtlebot3_group6v2/install/hazmat_marker/share/hazmat_marker/hook/pythonpath.sh'
[3.078s] Level 1:colcon.colcon_core.environment:checking '/home/gerardo/turtlebot3_group6v2/install/hazmat_marker/bin'
[3.078s] Level 1:colcon.colcon_core.environment:create_environment_scripts_only(hazmat_marker)
[3.079s] INFO:colcon.colcon_core.shell:Creating package script '/home/gerardo/turtlebot3_group6v2/install/hazmat_marker/share/hazmat_marker/package.ps1'
[3.083s] INFO:colcon.colcon_core.shell:Creating package descriptor '/home/gerardo/turtlebot3_group6v2/install/hazmat_marker/share/hazmat_marker/package.dsv'
[3.084s] INFO:colcon.colcon_core.shell:Creating package script '/home/gerardo/turtlebot3_group6v2/install/hazmat_marker/share/hazmat_marker/package.sh'
[3.087s] INFO:colcon.colcon_core.shell:Creating package script '/home/gerardo/turtlebot3_group6v2/install/hazmat_marker/share/hazmat_marker/package.bash'
[3.087s] INFO:colcon.colcon_core.shell:Creating package script '/home/gerardo/turtlebot3_group6v2/install/hazmat_marker/share/hazmat_marker/package.zsh'
[3.088s] Level 1:colcon.colcon_core.environment:create_file_with_runtime_dependencies(/home/gerardo/turtlebot3_group6v2/install/hazmat_marker/share/colcon-core/packages/hazmat_marker)
[3.090s] Level 1:colcon.colcon_core.environment:checking '/home/gerardo/turtlebot3_group6v2/install/turtlebot3_poi_navigation' for CMake module files
[3.092s] Level 1:colcon.colcon_core.environment:checking '/home/gerardo/turtlebot3_group6v2/install/turtlebot3_poi_navigation' for CMake config files
[3.092s] Level 1:colcon.colcon_core.environment:checking '/home/gerardo/turtlebot3_group6v2/install/turtlebot3_poi_navigation/lib'
[3.093s] DEBUG:colcon.colcon_core.event_handler.log_command:Invoked command in '/home/gerardo/turtlebot3_group6v2/src/turtlebot3_poi_navigation' returned '0': PYTHONPATH=/home/gerardo/turtlebot3_group6v2/build/turtlebot3_poi_navigation/prefix_override:/usr/lib/python3/dist-packages/colcon_core/task/python/colcon_distutils_commands:/home/gerardo/turtlebot3_group6v2/install/turtlebot3_poi_navigation/lib/python3.10/site-packages:${PYTHONPATH} /usr/bin/python3 -W ignore:setup.py install is deprecated setup.py egg_info --egg-base ../../build/turtlebot3_poi_navigation build --build-base /home/gerardo/turtlebot3_group6v2/build/turtlebot3_poi_navigation/build install --record /home/gerardo/turtlebot3_group6v2/build/turtlebot3_poi_navigation/install.log --single-version-externally-managed install_data
[3.093s] Level 1:colcon.colcon_core.environment:checking '/home/gerardo/turtlebot3_group6v2/install/turtlebot3_poi_navigation/bin'
[3.093s] Level 1:colcon.colcon_core.environment:checking '/home/gerardo/turtlebot3_group6v2/install/turtlebot3_poi_navigation/lib/pkgconfig/turtlebot3_poi_navigation.pc'
[3.093s] Level 1:colcon.colcon_core.environment:checking '/home/gerardo/turtlebot3_group6v2/install/turtlebot3_poi_navigation/lib/python3.10/site-packages'
[3.093s] Level 1:colcon.colcon_core.shell:create_environment_hook('turtlebot3_poi_navigation', 'pythonpath')
[3.094s] INFO:colcon.colcon_core.shell:Creating environment hook '/home/gerardo/turtlebot3_group6v2/install/turtlebot3_poi_navigation/share/turtlebot3_poi_navigation/hook/pythonpath.ps1'
[3.094s] INFO:colcon.colcon_core.shell:Creating environment descriptor '/home/gerardo/turtlebot3_group6v2/install/turtlebot3_poi_navigation/share/turtlebot3_poi_navigation/hook/pythonpath.dsv'
[3.095s] INFO:colcon.colcon_core.shell:Creating environment hook '/home/gerardo/turtlebot3_group6v2/install/turtlebot3_poi_navigation/share/turtlebot3_poi_navigation/hook/pythonpath.sh'
[3.095s] Level 1:colcon.colcon_core.environment:checking '/home/gerardo/turtlebot3_group6v2/install/turtlebot3_poi_navigation/bin'
[3.095s] Level 1:colcon.colcon_core.environment:create_environment_scripts_only(turtlebot3_poi_navigation)
[3.096s] INFO:colcon.colcon_core.shell:Creating package script '/home/gerardo/turtlebot3_group6v2/install/turtlebot3_poi_navigation/share/turtlebot3_poi_navigation/package.ps1'
[3.096s] INFO:colcon.colcon_core.shell:Creating package descriptor '/home/gerardo/turtlebot3_group6v2/install/turtlebot3_poi_navigation/share/turtlebot3_poi_navigation/package.dsv'
[3.096s] INFO:colcon.colcon_core.shell:Creating package script '/home/gerardo/turtlebot3_group6v2/install/turtlebot3_poi_navigation/share/turtlebot3_poi_navigation/package.sh'
[3.097s] INFO:colcon.colcon_core.shell:Creating package script '/home/gerardo/turtlebot3_group6v2/install/turtlebot3_poi_navigation/share/turtlebot3_poi_navigation/package.bash'
[3.097s] INFO:colcon.colcon_core.shell:Creating package script '/home/gerardo/turtlebot3_group6v2/install/turtlebot3_poi_navigation/share/turtlebot3_poi_navigation/package.zsh'
[3.097s] Level 1:colcon.colcon_core.environment:create_file_with_runtime_dependencies(/home/gerardo/turtlebot3_group6v2/install/turtlebot3_poi_navigation/share/colcon-core/packages/turtlebot3_poi_navigation)
[3.098s] Level 1:colcon.colcon_core.environment:checking '/home/gerardo/turtlebot3_group6v2/install/motor_position_controller' for CMake module files
[3.098s] Level 1:colcon.colcon_core.environment:checking '/home/gerardo/turtlebot3_group6v2/install/motor_position_controller' for CMake config files
[3.098s] DEBUG:colcon.colcon_core.event_handler.log_command:Invoked command in '/home/gerardo/turtlebot3_group6v2/src/motor_position_controller' returned '0': PYTHONPATH=/home/gerardo/turtlebot3_group6v2/build/motor_position_controller/prefix_override:/usr/lib/python3/dist-packages/colcon_core/task/python/colcon_distutils_commands:/home/gerardo/turtlebot3_group6v2/install/motor_position_controller/lib/python3.10/site-packages:${PYTHONPATH} /usr/bin/python3 -W ignore:setup.py install is deprecated setup.py egg_info --egg-base ../../build/motor_position_controller build --build-base /home/gerardo/turtlebot3_group6v2/build/motor_position_controller/build install --record /home/gerardo/turtlebot3_group6v2/build/motor_position_controller/install.log --single-version-externally-managed install_data
[3.099s] Level 1:colcon.colcon_core.environment:checking '/home/gerardo/turtlebot3_group6v2/install/motor_position_controller/lib'
[3.099s] Level 1:colcon.colcon_core.environment:checking '/home/gerardo/turtlebot3_group6v2/install/motor_position_controller/bin'
[3.099s] Level 1:colcon.colcon_core.environment:checking '/home/gerardo/turtlebot3_group6v2/install/motor_position_controller/lib/pkgconfig/motor_position_controller.pc'
[3.099s] Level 1:colcon.colcon_core.environment:checking '/home/gerardo/turtlebot3_group6v2/install/motor_position_controller/lib/python3.10/site-packages'
[3.099s] Level 1:colcon.colcon_core.shell:create_environment_hook('motor_position_controller', 'pythonpath')
[3.099s] INFO:colcon.colcon_core.shell:Creating environment hook '/home/gerardo/turtlebot3_group6v2/install/motor_position_controller/share/motor_position_controller/hook/pythonpath.ps1'
[3.100s] INFO:colcon.colcon_core.shell:Creating environment descriptor '/home/gerardo/turtlebot3_group6v2/install/motor_position_controller/share/motor_position_controller/hook/pythonpath.dsv'
[3.100s] INFO:colcon.colcon_core.shell:Creating environment hook '/home/gerardo/turtlebot3_group6v2/install/motor_position_controller/share/motor_position_controller/hook/pythonpath.sh'
[3.100s] Level 1:colcon.colcon_core.environment:checking '/home/gerardo/turtlebot3_group6v2/install/motor_position_controller/bin'
[3.100s] Level 1:colcon.colcon_core.environment:create_environment_scripts_only(motor_position_controller)
[3.101s] INFO:colcon.colcon_core.shell:Creating package script '/home/gerardo/turtlebot3_group6v2/install/motor_position_controller/share/motor_position_controller/package.ps1'
[3.101s] INFO:colcon.colcon_core.shell:Creating package descriptor '/home/gerardo/turtlebot3_group6v2/install/motor_position_controller/share/motor_position_controller/package.dsv'
[3.101s] INFO:colcon.colcon_core.shell:Creating package script '/home/gerardo/turtlebot3_group6v2/install/motor_position_controller/share/motor_position_controller/package.sh'
[3.101s] INFO:colcon.colcon_core.shell:Creating package script '/home/gerardo/turtlebot3_group6v2/install/motor_position_controller/share/motor_position_controller/package.bash'
[3.102s] INFO:colcon.colcon_core.shell:Creating package script '/home/gerardo/turtlebot3_group6v2/install/motor_position_controller/share/motor_position_controller/package.zsh'
[3.102s] Level 1:colcon.colcon_core.environment:create_file_with_runtime_dependencies(/home/gerardo/turtlebot3_group6v2/install/motor_position_controller/share/colcon-core/packages/motor_position_controller)
[3.102s] Level 1:colcon.colcon_core.environment:checking '/home/gerardo/turtlebot3_group6v2/install/joint_state_publisher_custom' for CMake module files
[3.103s] Level 1:colcon.colcon_core.environment:checking '/home/gerardo/turtlebot3_group6v2/install/joint_state_publisher_custom' for CMake config files
[3.103s] DEBUG:colcon.colcon_core.event_handler.log_command:Invoked command in '/home/gerardo/turtlebot3_group6v2/src/joint_state_publisher_custom' returned '0': PYTHONPATH=/home/gerardo/turtlebot3_group6v2/build/joint_state_publisher_custom/prefix_override:/usr/lib/python3/dist-packages/colcon_core/task/python/colcon_distutils_commands:/home/gerardo/turtlebot3_group6v2/install/joint_state_publisher_custom/lib/python3.10/site-packages:${PYTHONPATH} /usr/bin/python3 -W ignore:setup.py install is deprecated setup.py egg_info --egg-base ../../build/joint_state_publisher_custom build --build-base /home/gerardo/turtlebot3_group6v2/build/joint_state_publisher_custom/build install --record /home/gerardo/turtlebot3_group6v2/build/joint_state_publisher_custom/install.log --single-version-externally-managed
[3.103s] Level 1:colcon.colcon_core.environment:checking '/home/gerardo/turtlebot3_group6v2/install/joint_state_publisher_custom/lib'
[3.103s] Level 1:colcon.colcon_core.environment:checking '/home/gerardo/turtlebot3_group6v2/install/joint_state_publisher_custom/bin'
[3.103s] Level 1:colcon.colcon_core.environment:checking '/home/gerardo/turtlebot3_group6v2/install/joint_state_publisher_custom/lib/pkgconfig/joint_state_publisher_custom.pc'
[3.104s] Level 1:colcon.colcon_core.environment:checking '/home/gerardo/turtlebot3_group6v2/install/joint_state_publisher_custom/lib/python3.10/site-packages'
[3.104s] Level 1:colcon.colcon_core.shell:create_environment_hook('joint_state_publisher_custom', 'pythonpath')
[3.104s] INFO:colcon.colcon_core.shell:Creating environment hook '/home/gerardo/turtlebot3_group6v2/install/joint_state_publisher_custom/share/joint_state_publisher_custom/hook/pythonpath.ps1'
[3.104s] INFO:colcon.colcon_core.shell:Creating environment descriptor '/home/gerardo/turtlebot3_group6v2/install/joint_state_publisher_custom/share/joint_state_publisher_custom/hook/pythonpath.dsv'
[3.104s] INFO:colcon.colcon_core.shell:Creating environment hook '/home/gerardo/turtlebot3_group6v2/install/joint_state_publisher_custom/share/joint_state_publisher_custom/hook/pythonpath.sh'
[3.105s] Level 1:colcon.colcon_core.environment:checking '/home/gerardo/turtlebot3_group6v2/install/joint_state_publisher_custom/bin'
[3.105s] Level 1:colcon.colcon_core.environment:create_environment_scripts_only(joint_state_publisher_custom)
[3.105s] INFO:colcon.colcon_core.shell:Creating package script '/home/gerardo/turtlebot3_group6v2/install/joint_state_publisher_custom/share/joint_state_publisher_custom/package.ps1'
[3.105s] INFO:colcon.colcon_core.shell:Creating package descriptor '/home/gerardo/turtlebot3_group6v2/install/joint_state_publisher_custom/share/joint_state_publisher_custom/package.dsv'
[3.106s] INFO:colcon.colcon_core.shell:Creating package script '/home/gerardo/turtlebot3_group6v2/install/joint_state_publisher_custom/share/joint_state_publisher_custom/package.sh'
[3.106s] INFO:colcon.colcon_core.shell:Creating package script '/home/gerardo/turtlebot3_group6v2/install/joint_state_publisher_custom/share/joint_state_publisher_custom/package.bash'
[3.106s] INFO:colcon.colcon_core.shell:Creating package script '/home/gerardo/turtlebot3_group6v2/install/joint_state_publisher_custom/share/joint_state_publisher_custom/package.zsh'
[3.106s] Level 1:colcon.colcon_core.environment:create_file_with_runtime_dependencies(/home/gerardo/turtlebot3_group6v2/install/joint_state_publisher_custom/share/colcon-core/packages/joint_state_publisher_custom)
[3.148s] Level 1:colcon.colcon_core.environment:checking '/home/gerardo/turtlebot3_group6v2/install/laser_scan_adjuster' for CMake module files
[3.149s] DEBUG:colcon.colcon_core.event_handler.log_command:Invoked command in '/home/gerardo/turtlebot3_group6v2/src/laser_scan_adjuster' returned '0': PYTHONPATH=/home/gerardo/turtlebot3_group6v2/build/laser_scan_adjuster/prefix_override:/usr/lib/python3/dist-packages/colcon_core/task/python/colcon_distutils_commands:/home/gerardo/turtlebot3_group6v2/install/laser_scan_adjuster/lib/python3.10/site-packages:${PYTHONPATH} /usr/bin/python3 -W ignore:setup.py install is deprecated setup.py egg_info --egg-base ../../build/laser_scan_adjuster build --build-base /home/gerardo/turtlebot3_group6v2/build/laser_scan_adjuster/build install --record /home/gerardo/turtlebot3_group6v2/build/laser_scan_adjuster/install.log --single-version-externally-managed install_data
[3.149s] Level 1:colcon.colcon_core.environment:checking '/home/gerardo/turtlebot3_group6v2/install/laser_scan_adjuster' for CMake config files
[3.150s] Level 1:colcon.colcon_core.environment:checking '/home/gerardo/turtlebot3_group6v2/install/laser_scan_adjuster/lib'
[3.150s] Level 1:colcon.colcon_core.environment:checking '/home/gerardo/turtlebot3_group6v2/install/laser_scan_adjuster/bin'
[3.150s] Level 1:colcon.colcon_core.environment:checking '/home/gerardo/turtlebot3_group6v2/install/laser_scan_adjuster/lib/pkgconfig/laser_scan_adjuster.pc'
[3.150s] Level 1:colcon.colcon_core.environment:checking '/home/gerardo/turtlebot3_group6v2/install/laser_scan_adjuster/lib/python3.10/site-packages'
[3.150s] Level 1:colcon.colcon_core.shell:create_environment_hook('laser_scan_adjuster', 'pythonpath')
[3.150s] INFO:colcon.colcon_core.shell:Creating environment hook '/home/gerardo/turtlebot3_group6v2/install/laser_scan_adjuster/share/laser_scan_adjuster/hook/pythonpath.ps1'
[3.150s] INFO:colcon.colcon_core.shell:Creating environment descriptor '/home/gerardo/turtlebot3_group6v2/install/laser_scan_adjuster/share/laser_scan_adjuster/hook/pythonpath.dsv'
[3.151s] INFO:colcon.colcon_core.shell:Creating environment hook '/home/gerardo/turtlebot3_group6v2/install/laser_scan_adjuster/share/laser_scan_adjuster/hook/pythonpath.sh'
[3.151s] Level 1:colcon.colcon_core.environment:checking '/home/gerardo/turtlebot3_group6v2/install/laser_scan_adjuster/bin'
[3.151s] Level 1:colcon.colcon_core.environment:create_environment_scripts_only(laser_scan_adjuster)
[3.151s] INFO:colcon.colcon_core.shell:Creating package script '/home/gerardo/turtlebot3_group6v2/install/laser_scan_adjuster/share/laser_scan_adjuster/package.ps1'
[3.152s] INFO:colcon.colcon_core.shell:Creating package descriptor '/home/gerardo/turtlebot3_group6v2/install/laser_scan_adjuster/share/laser_scan_adjuster/package.dsv'
[3.152s] INFO:colcon.colcon_core.shell:Creating package script '/home/gerardo/turtlebot3_group6v2/install/laser_scan_adjuster/share/laser_scan_adjuster/package.sh'
[3.152s] INFO:colcon.colcon_core.shell:Creating package script '/home/gerardo/turtlebot3_group6v2/install/laser_scan_adjuster/share/laser_scan_adjuster/package.bash'
[3.153s] INFO:colcon.colcon_core.shell:Creating package script '/home/gerardo/turtlebot3_group6v2/install/laser_scan_adjuster/share/laser_scan_adjuster/package.zsh'
[3.153s] Level 1:colcon.colcon_core.environment:create_file_with_runtime_dependencies(/home/gerardo/turtlebot3_group6v2/install/laser_scan_adjuster/share/colcon-core/packages/laser_scan_adjuster)
[3.153s] DEBUG:colcon.colcon_parallel_executor.executor.parallel:closing loop
[3.153s] DEBUG:colcon.colcon_parallel_executor.executor.parallel:loop closed
[3.153s] DEBUG:colcon.colcon_parallel_executor.executor.parallel:run_until_complete finished with '0'
[3.153s] DEBUG:colcon.colcon_core.event_reactor:joining thread
[3.159s] INFO:colcon.colcon_core.plugin_system:Skipping extension 'colcon_notification.desktop_notification.terminal_notifier': Not used on non-Darwin systems
[3.159s] INFO:colcon.colcon_core.plugin_system:Skipping extension 'colcon_notification.desktop_notification.win32': Not used on non-Windows systems
[3.159s] INFO:colcon.colcon_notification.desktop_notification:Sending desktop notification using 'notify2'
[3.164s] DEBUG:colcon.colcon_core.event_reactor:joined thread
[3.165s] INFO:colcon.colcon_core.shell:Creating prefix script '/home/gerardo/turtlebot3_group6v2/install/local_setup.ps1'
[3.167s] INFO:colcon.colcon_core.shell:Creating prefix util module '/home/gerardo/turtlebot3_group6v2/install/_local_setup_util_ps1.py'
[3.170s] INFO:colcon.colcon_core.shell:Creating prefix chain script '/home/gerardo/turtlebot3_group6v2/install/setup.ps1'
[3.174s] INFO:colcon.colcon_core.shell:Creating prefix script '/home/gerardo/turtlebot3_group6v2/install/local_setup.sh'
[3.177s] INFO:colcon.colcon_core.shell:Creating prefix util module '/home/gerardo/turtlebot3_group6v2/install/_local_setup_util_sh.py'
[3.178s] INFO:colcon.colcon_core.shell:Creating prefix chain script '/home/gerardo/turtlebot3_group6v2/install/setup.sh'
[3.182s] INFO:colcon.colcon_core.shell:Creating prefix script '/home/gerardo/turtlebot3_group6v2/install/local_setup.bash'
[3.182s] INFO:colcon.colcon_core.shell:Creating prefix chain script '/home/gerardo/turtlebot3_group6v2/install/setup.bash'
[3.186s] INFO:colcon.colcon_core.shell:Creating prefix script '/home/gerardo/turtlebot3_group6v2/install/local_setup.zsh'
[3.186s] INFO:colcon.colcon_core.shell:Creating prefix chain script '/home/gerardo/turtlebot3_group6v2/install/setup.zsh'
