[1.458s] Invoking command in '/home/gerardo/turtlebot3_group6v2/src/HAZMAT_Detection/camara': PYTHONPATH=/home/gerardo/turtlebot3_group6v2/build/camara/prefix_override:/usr/lib/python3/dist-packages/colcon_core/task/python/colcon_distutils_commands:/home/gerardo/turtlebot3_group6v2/install/camara/lib/python3.10/site-packages:${PYTHONPATH} /usr/bin/python3 -W ignore:setup.py install is deprecated setup.py egg_info --egg-base ../../../build/camara build --build-base /home/gerardo/turtlebot3_group6v2/build/camara/build install --record /home/gerardo/turtlebot3_group6v2/build/camara/install.log --single-version-externally-managed install_data
[1.643s] running egg_info
[1.644s] creating ../../../build/camara/camara.egg-info
[1.644s] writing ../../../build/camara/camara.egg-info/PKG-INFO
[1.644s] writing dependency_links to ../../../build/camara/camara.egg-info/dependency_links.txt
[1.644s] writing entry points to ../../../build/camara/camara.egg-info/entry_points.txt
[1.644s] writing requirements to ../../../build/camara/camara.egg-info/requires.txt
[1.645s] writing top-level names to ../../../build/camara/camara.egg-info/top_level.txt
[1.645s] writing manifest file '../../../build/camara/camara.egg-info/SOURCES.txt'
[1.647s] reading manifest file '../../../build/camara/camara.egg-info/SOURCES.txt'
[1.647s] writing manifest file '../../../build/camara/camara.egg-info/SOURCES.txt'
[1.647s] running build
[1.647s] running build_py
[1.648s] creating /home/gerardo/turtlebot3_group6v2/build/camara/build
[1.648s] creating /home/gerardo/turtlebot3_group6v2/build/camara/build/lib
[1.648s] creating /home/gerardo/turtlebot3_group6v2/build/camara/build/lib/camara
[1.648s] copying camara/camara_server.py -> /home/gerardo/turtlebot3_group6v2/build/camara/build/lib/camara
[1.649s] copying camara/camara_client.py -> /home/gerardo/turtlebot3_group6v2/build/camara/build/lib/camara
[1.649s] copying camara/__init__.py -> /home/gerardo/turtlebot3_group6v2/build/camara/build/lib/camara
[1.649s] running install
[1.651s] running install_lib
[1.652s] creating /home/gerardo/turtlebot3_group6v2/install/camara/lib/python3.10/site-packages/camara
[1.652s] copying /home/gerardo/turtlebot3_group6v2/build/camara/build/lib/camara/camara_server.py -> /home/gerardo/turtlebot3_group6v2/install/camara/lib/python3.10/site-packages/camara
[1.652s] copying /home/gerardo/turtlebot3_group6v2/build/camara/build/lib/camara/camara_client.py -> /home/gerardo/turtlebot3_group6v2/install/camara/lib/python3.10/site-packages/camara
[1.652s] copying /home/gerardo/turtlebot3_group6v2/build/camara/build/lib/camara/__init__.py -> /home/gerardo/turtlebot3_group6v2/install/camara/lib/python3.10/site-packages/camara
[1.652s] byte-compiling /home/gerardo/turtlebot3_group6v2/install/camara/lib/python3.10/site-packages/camara/camara_server.py to camara_server.cpython-310.pyc
[1.654s] byte-compiling /home/gerardo/turtlebot3_group6v2/install/camara/lib/python3.10/site-packages/camara/camara_client.py to camara_client.cpython-310.pyc
[1.654s] byte-compiling /home/gerardo/turtlebot3_group6v2/install/camara/lib/python3.10/site-packages/camara/__init__.py to __init__.cpython-310.pyc
[1.654s] running install_data
[1.654s] creating /home/gerardo/turtlebot3_group6v2/install/camara/share/ament_index
[1.654s] creating /home/gerardo/turtlebot3_group6v2/install/camara/share/ament_index/resource_index
[1.654s] creating /home/gerardo/turtlebot3_group6v2/install/camara/share/ament_index/resource_index/packages
[1.655s] copying resource/camara -> /home/gerardo/turtlebot3_group6v2/install/camara/share/ament_index/resource_index/packages
[1.655s] copying package.xml -> /home/gerardo/turtlebot3_group6v2/install/camara/share/camara
[1.655s] running install_egg_info
[1.655s] Copying ../../../build/camara/camara.egg-info to /home/gerardo/turtlebot3_group6v2/install/camara/lib/python3.10/site-packages/camara-0.0.0-py3.10.egg-info
[1.655s] running install_scripts
[1.670s] Installing camara_client script to /home/gerardo/turtlebot3_group6v2/install/camara/lib/camara
[1.670s] Installing camara_server script to /home/gerardo/turtlebot3_group6v2/install/camara/lib/camara
[1.670s] writing list of installed files to '/home/gerardo/turtlebot3_group6v2/build/camara/install.log'
[1.687s] Invoked command in '/home/gerardo/turtlebot3_group6v2/src/HAZMAT_Detection/camara' returned '0': PYTHONPATH=/home/gerardo/turtlebot3_group6v2/build/camara/prefix_override:/usr/lib/python3/dist-packages/colcon_core/task/python/colcon_distutils_commands:/home/gerardo/turtlebot3_group6v2/install/camara/lib/python3.10/site-packages:${PYTHONPATH} /usr/bin/python3 -W ignore:setup.py install is deprecated setup.py egg_info --egg-base ../../../build/camara build --build-base /home/gerardo/turtlebot3_group6v2/build/camara/build install --record /home/gerardo/turtlebot3_group6v2/build/camara/install.log --single-version-externally-managed install_data
