[0.007s] Invoking command in '/home/gerardo/turtlebot3_group6v2/build/explore_cpp': CMAKE_PREFIX_PATH=${CMAKE_PREFIX_PATH}:/home/gerardo/turtlebot3_ws/install/turtlebot3_poi_navigation:/home/gerardo/turtlebot3_ws/install/turtlebot3_explore:/home/gerardo/turtlebot3_ws/install/motor_position_controller:/home/gerardo/turtlebot3_ws/install/laser_scan_adjuster:/home/gerardo/turtlebot3_ws/install/joint_state_publisher_custom:/home/gerardo/turtlebot3_group6v2/install/turtlebot3_poi_navigation:/home/gerardo/turtlebot3_group6v2/install/turtlebot3_explore:/home/gerardo/turtlebot3_group6v2/install/motor_position_controller:/home/gerardo/turtlebot3_group6v2/install/laser_scan_adjuster:/home/gerardo/turtlebot3_group6v2/install/joint_state_publisher_custom:/home/gerardo/turtlebot3_ws/install/turtlebot3_teleop:/home/gerardo/turtlebot3_ws/install/turtlebot3_example:/home/gerardo/turtlebot3_group6/install/turtlebot3_explore:/home/gerardo/turtlebot3_group6/install/motor_controller:/opt/ros/humble /usr/bin/cmake /home/gerardo/turtlebot3_group6v2/src/explore_cpp -DCMAKE_INSTALL_PREFIX=/home/gerardo/turtlebot3_group6v2/install/explore_cpp
[0.043s] -- The C compiler identification is GNU 11.4.0
[0.077s] -- The CXX compiler identification is GNU 11.4.0
[0.081s] -- Detecting C compiler ABI info
[0.136s] -- Detecting C compiler ABI info - done
[0.140s] -- Check for working C compiler: /usr/bin/cc - skipped
[0.140s] -- Detecting C compile features
[0.140s] -- Detecting C compile features - done
[0.142s] -- Detecting CXX compiler ABI info
[0.198s] -- Detecting CXX compiler ABI info - done
[0.203s] -- Check for working CXX compiler: /usr/bin/c++ - skipped
[0.203s] -- Detecting CXX compile features
[0.203s] -- Detecting CXX compile features - done
[0.206s] -- Found ament_cmake: 1.3.10 (/opt/ros/humble/share/ament_cmake/cmake)
[0.558s] -- Found Python3: /usr/bin/python3 (found version "3.10.12") found components: Interpreter 
[0.623s] -- Found rclcpp: 16.0.10 (/opt/ros/humble/share/rclcpp/cmake)
[0.654s] -- Found rosidl_generator_c: 3.1.5 (/opt/ros/humble/share/rosidl_generator_c/cmake)
[0.658s] -- Found rosidl_adapter: 3.1.5 (/opt/ros/humble/share/rosidl_adapter/cmake)
[0.665s] -- Found rosidl_generator_cpp: 3.1.5 (/opt/ros/humble/share/rosidl_generator_cpp/cmake)
[0.673s] -- Using all available rosidl_typesupport_c: rosidl_typesupport_fastrtps_c;rosidl_typesupport_introspection_c
[0.684s] -- Using all available rosidl_typesupport_cpp: rosidl_typesupport_fastrtps_cpp;rosidl_typesupport_introspection_cpp
[0.715s] -- Found rmw_implementation_cmake: 6.1.2 (/opt/ros/humble/share/rmw_implementation_cmake/cmake)
[0.717s] -- Found rmw_fastrtps_cpp: 6.2.7 (/opt/ros/humble/share/rmw_fastrtps_cpp/cmake)
[0.780s] -- Found OpenSSL: /usr/lib/x86_64-linux-gnu/libcrypto.so (found version "3.0.2")  
[0.798s] -- Found FastRTPS: /opt/ros/humble/include  
[0.828s] -- Using RMW implementation 'rmw_fastrtps_cpp' as default
[0.836s] -- Looking for pthread.h
[0.887s] -- Looking for pthread.h - found
[0.887s] -- Performing Test CMAKE_HAVE_LIBC_PTHREAD
[0.936s] -- Performing Test CMAKE_HAVE_LIBC_PTHREAD - Success
[0.937s] -- Found Threads: TRUE  
[0.970s] -- Found nav_msgs: 4.2.4 (/opt/ros/humble/share/nav_msgs/cmake)
[0.988s] -- Found visualization_msgs: 4.2.4 (/opt/ros/humble/share/visualization_msgs/cmake)
[1.010s] -- Found tf2_ros: 0.25.8 (/opt/ros/humble/share/tf2_ros/cmake)
[1.073s] -- Found tf2_geometry_msgs: 0.25.8 (/opt/ros/humble/share/tf2_geometry_msgs/cmake)
[1.083s] -- Found eigen3_cmake_module: 0.1.1 (/opt/ros/humble/share/eigen3_cmake_module/cmake)
[1.084s] -- Found Eigen3: TRUE (found version "3.4.0") 
[1.084s] -- Ensuring Eigen3 include directory is part of orocos-kdl CMake target
[1.086s] -- Found nav2_msgs: 1.1.16 (/opt/ros/humble/share/nav2_msgs/cmake)
[1.104s] -- Found OpenCV: /usr (found version "4.5.4") 
[1.109s] -- Found ament_lint_auto: 0.12.11 (/opt/ros/humble/share/ament_lint_auto/cmake)
[1.156s] -- Configuring done
[1.164s] -- Generating done
[1.165s] -- Build files have been written to: /home/gerardo/turtlebot3_group6v2/build/explore_cpp
[1.172s] Invoked command in '/home/gerardo/turtlebot3_group6v2/build/explore_cpp' returned '0': CMAKE_PREFIX_PATH=${CMAKE_PREFIX_PATH}:/home/gerardo/turtlebot3_ws/install/turtlebot3_poi_navigation:/home/gerardo/turtlebot3_ws/install/turtlebot3_explore:/home/gerardo/turtlebot3_ws/install/motor_position_controller:/home/gerardo/turtlebot3_ws/install/laser_scan_adjuster:/home/gerardo/turtlebot3_ws/install/joint_state_publisher_custom:/home/gerardo/turtlebot3_group6v2/install/turtlebot3_poi_navigation:/home/gerardo/turtlebot3_group6v2/install/turtlebot3_explore:/home/gerardo/turtlebot3_group6v2/install/motor_position_controller:/home/gerardo/turtlebot3_group6v2/install/laser_scan_adjuster:/home/gerardo/turtlebot3_group6v2/install/joint_state_publisher_custom:/home/gerardo/turtlebot3_ws/install/turtlebot3_teleop:/home/gerardo/turtlebot3_ws/install/turtlebot3_example:/home/gerardo/turtlebot3_group6/install/turtlebot3_explore:/home/gerardo/turtlebot3_group6/install/motor_controller:/opt/ros/humble /usr/bin/cmake /home/gerardo/turtlebot3_group6v2/src/explore_cpp -DCMAKE_INSTALL_PREFIX=/home/gerardo/turtlebot3_group6v2/install/explore_cpp
[1.173s] Invoking command in '/home/gerardo/turtlebot3_group6v2/build/explore_cpp': CMAKE_PREFIX_PATH=${CMAKE_PREFIX_PATH}:/home/gerardo/turtlebot3_ws/install/turtlebot3_poi_navigation:/home/gerardo/turtlebot3_ws/install/turtlebot3_explore:/home/gerardo/turtlebot3_ws/install/motor_position_controller:/home/gerardo/turtlebot3_ws/install/laser_scan_adjuster:/home/gerardo/turtlebot3_ws/install/joint_state_publisher_custom:/home/gerardo/turtlebot3_group6v2/install/turtlebot3_poi_navigation:/home/gerardo/turtlebot3_group6v2/install/turtlebot3_explore:/home/gerardo/turtlebot3_group6v2/install/motor_position_controller:/home/gerardo/turtlebot3_group6v2/install/laser_scan_adjuster:/home/gerardo/turtlebot3_group6v2/install/joint_state_publisher_custom:/home/gerardo/turtlebot3_ws/install/turtlebot3_teleop:/home/gerardo/turtlebot3_ws/install/turtlebot3_example:/home/gerardo/turtlebot3_group6/install/turtlebot3_explore:/home/gerardo/turtlebot3_group6/install/motor_controller:/opt/ros/humble /usr/bin/cmake --build /home/gerardo/turtlebot3_group6v2/build/explore_cpp -- -j16 -l16
[1.204s] [35m[1mConsolidate compiler generated dependencies of target explore_node[0m
[1.220s] [ 50%] [32mBuilding CXX object CMakeFiles/explore_node.dir/src/explore_node.cpp.o[0m
[8.032s] [100%] [32m[1mLinking CXX executable explore_node[0m
[8.408s] [100%] Built target explore_node
[8.414s] Invoked command in '/home/gerardo/turtlebot3_group6v2/build/explore_cpp' returned '0': CMAKE_PREFIX_PATH=${CMAKE_PREFIX_PATH}:/home/gerardo/turtlebot3_ws/install/turtlebot3_poi_navigation:/home/gerardo/turtlebot3_ws/install/turtlebot3_explore:/home/gerardo/turtlebot3_ws/install/motor_position_controller:/home/gerardo/turtlebot3_ws/install/laser_scan_adjuster:/home/gerardo/turtlebot3_ws/install/joint_state_publisher_custom:/home/gerardo/turtlebot3_group6v2/install/turtlebot3_poi_navigation:/home/gerardo/turtlebot3_group6v2/install/turtlebot3_explore:/home/gerardo/turtlebot3_group6v2/install/motor_position_controller:/home/gerardo/turtlebot3_group6v2/install/laser_scan_adjuster:/home/gerardo/turtlebot3_group6v2/install/joint_state_publisher_custom:/home/gerardo/turtlebot3_ws/install/turtlebot3_teleop:/home/gerardo/turtlebot3_ws/install/turtlebot3_example:/home/gerardo/turtlebot3_group6/install/turtlebot3_explore:/home/gerardo/turtlebot3_group6/install/motor_controller:/opt/ros/humble /usr/bin/cmake --build /home/gerardo/turtlebot3_group6v2/build/explore_cpp -- -j16 -l16
[8.445s] Invoking command in '/home/gerardo/turtlebot3_group6v2/build/explore_cpp': CMAKE_PREFIX_PATH=${CMAKE_PREFIX_PATH}:/home/gerardo/turtlebot3_ws/install/turtlebot3_poi_navigation:/home/gerardo/turtlebot3_ws/install/turtlebot3_explore:/home/gerardo/turtlebot3_ws/install/motor_position_controller:/home/gerardo/turtlebot3_ws/install/laser_scan_adjuster:/home/gerardo/turtlebot3_ws/install/joint_state_publisher_custom:/home/gerardo/turtlebot3_group6v2/install/turtlebot3_poi_navigation:/home/gerardo/turtlebot3_group6v2/install/turtlebot3_explore:/home/gerardo/turtlebot3_group6v2/install/motor_position_controller:/home/gerardo/turtlebot3_group6v2/install/laser_scan_adjuster:/home/gerardo/turtlebot3_group6v2/install/joint_state_publisher_custom:/home/gerardo/turtlebot3_ws/install/turtlebot3_teleop:/home/gerardo/turtlebot3_ws/install/turtlebot3_example:/home/gerardo/turtlebot3_group6/install/turtlebot3_explore:/home/gerardo/turtlebot3_group6/install/motor_controller:/opt/ros/humble /usr/bin/cmake --install /home/gerardo/turtlebot3_group6v2/build/explore_cpp
[8.451s] -- Install configuration: ""
[8.451s] -- Installing: /home/gerardo/turtlebot3_group6v2/install/explore_cpp/lib/explore_cpp/explore_node
[8.454s] -- Set runtime path of "/home/gerardo/turtlebot3_group6v2/install/explore_cpp/lib/explore_cpp/explore_node" to ""
[8.454s] -- Up-to-date: /home/gerardo/turtlebot3_group6v2/install/explore_cpp/share/explore_cpp/package.xml
[8.454s] -- Up-to-date: /home/gerardo/turtlebot3_group6v2/install/explore_cpp/share/ament_index/resource_index/package_run_dependencies/explore_cpp
[8.454s] -- Up-to-date: /home/gerardo/turtlebot3_group6v2/install/explore_cpp/share/ament_index/resource_index/parent_prefix_path/explore_cpp
[8.454s] -- Up-to-date: /home/gerardo/turtlebot3_group6v2/install/explore_cpp/share/explore_cpp/environment/ament_prefix_path.sh
[8.454s] -- Installing: /home/gerardo/turtlebot3_group6v2/install/explore_cpp/share/explore_cpp/environment/ament_prefix_path.dsv
[8.454s] -- Up-to-date: /home/gerardo/turtlebot3_group6v2/install/explore_cpp/share/explore_cpp/environment/path.sh
[8.454s] -- Installing: /home/gerardo/turtlebot3_group6v2/install/explore_cpp/share/explore_cpp/environment/path.dsv
[8.455s] -- Up-to-date: /home/gerardo/turtlebot3_group6v2/install/explore_cpp/share/explore_cpp/local_setup.bash
[8.455s] -- Up-to-date: /home/gerardo/turtlebot3_group6v2/install/explore_cpp/share/explore_cpp/local_setup.sh
[8.455s] -- Up-to-date: /home/gerardo/turtlebot3_group6v2/install/explore_cpp/share/explore_cpp/local_setup.zsh
[8.455s] -- Installing: /home/gerardo/turtlebot3_group6v2/install/explore_cpp/share/explore_cpp/local_setup.dsv
[8.455s] -- Installing: /home/gerardo/turtlebot3_group6v2/install/explore_cpp/share/explore_cpp/package.dsv
[8.455s] -- Up-to-date: /home/gerardo/turtlebot3_group6v2/install/explore_cpp/share/ament_index/resource_index/packages/explore_cpp
[8.455s] -- Up-to-date: /home/gerardo/turtlebot3_group6v2/install/explore_cpp/share/explore_cpp/cmake/explore_cppConfig.cmake
[8.455s] -- Up-to-date: /home/gerardo/turtlebot3_group6v2/install/explore_cpp/share/explore_cpp/cmake/explore_cppConfig-version.cmake
[8.455s] -- Up-to-date: /home/gerardo/turtlebot3_group6v2/install/explore_cpp/share/explore_cpp/package.xml
[8.456s] Invoked command in '/home/gerardo/turtlebot3_group6v2/build/explore_cpp' returned '0': CMAKE_PREFIX_PATH=${CMAKE_PREFIX_PATH}:/home/gerardo/turtlebot3_ws/install/turtlebot3_poi_navigation:/home/gerardo/turtlebot3_ws/install/turtlebot3_explore:/home/gerardo/turtlebot3_ws/install/motor_position_controller:/home/gerardo/turtlebot3_ws/install/laser_scan_adjuster:/home/gerardo/turtlebot3_ws/install/joint_state_publisher_custom:/home/gerardo/turtlebot3_group6v2/install/turtlebot3_poi_navigation:/home/gerardo/turtlebot3_group6v2/install/turtlebot3_explore:/home/gerardo/turtlebot3_group6v2/install/motor_position_controller:/home/gerardo/turtlebot3_group6v2/install/laser_scan_adjuster:/home/gerardo/turtlebot3_group6v2/install/joint_state_publisher_custom:/home/gerardo/turtlebot3_ws/install/turtlebot3_teleop:/home/gerardo/turtlebot3_ws/install/turtlebot3_example:/home/gerardo/turtlebot3_group6/install/turtlebot3_explore:/home/gerardo/turtlebot3_group6/install/motor_controller:/opt/ros/humble /usr/bin/cmake --install /home/gerardo/turtlebot3_group6v2/build/explore_cpp
