[1.403s] Invoking command in '/home/gerardo/turtlebot3_group6v2/src/laser_scan_adjuster': PYTHONPATH=/home/gerardo/turtlebot3_group6v2/src/build/laser_scan_adjuster/prefix_override:/usr/lib/python3/dist-packages/colcon_core/task/python/colcon_distutils_commands:/home/gerardo/turtlebot3_group6v2/src/install/laser_scan_adjuster/lib/python3.10/site-packages:${PYTHONPATH} /usr/bin/python3 -W ignore:setup.py install is deprecated setup.py egg_info --egg-base ../build/laser_scan_adjuster build --build-base /home/gerardo/turtlebot3_group6v2/src/build/laser_scan_adjuster/build install --record /home/gerardo/turtlebot3_group6v2/src/build/laser_scan_adjuster/install.log --single-version-externally-managed install_data
[1.554s] running egg_info
[1.554s] creating ../build/laser_scan_adjuster/laser_scan_adjuster.egg-info
[1.555s] writing ../build/laser_scan_adjuster/laser_scan_adjuster.egg-info/PKG-INFO
[1.555s] writing dependency_links to ../build/laser_scan_adjuster/laser_scan_adjuster.egg-info/dependency_links.txt
[1.555s] writing entry points to ../build/laser_scan_adjuster/laser_scan_adjuster.egg-info/entry_points.txt
[1.555s] writing requirements to ../build/laser_scan_adjuster/laser_scan_adjuster.egg-info/requires.txt
[1.555s] writing top-level names to ../build/laser_scan_adjuster/laser_scan_adjuster.egg-info/top_level.txt
[1.555s] writing manifest file '../build/laser_scan_adjuster/laser_scan_adjuster.egg-info/SOURCES.txt'
[1.556s] reading manifest file '../build/laser_scan_adjuster/laser_scan_adjuster.egg-info/SOURCES.txt'
[1.556s] writing manifest file '../build/laser_scan_adjuster/laser_scan_adjuster.egg-info/SOURCES.txt'
[1.556s] running build
[1.556s] running build_py
[1.556s] creating /home/gerardo/turtlebot3_group6v2/src/build/laser_scan_adjuster/build
[1.557s] creating /home/gerardo/turtlebot3_group6v2/src/build/laser_scan_adjuster/build/lib
[1.557s] creating /home/gerardo/turtlebot3_group6v2/src/build/laser_scan_adjuster/build/lib/laser_scan_adjuster
[1.557s] copying laser_scan_adjuster/__init__.py -> /home/gerardo/turtlebot3_group6v2/src/build/laser_scan_adjuster/build/lib/laser_scan_adjuster
[1.557s] copying laser_scan_adjuster/adjust_scan.py -> /home/gerardo/turtlebot3_group6v2/src/build/laser_scan_adjuster/build/lib/laser_scan_adjuster
[1.557s] running install
[1.558s] running install_lib
[1.558s] creating /home/gerardo/turtlebot3_group6v2/src/install/laser_scan_adjuster/lib/python3.10/site-packages/laser_scan_adjuster
[1.559s] copying /home/gerardo/turtlebot3_group6v2/src/build/laser_scan_adjuster/build/lib/laser_scan_adjuster/__init__.py -> /home/gerardo/turtlebot3_group6v2/src/install/laser_scan_adjuster/lib/python3.10/site-packages/laser_scan_adjuster
[1.559s] copying /home/gerardo/turtlebot3_group6v2/src/build/laser_scan_adjuster/build/lib/laser_scan_adjuster/adjust_scan.py -> /home/gerardo/turtlebot3_group6v2/src/install/laser_scan_adjuster/lib/python3.10/site-packages/laser_scan_adjuster
[1.559s] byte-compiling /home/gerardo/turtlebot3_group6v2/src/install/laser_scan_adjuster/lib/python3.10/site-packages/laser_scan_adjuster/__init__.py to __init__.cpython-310.pyc
[1.559s] byte-compiling /home/gerardo/turtlebot3_group6v2/src/install/laser_scan_adjuster/lib/python3.10/site-packages/laser_scan_adjuster/adjust_scan.py to adjust_scan.cpython-310.pyc
[1.559s] running install_data
[1.560s] creating /home/gerardo/turtlebot3_group6v2/src/install/laser_scan_adjuster/share/ament_index
[1.560s] creating /home/gerardo/turtlebot3_group6v2/src/install/laser_scan_adjuster/share/ament_index/resource_index
[1.560s] creating /home/gerardo/turtlebot3_group6v2/src/install/laser_scan_adjuster/share/ament_index/resource_index/packages
[1.560s] copying resource/laser_scan_adjuster -> /home/gerardo/turtlebot3_group6v2/src/install/laser_scan_adjuster/share/ament_index/resource_index/packages
[1.560s] copying package.xml -> /home/gerardo/turtlebot3_group6v2/src/install/laser_scan_adjuster/share/laser_scan_adjuster
[1.560s] running install_egg_info
[1.561s] Copying ../build/laser_scan_adjuster/laser_scan_adjuster.egg-info to /home/gerardo/turtlebot3_group6v2/src/install/laser_scan_adjuster/lib/python3.10/site-packages/laser_scan_adjuster-0.0.0-py3.10.egg-info
[1.561s] running install_scripts
[1.577s] Installing adjust_scan script to /home/gerardo/turtlebot3_group6v2/src/install/laser_scan_adjuster/lib/laser_scan_adjuster
[1.577s] writing list of installed files to '/home/gerardo/turtlebot3_group6v2/src/build/laser_scan_adjuster/install.log'
[1.596s] Invoked command in '/home/gerardo/turtlebot3_group6v2/src/laser_scan_adjuster' returned '0': PYTHONPATH=/home/gerardo/turtlebot3_group6v2/src/build/laser_scan_adjuster/prefix_override:/usr/lib/python3/dist-packages/colcon_core/task/python/colcon_distutils_commands:/home/gerardo/turtlebot3_group6v2/src/install/laser_scan_adjuster/lib/python3.10/site-packages:${PYTHONPATH} /usr/bin/python3 -W ignore:setup.py install is deprecated setup.py egg_info --egg-base ../build/laser_scan_adjuster build --build-base /home/gerardo/turtlebot3_group6v2/src/build/laser_scan_adjuster/build install --record /home/gerardo/turtlebot3_group6v2/src/build/laser_scan_adjuster/install.log --single-version-externally-managed install_data
